Locating server…
Booting server...
Setting up server…
Listening for messages…
Searching for Tailwind CSS projects in the workspace's folders.
[Global] Creating projects: []
[Global] Preparing projects...
[Global] Initializing projects...
[Info  - 15:25:20] [GLOBAL] No matching project for document {
  fsPath: '/home/hrishikesh/Documents/Coding/javaScript/ModDownload/src/App.jsx',
  normalPath: '/home/hrishikesh/Documents/Coding/javaScript/ModDownload/src/App.jsx'
}
[Global] Initialized 0 projects
Checking if /home/hrishikesh/Documents/Coding/javaScript/ModDownload/src/index.css may be Tailwind-related…
[Info  - 15:25:42] [GLOBAL] No matching project for document {
  fsPath: '/home/hrishikesh/Documents/Coding/javaScript/ModDownload/src/App.jsx',
  normalPath: '/home/hrishikesh/Documents/Coding/javaScript/ModDownload/src/App.jsx'
}
[Info  - 15:25:47] [GLOBAL] No matching project for document {
  fsPath: '/home/hrishikesh/Documents/Coding/javaScript/ModDownload/src/App.jsx',
  normalPath: '/home/hrishikesh/Documents/Coding/javaScript/ModDownload/src/App.jsx'
}
