2024-07-25 15:22:44.810 [info] Deleted uninstalled extension from disk alefragnani.project-manager /home/hrishikesh/.vscode/extensions/alefragnani.project-manager-12.8.0
2024-07-25 15:22:44.811 [info] Deleted uninstalled extension from disk bierner.markdown-checkbox /home/hrishikesh/.vscode/extensions/bierner.markdown-checkbox-0.4.0
2024-07-25 15:22:44.811 [info] Deleted uninstalled extension from disk eamodio.gitlens /home/hrishikesh/.vscode/extensions/eamodio.gitlens-15.2.1
2024-07-25 15:22:44.811 [info] Deleted uninstalled extension from disk emroussel.atomize-atom-one-dark-theme /home/hrishikesh/.vscode/extensions/emroussel.atomize-atom-one-dark-theme-2.0.2
2024-07-25 15:22:44.811 [info] Deleted uninstalled extension from disk ms-vscode.hexeditor /home/hrishikesh/.vscode/extensions/ms-vscode.hexeditor-1.10.0
2024-07-25 15:22:44.812 [info] Deleted uninstalled extension from disk ziyasal.vscode-open-in-github /home/hrishikesh/.vscode/extensions/ziyasal.vscode-open-in-github-1.3.6
2024-07-25 15:22:44.821 [info] Marked extension as uninstalled 1yib.rust-bundle-1.0.0
2024-07-25 15:22:44.823 [info] Marked extension as uninstalled bierner.markdown-emoji-0.3.0
2024-07-25 15:22:44.824 [info] Marked extension as uninstalled bierner.markdown-preview-github-styles-2.0.4
2024-07-25 15:22:44.824 [info] Marked extension as uninstalled bradlc.vscode-tailwindcss-0.12.5
2024-07-25 15:22:44.824 [info] Marked extension as uninstalled catppuccin.catppuccin-vsc-3.14.0
2024-07-25 15:22:44.824 [info] Marked extension as uninstalled catppuccin.catppuccin-vsc-3.15.0
2024-07-25 15:22:44.824 [info] Marked extension as uninstalled charliermarsh.ruff-2024.34.0-linux-x64
2024-07-25 15:22:44.824 [info] Marked extension as uninstalled donjayamanne.python-environment-manager-1.2.4
2024-07-25 15:22:44.824 [info] Marked extension as uninstalled dsznajder.es7-react-js-snippets-4.4.3
2024-07-25 15:22:44.824 [info] Marked extension as uninstalled dunstontc.vscode-rust-syntax-0.0.32
2024-07-25 15:22:44.824 [info] Marked extension as uninstalled dustypomerleau.rust-syntax-0.6.1
2024-07-25 15:22:44.825 [info] Marked extension as uninstalled eamodio.gitlens-15.2.0
2024-07-25 15:22:44.825 [info] Marked extension as uninstalled ecmel.vscode-html-css-2.0.10
2024-07-25 15:22:44.825 [info] Marked extension as uninstalled ecmel.vscode-html-css-2.0.9
2024-07-25 15:22:44.825 [info] Marked extension as uninstalled esbenp.prettier-vscode-10.4.0
2024-07-25 15:22:44.825 [info] Marked extension as uninstalled formulahendry.auto-close-tag-0.5.15
2024-07-25 15:22:44.825 [info] Marked extension as uninstalled formulahendry.auto-rename-tag-0.1.10
2024-07-25 15:22:44.825 [info] Marked extension as uninstalled jannisberndt.dark-orange-0.4.0
2024-07-25 15:22:44.826 [info] Marked extension as uninstalled kevinrose.vsc-python-indent-1.18.0
2024-07-25 15:22:44.826 [info] Marked extension as uninstalled mechatroner.rainbow-csv-3.12.0
2024-07-25 15:22:44.826 [info] Marked extension as uninstalled ms-python.debugpy-2024.8.0-linux-x64
2024-07-25 15:22:44.826 [info] Marked extension as uninstalled ms-python.python-2024.11.2024071901-linux-x64
2024-07-25 15:22:44.826 [info] Marked extension as uninstalled ms-python.vscode-pylance-2024.7.100
2024-07-25 15:22:44.826 [info] Marked extension as uninstalled ms-vscode.atom-keybindings-3.3.0
2024-07-25 15:22:44.826 [info] Marked extension as uninstalled phplasma.csv-to-table-1.4.0
2024-07-25 15:22:44.826 [info] Marked extension as uninstalled pkief.material-icon-theme-5.8.0
2024-07-25 15:22:44.826 [info] Marked extension as uninstalled quick-lint.quick-lint-js-3.2.0
2024-07-25 15:22:44.826 [info] Marked extension as uninstalled ritwickdey.liveserver-5.7.9
2024-07-25 15:22:44.827 [info] Marked extension as uninstalled rust-lang.rust-analyzer-0.3.2029-linux-x64
2024-07-25 15:22:44.827 [info] Marked extension as uninstalled serayuzgur.crates-0.6.7
2024-07-25 15:22:44.827 [info] Marked extension as uninstalled shd101wyy.markdown-preview-enhanced-0.8.13
2024-07-25 15:22:44.827 [info] Marked extension as uninstalled tomoki1207.pdf-1.2.2
2024-07-25 15:22:44.827 [info] Marked extension as uninstalled yoavbls.pretty-ts-errors-0.5.4
2024-07-25 15:22:44.827 [info] Marked extension as uninstalled yzhang.markdown-all-in-one-3.6.2
2024-07-25 15:22:44.827 [info] Marked extension as uninstalled zignd.html-css-class-completion-1.20.0
2024-07-25 15:23:08.312 [info] Uninstalling extension from the profile: njpwerner.autodocstring@0.6.1 vscode-userdata:/home/hrishikesh/.vscode/extensions/extensions.json
2024-07-25 15:23:08.414 [info] Marked extension as uninstalled njpwerner.autodocstring-0.6.1
2024-07-25 15:23:08.451 [error] [uncaught exception in sharedProcess]: Error: ENOENT: no such file or directory, stat '/home/hrishikesh/.vscode/extensions/extensions.json.vsctmp': EntryNotFound (FileSystemError): Error: ENOENT: no such file or directory, stat '/home/hrishikesh/.vscode/extensions/extensions.json.vsctmp'
    at h.create (/usr/share/code/resources/app/out/vs/code/node/sharedProcess/sharedProcessMain.js:54:19262)
    at f (/usr/share/code/resources/app/out/vs/code/node/sharedProcess/sharedProcessMain.js:54:19372)
    at P.hb (/usr/share/code/resources/app/out/vs/code/node/sharedProcess/sharedProcessMain.js:59:36571)
    at P.stat (/usr/share/code/resources/app/out/vs/code/node/sharedProcess/sharedProcessMain.js:59:28919)
    at async s.stat (/usr/share/code/resources/app/out/vs/code/node/sharedProcess/sharedProcessMain.js:59:14907)
    at async V.vb (/usr/share/code/resources/app/out/vs/code/node/sharedProcess/sharedProcessMain.js:105:119283)
2024-07-25 15:23:08.744 [info] Successfully uninstalled extension from the profile njpwerner.autodocstring@0.6.1 vscode-userdata:/home/hrishikesh/.vscode/extensions/extensions.json
2024-07-25 15:23:10.356 [info] Uninstalling extension from the profile: kisstkondoros.vscode-gutter-preview@0.31.2 vscode-userdata:/home/hrishikesh/.vscode/extensions/extensions.json
2024-07-25 15:23:10.455 [info] Marked extension as uninstalled kisstkondoros.vscode-gutter-preview-0.31.2
2024-07-25 15:23:10.476 [error] [uncaught exception in sharedProcess]: Error: ENOENT: no such file or directory, stat '/home/hrishikesh/.vscode/extensions/extensions.json.vsctmp': EntryNotFound (FileSystemError): Error: ENOENT: no such file or directory, stat '/home/hrishikesh/.vscode/extensions/extensions.json.vsctmp'
    at h.create (/usr/share/code/resources/app/out/vs/code/node/sharedProcess/sharedProcessMain.js:54:19262)
    at f (/usr/share/code/resources/app/out/vs/code/node/sharedProcess/sharedProcessMain.js:54:19372)
    at P.hb (/usr/share/code/resources/app/out/vs/code/node/sharedProcess/sharedProcessMain.js:59:36571)
    at P.stat (/usr/share/code/resources/app/out/vs/code/node/sharedProcess/sharedProcessMain.js:59:28919)
    at async s.stat (/usr/share/code/resources/app/out/vs/code/node/sharedProcess/sharedProcessMain.js:59:14907)
    at async V.vb (/usr/share/code/resources/app/out/vs/code/node/sharedProcess/sharedProcessMain.js:105:119283)
2024-07-25 15:23:10.717 [info] Successfully uninstalled extension from the profile kisstkondoros.vscode-gutter-preview@0.31.2 vscode-userdata:/home/hrishikesh/.vscode/extensions/extensions.json
2024-07-25 15:23:12.580 [info] Uninstalling extension from the profile: oderwat.indent-rainbow@8.3.1 vscode-userdata:/home/hrishikesh/.vscode/extensions/extensions.json
2024-07-25 15:23:12.642 [info] Marked extension as uninstalled oderwat.indent-rainbow-8.3.1
2024-07-25 15:23:12.682 [error] [uncaught exception in sharedProcess]: Error: ENOENT: no such file or directory, stat '/home/hrishikesh/.vscode/extensions/extensions.json.vsctmp': EntryNotFound (FileSystemError): Error: ENOENT: no such file or directory, stat '/home/hrishikesh/.vscode/extensions/extensions.json.vsctmp'
    at h.create (/usr/share/code/resources/app/out/vs/code/node/sharedProcess/sharedProcessMain.js:54:19262)
    at f (/usr/share/code/resources/app/out/vs/code/node/sharedProcess/sharedProcessMain.js:54:19372)
    at P.hb (/usr/share/code/resources/app/out/vs/code/node/sharedProcess/sharedProcessMain.js:59:36571)
    at P.stat (/usr/share/code/resources/app/out/vs/code/node/sharedProcess/sharedProcessMain.js:59:28919)
    at async s.stat (/usr/share/code/resources/app/out/vs/code/node/sharedProcess/sharedProcessMain.js:59:14907)
    at async V.vb (/usr/share/code/resources/app/out/vs/code/node/sharedProcess/sharedProcessMain.js:105:119283)
2024-07-25 15:23:12.926 [info] Successfully uninstalled extension from the profile oderwat.indent-rainbow@8.3.1 vscode-userdata:/home/hrishikesh/.vscode/extensions/extensions.json
2024-07-25 15:23:15.300 [info] Uninstalling extension from the profile: tal7aouy.rainbow-bracket@1.0.2 vscode-userdata:/home/hrishikesh/.vscode/extensions/extensions.json
2024-07-25 15:23:15.386 [info] Marked extension as uninstalled tal7aouy.rainbow-bracket-1.0.2
2024-07-25 15:23:15.408 [error] [uncaught exception in sharedProcess]: Error: ENOENT: no such file or directory, stat '/home/hrishikesh/.vscode/extensions/extensions.json.vsctmp': EntryNotFound (FileSystemError): Error: ENOENT: no such file or directory, stat '/home/hrishikesh/.vscode/extensions/extensions.json.vsctmp'
    at h.create (/usr/share/code/resources/app/out/vs/code/node/sharedProcess/sharedProcessMain.js:54:19262)
    at f (/usr/share/code/resources/app/out/vs/code/node/sharedProcess/sharedProcessMain.js:54:19372)
    at P.hb (/usr/share/code/resources/app/out/vs/code/node/sharedProcess/sharedProcessMain.js:59:36571)
    at P.stat (/usr/share/code/resources/app/out/vs/code/node/sharedProcess/sharedProcessMain.js:59:28919)
    at async s.stat (/usr/share/code/resources/app/out/vs/code/node/sharedProcess/sharedProcessMain.js:59:14907)
    at async V.vb (/usr/share/code/resources/app/out/vs/code/node/sharedProcess/sharedProcessMain.js:105:119283)
2024-07-25 15:23:15.936 [info] Successfully uninstalled extension from the profile tal7aouy.rainbow-bracket@1.0.2 vscode-userdata:/home/hrishikesh/.vscode/extensions/extensions.json
2024-07-25 15:23:29.694 [info] Getting Manifest... catppuccin.catppuccin-vsc
2024-07-25 15:23:29.730 [info] Installing extension: catppuccin.catppuccin-vsc {"isMachineScoped":false,"installPreReleaseVersion":false,"pinned":false,"profileLocation":{"$mid":1,"external":"vscode-userdata:/home/hrishikesh/.vscode/extensions/extensions.json","path":"/home/hrishikesh/.vscode/extensions/extensions.json","scheme":"vscode-userdata"},"installOnlyNewlyAddedFromExtensionPack":true,"isApplicationScoped":false,"productVersion":{"version":"1.91.1","date":"2024-07-09T22:08:12.169Z"}}
2024-07-25 15:23:29.924 [info] Removed the extension from uninstalled list: catppuccin.catppuccin-vsc
2024-07-25 15:23:30.054 [info] Extension installed successfully: catppuccin.catppuccin-vsc vscode-userdata:/home/hrishikesh/.vscode/extensions/extensions.json
2024-07-25 15:23:30.071 [error] [uncaught exception in sharedProcess]: Error: ENOENT: no such file or directory, stat '/home/hrishikesh/.vscode/extensions/extensions.json.vsctmp': EntryNotFound (FileSystemError): Error: ENOENT: no such file or directory, stat '/home/hrishikesh/.vscode/extensions/extensions.json.vsctmp'
    at h.create (/usr/share/code/resources/app/out/vs/code/node/sharedProcess/sharedProcessMain.js:54:19262)
    at f (/usr/share/code/resources/app/out/vs/code/node/sharedProcess/sharedProcessMain.js:54:19372)
    at P.hb (/usr/share/code/resources/app/out/vs/code/node/sharedProcess/sharedProcessMain.js:59:36571)
    at P.stat (/usr/share/code/resources/app/out/vs/code/node/sharedProcess/sharedProcessMain.js:59:28919)
    at async s.stat (/usr/share/code/resources/app/out/vs/code/node/sharedProcess/sharedProcessMain.js:59:14907)
    at async V.vb (/usr/share/code/resources/app/out/vs/code/node/sharedProcess/sharedProcessMain.js:105:119283)
2024-07-25 15:23:41.769 [info] Getting Manifest... esbenp.prettier-vscode
2024-07-25 15:23:41.790 [info] Installing extension: esbenp.prettier-vscode {"isMachineScoped":false,"installPreReleaseVersion":false,"pinned":false,"profileLocation":{"$mid":1,"external":"vscode-userdata:/home/hrishikesh/.vscode/extensions/extensions.json","path":"/home/hrishikesh/.vscode/extensions/extensions.json","scheme":"vscode-userdata"},"installOnlyNewlyAddedFromExtensionPack":true,"isApplicationScoped":false,"productVersion":{"version":"1.91.1","date":"2024-07-09T22:08:12.169Z"}}
2024-07-25 15:23:41.980 [info] Removed the extension from uninstalled list: esbenp.prettier-vscode
2024-07-25 15:23:42.475 [info] Extension installed successfully: esbenp.prettier-vscode vscode-userdata:/home/hrishikesh/.vscode/extensions/extensions.json
2024-07-25 15:23:45.658 [info] Uninstalling extension from the profile: aaron-bond.better-comments@3.0.2 vscode-userdata:/home/hrishikesh/.vscode/extensions/extensions.json
2024-07-25 15:23:45.751 [info] Marked extension as uninstalled aaron-bond.better-comments-3.0.2
2024-07-25 15:23:45.784 [error] [uncaught exception in sharedProcess]: Error: ENOENT: no such file or directory, stat '/home/hrishikesh/.vscode/extensions/extensions.json.vsctmp': EntryNotFound (FileSystemError): Error: ENOENT: no such file or directory, stat '/home/hrishikesh/.vscode/extensions/extensions.json.vsctmp'
    at h.create (/usr/share/code/resources/app/out/vs/code/node/sharedProcess/sharedProcessMain.js:54:19262)
    at f (/usr/share/code/resources/app/out/vs/code/node/sharedProcess/sharedProcessMain.js:54:19372)
    at P.hb (/usr/share/code/resources/app/out/vs/code/node/sharedProcess/sharedProcessMain.js:59:36571)
    at P.stat (/usr/share/code/resources/app/out/vs/code/node/sharedProcess/sharedProcessMain.js:59:28919)
    at async s.stat (/usr/share/code/resources/app/out/vs/code/node/sharedProcess/sharedProcessMain.js:59:14907)
    at async V.vb (/usr/share/code/resources/app/out/vs/code/node/sharedProcess/sharedProcessMain.js:105:119283)
2024-07-25 15:23:48.047 [info] Successfully uninstalled extension from the profile aaron-bond.better-comments@3.0.2 vscode-userdata:/home/hrishikesh/.vscode/extensions/extensions.json
2024-07-25 15:24:32.997 [info] Getting Manifest... yoavbls.pretty-ts-errors
2024-07-25 15:24:33.020 [info] Installing extension: yoavbls.pretty-ts-errors {"isMachineScoped":false,"installPreReleaseVersion":false,"pinned":false,"profileLocation":{"$mid":1,"external":"vscode-userdata:/home/hrishikesh/.vscode/extensions/extensions.json","path":"/home/hrishikesh/.vscode/extensions/extensions.json","scheme":"vscode-userdata"},"installOnlyNewlyAddedFromExtensionPack":true,"isApplicationScoped":false,"productVersion":{"version":"1.91.1","date":"2024-07-09T22:08:12.169Z"}}
2024-07-25 15:24:33.201 [info] Removed the extension from uninstalled list: yoavbls.pretty-ts-errors
2024-07-25 15:24:33.321 [info] Extension installed successfully: yoavbls.pretty-ts-errors vscode-userdata:/home/hrishikesh/.vscode/extensions/extensions.json
2024-07-25 15:24:33.354 [error] [uncaught exception in sharedProcess]: Error: ENOENT: no such file or directory, stat '/home/hrishikesh/.vscode/extensions/extensions.json.vsctmp': EntryNotFound (FileSystemError): Error: ENOENT: no such file or directory, stat '/home/hrishikesh/.vscode/extensions/extensions.json.vsctmp'
    at h.create (/usr/share/code/resources/app/out/vs/code/node/sharedProcess/sharedProcessMain.js:54:19262)
    at f (/usr/share/code/resources/app/out/vs/code/node/sharedProcess/sharedProcessMain.js:54:19372)
    at P.hb (/usr/share/code/resources/app/out/vs/code/node/sharedProcess/sharedProcessMain.js:59:36571)
    at P.stat (/usr/share/code/resources/app/out/vs/code/node/sharedProcess/sharedProcessMain.js:59:28919)
    at async s.stat (/usr/share/code/resources/app/out/vs/code/node/sharedProcess/sharedProcessMain.js:59:14907)
    at async V.vb (/usr/share/code/resources/app/out/vs/code/node/sharedProcess/sharedProcessMain.js:105:119283)
2024-07-25 15:24:52.315 [info] Getting Manifest... dsznajder.es7-react-js-snippets
2024-07-25 15:24:52.338 [info] Installing extension: dsznajder.es7-react-js-snippets {"isMachineScoped":false,"installPreReleaseVersion":false,"pinned":false,"profileLocation":{"$mid":1,"external":"vscode-userdata:/home/hrishikesh/.vscode/extensions/extensions.json","path":"/home/hrishikesh/.vscode/extensions/extensions.json","scheme":"vscode-userdata"},"installOnlyNewlyAddedFromExtensionPack":true,"isApplicationScoped":false,"productVersion":{"version":"1.91.1","date":"2024-07-09T22:08:12.169Z"}}
2024-07-25 15:24:52.539 [info] Removed the extension from uninstalled list: dsznajder.es7-react-js-snippets
2024-07-25 15:24:52.678 [info] Extension installed successfully: dsznajder.es7-react-js-snippets vscode-userdata:/home/hrishikesh/.vscode/extensions/extensions.json
2024-07-25 15:24:52.688 [error] [uncaught exception in sharedProcess]: Error: ENOENT: no such file or directory, stat '/home/hrishikesh/.vscode/extensions/extensions.json.vsctmp': EntryNotFound (FileSystemError): Error: ENOENT: no such file or directory, stat '/home/hrishikesh/.vscode/extensions/extensions.json.vsctmp'
    at h.create (/usr/share/code/resources/app/out/vs/code/node/sharedProcess/sharedProcessMain.js:54:19262)
    at f (/usr/share/code/resources/app/out/vs/code/node/sharedProcess/sharedProcessMain.js:54:19372)
    at P.hb (/usr/share/code/resources/app/out/vs/code/node/sharedProcess/sharedProcessMain.js:59:36571)
    at P.stat (/usr/share/code/resources/app/out/vs/code/node/sharedProcess/sharedProcessMain.js:59:28919)
    at async s.stat (/usr/share/code/resources/app/out/vs/code/node/sharedProcess/sharedProcessMain.js:59:14907)
    at async V.vb (/usr/share/code/resources/app/out/vs/code/node/sharedProcess/sharedProcessMain.js:105:119283)
2024-07-25 15:25:13.652 [info] Getting Manifest... bradlc.vscode-tailwindcss
2024-07-25 15:25:13.669 [info] Installing extension: bradlc.vscode-tailwindcss {"isMachineScoped":false,"installPreReleaseVersion":false,"pinned":false,"profileLocation":{"$mid":1,"external":"vscode-userdata:/home/hrishikesh/.vscode/extensions/extensions.json","path":"/home/hrishikesh/.vscode/extensions/extensions.json","scheme":"vscode-userdata"},"installOnlyNewlyAddedFromExtensionPack":true,"isApplicationScoped":false,"productVersion":{"version":"1.91.1","date":"2024-07-09T22:08:12.169Z"}}
2024-07-25 15:25:13.851 [info] Removed the extension from uninstalled list: bradlc.vscode-tailwindcss
2024-07-25 15:25:13.967 [info] Extension installed successfully: bradlc.vscode-tailwindcss vscode-userdata:/home/hrishikesh/.vscode/extensions/extensions.json
2024-07-25 15:25:13.998 [error] [uncaught exception in sharedProcess]: Error: ENOENT: no such file or directory, stat '/home/hrishikesh/.vscode/extensions/extensions.json.vsctmp': EntryNotFound (FileSystemError): Error: ENOENT: no such file or directory, stat '/home/hrishikesh/.vscode/extensions/extensions.json.vsctmp'
    at h.create (/usr/share/code/resources/app/out/vs/code/node/sharedProcess/sharedProcessMain.js:54:19262)
    at f (/usr/share/code/resources/app/out/vs/code/node/sharedProcess/sharedProcessMain.js:54:19372)
    at P.hb (/usr/share/code/resources/app/out/vs/code/node/sharedProcess/sharedProcessMain.js:59:36571)
    at P.stat (/usr/share/code/resources/app/out/vs/code/node/sharedProcess/sharedProcessMain.js:59:28919)
    at async s.stat (/usr/share/code/resources/app/out/vs/code/node/sharedProcess/sharedProcessMain.js:59:14907)
    at async V.vb (/usr/share/code/resources/app/out/vs/code/node/sharedProcess/sharedProcessMain.js:105:119283)
2024-07-25 15:28:18.952 [info] Getting Manifest... pkief.material-icon-theme
2024-07-25 15:28:18.985 [info] Installing extension: pkief.material-icon-theme {"isMachineScoped":false,"installPreReleaseVersion":false,"pinned":false,"profileLocation":{"$mid":1,"external":"vscode-userdata:/home/hrishikesh/.vscode/extensions/extensions.json","path":"/home/hrishikesh/.vscode/extensions/extensions.json","scheme":"vscode-userdata"},"installOnlyNewlyAddedFromExtensionPack":true,"isApplicationScoped":false,"productVersion":{"version":"1.91.1","date":"2024-07-09T22:08:12.169Z"}}
2024-07-25 15:28:19.301 [info] Removed the extension from uninstalled list: pkief.material-icon-theme
2024-07-25 15:28:19.542 [info] Extension installed successfully: pkief.material-icon-theme vscode-userdata:/home/hrishikesh/.vscode/extensions/extensions.json
