2024-07-25 13:28:26.544 [info] /home/hrishikesh/.config/Code/User/keybindings.json closed
2024-07-25 13:28:30.012 [info] Configuration changed
2024-07-25 13:28:38.605 [info] Configuration changed
2024-07-25 13:28:41.241 [info] Configuration changed
2024-07-25 13:28:43.989 [info] Configuration changed
2024-07-25 13:28:48.896 [info] Active editor: file:///home/hrishikesh/Documents/Coding/javaScript/ModDownload/src/App.jsx
2024-07-25 13:28:54.490 [info] /home/hrishikesh/Documents/Coding/javaScript/ModDownload/src/App.jsx.git closed
2024-07-25 13:29:00.179 [info] /home/hrishikesh/.config/Code/User/settings.json closed
2024-07-25 13:29:22.049 [info] /home/hrishikesh/Documents/Coding/javaScript/ModDownload/src/App.jsx.git closed
2024-07-25 13:29:25.275 [info] /home/hrishikesh/Documents/Coding/javaScript/ModDownload/src/components/Main.jsx closed
2024-07-25 13:29:25.376 [info] /home/hrishikesh/Documents/Coding/javaScript/ModDownload/node_modules/@types/react/index.d.ts closed
2024-07-25 13:29:25.893 [info] /home/hrishikesh/Documents/Coding/javaScript/ModDownload/src/App.jsx.git closed
2024-07-25 13:29:44.202 [info] /home/hrishikesh/Documents/Coding/javaScript/ModDownload/src/App.jsx.git closed
2024-07-25 13:30:18.356 [info] Configuration changed
2024-07-25 13:30:30.960 [info] Active editor: vscode-userdata:/home/hrishikesh/.config/Code/User/keybindings.json
2024-07-25 13:30:37.511 [info] Active editor: vscode-userdata:/home/hrishikesh/.config/Code/User/keybindings.json
2024-07-25 13:31:26.449 [info] /settings/user closed
2024-07-25 13:31:26.612 [info] /settings/resourceLanguage closed
2024-07-25 13:31:26.630 [info] /ignoredSettings closed
2024-07-25 13:31:26.738 [info] /launch closed
2024-07-25 13:31:26.740 [info] /token-styling closed
2024-07-25 13:31:26.742 [info] /textmate-colors closed
2024-07-25 13:31:26.747 [info] /workbench-colors closed
2024-07-25 13:32:01.012 [info] /keybindings closed
2024-07-25 13:33:29.840 [info] Active editor: file:///home/hrishikesh/Documents/Coding/javaScript/ModDownload/src/App.jsx
2024-07-25 13:33:38.664 [info] /home/hrishikesh/Documents/Coding/javaScript/ModDownload/src/App.jsx.git closed
2024-07-25 13:33:40.323 [info] Active editor: vscode-userdata:/home/hrishikesh/.config/Code/User/settings.json
2024-07-25 13:35:01.154 [info] /keybindings closed
2024-07-25 13:36:40.438 [info] /settings/user closed
2024-07-25 13:36:40.808 [info] /settings/resourceLanguage closed
2024-07-25 13:36:40.808 [info] /ignoredSettings closed
2024-07-25 13:36:40.809 [info] /launch closed
2024-07-25 13:36:40.810 [info] /token-styling closed
2024-07-25 13:36:40.812 [info] /textmate-colors closed
2024-07-25 13:36:40.815 [info] /workbench-colors closed
2024-07-25 13:38:01.169 [info] /keybindings closed
2024-07-25 13:38:59.666 [info] /home/hrishikesh/.config/Code/User/settings.json closed
2024-07-25 13:38:59.722 [info] /home/hrishikesh/.config/Code/User/settings.json closed
2024-07-25 13:39:05.309 [info] Active editor: userdataprofileexportpreview:/home/hrishikesh/.config/Code/User/profiles/7a95bb05/globalStorage/globalState.json
2024-07-25 13:39:52.539 [info] Configuration changed
2024-07-25 13:39:53.602 [info] Active editor: userdataprofileexportpreview:/home/hrishikesh/.config/Code/User/profiles/7a95bb05/globalStorage/globalState.json
2024-07-25 13:40:19.876 [info] Configuration changed
2024-07-25 13:40:28.228 [info] Configuration changed
2024-07-25 13:40:31.563 [info] Active editor: vscode-userdata:/home/hrishikesh/.config/Code/User/settings.json
