2024-07-25 13:54:18.590 [info] Reading sessions from keychain...
2024-07-25 13:54:18.590 [info] Getting sessions for all scopes...
2024-07-25 13:54:18.590 [info] Getting sessions for all scopes...
2024-07-25 13:54:18.590 [info] Getting sessions for user:email...
2024-07-25 13:54:18.677 [info] Getting sessions for read:user,repo,user:email,workflow...
2024-07-25 13:54:18.753 [info] Got stored sessions!
2024-07-25 13:54:18.753 [info] Got 3 verified sessions.
2024-07-25 13:54:18.753 [info] Got 3 sessions for ...
2024-07-25 13:54:18.753 [info] Got 3 sessions for ...
2024-07-25 13:54:18.753 [info] Got 1 sessions for user:email...
2024-07-25 13:54:18.753 [info] Got 1 sessions for read:user,repo,user:email,workflow...
2024-07-25 13:54:28.460 [info] Getting sessions for read:user,repo,user:email,workflow...
2024-07-25 13:54:28.461 [info] Got 1 sessions for read:user,repo,user:email,workflow...
2024-07-25 13:54:49.340 [info] Reading sessions from keychain...
2024-07-25 13:54:49.340 [info] Getting sessions for all scopes...
2024-07-25 13:54:49.340 [info] Getting sessions for all scopes...
2024-07-25 13:54:49.340 [info] Getting sessions for user:email...
2024-07-25 13:54:49.340 [info] Got stored sessions!
2024-07-25 13:54:49.340 [info] Got 3 verified sessions.
2024-07-25 13:54:49.340 [info] Got 3 sessions for ...
2024-07-25 13:54:49.340 [info] Got 3 sessions for ...
2024-07-25 13:54:49.340 [info] Got 1 sessions for user:email...
2024-07-25 13:54:51.727 [info] Getting sessions for read:user,repo,user:email,workflow...
2024-07-25 13:54:51.727 [info] Got 1 sessions for read:user,repo,user:email,workflow...
2024-07-25 13:54:55.221 [info] Getting sessions for read:user,repo,user:email,workflow...
2024-07-25 13:54:55.221 [info] Got 1 sessions for read:user,repo,user:email,workflow...
