2024-07-25 13:28:29.778 [error] [uncaught exception in sharedProcess]: Can not add index to parent of type string: Error: Can not add index to parent of type string
    at k (/usr/share/code/resources/app/out/vs/code/node/sharedProcess/sharedProcessMain.js:19:1978)
    at Object.c [as edit] (/usr/share/code/resources/app/out/vs/code/node/sharedProcess/sharedProcessMain.js:105:14909)
    at $ (/usr/share/code/resources/app/out/vs/code/node/sharedProcess/sharedProcessMain.js:105:38811)
    at l (/usr/share/code/resources/app/out/vs/code/node/sharedProcess/sharedProcessMain.js:105:39001)
    at P.ub (/usr/share/code/resources/app/out/vs/code/node/sharedProcess/sharedProcessMain.js:114:54838)
    at async P.R (/usr/share/code/resources/app/out/vs/code/node/sharedProcess/sharedProcessMain.js:114:10872)
2024-07-25 13:28:29.876 [error] [uncaught exception in sharedProcess]: Can not add index to parent of type string: Error: Can not add index to parent of type string
    at k (/usr/share/code/resources/app/out/vs/code/node/sharedProcess/sharedProcessMain.js:19:1978)
    at Object.c [as edit] (/usr/share/code/resources/app/out/vs/code/node/sharedProcess/sharedProcessMain.js:105:14909)
    at $ (/usr/share/code/resources/app/out/vs/code/node/sharedProcess/sharedProcessMain.js:105:38811)
    at l (/usr/share/code/resources/app/out/vs/code/node/sharedProcess/sharedProcessMain.js:105:39001)
    at P.ub (/usr/share/code/resources/app/out/vs/code/node/sharedProcess/sharedProcessMain.js:114:54838)
    at async P.R (/usr/share/code/resources/app/out/vs/code/node/sharedProcess/sharedProcessMain.js:114:10872)
2024-07-25 13:28:41.119 [error] [uncaught exception in sharedProcess]: Can not add index to parent of type string: Error: Can not add index to parent of type string
    at k (/usr/share/code/resources/app/out/vs/code/node/sharedProcess/sharedProcessMain.js:19:1978)
    at Object.c [as edit] (/usr/share/code/resources/app/out/vs/code/node/sharedProcess/sharedProcessMain.js:105:14909)
    at $ (/usr/share/code/resources/app/out/vs/code/node/sharedProcess/sharedProcessMain.js:105:38811)
    at l (/usr/share/code/resources/app/out/vs/code/node/sharedProcess/sharedProcessMain.js:105:39001)
    at P.ub (/usr/share/code/resources/app/out/vs/code/node/sharedProcess/sharedProcessMain.js:114:54838)
    at async P.R (/usr/share/code/resources/app/out/vs/code/node/sharedProcess/sharedProcessMain.js:114:10872)
2024-07-25 13:28:41.222 [error] [uncaught exception in sharedProcess]: Can not add index to parent of type string: Error: Can not add index to parent of type string
    at k (/usr/share/code/resources/app/out/vs/code/node/sharedProcess/sharedProcessMain.js:19:1978)
    at Object.c [as edit] (/usr/share/code/resources/app/out/vs/code/node/sharedProcess/sharedProcessMain.js:105:14909)
    at $ (/usr/share/code/resources/app/out/vs/code/node/sharedProcess/sharedProcessMain.js:105:38811)
    at l (/usr/share/code/resources/app/out/vs/code/node/sharedProcess/sharedProcessMain.js:105:39001)
    at P.ub (/usr/share/code/resources/app/out/vs/code/node/sharedProcess/sharedProcessMain.js:114:54838)
    at async P.R (/usr/share/code/resources/app/out/vs/code/node/sharedProcess/sharedProcessMain.js:114:10872)
2024-07-25 13:39:48.279 [info] Getting Manifest... dsznajder.es7-react-js-snippets
2024-07-25 13:39:48.318 [info] Installing extension: dsznajder.es7-react-js-snippets {"isMachineScoped":false,"installPreReleaseVersion":false,"pinned":false,"profileLocation":{"$mid":1,"external":"vscode-userdata:/home/hrishikesh/.config/Code/User/profiles/7a95bb05/extensions.json","path":"/home/hrishikesh/.config/Code/User/profiles/7a95bb05/extensions.json","scheme":"vscode-userdata"},"installOnlyNewlyAddedFromExtensionPack":true,"isApplicationScoped":false,"productVersion":{"version":"1.91.1","date":"2024-07-09T22:08:12.169Z"}}
2024-07-25 13:39:51.282 [info] Extension signature verification result for dsznajder.es7-react-js-snippets: Success. Executed: true. Duration: 2552ms.
2024-07-25 13:39:52.095 [info] Extracted extension to file:///home/hrishikesh/.vscode/extensions/dsznajder.es7-react-js-snippets-4.4.3: dsznajder.es7-react-js-snippets
2024-07-25 13:39:52.140 [info] Renamed to /home/hrishikesh/.vscode/extensions/dsznajder.es7-react-js-snippets-4.4.3
2024-07-25 13:39:52.243 [info] Extension installed successfully: dsznajder.es7-react-js-snippets vscode-userdata:/home/hrishikesh/.config/Code/User/profiles/7a95bb05/extensions.json
