2024-07-25 15:22:46.770 [info] Log level: Info
2024-07-25 15:22:46.770 [info] Validating found git in: "git"
2024-07-25 15:22:46.770 [info] Using git "2.34.1" from "git"
2024-07-25 15:22:46.770 [info] > git rev-parse --show-toplevel [25ms]
2024-07-25 15:22:46.787 [info] > git rev-parse --git-dir --git-common-dir [141ms]
2024-07-25 15:22:46.806 [info] Open repository: /home/hrishikesh/Documents/Coding/javaScript/ModDownload
2024-07-25 15:22:46.958 [info] > git rev-parse --show-toplevel [48ms]
2024-07-25 15:22:46.959 [info] > git config --get commit.template [67ms]
2024-07-25 15:22:46.986 [info] > git rev-parse --show-toplevel [21ms]
2024-07-25 15:22:46.998 [info] > git for-each-ref --format=%(refname)%00%(upstream:short)%00%(objectname)%00%(upstream:track)%00%(upstream:remotename)%00%(upstream:remoteref) refs/heads/main refs/remotes/main [14ms]
2024-07-25 15:22:46.999 [info] > git rev-parse --show-toplevel [5ms]
2024-07-25 15:22:47.013 [info] > git rev-parse --show-toplevel [10ms]
2024-07-25 15:22:47.022 [info] > git status -z -uall [10ms]
2024-07-25 15:22:47.127 [info] > git for-each-ref --format=%(refname)%00%(upstream:short)%00%(objectname)%00%(upstream:track)%00%(upstream:remotename)%00%(upstream:remoteref) refs/heads/main refs/remotes/main [88ms]
2024-07-25 15:22:47.181 [info] > git config --local branch.main.vscode-merge-base [48ms]
2024-07-25 15:22:47.181 [warning] git config failed: Failed to execute git
2024-07-25 15:22:47.195 [info] > git config --get commit.template [69ms]
2024-07-25 15:22:47.295 [info] > git reflog main --grep-reflog=branch: Created from *. [100ms]
2024-07-25 15:22:47.317 [info] > git symbolic-ref --short refs/remotes/origin/HEAD [18ms]
2024-07-25 15:22:47.318 [info] fatal: ref refs/remotes/origin/HEAD is not a symbolic ref
2024-07-25 15:22:47.330 [info] > git for-each-ref --format=%(refname)%00%(upstream:short)%00%(objectname)%00%(upstream:track)%00%(upstream:remotename)%00%(upstream:remoteref) refs/heads/main refs/remotes/main [61ms]
2024-07-25 15:22:47.340 [info] > git check-ignore -v -z --stdin [3ms]
2024-07-25 15:22:47.341 [info] > git merge-base refs/heads/main refs/remotes/origin/main [12ms]
2024-07-25 15:22:47.378 [info] > git rev-list --count --left-right refs/heads/main...refs/remotes/origin/main [31ms]
2024-07-25 15:22:47.444 [info] > git show --textconv :.vscode/settings.json [25ms]
2024-07-25 15:22:47.451 [info] > git diff --name-status -z --diff-filter=ADMR 0fbc8618d08288c7e5c00344acc1c14a4ef309c7...refs/remotes/origin/main [54ms]
2024-07-25 15:22:47.467 [info] > git ls-files --stage -- /home/hrishikesh/Documents/Coding/javaScript/ModDownload/.vscode/settings.json [44ms]
2024-07-25 15:22:47.490 [info] > git status -z -uall [25ms]
2024-07-25 15:22:47.499 [info] > git for-each-ref --format=%(refname)%00%(upstream:short)%00%(objectname)%00%(upstream:track)%00%(upstream:remotename)%00%(upstream:remoteref) refs/heads/main refs/remotes/main [4ms]
2024-07-25 15:22:47.508 [info] > git config --local branch.main.vscode-merge-base [3ms]
2024-07-25 15:22:47.508 [warning] git config failed: Failed to execute git
2024-07-25 15:22:47.516 [info] > git reflog main --grep-reflog=branch: Created from *. [2ms]
2024-07-25 15:22:47.521 [info] > git symbolic-ref --short refs/remotes/origin/HEAD [1ms]
2024-07-25 15:22:47.521 [info] fatal: ref refs/remotes/origin/HEAD is not a symbolic ref
2024-07-25 15:23:02.080 [info] > git fetch [659ms]
2024-07-25 15:23:02.089 [info] > git config --get commit.template [4ms]
2024-07-25 15:23:02.090 [info] > git for-each-ref --format=%(refname)%00%(upstream:short)%00%(objectname)%00%(upstream:track)%00%(upstream:remotename)%00%(upstream:remoteref) refs/heads/main refs/remotes/main [2ms]
2024-07-25 15:23:02.096 [info] > git status -z -uall [2ms]
2024-07-25 15:23:02.104 [info] > git for-each-ref --format=%(refname)%00%(upstream:short)%00%(objectname)%00%(upstream:track)%00%(upstream:remotename)%00%(upstream:remoteref) refs/heads/main refs/remotes/main [2ms]
2024-07-25 15:23:02.109 [info] > git config --local branch.main.vscode-merge-base [1ms]
2024-07-25 15:23:02.109 [warning] git config failed: Failed to execute git
2024-07-25 15:23:02.114 [info] > git reflog main --grep-reflog=branch: Created from *. [2ms]
2024-07-25 15:23:02.118 [info] > git symbolic-ref --short refs/remotes/origin/HEAD [1ms]
2024-07-25 15:23:02.118 [info] fatal: ref refs/remotes/origin/HEAD is not a symbolic ref
2024-07-25 15:23:03.186 [info] > git config --get commit.template [17ms]
2024-07-25 15:23:03.189 [info] > git for-each-ref --format=%(refname)%00%(upstream:short)%00%(objectname)%00%(upstream:track)%00%(upstream:remotename)%00%(upstream:remoteref) refs/heads/main refs/remotes/main [6ms]
2024-07-25 15:23:03.199 [info] > git status -z -uall [5ms]
2024-07-25 15:23:03.226 [info] > git for-each-ref --format=%(refname)%00%(upstream:short)%00%(objectname)%00%(upstream:track)%00%(upstream:remotename)%00%(upstream:remoteref) refs/heads/main refs/remotes/main [5ms]
2024-07-25 15:23:03.238 [info] > git config --local branch.main.vscode-merge-base [4ms]
2024-07-25 15:23:03.239 [warning] git config failed: Failed to execute git
2024-07-25 15:23:03.254 [info] > git reflog main --grep-reflog=branch: Created from *. [2ms]
2024-07-25 15:23:03.285 [info] > git ls-files --stage -- /home/hrishikesh/Documents/Coding/javaScript/ModDownload/.vscode/settings.json [2ms]
2024-07-25 15:23:03.288 [info] > git symbolic-ref --short refs/remotes/origin/HEAD [27ms]
2024-07-25 15:23:03.288 [info] fatal: ref refs/remotes/origin/HEAD is not a symbolic ref
2024-07-25 15:23:03.337 [info] > git show --textconv :.vscode/settings.json [17ms]
2024-07-25 15:23:20.000 [info] Log level: Info
2024-07-25 15:23:20.000 [info] Validating found git in: "git"
2024-07-25 15:23:20.000 [info] Using git "2.34.1" from "git"
2024-07-25 15:23:20.000 [info] > git rev-parse --show-toplevel [10ms]
2024-07-25 15:23:20.011 [info] > git rev-parse --git-dir --git-common-dir [7ms]
2024-07-25 15:23:20.020 [info] Open repository: /home/hrishikesh/Documents/Coding/javaScript/ModDownload
2024-07-25 15:23:20.074 [info] > git config --get commit.template [47ms]
2024-07-25 15:23:20.077 [info] > git rev-parse --show-toplevel [26ms]
2024-07-25 15:23:20.100 [info] > git for-each-ref --format=%(refname)%00%(upstream:short)%00%(objectname)%00%(upstream:track)%00%(upstream:remotename)%00%(upstream:remoteref) refs/heads/main refs/remotes/main [13ms]
2024-07-25 15:23:20.102 [info] > git rev-parse --show-toplevel [4ms]
2024-07-25 15:23:20.144 [info] > git rev-parse --show-toplevel [31ms]
2024-07-25 15:23:20.147 [info] > git status -z -uall [5ms]
2024-07-25 15:23:20.188 [info] > git for-each-ref --format=%(refname)%00%(upstream:short)%00%(objectname)%00%(upstream:track)%00%(upstream:remotename)%00%(upstream:remoteref) refs/heads/main refs/remotes/main [13ms]
2024-07-25 15:23:20.195 [info] > git config --local branch.main.vscode-merge-base [2ms]
2024-07-25 15:23:20.196 [warning] git config failed: Failed to execute git
2024-07-25 15:23:20.205 [info] > git reflog main --grep-reflog=branch: Created from *. [4ms]
2024-07-25 15:23:20.221 [info] > git symbolic-ref --short refs/remotes/origin/HEAD [8ms]
2024-07-25 15:23:20.221 [info] fatal: ref refs/remotes/origin/HEAD is not a symbolic ref
2024-07-25 15:23:20.240 [info] > git merge-base refs/heads/main refs/remotes/origin/main [5ms]
2024-07-25 15:23:20.248 [info] > git rev-list --count --left-right refs/heads/main...refs/remotes/origin/main [2ms]
2024-07-25 15:23:20.257 [info] > git diff --name-status -z --diff-filter=ADMR 0fbc8618d08288c7e5c00344acc1c14a4ef309c7...refs/remotes/origin/main [4ms]
2024-07-25 15:23:20.392 [info] > git config --get commit.template [4ms]
2024-07-25 15:23:20.407 [info] > git for-each-ref --format=%(refname)%00%(upstream:short)%00%(objectname)%00%(upstream:track)%00%(upstream:remotename)%00%(upstream:remoteref) refs/heads/main refs/remotes/main [5ms]
2024-07-25 15:23:20.412 [info] > git status -z -uall [2ms]
2024-07-25 15:23:20.418 [info] > git for-each-ref --format=%(refname)%00%(upstream:short)%00%(objectname)%00%(upstream:track)%00%(upstream:remotename)%00%(upstream:remoteref) refs/heads/main refs/remotes/main [1ms]
2024-07-25 15:23:20.422 [info] > git config --local branch.main.vscode-merge-base [1ms]
2024-07-25 15:23:20.422 [warning] git config failed: Failed to execute git
2024-07-25 15:23:20.427 [info] > git reflog main --grep-reflog=branch: Created from *. [1ms]
2024-07-25 15:23:20.432 [info] > git symbolic-ref --short refs/remotes/origin/HEAD [2ms]
2024-07-25 15:23:20.432 [info] fatal: ref refs/remotes/origin/HEAD is not a symbolic ref
2024-07-25 15:23:20.591 [info] > git check-ignore -v -z --stdin [3ms]
2024-07-25 15:23:20.773 [info] > git fetch [753ms]
2024-07-25 15:23:20.809 [info] > git config --get commit.template [4ms]
2024-07-25 15:23:20.824 [info] > git for-each-ref --format=%(refname)%00%(upstream:short)%00%(objectname)%00%(upstream:track)%00%(upstream:remotename)%00%(upstream:remoteref) refs/heads/main refs/remotes/main [2ms]
2024-07-25 15:23:20.833 [info] > git status -z -uall [2ms]
2024-07-25 15:23:20.840 [info] > git for-each-ref --format=%(refname)%00%(upstream:short)%00%(objectname)%00%(upstream:track)%00%(upstream:remotename)%00%(upstream:remoteref) refs/heads/main refs/remotes/main [2ms]
2024-07-25 15:23:20.852 [info] > git config --local branch.main.vscode-merge-base [8ms]
2024-07-25 15:23:20.852 [warning] git config failed: Failed to execute git
2024-07-25 15:23:20.858 [info] > git reflog main --grep-reflog=branch: Created from *. [2ms]
2024-07-25 15:23:20.863 [info] > git symbolic-ref --short refs/remotes/origin/HEAD [1ms]
2024-07-25 15:23:20.863 [info] fatal: ref refs/remotes/origin/HEAD is not a symbolic ref
2024-07-25 15:23:22.275 [info] > git show --textconv :.vscode/settings.json [51ms]
2024-07-25 15:23:22.277 [info] > git ls-files --stage -- /home/hrishikesh/Documents/Coding/javaScript/ModDownload/.vscode/settings.json [32ms]
2024-07-25 15:23:32.967 [info] > git for-each-ref --format=%(refname)%00%(upstream:short)%00%(objectname)%00%(upstream:track)%00%(upstream:remotename)%00%(upstream:remoteref) refs/heads/main refs/remotes/main [65ms]
2024-07-25 15:23:32.971 [info] > git config --get commit.template [94ms]
2024-07-25 15:23:33.059 [info] > git status -z -uall [39ms]
2024-07-25 15:23:33.134 [info] > git show --textconv :.vscode/settings.json [77ms]
2024-07-25 15:23:33.136 [info] > git ls-files --stage -- /home/hrishikesh/Documents/Coding/javaScript/ModDownload/.vscode/settings.json [35ms]
2024-07-25 15:23:33.139 [info] > git for-each-ref --format=%(refname)%00%(upstream:short)%00%(objectname)%00%(upstream:track)%00%(upstream:remotename)%00%(upstream:remoteref) refs/heads/main refs/remotes/main [56ms]
2024-07-25 15:23:33.166 [info] > git config --local branch.main.vscode-merge-base [7ms]
2024-07-25 15:23:33.167 [warning] git config failed: Failed to execute git
2024-07-25 15:23:33.238 [info] > git reflog main --grep-reflog=branch: Created from *. [44ms]
2024-07-25 15:23:33.260 [info] > git symbolic-ref --short refs/remotes/origin/HEAD [6ms]
2024-07-25 15:23:33.260 [info] fatal: ref refs/remotes/origin/HEAD is not a symbolic ref
2024-07-25 15:23:52.268 [info] Log level: Info
2024-07-25 15:23:52.268 [info] Validating found git in: "git"
2024-07-25 15:23:52.268 [info] Using git "2.34.1" from "git"
2024-07-25 15:23:52.268 [info] > git rev-parse --show-toplevel [19ms]
2024-07-25 15:23:52.309 [info] > git rev-parse --git-dir --git-common-dir [37ms]
2024-07-25 15:23:52.324 [info] Open repository: /home/hrishikesh/Documents/Coding/javaScript/ModDownload
2024-07-25 15:23:52.357 [info] > git rev-parse --show-toplevel [13ms]
2024-07-25 15:23:52.358 [info] > git config --get commit.template [22ms]
2024-07-25 15:23:52.395 [info] > git rev-parse --show-toplevel [31ms]
2024-07-25 15:23:52.408 [info] > git for-each-ref --format=%(refname)%00%(upstream:short)%00%(objectname)%00%(upstream:track)%00%(upstream:remotename)%00%(upstream:remoteref) refs/heads/main refs/remotes/main [18ms]
2024-07-25 15:23:52.415 [info] > git rev-parse --show-toplevel [8ms]
2024-07-25 15:23:52.437 [info] > git status -z -uall [2ms]
2024-07-25 15:23:52.454 [info] > git config --get commit.template [3ms]
2024-07-25 15:23:52.455 [info] > git for-each-ref --format=%(refname)%00%(upstream:short)%00%(objectname)%00%(upstream:track)%00%(upstream:remotename)%00%(upstream:remoteref) refs/heads/main refs/remotes/main [11ms]
2024-07-25 15:23:52.482 [info] > git config --local branch.main.vscode-merge-base [15ms]
2024-07-25 15:23:52.482 [warning] git config failed: Failed to execute git
2024-07-25 15:23:52.486 [info] > git for-each-ref --format=%(refname)%00%(upstream:short)%00%(objectname)%00%(upstream:track)%00%(upstream:remotename)%00%(upstream:remoteref) refs/heads/main refs/remotes/main [5ms]
2024-07-25 15:23:52.492 [info] > git reflog main --grep-reflog=branch: Created from *. [7ms]
2024-07-25 15:23:52.497 [info] > git status -z -uall [6ms]
2024-07-25 15:23:52.506 [info] > git symbolic-ref --short refs/remotes/origin/HEAD [10ms]
2024-07-25 15:23:52.506 [info] fatal: ref refs/remotes/origin/HEAD is not a symbolic ref
2024-07-25 15:23:52.510 [info] > git for-each-ref --format=%(refname)%00%(upstream:short)%00%(objectname)%00%(upstream:track)%00%(upstream:remotename)%00%(upstream:remoteref) refs/heads/main refs/remotes/main [7ms]
2024-07-25 15:23:52.535 [info] > git config --local branch.main.vscode-merge-base [20ms]
2024-07-25 15:23:52.535 [warning] git config failed: Failed to execute git
2024-07-25 15:23:52.539 [info] > git merge-base refs/heads/main refs/remotes/origin/main [29ms]
2024-07-25 15:23:52.557 [info] > git rev-list --count --left-right refs/heads/main...refs/remotes/origin/main [13ms]
2024-07-25 15:23:52.560 [info] > git reflog main --grep-reflog=branch: Created from *. [21ms]
2024-07-25 15:23:52.570 [info] > git symbolic-ref --short refs/remotes/origin/HEAD [7ms]
2024-07-25 15:23:52.570 [info] fatal: ref refs/remotes/origin/HEAD is not a symbolic ref
2024-07-25 15:23:52.571 [info] > git diff --name-status -z --diff-filter=ADMR 0fbc8618d08288c7e5c00344acc1c14a4ef309c7...refs/remotes/origin/main [10ms]
2024-07-25 15:23:52.921 [info] > git check-ignore -v -z --stdin [1ms]
2024-07-25 15:23:57.273 [info] > git fetch [4949ms]
2024-07-25 15:23:57.316 [info] > git config --get commit.template [21ms]
2024-07-25 15:23:57.318 [info] > git for-each-ref --format=%(refname)%00%(upstream:short)%00%(objectname)%00%(upstream:track)%00%(upstream:remotename)%00%(upstream:remoteref) refs/heads/main refs/remotes/main [5ms]
2024-07-25 15:23:57.341 [info] > git status -z -uall [6ms]
2024-07-25 15:23:57.383 [info] > git for-each-ref --format=%(refname)%00%(upstream:short)%00%(objectname)%00%(upstream:track)%00%(upstream:remotename)%00%(upstream:remoteref) refs/heads/main refs/remotes/main [12ms]
2024-07-25 15:23:57.410 [info] > git config --local branch.main.vscode-merge-base [5ms]
2024-07-25 15:23:57.410 [warning] git config failed: Failed to execute git
2024-07-25 15:23:57.439 [info] > git reflog main --grep-reflog=branch: Created from *. [10ms]
2024-07-25 15:23:57.462 [info] > git symbolic-ref --short refs/remotes/origin/HEAD [4ms]
2024-07-25 15:23:57.463 [info] fatal: ref refs/remotes/origin/HEAD is not a symbolic ref
2024-07-25 15:24:01.423 [info] > git show --textconv :.vscode/settings.json [5ms]
2024-07-25 15:24:01.425 [info] > git ls-files --stage -- /home/hrishikesh/Documents/Coding/javaScript/ModDownload/.vscode/settings.json [3ms]
2024-07-25 15:25:19.794 [info] > git show --textconv :src/App.jsx [194ms]
2024-07-25 15:25:19.810 [info] > git ls-files --stage -- /home/hrishikesh/Documents/Coding/javaScript/ModDownload/src/App.jsx [101ms]
2024-07-25 15:25:20.056 [info] > git cat-file -s 55ce10c14bf4a560dec9d7d429f5c3f7008502ac [168ms]
2024-07-25 15:25:21.174 [info] > git check-ignore -v -z --stdin [104ms]
2024-07-25 15:25:42.919 [info] > git show --textconv :src/App.jsx [13ms]
2024-07-25 15:25:42.919 [info] > git ls-files --stage -- /home/hrishikesh/Documents/Coding/javaScript/ModDownload/src/App.jsx [8ms]
2024-07-25 15:25:42.934 [info] > git cat-file -s 55ce10c14bf4a560dec9d7d429f5c3f7008502ac [8ms]
2024-07-25 15:25:49.647 [info] > git config --get commit.template [7ms]
2024-07-25 15:25:49.649 [info] > git for-each-ref --format=%(refname)%00%(upstream:short)%00%(objectname)%00%(upstream:track)%00%(upstream:remotename)%00%(upstream:remoteref) refs/heads/main refs/remotes/main [3ms]
2024-07-25 15:25:49.657 [info] > git status -z -uall [2ms]
2024-07-25 15:25:49.686 [info] > git for-each-ref --format=%(refname)%00%(upstream:short)%00%(objectname)%00%(upstream:track)%00%(upstream:remotename)%00%(upstream:remoteref) refs/heads/main refs/remotes/main [17ms]
2024-07-25 15:25:49.709 [info] > git config --local branch.main.vscode-merge-base [5ms]
2024-07-25 15:25:49.709 [warning] git config failed: Failed to execute git
2024-07-25 15:25:49.729 [info] > git reflog main --grep-reflog=branch: Created from *. [4ms]
2024-07-25 15:25:49.735 [info] > git symbolic-ref --short refs/remotes/origin/HEAD [2ms]
2024-07-25 15:25:49.735 [info] fatal: ref refs/remotes/origin/HEAD is not a symbolic ref
2024-07-25 15:27:13.305 [info] > git fetch [15917ms]
2024-07-25 15:27:13.316 [info] > git config --get commit.template [6ms]
2024-07-25 15:27:13.317 [info] > git for-each-ref --format=%(refname)%00%(upstream:short)%00%(objectname)%00%(upstream:track)%00%(upstream:remotename)%00%(upstream:remoteref) refs/heads/main refs/remotes/main [1ms]
2024-07-25 15:27:13.323 [info] > git status -z -uall [2ms]
2024-07-25 15:27:13.331 [info] > git for-each-ref --format=%(refname)%00%(upstream:short)%00%(objectname)%00%(upstream:track)%00%(upstream:remotename)%00%(upstream:remoteref) refs/heads/main refs/remotes/main [2ms]
2024-07-25 15:27:13.337 [info] > git config --local branch.main.vscode-merge-base [1ms]
2024-07-25 15:27:13.337 [warning] git config failed: Failed to execute git
2024-07-25 15:27:13.355 [info] > git reflog main --grep-reflog=branch: Created from *. [12ms]
2024-07-25 15:27:13.369 [info] > git symbolic-ref --short refs/remotes/origin/HEAD [4ms]
2024-07-25 15:27:13.370 [info] fatal: ref refs/remotes/origin/HEAD is not a symbolic ref
2024-07-25 15:27:14.377 [info] > git config --get commit.template [6ms]
2024-07-25 15:27:14.378 [info] > git for-each-ref --format=%(refname)%00%(upstream:short)%00%(objectname)%00%(upstream:track)%00%(upstream:remotename)%00%(upstream:remoteref) refs/heads/main refs/remotes/main [2ms]
2024-07-25 15:27:14.384 [info] > git status -z -uall [2ms]
2024-07-25 15:27:14.392 [info] > git for-each-ref --format=%(refname)%00%(upstream:short)%00%(objectname)%00%(upstream:track)%00%(upstream:remotename)%00%(upstream:remoteref) refs/heads/main refs/remotes/main [2ms]
2024-07-25 15:27:14.398 [info] > git config --local branch.main.vscode-merge-base [2ms]
2024-07-25 15:27:14.398 [warning] git config failed: Failed to execute git
2024-07-25 15:27:14.404 [info] > git reflog main --grep-reflog=branch: Created from *. [2ms]
2024-07-25 15:27:14.412 [info] > git symbolic-ref --short refs/remotes/origin/HEAD [3ms]
2024-07-25 15:27:14.412 [info] fatal: ref refs/remotes/origin/HEAD is not a symbolic ref
2024-07-25 15:28:24.558 [info] > git config --get commit.template [23ms]
2024-07-25 15:28:24.558 [info] > git for-each-ref --format=%(refname)%00%(upstream:short)%00%(objectname)%00%(upstream:track)%00%(upstream:remotename)%00%(upstream:remoteref) refs/heads/main refs/remotes/main [1ms]
2024-07-25 15:28:24.573 [info] > git status -z -uall [3ms]
2024-07-25 15:28:24.620 [info] > git for-each-ref --format=%(refname)%00%(upstream:short)%00%(objectname)%00%(upstream:track)%00%(upstream:remotename)%00%(upstream:remoteref) refs/heads/main refs/remotes/main [15ms]
2024-07-25 15:28:24.673 [info] > git config --local branch.main.vscode-merge-base [10ms]
2024-07-25 15:28:24.673 [warning] git config failed: Failed to execute git
2024-07-25 15:28:24.720 [info] > git reflog main --grep-reflog=branch: Created from *. [18ms]
2024-07-25 15:28:24.751 [info] > git symbolic-ref --short refs/remotes/origin/HEAD [5ms]
2024-07-25 15:28:24.751 [info] fatal: ref refs/remotes/origin/HEAD is not a symbolic ref
2024-07-25 15:31:22.972 [info] > git fetch [4999ms]
2024-07-25 15:31:23.048 [info] > git for-each-ref --format=%(refname)%00%(upstream:short)%00%(objectname)%00%(upstream:track)%00%(upstream:remotename)%00%(upstream:remoteref) refs/heads/main refs/remotes/main [5ms]
2024-07-25 15:31:23.051 [info] > git config --get commit.template [46ms]
2024-07-25 15:31:23.087 [info] > git status -z -uall [5ms]
2024-07-25 15:31:23.161 [info] > git for-each-ref --format=%(refname)%00%(upstream:short)%00%(objectname)%00%(upstream:track)%00%(upstream:remotename)%00%(upstream:remoteref) refs/heads/main refs/remotes/main [23ms]
2024-07-25 15:31:23.204 [info] > git config --local branch.main.vscode-merge-base [11ms]
2024-07-25 15:31:23.205 [warning] git config failed: Failed to execute git
2024-07-25 15:31:23.247 [info] > git reflog main --grep-reflog=branch: Created from *. [16ms]
2024-07-25 15:31:23.274 [info] > git symbolic-ref --short refs/remotes/origin/HEAD [8ms]
2024-07-25 15:31:23.274 [info] fatal: ref refs/remotes/origin/HEAD is not a symbolic ref
2024-07-25 15:34:23.913 [info] > git fetch [724ms]
2024-07-25 15:34:23.925 [info] > git config --get commit.template [6ms]
2024-07-25 15:34:23.926 [info] > git for-each-ref --format=%(refname)%00%(upstream:short)%00%(objectname)%00%(upstream:track)%00%(upstream:remotename)%00%(upstream:remoteref) refs/heads/main refs/remotes/main [2ms]
2024-07-25 15:34:23.934 [info] > git status -z -uall [2ms]
2024-07-25 15:34:23.945 [info] > git for-each-ref --format=%(refname)%00%(upstream:short)%00%(objectname)%00%(upstream:track)%00%(upstream:remotename)%00%(upstream:remoteref) refs/heads/main refs/remotes/main [4ms]
2024-07-25 15:34:23.952 [info] > git config --local branch.main.vscode-merge-base [2ms]
2024-07-25 15:34:23.952 [warning] git config failed: Failed to execute git
2024-07-25 15:34:23.959 [info] > git reflog main --grep-reflog=branch: Created from *. [2ms]
2024-07-25 15:34:23.966 [info] > git symbolic-ref --short refs/remotes/origin/HEAD [1ms]
2024-07-25 15:34:23.966 [info] fatal: ref refs/remotes/origin/HEAD is not a symbolic ref
2024-07-25 15:34:25.022 [info] > git config --get commit.template [5ms]
2024-07-25 15:34:25.045 [info] > git for-each-ref --format=%(refname)%00%(upstream:short)%00%(objectname)%00%(upstream:track)%00%(upstream:remotename)%00%(upstream:remoteref) refs/heads/main refs/remotes/main [4ms]
2024-07-25 15:34:25.071 [info] > git status -z -uall [3ms]
2024-07-25 15:34:25.116 [info] > git for-each-ref --format=%(refname)%00%(upstream:short)%00%(objectname)%00%(upstream:track)%00%(upstream:remotename)%00%(upstream:remoteref) refs/heads/main refs/remotes/main [19ms]
2024-07-25 15:34:25.145 [info] > git config --local branch.main.vscode-merge-base [6ms]
2024-07-25 15:34:25.146 [warning] git config failed: Failed to execute git
2024-07-25 15:34:25.177 [info] > git reflog main --grep-reflog=branch: Created from *. [9ms]
2024-07-25 15:34:25.217 [info] > git symbolic-ref --short refs/remotes/origin/HEAD [10ms]
2024-07-25 15:34:25.217 [info] fatal: ref refs/remotes/origin/HEAD is not a symbolic ref
2024-07-25 15:37:24.624 [info] > git fetch [667ms]
2024-07-25 15:37:24.635 [info] > git config --get commit.template [5ms]
2024-07-25 15:37:24.636 [info] > git for-each-ref --format=%(refname)%00%(upstream:short)%00%(objectname)%00%(upstream:track)%00%(upstream:remotename)%00%(upstream:remoteref) refs/heads/main refs/remotes/main [1ms]
2024-07-25 15:37:24.644 [info] > git status -z -uall [3ms]
2024-07-25 15:37:24.652 [info] > git for-each-ref --format=%(refname)%00%(upstream:short)%00%(objectname)%00%(upstream:track)%00%(upstream:remotename)%00%(upstream:remoteref) refs/heads/main refs/remotes/main [2ms]
2024-07-25 15:37:24.659 [info] > git config --local branch.main.vscode-merge-base [1ms]
2024-07-25 15:37:24.659 [warning] git config failed: Failed to execute git
2024-07-25 15:37:24.666 [info] > git reflog main --grep-reflog=branch: Created from *. [2ms]
2024-07-25 15:37:24.672 [info] > git symbolic-ref --short refs/remotes/origin/HEAD [2ms]
2024-07-25 15:37:24.672 [info] fatal: ref refs/remotes/origin/HEAD is not a symbolic ref
2024-07-25 15:37:25.710 [info] > git config --get commit.template [2ms]
2024-07-25 15:37:25.717 [info] > git for-each-ref --format=%(refname)%00%(upstream:short)%00%(objectname)%00%(upstream:track)%00%(upstream:remotename)%00%(upstream:remoteref) refs/heads/main refs/remotes/main [2ms]
2024-07-25 15:37:25.725 [info] > git status -z -uall [2ms]
2024-07-25 15:37:25.733 [info] > git for-each-ref --format=%(refname)%00%(upstream:short)%00%(objectname)%00%(upstream:track)%00%(upstream:remotename)%00%(upstream:remoteref) refs/heads/main refs/remotes/main [2ms]
2024-07-25 15:37:25.740 [info] > git config --local branch.main.vscode-merge-base [2ms]
2024-07-25 15:37:25.740 [warning] git config failed: Failed to execute git
2024-07-25 15:37:25.747 [info] > git reflog main --grep-reflog=branch: Created from *. [2ms]
2024-07-25 15:37:25.753 [info] > git symbolic-ref --short refs/remotes/origin/HEAD [2ms]
2024-07-25 15:37:25.753 [info] fatal: ref refs/remotes/origin/HEAD is not a symbolic ref
2024-07-25 15:40:25.295 [info] > git fetch [635ms]
2024-07-25 15:40:25.306 [info] > git config --get commit.template [5ms]
2024-07-25 15:40:25.307 [info] > git for-each-ref --format=%(refname)%00%(upstream:short)%00%(objectname)%00%(upstream:track)%00%(upstream:remotename)%00%(upstream:remoteref) refs/heads/main refs/remotes/main [2ms]
2024-07-25 15:40:25.314 [info] > git status -z -uall [2ms]
2024-07-25 15:40:25.322 [info] > git for-each-ref --format=%(refname)%00%(upstream:short)%00%(objectname)%00%(upstream:track)%00%(upstream:remotename)%00%(upstream:remoteref) refs/heads/main refs/remotes/main [2ms]
2024-07-25 15:40:25.329 [info] > git config --local branch.main.vscode-merge-base [2ms]
2024-07-25 15:40:25.329 [warning] git config failed: Failed to execute git
2024-07-25 15:40:25.336 [info] > git reflog main --grep-reflog=branch: Created from *. [2ms]
2024-07-25 15:40:25.343 [info] > git symbolic-ref --short refs/remotes/origin/HEAD [2ms]
2024-07-25 15:40:25.343 [info] fatal: ref refs/remotes/origin/HEAD is not a symbolic ref
2024-07-25 15:40:26.381 [info] > git config --get commit.template [2ms]
2024-07-25 15:40:26.387 [info] > git for-each-ref --format=%(refname)%00%(upstream:short)%00%(objectname)%00%(upstream:track)%00%(upstream:remotename)%00%(upstream:remoteref) refs/heads/main refs/remotes/main [2ms]
2024-07-25 15:40:26.394 [info] > git status -z -uall [2ms]
2024-07-25 15:40:26.401 [info] > git for-each-ref --format=%(refname)%00%(upstream:short)%00%(objectname)%00%(upstream:track)%00%(upstream:remotename)%00%(upstream:remoteref) refs/heads/main refs/remotes/main [2ms]
2024-07-25 15:40:26.408 [info] > git config --local branch.main.vscode-merge-base [2ms]
2024-07-25 15:40:26.408 [warning] git config failed: Failed to execute git
2024-07-25 15:40:26.414 [info] > git reflog main --grep-reflog=branch: Created from *. [2ms]
2024-07-25 15:40:26.419 [info] > git symbolic-ref --short refs/remotes/origin/HEAD [1ms]
2024-07-25 15:40:26.419 [info] fatal: ref refs/remotes/origin/HEAD is not a symbolic ref
2024-07-25 15:43:25.931 [info] > git fetch [594ms]
2024-07-25 15:43:25.940 [info] > git config --get commit.template [2ms]
2024-07-25 15:43:25.950 [info] > git for-each-ref --format=%(refname)%00%(upstream:short)%00%(objectname)%00%(upstream:track)%00%(upstream:remotename)%00%(upstream:remoteref) refs/heads/main refs/remotes/main [3ms]
2024-07-25 15:43:25.961 [info] > git status -z -uall [2ms]
2024-07-25 15:43:25.973 [info] > git for-each-ref --format=%(refname)%00%(upstream:short)%00%(objectname)%00%(upstream:track)%00%(upstream:remotename)%00%(upstream:remoteref) refs/heads/main refs/remotes/main [3ms]
2024-07-25 15:43:25.980 [info] > git config --local branch.main.vscode-merge-base [2ms]
2024-07-25 15:43:25.980 [warning] git config failed: Failed to execute git
2024-07-25 15:43:25.986 [info] > git reflog main --grep-reflog=branch: Created from *. [1ms]
2024-07-25 15:43:25.992 [info] > git symbolic-ref --short refs/remotes/origin/HEAD [2ms]
2024-07-25 15:43:25.992 [info] fatal: ref refs/remotes/origin/HEAD is not a symbolic ref
2024-07-25 15:43:27.015 [info] > git config --get commit.template [2ms]
2024-07-25 15:43:27.022 [info] > git for-each-ref --format=%(refname)%00%(upstream:short)%00%(objectname)%00%(upstream:track)%00%(upstream:remotename)%00%(upstream:remoteref) refs/heads/main refs/remotes/main [1ms]
2024-07-25 15:43:27.030 [info] > git status -z -uall [2ms]
2024-07-25 15:43:27.038 [info] > git for-each-ref --format=%(refname)%00%(upstream:short)%00%(objectname)%00%(upstream:track)%00%(upstream:remotename)%00%(upstream:remoteref) refs/heads/main refs/remotes/main [2ms]
2024-07-25 15:43:27.044 [info] > git config --local branch.main.vscode-merge-base [1ms]
2024-07-25 15:43:27.044 [warning] git config failed: Failed to execute git
2024-07-25 15:43:27.051 [info] > git reflog main --grep-reflog=branch: Created from *. [2ms]
2024-07-25 15:43:27.057 [info] > git symbolic-ref --short refs/remotes/origin/HEAD [2ms]
2024-07-25 15:43:27.057 [info] fatal: ref refs/remotes/origin/HEAD is not a symbolic ref
2024-07-25 15:46:27.317 [info] > git fetch [1331ms]
2024-07-25 15:46:27.329 [info] > git config --get commit.template [6ms]
2024-07-25 15:46:27.330 [info] > git for-each-ref --format=%(refname)%00%(upstream:short)%00%(objectname)%00%(upstream:track)%00%(upstream:remotename)%00%(upstream:remoteref) refs/heads/main refs/remotes/main [2ms]
2024-07-25 15:46:27.338 [info] > git status -z -uall [3ms]
2024-07-25 15:46:27.348 [info] > git for-each-ref --format=%(refname)%00%(upstream:short)%00%(objectname)%00%(upstream:track)%00%(upstream:remotename)%00%(upstream:remoteref) refs/heads/main refs/remotes/main [3ms]
2024-07-25 15:46:27.356 [info] > git config --local branch.main.vscode-merge-base [2ms]
2024-07-25 15:46:27.356 [warning] git config failed: Failed to execute git
2024-07-25 15:46:27.363 [info] > git reflog main --grep-reflog=branch: Created from *. [2ms]
2024-07-25 15:46:27.368 [info] > git symbolic-ref --short refs/remotes/origin/HEAD [1ms]
2024-07-25 15:46:27.368 [info] fatal: ref refs/remotes/origin/HEAD is not a symbolic ref
2024-07-25 15:46:28.421 [info] > git config --get commit.template [8ms]
2024-07-25 15:46:28.423 [info] > git for-each-ref --format=%(refname)%00%(upstream:short)%00%(objectname)%00%(upstream:track)%00%(upstream:remotename)%00%(upstream:remoteref) refs/heads/main refs/remotes/main [1ms]
2024-07-25 15:46:28.438 [info] > git status -z -uall [2ms]
2024-07-25 15:46:28.445 [info] > git for-each-ref --format=%(refname)%00%(upstream:short)%00%(objectname)%00%(upstream:track)%00%(upstream:remotename)%00%(upstream:remoteref) refs/heads/main refs/remotes/main [2ms]
2024-07-25 15:46:28.452 [info] > git config --local branch.main.vscode-merge-base [2ms]
2024-07-25 15:46:28.452 [warning] git config failed: Failed to execute git
2024-07-25 15:46:28.458 [info] > git reflog main --grep-reflog=branch: Created from *. [2ms]
2024-07-25 15:46:28.463 [info] > git symbolic-ref --short refs/remotes/origin/HEAD [1ms]
2024-07-25 15:46:28.463 [info] fatal: ref refs/remotes/origin/HEAD is not a symbolic ref
2024-07-25 15:49:28.216 [info] > git fetch [842ms]
2024-07-25 15:49:28.285 [info] > git config --get commit.template [40ms]
2024-07-25 15:49:28.287 [info] > git for-each-ref --format=%(refname)%00%(upstream:short)%00%(objectname)%00%(upstream:track)%00%(upstream:remotename)%00%(upstream:remoteref) refs/heads/main refs/remotes/main [14ms]
2024-07-25 15:49:28.348 [info] > git status -z -uall [4ms]
2024-07-25 15:49:28.387 [info] > git for-each-ref --format=%(refname)%00%(upstream:short)%00%(objectname)%00%(upstream:track)%00%(upstream:remotename)%00%(upstream:remoteref) refs/heads/main refs/remotes/main [9ms]
2024-07-25 15:49:28.393 [info] > git config --local branch.main.vscode-merge-base [1ms]
2024-07-25 15:49:28.393 [warning] git config failed: Failed to execute git
2024-07-25 15:49:28.398 [info] > git reflog main --grep-reflog=branch: Created from *. [2ms]
2024-07-25 15:49:28.406 [info] > git symbolic-ref --short refs/remotes/origin/HEAD [1ms]
2024-07-25 15:49:28.406 [info] fatal: ref refs/remotes/origin/HEAD is not a symbolic ref
