2024-07-25 15:22:43.013 [info] Added views:workbench.panel.markers.view in workbench.panel.markers
2024-07-25 15:22:43.013 [info] Added views:terminal in workbench.panel.output
2024-07-25 15:22:43.013 [info] Added views:outline in workbench.view.explorer
2024-07-25 15:22:43.013 [info] Added views:workbench.scm in workbench.view.scm
2024-07-25 15:22:43.013 [info] Added views:workbench.view.search in workbench.view.search
2024-07-25 15:22:43.013 [info] Added views:workbench.panel.output in workbench.views.service.panel.df029bca-1233-4ab5-9699-401eb50a88f3
2024-07-25 15:22:43.013 [info] Added views:timeline in workbench.view.explorer
2024-07-25 15:22:43.013 [info] Added views:workbench.explorer.fileView,workbench.explorer.openEditorsView in workbench.view.explorer
2024-07-25 15:22:43.464 [info] Added views:workbench.debug.welcome in workbench.view.debug
2024-07-25 15:22:45.500 [info] Added views:workbench.panel.repl.view in workbench.panel.repl
2024-07-25 15:22:46.396 [info] Added views:~remote.forwardedPorts in ~remote.forwardedPortsContainer
2024-07-25 15:23:04.900 [info] Added views:workbench.views.extensions.installed,workbench.views.extensions.popular,extensions.recommendedList in workbench.view.extensions
2024-07-25 15:23:04.904 [info] Removed views:workbench.views.extensions.popular from workbench.view.extensions
2024-07-25 15:23:19.649 [info] Removed views:workbench.panel.repl.view from workbench.panel.repl
2024-07-25 15:23:19.740 [info] Added views:workbench.panel.repl.view in workbench.panel.repl
2024-07-25 15:23:24.127 [info] Removed views:extensions.recommendedList,workbench.views.extensions.installed from workbench.view.extensions
2024-07-25 15:23:24.152 [info] Added views:workbench.views.extensions.marketplace in workbench.view.extensions
2024-07-25 15:23:41.976 [info] Removed views:workbench.views.extensions.marketplace from workbench.view.extensions
2024-07-25 15:23:41.991 [info] Added views:workbench.views.extensions.installed,extensions.recommendedList in workbench.view.extensions
2024-07-25 15:23:51.700 [info] Removed views:workbench.panel.repl.view from workbench.panel.repl
2024-07-25 15:23:51.771 [info] Added views:workbench.panel.repl.view in workbench.panel.repl
2024-07-25 15:23:55.551 [info] Removed views:extensions.recommendedList,workbench.views.extensions.installed from workbench.view.extensions
2024-07-25 15:23:55.574 [info] Added views:workbench.views.extensions.marketplace in workbench.view.extensions
2024-07-25 15:33:50.237 [info] Removed views:workbench.views.extensions.marketplace from workbench.view.extensions
2024-07-25 15:33:50.264 [info] Added views:workbench.views.extensions.installed,extensions.recommendedList in workbench.view.extensions
2024-07-25 15:47:43.024 [info] Removed views:extensions.recommendedList,workbench.views.extensions.installed from workbench.view.extensions
2024-07-25 15:47:43.050 [info] Added views:workbench.views.extensions.marketplace in workbench.view.extensions
