2024-07-25 15:13:34.979 [info] Added views:workbench.panel.markers.view in workbench.panel.markers
2024-07-25 15:13:34.979 [info] Added views:workbench.panel.output in workbench.panel.output
2024-07-25 15:13:34.979 [info] Added views:terminal in terminal
2024-07-25 15:13:34.979 [info] Added views:workbench.scm in workbench.view.scm
2024-07-25 15:13:34.979 [info] Added views:workbench.view.search in workbench.view.search
2024-07-25 15:13:34.980 [info] Added views:timeline in workbench.view.explorer
2024-07-25 15:13:34.980 [info] Added views:workbench.explorer.fileView in workbench.view.explorer
2024-07-25 15:13:36.437 [info] Added views:workbench.debug.welcome in workbench.view.debug
2024-07-25 15:13:36.743 [info] Added views:workbench.panel.repl.view in workbench.panel.repl
2024-07-25 15:13:39.266 [info] Added views:~remote.forwardedPorts in ~remote.forwardedPortsContainer
2024-07-25 15:15:32.461 [info] Added views:workbench.views.extensions.installed,workbench.views.extensions.popular,extensions.recommendedList in workbench.view.extensions
2024-07-25 15:15:32.472 [info] Removed views:workbench.views.extensions.popular from workbench.view.extensions
2024-07-25 15:20:19.364 [info] View visibility state changed: terminal is now visible Output
2024-07-25 15:20:19.364 [info] View visibility state changed: gitlens.views.repositories is now visible Source Control
2024-07-25 15:20:19.364 [info] View visibility state changed: gitlens.views.commits is now visible Source Control
2024-07-25 15:20:19.365 [info] View visibility state changed: gitlens.views.branches is now visible Source Control
2024-07-25 15:20:19.365 [info] View visibility state changed: gitlens.views.remotes is now visible Source Control
2024-07-25 15:20:19.365 [info] View visibility state changed: gitlens.views.stashes is now visible Source Control
2024-07-25 15:20:19.365 [info] View visibility state changed: gitlens.views.tags is now visible Source Control
2024-07-25 15:20:19.365 [info] View visibility state changed: gitlens.views.contributors is now visible Source Control
2024-07-25 15:20:19.366 [info] View visibility state changed: outline is now visible Explorer
2024-07-25 15:20:19.366 [info] View visibility state changed: workbench.explorer.openEditorsView is now visible Explorer
2024-07-25 15:20:19.366 [info] Showing view outline in the container workbench.view.explorer
2024-07-25 15:20:19.366 [info] Showing view workbench.explorer.openEditorsView in the container workbench.view.explorer
2024-07-25 15:20:19.379 [info] Added views:outline,workbench.explorer.openEditorsView in workbench.view.explorer
2024-07-25 15:20:19.390 [info] Removed views:terminal from terminal
2024-07-25 15:20:19.393 [info] Added views:terminal in workbench.panel.output
2024-07-25 15:20:19.394 [info] Removed views:workbench.panel.output from workbench.panel.output
2024-07-25 15:20:19.397 [info] Added views:workbench.panel.output in workbench.views.service.panel.df029bca-1233-4ab5-9699-401eb50a88f3
2024-07-25 15:20:19.759 [info] Added views:projectsExplorerFavorites,projectManagerHelpAndFeedback in workbench.view.extension.project-manager
2024-07-25 15:20:19.760 [info] Added views:gitlens.views.home,gitlens.views.workspaces,gitlens.views.account in workbench.view.extension.gitlens
2024-07-25 15:20:19.762 [info] Added views:gitlens.views.commitDetails,gitlens.views.lineHistory,gitlens.views.fileHistory,gitlens.views.searchAndCompare in workbench.view.extension.gitlensInspect
2024-07-25 15:20:19.764 [info] Added views:gitlens.views.repositories,gitlens.views.commits,gitlens.views.branches,gitlens.views.remotes,gitlens.views.stashes,gitlens.views.tags,gitlens.views.contributors in workbench.view.scm
2024-07-25 15:20:22.433 [info] Added views:projectsExplorerGit in workbench.view.extension.project-manager
2024-07-25 15:20:22.521 [info] Added views:gitlens.views.drafts in workbench.view.extension.gitlens
2024-07-25 15:20:23.106 [info] Added views:gitlens.views.graph,gitlens.views.graphDetails in workbench.view.extension.gitlensPanel
2024-07-25 15:20:23.107 [info] Added views:gitlens.views.timeline in workbench.view.extension.gitlensInspect
2024-07-25 15:20:44.012 [info] Removed views:extensions.recommendedList,workbench.views.extensions.installed from workbench.view.extensions
2024-07-25 15:20:44.045 [info] Added views:workbench.views.extensions.marketplace in workbench.view.extensions
2024-07-25 15:21:03.435 [info] Removed views:workbench.views.extensions.marketplace from workbench.view.extensions
2024-07-25 15:21:03.489 [info] Added views:workbench.views.extensions.installed,extensions.recommendedList in workbench.view.extensions
2024-07-25 15:22:11.526 [info] Removed views:gitlens.views.drafts from workbench.view.extension.gitlens
2024-07-25 15:22:11.565 [info] Removed views:gitlens.views.graphDetails,gitlens.views.graph from workbench.view.extension.gitlensPanel
2024-07-25 15:22:11.581 [info] Added views:gitlens.views.graph,gitlens.views.graphDetails in workbench.view.explorer
2024-07-25 15:22:11.585 [info] Removed views:projectManagerHelpAndFeedback,projectsExplorerGit,projectsExplorerFavorites from workbench.view.extension.project-manager
2024-07-25 15:22:11.606 [info] Added views:projectsExplorerFavorites,projectsExplorerGit,projectManagerHelpAndFeedback in workbench.view.explorer
2024-07-25 15:22:11.607 [info] Removed views:gitlens.views.account,gitlens.views.workspaces,gitlens.views.home from workbench.view.extension.gitlens
2024-07-25 15:22:11.624 [info] Added views:gitlens.views.home,gitlens.views.workspaces,gitlens.views.account in workbench.view.explorer
2024-07-25 15:22:11.626 [info] Removed views:gitlens.views.searchAndCompare,gitlens.views.timeline,gitlens.views.fileHistory,gitlens.views.lineHistory,gitlens.views.commitDetails from workbench.view.extension.gitlensInspect
2024-07-25 15:22:11.658 [info] Added views:gitlens.views.commitDetails,gitlens.views.lineHistory,gitlens.views.fileHistory,gitlens.views.timeline,gitlens.views.searchAndCompare in workbench.view.explorer
2024-07-25 15:22:11.672 [info] Removed views:projectManagerHelpAndFeedback,gitlens.views.searchAndCompare,gitlens.views.timeline,gitlens.views.fileHistory,gitlens.views.account,gitlens.views.lineHistory,gitlens.views.workspaces,projectsExplorerGit,gitlens.views.graphDetails,gitlens.views.commitDetails,gitlens.views.home,projectsExplorerFavorites,gitlens.views.graph from workbench.view.explorer
2024-07-25 15:22:11.674 [info] Removed views:gitlens.views.contributors,gitlens.views.tags,gitlens.views.stashes,gitlens.views.remotes,gitlens.views.branches,gitlens.views.commits,gitlens.views.repositories from workbench.view.scm
2024-07-25 15:22:12.239 [info] Removed views:workbench.panel.repl.view from workbench.panel.repl
2024-07-25 15:22:12.472 [info] Added views:workbench.panel.repl.view in workbench.panel.repl
2024-07-25 15:22:22.567 [info] Removed views:extensions.recommendedList,workbench.views.extensions.installed from workbench.view.extensions
2024-07-25 15:22:22.594 [info] Added views:workbench.views.extensions.marketplace in workbench.view.extensions
