2024-07-25 15:12:57.919 [info] Using settings sync service https://vscode-sync.trafficmanager.net/
2024-07-25 15:12:57.919 [info] Auto Sync is enabled.
2024-07-25 15:12:57.919 [info] Auto Sync: Suspended until auth token is available.
2024-07-25 15:12:58.550 [info] Deleting non existing profile from backup /home/hrishikesh/.config/Code/User/sync/extensions
2024-07-25 15:12:58.551 [info] Deleting non existing profile from backup /home/hrishikesh/.config/Code/User/sync/globalState
2024-07-25 15:12:58.552 [info] Deleting non existing profile from backup /home/hrishikesh/.config/Code/User/sync/keybindings
2024-07-25 15:12:58.554 [info] Deleting non existing profile from backup /home/hrishikesh/.config/Code/User/sync/profiles
2024-07-25 15:12:58.555 [info] Deleting non existing profile from backup /home/hrishikesh/.config/Code/User/sync/settings
2024-07-25 15:12:58.556 [info] Deleting non existing profile from backup /home/hrishikesh/.config/Code/User/sync/snippets
2024-07-25 15:12:58.558 [info] Deleting non existing profile from backup /home/hrishikesh/.config/Code/User/sync/tasks
2024-07-25 15:13:02.738 [info] Auto Sync: Triggered by Interval
2024-07-25 15:13:02.739 [info] Sync started.
2024-07-25 15:13:02.897 [info] Profiles: Last sync resource does not exist locally.
2024-07-25 15:13:14.108 [info] Settings: Last sync resource does not exist locally.
2024-07-25 15:13:14.746 [info] Settings: No changes found during synchronizing settings.
2024-07-25 15:13:14.782 [info] Keybindings: Last sync resource does not exist locally.
2024-07-25 15:13:15.083 [info] Keybindings: No changes found during synchronizing keybindings.
2024-07-25 15:13:15.087 [info] Snippets: Last sync resource does not exist locally.
2024-07-25 15:13:15.216 [info] Snippets: No changes found during synchronizing snippets.
2024-07-25 15:13:15.217 [info] Tasks: Last sync resource does not exist locally.
2024-07-25 15:13:15.366 [info] Tasks: No changes found during synchronizing tasks.
2024-07-25 15:13:15.373 [info] GlobalState: Last sync resource does not exist locally.
2024-07-25 15:13:16.234 [info] GlobalState: No changes found during synchronizing ui state.
2024-07-25 15:13:16.240 [info] Extensions: Last sync resource does not exist locally.
2024-07-25 15:13:16.679 [info] Extensions: No changes found during synchronizing extensions.
2024-07-25 15:13:16.699 [info] Profiles: No changes found during synchronizing profiles.
2024-07-25 15:13:16.707 [info] Syncing profile. Python
2024-07-25 15:13:16.717 [info] Snippets (Python): No changes found during synchronizing snippets.
2024-07-25 15:13:16.725 [info] Tasks (Python): No changes found during synchronizing tasks.
2024-07-25 15:13:17.019 [info] GlobalState (Python): No changes found during synchronizing ui state.
2024-07-25 15:13:17.144 [info] Extensions (Python): No changes found during synchronizing extensions.
2024-07-25 15:13:17.147 [info] Syncing profile. Rust
2024-07-25 15:13:17.166 [info] Snippets (Rust): No changes found during synchronizing snippets.
2024-07-25 15:13:17.177 [info] Tasks (Rust): No changes found during synchronizing tasks.
2024-07-25 15:13:17.385 [info] GlobalState (Rust): No changes found during synchronizing ui state.
2024-07-25 15:13:17.459 [info] Extensions (Rust): No changes found during synchronizing extensions.
2024-07-25 15:13:17.464 [info] Syncing profile. Trash
2024-07-25 15:13:17.496 [info] Keybindings (Trash): No changes found during synchronizing keybindings.
2024-07-25 15:13:17.499 [info] Snippets (Trash): No changes found during synchronizing snippets.
2024-07-25 15:13:17.502 [info] Tasks (Trash): No changes found during synchronizing tasks.
2024-07-25 15:13:17.631 [info] GlobalState (Trash): No changes found during synchronizing ui state.
2024-07-25 15:13:17.718 [info] Extensions (Trash): No changes found during synchronizing extensions.
2024-07-25 15:13:17.721 [info] Syncing profile. Web Development
2024-07-25 15:13:17.741 [info] Snippets (Web Development): No changes found during synchronizing snippets.
2024-07-25 15:13:17.747 [info] Tasks (Web Development): No changes found during synchronizing tasks.
2024-07-25 15:13:20.215 [info] GlobalState (Web Development): Updated remote ui state. Updated: commandPalette.mru.cache,commandPalette.mru.counter.
2024-07-25 15:13:20.251 [info] GlobalState (Web Development): Updated last synchronized ui state
2024-07-25 15:13:20.302 [info] Extensions (Web Development): No changes found during synchronizing extensions.
2024-07-25 15:13:20.304 [info] Sync done. Took 17565ms
2024-07-25 15:13:20.304 [info] Auto Sync: Triggered by Activity
2024-07-25 15:13:20.305 [info] Sync started.
2024-07-25 15:13:20.485 [info] Settings: No changes found during synchronizing settings.
2024-07-25 15:13:20.501 [info] Keybindings: No changes found during synchronizing keybindings.
2024-07-25 15:13:20.508 [info] Snippets: No changes found during synchronizing snippets.
2024-07-25 15:13:20.513 [info] Tasks: No changes found during synchronizing tasks.
2024-07-25 15:13:20.529 [info] GlobalState: No changes found during synchronizing ui state.
2024-07-25 15:13:20.592 [info] Extensions: No changes found during synchronizing extensions.
2024-07-25 15:13:20.594 [info] Profiles: No changes found during synchronizing profiles.
2024-07-25 15:13:20.596 [info] Syncing profile. Python
2024-07-25 15:13:20.599 [info] Snippets (Python): No changes found during synchronizing snippets.
2024-07-25 15:13:20.601 [info] Tasks (Python): No changes found during synchronizing tasks.
2024-07-25 15:13:20.605 [info] GlobalState (Python): No changes found during synchronizing ui state.
2024-07-25 15:13:20.647 [info] Extensions (Python): No changes found during synchronizing extensions.
2024-07-25 15:13:20.651 [info] Syncing profile. Rust
2024-07-25 15:13:20.654 [info] Snippets (Rust): No changes found during synchronizing snippets.
2024-07-25 15:13:20.656 [info] Tasks (Rust): No changes found during synchronizing tasks.
2024-07-25 15:13:20.659 [info] GlobalState (Rust): No changes found during synchronizing ui state.
2024-07-25 15:13:20.686 [info] Extensions (Rust): No changes found during synchronizing extensions.
2024-07-25 15:13:20.688 [info] Syncing profile. Trash
2024-07-25 15:13:20.690 [info] Keybindings (Trash): No changes found during synchronizing keybindings.
2024-07-25 15:13:20.693 [info] Snippets (Trash): No changes found during synchronizing snippets.
2024-07-25 15:13:20.695 [info] Tasks (Trash): No changes found during synchronizing tasks.
2024-07-25 15:13:20.698 [info] GlobalState (Trash): No changes found during synchronizing ui state.
2024-07-25 15:13:20.741 [info] Extensions (Trash): No changes found during synchronizing extensions.
2024-07-25 15:13:20.741 [info] Syncing profile. Web Development
2024-07-25 15:13:20.743 [info] Snippets (Web Development): No changes found during synchronizing snippets.
2024-07-25 15:13:20.746 [info] Tasks (Web Development): No changes found during synchronizing tasks.
2024-07-25 15:13:20.748 [info] GlobalState (Web Development): No changes found during synchronizing ui state.
2024-07-25 15:13:20.776 [info] Extensions (Web Development): No changes found during synchronizing extensions.
2024-07-25 15:13:20.779 [info] Sync done. Took 475ms
2024-07-25 15:13:31.009 [info] Auto Sync: Triggered by Activity
2024-07-25 15:13:31.010 [info] Sync started.
2024-07-25 15:13:32.276 [info] Settings: Updated remote settings
2024-07-25 15:13:32.313 [info] Settings: Updated last synchronized settings
2024-07-25 15:13:32.341 [info] Keybindings: No changes found during synchronizing keybindings.
2024-07-25 15:13:32.373 [info] Snippets: No changes found during synchronizing snippets.
2024-07-25 15:13:32.380 [info] Tasks: No changes found during synchronizing tasks.
2024-07-25 15:13:32.385 [info] GlobalState: No changes found during synchronizing ui state.
2024-07-25 15:13:32.457 [info] Extensions: No changes found during synchronizing extensions.
2024-07-25 15:13:32.460 [info] Profiles: No changes found during synchronizing profiles.
2024-07-25 15:13:32.465 [info] Syncing profile. Python
2024-07-25 15:13:32.467 [info] Snippets (Python): No changes found during synchronizing snippets.
2024-07-25 15:13:32.469 [info] Tasks (Python): No changes found during synchronizing tasks.
2024-07-25 15:13:32.472 [info] GlobalState (Python): No changes found during synchronizing ui state.
2024-07-25 15:13:32.592 [info] Extensions (Python): No changes found during synchronizing extensions.
2024-07-25 15:13:32.593 [info] Syncing profile. Rust
2024-07-25 15:13:32.596 [info] Snippets (Rust): No changes found during synchronizing snippets.
2024-07-25 15:13:32.600 [info] Tasks (Rust): No changes found during synchronizing tasks.
2024-07-25 15:13:32.603 [info] GlobalState (Rust): No changes found during synchronizing ui state.
2024-07-25 15:13:32.650 [info] Extensions (Rust): No changes found during synchronizing extensions.
2024-07-25 15:13:32.651 [info] Syncing profile. Trash
2024-07-25 15:13:32.658 [info] Keybindings (Trash): No changes found during synchronizing keybindings.
2024-07-25 15:13:32.665 [info] Snippets (Trash): No changes found during synchronizing snippets.
2024-07-25 15:13:32.671 [info] Tasks (Trash): No changes found during synchronizing tasks.
2024-07-25 15:13:32.673 [info] GlobalState (Trash): No changes found during synchronizing ui state.
2024-07-25 15:13:32.701 [info] Extensions (Trash): No changes found during synchronizing extensions.
2024-07-25 15:13:32.702 [info] Syncing profile. Web Development
2024-07-25 15:13:32.705 [info] Snippets (Web Development): No changes found during synchronizing snippets.
2024-07-25 15:13:32.707 [info] Tasks (Web Development): No changes found during synchronizing tasks.
2024-07-25 15:13:32.709 [info] GlobalState (Web Development): No changes found during synchronizing ui state.
2024-07-25 15:13:32.747 [info] Extensions (Web Development): No changes found during synchronizing extensions.
2024-07-25 15:13:32.747 [info] Sync done. Took 1739ms
