2024-07-25 16:20:31.021 [info] Using settings sync service https://vscode-sync.trafficmanager.net/
2024-07-25 16:20:31.021 [info] Auto Sync is enabled.
2024-07-25 16:20:31.021 [info] Auto Sync: Suspended until auth token is available.
2024-07-25 16:20:34.321 [info] Auto Sync: Triggered by Interval
2024-07-25 16:20:34.322 [info] Sync started.
2024-07-25 16:20:42.789 [info] Settings: Last sync resource does not exist locally.
2024-07-25 16:20:43.054 [info] Settings: No changes found during synchronizing settings.
2024-07-25 16:20:43.058 [info] Keybindings: Last sync resource does not exist locally.
2024-07-25 16:20:43.478 [info] Keybindings: No changes found during synchronizing keybindings.
2024-07-25 16:20:43.482 [info] Snippets: Last sync resource does not exist locally.
2024-07-25 16:20:43.609 [info] Snippets: No changes found during synchronizing snippets.
2024-07-25 16:20:43.610 [info] Tasks: Last sync resource does not exist locally.
2024-07-25 16:20:43.746 [info] Tasks: No changes found during synchronizing tasks.
2024-07-25 16:20:43.749 [info] GlobalState: Last sync resource does not exist locally.
2024-07-25 16:20:46.191 [info] GlobalState: Updated remote ui state. Updated: commandPalette.mru.cache,commandPalette.mru.counter.
2024-07-25 16:20:46.236 [info] GlobalState: Updated last synchronized ui state
2024-07-25 16:20:46.240 [info] Extensions: Last sync resource does not exist locally.
2024-07-25 16:20:46.617 [info] Extensions: No changes found during synchronizing extensions.
2024-07-25 16:20:46.618 [info] Profiles: Last sync resource does not exist locally.
2024-07-25 16:20:46.804 [info] Profiles: No changes found during synchronizing profiles.
2024-07-25 16:20:46.810 [info] Sync done. Took 12494ms
2024-07-25 16:21:37.464 [info] Auto Sync: Triggered by Activity
2024-07-25 16:21:37.465 [info] Sync started.
