Locating server…
Booting server...
Setting up server…
Listening for messages…
Searching for Tailwind CSS projects in the workspace's folders.
[Global] Creating projects: []
[Global] Preparing projects...
[Global] Initializing projects...
[Info  - 15:50:27] [GLOBAL] No matching project for document {
  fsPath: '/home/hrishikesh/Documents/Coding/javaScript/ModDownload/src/App.jsx',
  normalPath: '/home/hrishikesh/Documents/Coding/javaScript/ModDownload/src/App.jsx'
}
[Global] Initialized 0 projects
Checking if /home/hrishikesh/Documents/Coding/javaScript/ModDownload/src/index.css may be Tailwind-related…
[Info  - 15:50:34] [GLOBAL] No matching project for document {
  fsPath: '/home/hrishikesh/Documents/Coding/javaScript/ModDownload/src/App.jsx',
  normalPath: '/home/hrishikesh/Documents/Coding/javaScript/ModDownload/src/App.jsx'
}
[Info  - 15:50:35] [GLOBAL] No matching project for document {
  fsPath: '/home/hrishikesh/Documents/Coding/javaScript/ModDownload/src/App.jsx',
  normalPath: '/home/hrishikesh/Documents/Coding/javaScript/ModDownload/src/App.jsx'
}
[Info  - 15:50:38] [GLOBAL] No matching project for document {
  fsPath: '/home/hrishikesh/Documents/Coding/javaScript/ModDownload/src/App.jsx',
  normalPath: '/home/hrishikesh/Documents/Coding/javaScript/ModDownload/src/App.jsx'
}
[Info  - 15:52:12] [GLOBAL] No matching project for document {
  fsPath: '/home/hrishikesh/Documents/Coding/javaScript/ModDownload/src/App.jsx',
  normalPath: '/home/hrishikesh/Documents/Coding/javaScript/ModDownload/src/App.jsx'
}
[Info  - 15:52:33] [GLOBAL] No matching project for document {
  fsPath: '/home/hrishikesh/Documents/Coding/javaScript/ModDownload/src/App.jsx',
  normalPath: '/home/hrishikesh/Documents/Coding/javaScript/ModDownload/src/App.jsx'
}
[Info  - 15:54:50] [GLOBAL] No matching project for document {
  fsPath: '/home/hrishikesh/Documents/Coding/javaScript/ModDownload/.vscode/settings.json',
  normalPath: '/home/hrishikesh/Documents/Coding/javaScript/ModDownload/.vscode/settings.json'
}
[Info  - 15:59:19] [GLOBAL] No matching project for document {
  fsPath: '/home/hrishikesh/Documents/Coding/javaScript/ModDownload/src/App.jsx',
  normalPath: '/home/hrishikesh/Documents/Coding/javaScript/ModDownload/src/App.jsx'
}
[Info  - 15:59:32] [GLOBAL] No matching project for document {
  fsPath: '/home/hrishikesh/Documents/Coding/javaScript/ModDownload/src/App.jsx',
  normalPath: '/home/hrishikesh/Documents/Coding/javaScript/ModDownload/src/App.jsx'
}
[Info  - 16:00:16] [GLOBAL] No matching project for document {
  fsPath: '/home/hrishikesh/Documents/Coding/javaScript/ModDownload/src/App.jsx',
  normalPath: '/home/hrishikesh/Documents/Coding/javaScript/ModDownload/src/App.jsx'
}
[Info  - 16:00:40] [GLOBAL] No matching project for document {
  fsPath: '/home/hrishikesh/Documents/Coding/javaScript/ModDownload/src/App.jsx',
  normalPath: '/home/hrishikesh/Documents/Coding/javaScript/ModDownload/src/App.jsx'
}
[Info  - 16:00:44] [GLOBAL] No matching project for document {
  fsPath: '/home/hrishikesh/Documents/Coding/javaScript/ModDownload/src/App.jsx',
  normalPath: '/home/hrishikesh/Documents/Coding/javaScript/ModDownload/src/App.jsx'
}
[Info  - 16:01:17] [GLOBAL] No matching project for document {
  fsPath: '/home/hrishikesh/Documents/Coding/javaScript/ModDownload/.gitignore',
  normalPath: '/home/hrishikesh/Documents/Coding/javaScript/ModDownload/.gitignore'
}
[Info  - 16:01:19] [GLOBAL] No matching project for document {
  fsPath: '/home/hrishikesh/Documents/Coding/javaScript/ModDownload/src/App.jsx',
  normalPath: '/home/hrishikesh/Documents/Coding/javaScript/ModDownload/src/App.jsx'
}
[Info  - 16:01:26] [GLOBAL] No matching project for document {
  fsPath: '/home/hrishikesh/Documents/Coding/javaScript/ModDownload/.env',
  normalPath: '/home/hrishikesh/Documents/Coding/javaScript/ModDownload/.env'
}
[Info  - 16:01:34] [GLOBAL] No matching project for document {
  fsPath: '/home/hrishikesh/Documents/Coding/javaScript/ModDownload/src/App.jsx',
  normalPath: '/home/hrishikesh/Documents/Coding/javaScript/ModDownload/src/App.jsx'
}
