2024-07-25 14:07:04.837 [info] Added views:workbench.panel.markers.view in workbench.panel.markers
2024-07-25 14:07:04.837 [info] Added views:workbench.panel.output in workbench.panel.output
2024-07-25 14:07:04.837 [info] Added views:terminal in terminal
2024-07-25 14:07:04.837 [info] Added views:workbench.scm in workbench.view.scm
2024-07-25 14:07:04.837 [info] Added views:workbench.view.search in workbench.view.search
2024-07-25 14:07:04.837 [info] Added views:timeline in workbench.view.explorer
2024-07-25 14:07:04.837 [info] Added views:workbench.explorer.fileView in workbench.view.explorer
2024-07-25 14:07:05.226 [info] Added views:workbench.debug.welcome in workbench.view.debug
2024-07-25 14:07:07.758 [info] Added views:workbench.panel.repl.view in workbench.panel.repl
2024-07-25 14:07:10.079 [info] Added views:~remote.forwardedPorts in ~remote.forwardedPortsContainer
2024-07-25 14:07:10.539 [info] Added views:workbench.views.extensions.installed,extensions.recommendedList in workbench.view.extensions
2024-07-25 14:07:11.197 [info] Removed views:extensions.recommendedList,workbench.views.extensions.installed from workbench.view.extensions
2024-07-25 14:07:11.214 [info] Added views:workbench.views.extensions.marketplace in workbench.view.extensions
2024-07-25 14:08:28.037 [info] Removed views:workbench.panel.repl.view from workbench.panel.repl
2024-07-25 14:08:28.182 [info] Added views:workbench.panel.repl.view in workbench.panel.repl
2024-07-25 14:08:29.818 [info] Removed views:workbench.panel.repl.view from workbench.panel.repl
2024-07-25 14:08:30.013 [info] Added views:workbench.panel.repl.view in workbench.panel.repl
2024-07-25 14:09:15.486 [info] Removed views:workbench.views.extensions.marketplace from workbench.view.extensions
2024-07-25 14:09:15.515 [info] Added views:workbench.views.extensions.installed,extensions.recommendedList in workbench.view.extensions
2024-07-25 14:09:23.079 [info] Removed views:extensions.recommendedList,workbench.views.extensions.installed from workbench.view.extensions
2024-07-25 14:09:23.111 [info] Added views:workbench.views.extensions.marketplace in workbench.view.extensions
2024-07-25 14:09:29.772 [info] Removed views:workbench.panel.repl.view from workbench.panel.repl
2024-07-25 14:09:30.200 [info] Added views:workbench.panel.repl.view in workbench.panel.repl
