2024-07-25 13:28:21.865 [info] Started local extension host with pid 56438.
2024-07-25 13:28:24.816 [info] [perf] Render performance baseline is 35ms
2024-07-25 13:38:35.255 [info] Started local extension host with pid 57689.
2024-07-25 13:38:36.435 [error] No registered selector for ID: ms-vscode.npm-command
2024-07-25 13:38:56.445 [info] Started local extension host with pid 57807.
2024-07-25 13:38:57.486 [error] No registered selector for ID: ms-vscode.npm-command
2024-07-25 13:38:59.953 [info] Importing Profile (Web Development): No tasks to apply...
2024-07-25 13:39:00.002 [info] Importing Profile (Web Development): No tasks to apply...
2024-07-25 13:40:28.630 [info] Started local extension host with pid 57966.
2024-07-25 13:40:29.634 [error] No registered selector for ID: ms-vscode.npm-command
2024-07-25 13:40:43.836 [info] Started local extension host with pid 58098.
2024-07-25 13:40:45.024 [error] No registered selector for ID: ms-vscode.npm-command
2024-07-25 13:42:11.902 [info] Started local extension host with pid 58239.
2024-07-25 13:42:13.962 [error] No registered selector for ID: ms-vscode.npm-command
2024-07-25 13:42:33.360 [error] InstantiationService has been disposed: Error: InstantiationService has been disposed
    at f.m (vscode-file://vscode-app/usr/share/code/resources/app/out/vs/workbench/workbench.desktop.main.js:655:386)
    at f.createInstance (vscode-file://vscode-app/usr/share/code/resources/app/out/vs/workbench/workbench.desktop.main.js:655:944)
    at l.create (vscode-file://vscode-app/usr/share/code/resources/app/out/vs/workbench/workbench.desktop.main.js:1785:15116)
    at Z.renderTemplate (vscode-file://vscode-app/usr/share/code/resources/app/out/vs/workbench/workbench.desktop.main.js:1828:34699)
    at vscode-file://vscode-app/usr/share/code/resources/app/out/vs/workbench/workbench.desktop.main.js:227:2177
    at Array.map (<anonymous>)
    at _.renderTemplate (vscode-file://vscode-app/usr/share/code/resources/app/out/vs/workbench/workbench.desktop.main.js:227:2166)
    at n.alloc (vscode-file://vscode-app/usr/share/code/resources/app/out/vs/workbench/workbench.desktop.main.js:180:7816)
    at S.Z (vscode-file://vscode-app/usr/share/code/resources/app/out/vs/workbench/workbench.desktop.main.js:184:15397)
    at vscode-file://vscode-app/usr/share/code/resources/app/out/vs/workbench/workbench.desktop.main.js:184:15157
    at n.transact (vscode-file://vscode-app/usr/share/code/resources/app/out/vs/workbench/workbench.desktop.main.js:180:8020)
    at S.Y (vscode-file://vscode-app/usr/share/code/resources/app/out/vs/workbench/workbench.desktop.main.js:184:15030)
    at S.ib (vscode-file://vscode-app/usr/share/code/resources/app/out/vs/workbench/workbench.desktop.main.js:184:20194)
    at l.B (vscode-file://vscode-app/usr/share/code/resources/app/out/vs/workbench/workbench.desktop.main.js:93:732)
    at l.C (vscode-file://vscode-app/usr/share/code/resources/app/out/vs/workbench/workbench.desktop.main.js:93:802)
    at l.fire (vscode-file://vscode-app/usr/share/code/resources/app/out/vs/workbench/workbench.desktop.main.js:93:1018)
    at d.value (vscode-file://vscode-app/usr/share/code/resources/app/out/vs/workbench/workbench.desktop.main.js:180:55517)
    at l.B (vscode-file://vscode-app/usr/share/code/resources/app/out/vs/workbench/workbench.desktop.main.js:93:732)
    at l.fire (vscode-file://vscode-app/usr/share/code/resources/app/out/vs/workbench/workbench.desktop.main.js:93:949)
    at L.n (vscode-file://vscode-app/usr/share/code/resources/app/out/vs/workbench/workbench.desktop.main.js:93:26768)
    at L.setScrollDimensions (vscode-file://vscode-app/usr/share/code/resources/app/out/vs/workbench/workbench.desktop.main.js:93:25510)
    at r.setScrollDimensions (vscode-file://vscode-app/usr/share/code/resources/app/out/vs/workbench/workbench.desktop.main.js:180:56932)
    at S.layout (vscode-file://vscode-app/usr/share/code/resources/app/out/vs/workbench/workbench.desktop.main.js:184:14631)
    at K.layout (vscode-file://vscode-app/usr/share/code/resources/app/out/vs/workbench/workbench.desktop.main.js:227:9258)
    at Object.layout (vscode-file://vscode-app/usr/share/code/resources/app/out/vs/workbench/workbench.desktop.main.js:1828:46919)
    at u.layout (vscode-file://vscode-app/usr/share/code/resources/app/out/vs/workbench/workbench.desktop.main.js:227:19273)
    at r.U (vscode-file://vscode-app/usr/share/code/resources/app/out/vs/workbench/workbench.desktop.main.js:227:31892)
    at r.Q (vscode-file://vscode-app/usr/share/code/resources/app/out/vs/workbench/workbench.desktop.main.js:227:30218)
    at r.P (vscode-file://vscode-app/usr/share/code/resources/app/out/vs/workbench/workbench.desktop.main.js:227:30006)
    at r.addView (vscode-file://vscode-app/usr/share/code/resources/app/out/vs/workbench/workbench.desktop.main.js:227:22909)
    at S.bb (vscode-file://vscode-app/usr/share/code/resources/app/out/vs/workbench/workbench.desktop.main.js:1828:46878)
    at S (vscode-file://vscode-app/usr/share/code/resources/app/out/vs/workbench/workbench.desktop.main.js:1828:44697)
    at d.value (vscode-file://vscode-app/usr/share/code/resources/app/out/vs/workbench/workbench.desktop.main.js:1828:44135)
    at l.B (vscode-file://vscode-app/usr/share/code/resources/app/out/vs/workbench/workbench.desktop.main.js:93:732)
    at l.C (vscode-file://vscode-app/usr/share/code/resources/app/out/vs/workbench/workbench.desktop.main.js:93:802)
    at l.fire (vscode-file://vscode-app/usr/share/code/resources/app/out/vs/workbench/workbench.desktop.main.js:93:1018)
    at p.createGroup (vscode-file://vscode-app/usr/share/code/resources/app/out/vs/workbench/workbench.desktop.main.js:2412:88238)
    at ie.Ub (vscode-file://vscode-app/usr/share/code/resources/app/out/vs/workbench/workbench.desktop.main.js:2402:38233)
    at ie.createTerminal (vscode-file://vscode-app/usr/share/code/resources/app/out/vs/workbench/workbench.desktop.main.js:2402:36497)
    at async run (vscode-file://vscode-app/usr/share/code/resources/app/out/vs/workbench/workbench.desktop.main.js:2400:17838)
    at async L.u (vscode-file://vscode-app/usr/share/code/resources/app/out/vs/workbench/workbench.desktop.main.js:137:20534)
    at async L.run (vscode-file://vscode-app/usr/share/code/resources/app/out/vs/workbench/workbench.desktop.main.js:137:20458)
2024-07-25 13:42:57.954 [warning] [File Watcher (node.js)] Watcher shutdown because watched path got deleted
2024-07-25 13:43:14.817 [error] Error: The editor could not be opened because the file was not found.
    at N.gc (vscode-file://vscode-app/usr/share/code/resources/app/out/vs/workbench/workbench.desktop.main.js:2208:30635)
    at async N.setInput (vscode-file://vscode-app/usr/share/code/resources/app/out/vs/workbench/workbench.desktop.main.js:2208:29514)
    at async o.S (vscode-file://vscode-app/usr/share/code/resources/app/out/vs/workbench/workbench.desktop.main.js:2206:24813)
    at async o.L (vscode-file://vscode-app/usr/share/code/resources/app/out/vs/workbench/workbench.desktop.main.js:2206:23340)
    at async o.openEditor (vscode-file://vscode-app/usr/share/code/resources/app/out/vs/workbench/workbench.desktop.main.js:2206:22329)
    at async vscode-file://vscode-app/usr/share/code/resources/app/out/vs/workbench/workbench.desktop.main.js:2334:26830
    at async vscode-file://vscode-app/usr/share/code/resources/app/out/vs/workbench/workbench.desktop.main.js:2212:36028
    at async D.action [as D] (vscode-file://vscode-app/usr/share/code/resources/app/out/vs/workbench/workbench.desktop.main.js:2217:48497)
    at async T.run (vscode-file://vscode-app/usr/share/code/resources/app/out/vs/workbench/workbench.desktop.main.js:137:20202)
    at async T.run (vscode-file://vscode-app/usr/share/code/resources/app/out/vs/workbench/workbench.desktop.main.js:137:20202)
    at async L.u (vscode-file://vscode-app/usr/share/code/resources/app/out/vs/workbench/workbench.desktop.main.js:137:20534)
    at async L.run (vscode-file://vscode-app/usr/share/code/resources/app/out/vs/workbench/workbench.desktop.main.js:137:20458)
2024-07-25 13:44:49.745 [info] Importing Profile (Web Development): No keybindings to apply...
2024-07-25 13:44:49.749 [info] Importing Profile (Web Development): No keybindings to apply...
2024-07-25 13:44:49.777 [info] Importing Profile (Web Development): No tasks to apply...
2024-07-25 13:44:49.783 [info] Importing Profile (Web Development): No tasks to apply...
