2024-07-25 15:13:01.230 [info] Log level: Info
2024-07-25 15:13:01.230 [info] Validating found git in: "git"
2024-07-25 15:13:01.230 [info] Using git "2.34.1" from "git"
2024-07-25 15:13:01.230 [info] > git rev-parse --show-toplevel [56ms]
2024-07-25 15:13:01.230 [info] > git rev-parse --git-dir --git-common-dir [27ms]
2024-07-25 15:13:01.230 [info] Open repository: /home/hrishikesh/Documents/Coding/javaScript/ModDownload
2024-07-25 15:13:01.271 [info] > git config --get commit.template [18ms]
2024-07-25 15:13:01.280 [info] > git rev-parse --show-toplevel [19ms]
2024-07-25 15:13:01.303 [info] > git for-each-ref --format=%(refname)%00%(upstream:short)%00%(objectname)%00%(upstream:track)%00%(upstream:remotename)%00%(upstream:remoteref) refs/heads/main refs/remotes/main [17ms]
2024-07-25 15:13:01.316 [info] > git rev-parse --show-toplevel [17ms]
2024-07-25 15:13:01.323 [info] > git status -z -uall [9ms]
2024-07-25 15:13:01.353 [info] > git for-each-ref --format=%(refname)%00%(upstream:short)%00%(objectname)%00%(upstream:track)%00%(upstream:remotename)%00%(upstream:remoteref) refs/heads/main refs/remotes/main [18ms]
2024-07-25 15:13:01.358 [info] > git rev-parse --show-toplevel [35ms]
2024-07-25 15:13:01.364 [info] > git config --get commit.template [11ms]
2024-07-25 15:13:01.364 [info] > git config --local branch.main.vscode-merge-base [7ms]
2024-07-25 15:13:01.364 [warning] git config failed: Failed to execute git
2024-07-25 15:13:01.381 [info] > git rev-parse --show-toplevel [18ms]
2024-07-25 15:13:01.385 [info] > git reflog main --grep-reflog=branch: Created from *. [16ms]
2024-07-25 15:13:01.397 [info] > git symbolic-ref --short refs/remotes/origin/HEAD [6ms]
2024-07-25 15:13:01.397 [info] fatal: ref refs/remotes/origin/HEAD is not a symbolic ref
2024-07-25 15:13:01.413 [info] > git for-each-ref --format=%(refname)%00%(upstream:short)%00%(objectname)%00%(upstream:track)%00%(upstream:remotename)%00%(upstream:remoteref) refs/heads/main refs/remotes/main [31ms]
2024-07-25 15:13:01.441 [info] > git merge-base refs/heads/main refs/remotes/origin/main [29ms]
2024-07-25 15:13:01.452 [info] > git rev-list --count --left-right refs/heads/main...refs/remotes/origin/main [7ms]
2024-07-25 15:13:01.459 [info] > git status -z -uall [8ms]
2024-07-25 15:13:01.472 [info] > git diff --name-status -z --diff-filter=ADMR 0fbc8618d08288c7e5c00344acc1c14a4ef309c7...refs/remotes/origin/main [14ms]
2024-07-25 15:13:01.475 [info] > git for-each-ref --format=%(refname)%00%(upstream:short)%00%(objectname)%00%(upstream:track)%00%(upstream:remotename)%00%(upstream:remoteref) refs/heads/main refs/remotes/main [9ms]
2024-07-25 15:13:01.557 [info] > git config --local branch.main.vscode-merge-base [69ms]
2024-07-25 15:13:01.557 [warning] git config failed: Failed to execute git
2024-07-25 15:13:01.577 [info] > git reflog main --grep-reflog=branch: Created from *. [13ms]
2024-07-25 15:13:01.590 [info] > git symbolic-ref --short refs/remotes/origin/HEAD [4ms]
2024-07-25 15:13:01.590 [info] fatal: ref refs/remotes/origin/HEAD is not a symbolic ref
2024-07-25 15:13:01.904 [info] > git check-ignore -v -z --stdin [26ms]
2024-07-25 15:13:02.593 [info] > git fetch [1391ms]
2024-07-25 15:13:02.644 [info] > git config --get commit.template [35ms]
2024-07-25 15:13:02.664 [info] > git for-each-ref --format=%(refname)%00%(upstream:short)%00%(objectname)%00%(upstream:track)%00%(upstream:remotename)%00%(upstream:remoteref) refs/heads/main refs/remotes/main [21ms]
2024-07-25 15:13:04.282 [info] > git status -z -uall [1559ms]
2024-07-25 15:13:04.711 [info] > git for-each-ref --format=%(refname)%00%(upstream:short)%00%(objectname)%00%(upstream:track)%00%(upstream:remotename)%00%(upstream:remoteref) refs/heads/main refs/remotes/main [423ms]
2024-07-25 15:13:04.786 [info] > git config --local branch.main.vscode-merge-base [68ms]
2024-07-25 15:13:04.786 [warning] git config failed: Failed to execute git
2024-07-25 15:13:04.844 [info] > git reflog main --grep-reflog=branch: Created from *. [49ms]
2024-07-25 15:13:04.862 [info] > git symbolic-ref --short refs/remotes/origin/HEAD [12ms]
2024-07-25 15:13:04.862 [info] fatal: ref refs/remotes/origin/HEAD is not a symbolic ref
2024-07-25 15:13:05.341 [info] > git config --get commit.template [5ms]
2024-07-25 15:13:05.342 [info] > git for-each-ref --format=%(refname)%00%(upstream:short)%00%(objectname)%00%(upstream:track)%00%(upstream:remotename)%00%(upstream:remoteref) refs/heads/main refs/remotes/main [2ms]
2024-07-25 15:13:05.347 [info] > git status -z -uall [1ms]
2024-07-25 15:13:05.354 [info] > git for-each-ref --format=%(refname)%00%(upstream:short)%00%(objectname)%00%(upstream:track)%00%(upstream:remotename)%00%(upstream:remoteref) refs/heads/main refs/remotes/main [2ms]
2024-07-25 15:13:05.359 [info] > git config --local branch.main.vscode-merge-base [1ms]
2024-07-25 15:13:05.359 [warning] git config failed: Failed to execute git
2024-07-25 15:13:05.364 [info] > git reflog main --grep-reflog=branch: Created from *. [2ms]
2024-07-25 15:13:05.368 [info] > git symbolic-ref --short refs/remotes/origin/HEAD [1ms]
2024-07-25 15:13:05.368 [info] fatal: ref refs/remotes/origin/HEAD is not a symbolic ref
2024-07-25 15:13:08.277 [info] > git show --textconv :.vscode/settings.json [5ms]
2024-07-25 15:13:08.280 [info] > git ls-files --stage -- /home/hrishikesh/Documents/Coding/javaScript/ModDownload/.vscode/settings.json [3ms]
