2024-07-25 15:49:59.853 [info] Added views:workbench.panel.markers.view in workbench.panel.markers
2024-07-25 15:49:59.853 [info] Added views:terminal in workbench.panel.output
2024-07-25 15:49:59.853 [info] Added views:outline in workbench.view.explorer
2024-07-25 15:49:59.853 [info] Added views:workbench.scm in workbench.view.scm
2024-07-25 15:49:59.853 [info] Added views:workbench.view.search in workbench.view.search
2024-07-25 15:49:59.853 [info] Added views:workbench.panel.output in workbench.views.service.panel.df029bca-1233-4ab5-9699-401eb50a88f3
2024-07-25 15:49:59.853 [info] Added views:timeline in workbench.view.explorer
2024-07-25 15:49:59.853 [info] Added views:workbench.explorer.fileView,workbench.explorer.openEditorsView in workbench.view.explorer
2024-07-25 15:50:00.151 [info] Added views:workbench.debug.welcome in workbench.view.debug
2024-07-25 15:50:01.774 [info] Added views:workbench.panel.repl.view in workbench.panel.repl
2024-07-25 15:50:04.776 [info] Added views:~remote.forwardedPorts in ~remote.forwardedPortsContainer
2024-07-25 15:50:27.324 [info] Added views:workbench.views.extensions.installed,workbench.views.extensions.popular,extensions.recommendedList in workbench.view.extensions
2024-07-25 15:50:27.358 [info] Removed views:workbench.views.extensions.popular from workbench.view.extensions
2024-07-25 15:50:31.706 [info] Removed views:extensions.recommendedList,workbench.views.extensions.installed from workbench.view.extensions
2024-07-25 15:50:31.813 [info] Added views:workbench.views.extensions.marketplace in workbench.view.extensions
2024-07-25 15:59:25.624 [info] Removed views:workbench.views.extensions.marketplace from workbench.view.extensions
2024-07-25 15:59:25.652 [info] Added views:workbench.views.extensions.installed,extensions.recommendedList in workbench.view.extensions
2024-07-25 15:59:39.334 [info] Removed views:extensions.recommendedList,workbench.views.extensions.installed from workbench.view.extensions
2024-07-25 15:59:39.342 [info] Added views:workbench.views.extensions.marketplace in workbench.view.extensions
2024-07-25 16:00:10.590 [info] Removed views:workbench.views.extensions.marketplace from workbench.view.extensions
2024-07-25 16:00:10.626 [info] Added views:workbench.views.extensions.installed,extensions.recommendedList in workbench.view.extensions
2024-07-25 16:00:23.683 [info] Removed views:extensions.recommendedList,workbench.views.extensions.installed from workbench.view.extensions
2024-07-25 16:00:23.694 [info] Added views:workbench.views.extensions.marketplace in workbench.view.extensions
