2024-07-25 13:46:21.239 [error] [uncaught exception in sharedProcess]: No Auth Token Available: Unauthorized (UserDataSyncError) syncResource:unknown operationId:unknown: No Auth Token Available
    at L.D (/usr/share/code/resources/app/out/vs/code/node/sharedProcess/sharedProcessMain.js:114:135483)
    at L.resolveResourceContent (/usr/share/code/resources/app/out/vs/code/node/sharedProcess/sharedProcessMain.js:114:131983)
    at $.getLastSyncUserData (/usr/share/code/resources/app/out/vs/code/node/sharedProcess/sharedProcessMain.js:114:19135)
    at async $.getLastSyncedProfiles (/usr/share/code/resources/app/out/vs/code/node/sharedProcess/sharedProcessMain.js:114:76404)
    at async o.W (/usr/share/code/resources/app/out/vs/code/node/sharedProcess/sharedProcessMain.js:114:112455)
2024-07-25 13:50:19.012 [info] Getting Manifest... yoavbls.pretty-ts-errors
2024-07-25 13:50:19.043 [info] Installing extension: yoavbls.pretty-ts-errors {"isMachineScoped":false,"installPreReleaseVersion":false,"pinned":false,"profileLocation":{"$mid":1,"external":"vscode-userdata:/home/hrishikesh/.config/Code/User/profiles/7a95bb05/extensions.json","path":"/home/hrishikesh/.config/Code/User/profiles/7a95bb05/extensions.json","scheme":"vscode-userdata"},"installOnlyNewlyAddedFromExtensionPack":true,"isApplicationScoped":false,"productVersion":{"version":"1.91.1","date":"2024-07-09T22:08:12.169Z"}}
2024-07-25 13:50:21.236 [info] Extension signature verification result for yoavbls.pretty-ts-errors: Success. Executed: true. Duration: 1853ms.
2024-07-25 13:50:21.347 [info] Extracted extension to file:///home/hrishikesh/.vscode/extensions/yoavbls.pretty-ts-errors-0.5.4: yoavbls.pretty-ts-errors
2024-07-25 13:50:21.426 [info] Renamed to /home/hrishikesh/.vscode/extensions/yoavbls.pretty-ts-errors-0.5.4
2024-07-25 13:50:21.520 [info] Extension installed successfully: yoavbls.pretty-ts-errors vscode-userdata:/home/hrishikesh/.config/Code/User/profiles/7a95bb05/extensions.json
2024-07-25 13:51:10.159 [info] Getting Manifest... pkief.material-icon-theme
2024-07-25 13:51:10.187 [info] Installing extension: pkief.material-icon-theme {"isMachineScoped":false,"installPreReleaseVersion":false,"pinned":false,"profileLocation":{"$mid":1,"external":"vscode-userdata:/home/hrishikesh/.config/Code/User/profiles/7a95bb05/extensions.json","path":"/home/hrishikesh/.config/Code/User/profiles/7a95bb05/extensions.json","scheme":"vscode-userdata"},"installOnlyNewlyAddedFromExtensionPack":true,"isApplicationScoped":false,"productVersion":{"version":"1.91.1","date":"2024-07-09T22:08:12.169Z"}}
2024-07-25 13:51:17.787 [info] Extension signature verification result for pkief.material-icon-theme: Success. Executed: true. Duration: 6541ms.
2024-07-25 13:51:22.219 [info] Extracted extension to file:///home/hrishikesh/.vscode/extensions/pkief.material-icon-theme-5.8.0: pkief.material-icon-theme
2024-07-25 13:51:22.274 [info] Renamed to /home/hrishikesh/.vscode/extensions/pkief.material-icon-theme-5.8.0
2024-07-25 13:51:22.423 [info] Extension installed successfully: pkief.material-icon-theme vscode-userdata:/home/hrishikesh/.config/Code/User/profiles/7a95bb05/extensions.json
2024-07-25 13:51:46.542 [info] Getting Manifest... dbaeumer.vscode-eslint
2024-07-25 13:51:46.589 [info] Installing extension: dbaeumer.vscode-eslint {"isMachineScoped":false,"installPreReleaseVersion":false,"pinned":false,"profileLocation":{"$mid":1,"external":"vscode-userdata:/home/hrishikesh/.config/Code/User/profiles/7a95bb05/extensions.json","path":"/home/hrishikesh/.config/Code/User/profiles/7a95bb05/extensions.json","scheme":"vscode-userdata"},"installOnlyNewlyAddedFromExtensionPack":true,"isApplicationScoped":false,"productVersion":{"version":"1.91.1","date":"2024-07-09T22:08:12.169Z"}}
2024-07-25 13:51:52.893 [info] Extension signature verification result for dbaeumer.vscode-eslint: Success. Executed: true. Duration: 2270ms.
2024-07-25 13:51:53.092 [info] Extracted extension to file:///home/hrishikesh/.vscode/extensions/dbaeumer.vscode-eslint-3.0.10: dbaeumer.vscode-eslint
2024-07-25 13:51:53.145 [info] Renamed to /home/hrishikesh/.vscode/extensions/dbaeumer.vscode-eslint-3.0.10
2024-07-25 13:51:53.426 [info] Extension installed successfully: dbaeumer.vscode-eslint vscode-userdata:/home/hrishikesh/.config/Code/User/profiles/7a95bb05/extensions.json
