2024-07-25 13:46:14.422 [info] Added views:workbench.panel.markers.view in workbench.panel.markers
2024-07-25 13:46:14.423 [info] Added views:workbench.panel.output in workbench.panel.output
2024-07-25 13:46:14.423 [info] Added views:terminal in terminal
2024-07-25 13:46:14.423 [info] Added views:workbench.scm in workbench.view.scm
2024-07-25 13:46:14.423 [info] Added views:workbench.view.search in workbench.view.search
2024-07-25 13:46:14.423 [info] Added views:timeline in workbench.view.explorer
2024-07-25 13:46:14.423 [info] Added views:workbench.explorer.fileView in workbench.view.explorer
2024-07-25 13:46:15.219 [info] Added views:workbench.debug.welcome in workbench.view.debug
2024-07-25 13:46:15.314 [info] Added views:workbench.panel.repl.view in workbench.panel.repl
2024-07-25 13:46:16.680 [info] Added views:~remote.forwardedPorts in ~remote.forwardedPortsContainer
2024-07-25 13:49:36.390 [info] Added views:workbench.views.extensions.installed,workbench.views.extensions.popular,extensions.recommendedList in workbench.view.extensions
2024-07-25 13:49:36.401 [info] Removed views:workbench.views.extensions.popular from workbench.view.extensions
2024-07-25 13:50:11.674 [info] Removed views:extensions.recommendedList,workbench.views.extensions.installed from workbench.view.extensions
2024-07-25 13:50:11.711 [info] Added views:workbench.views.extensions.marketplace in workbench.view.extensions
2024-07-25 13:50:50.039 [info] Removed views:workbench.views.extensions.marketplace from workbench.view.extensions
2024-07-25 13:50:50.060 [info] Added views:workbench.views.extensions.installed,extensions.recommendedList in workbench.view.extensions
2024-07-25 13:50:54.529 [info] Removed views:extensions.recommendedList,workbench.views.extensions.installed from workbench.view.extensions
2024-07-25 13:50:54.614 [info] Added views:workbench.views.extensions.marketplace in workbench.view.extensions
2024-07-25 13:51:16.338 [info] Removed views:workbench.views.extensions.marketplace from workbench.view.extensions
2024-07-25 13:51:16.385 [info] Added views:workbench.views.extensions.installed,extensions.recommendedList in workbench.view.extensions
