2024-07-25 15:50:00.831 [info] Deleted uninstalled extension from disk 1yib.rust-bundle /home/hrishikesh/.vscode/extensions/1yib.rust-bundle-1.0.0
2024-07-25 15:50:00.845 [info] Deleted uninstalled extension from disk aaron-bond.better-comments /home/hrishikesh/.vscode/extensions/aaron-bond.better-comments-3.0.2
2024-07-25 15:50:00.845 [info] Deleted uninstalled extension from disk bierner.markdown-emoji /home/hrishikesh/.vscode/extensions/bierner.markdown-emoji-0.3.0
2024-07-25 15:50:00.845 [info] Deleted uninstalled extension from disk bierner.markdown-preview-github-styles /home/hrishikesh/.vscode/extensions/bierner.markdown-preview-github-styles-2.0.4
2024-07-25 15:50:00.845 [info] Deleted uninstalled extension from disk catppuccin.catppuccin-vsc /home/hrishikesh/.vscode/extensions/catppuccin.catppuccin-vsc-3.14.0
2024-07-25 15:50:00.845 [info] Deleted uninstalled extension from disk charliermarsh.ruff /home/hrishikesh/.vscode/extensions/charliermarsh.ruff-2024.34.0-linux-x64
2024-07-25 15:50:00.845 [info] Deleted uninstalled extension from disk donjayamanne.python-environment-manager /home/hrishikesh/.vscode/extensions/donjayamanne.python-environment-manager-1.2.4
2024-07-25 15:50:00.846 [info] Deleted uninstalled extension from disk dunstontc.vscode-rust-syntax /home/hrishikesh/.vscode/extensions/dunstontc.vscode-rust-syntax-0.0.32
2024-07-25 15:50:00.846 [info] Deleted uninstalled extension from disk dustypomerleau.rust-syntax /home/hrishikesh/.vscode/extensions/dustypomerleau.rust-syntax-0.6.1
2024-07-25 15:50:00.846 [info] Deleted uninstalled extension from disk eamodio.gitlens /home/hrishikesh/.vscode/extensions/eamodio.gitlens-15.2.0
2024-07-25 15:50:00.846 [info] Deleted uninstalled extension from disk ecmel.vscode-html-css /home/hrishikesh/.vscode/extensions/ecmel.vscode-html-css-2.0.10
2024-07-25 15:50:00.846 [info] Deleted uninstalled extension from disk ecmel.vscode-html-css /home/hrishikesh/.vscode/extensions/ecmel.vscode-html-css-2.0.9
2024-07-25 15:50:00.846 [info] Deleted uninstalled extension from disk formulahendry.auto-close-tag /home/hrishikesh/.vscode/extensions/formulahendry.auto-close-tag-0.5.15
2024-07-25 15:50:00.846 [info] Deleted uninstalled extension from disk formulahendry.auto-rename-tag /home/hrishikesh/.vscode/extensions/formulahendry.auto-rename-tag-0.1.10
2024-07-25 15:50:00.856 [info] Deleted uninstalled extension from disk jannisberndt.dark-orange /home/hrishikesh/.vscode/extensions/jannisberndt.dark-orange-0.4.0
2024-07-25 15:50:00.856 [info] Deleted uninstalled extension from disk kevinrose.vsc-python-indent /home/hrishikesh/.vscode/extensions/kevinrose.vsc-python-indent-1.18.0
2024-07-25 15:50:00.856 [info] Deleted uninstalled extension from disk kisstkondoros.vscode-gutter-preview /home/hrishikesh/.vscode/extensions/kisstkondoros.vscode-gutter-preview-0.31.2
2024-07-25 15:50:00.856 [info] Deleted uninstalled extension from disk mechatroner.rainbow-csv /home/hrishikesh/.vscode/extensions/mechatroner.rainbow-csv-3.12.0
2024-07-25 15:50:00.856 [info] Deleted uninstalled extension from disk ms-python.debugpy /home/hrishikesh/.vscode/extensions/ms-python.debugpy-2024.8.0-linux-x64
2024-07-25 15:50:00.856 [info] Deleted uninstalled extension from disk ms-python.python /home/hrishikesh/.vscode/extensions/ms-python.python-2024.11.2024071901-linux-x64
2024-07-25 15:50:00.856 [info] Deleted uninstalled extension from disk ms-python.vscode-pylance /home/hrishikesh/.vscode/extensions/ms-python.vscode-pylance-2024.7.100
2024-07-25 15:50:00.857 [info] Deleted uninstalled extension from disk ms-vscode.atom-keybindings /home/hrishikesh/.vscode/extensions/ms-vscode.atom-keybindings-3.3.0
2024-07-25 15:50:00.857 [info] Deleted uninstalled extension from disk njpwerner.autodocstring /home/hrishikesh/.vscode/extensions/njpwerner.autodocstring-0.6.1
2024-07-25 15:50:00.857 [info] Deleted uninstalled extension from disk oderwat.indent-rainbow /home/hrishikesh/.vscode/extensions/oderwat.indent-rainbow-8.3.1
2024-07-25 15:50:00.857 [info] Deleted uninstalled extension from disk phplasma.csv-to-table /home/hrishikesh/.vscode/extensions/phplasma.csv-to-table-1.4.0
2024-07-25 15:50:00.857 [info] Deleted uninstalled extension from disk quick-lint.quick-lint-js /home/hrishikesh/.vscode/extensions/quick-lint.quick-lint-js-3.2.0
2024-07-25 15:50:00.857 [info] Deleted uninstalled extension from disk ritwickdey.liveserver /home/hrishikesh/.vscode/extensions/ritwickdey.liveserver-5.7.9
2024-07-25 15:50:00.857 [info] Deleted uninstalled extension from disk rust-lang.rust-analyzer /home/hrishikesh/.vscode/extensions/rust-lang.rust-analyzer-0.3.2029-linux-x64
2024-07-25 15:50:00.857 [info] Deleted uninstalled extension from disk serayuzgur.crates /home/hrishikesh/.vscode/extensions/serayuzgur.crates-0.6.7
2024-07-25 15:50:00.857 [info] Deleted uninstalled extension from disk shd101wyy.markdown-preview-enhanced /home/hrishikesh/.vscode/extensions/shd101wyy.markdown-preview-enhanced-0.8.13
2024-07-25 15:50:00.857 [info] Deleted uninstalled extension from disk tal7aouy.rainbow-bracket /home/hrishikesh/.vscode/extensions/tal7aouy.rainbow-bracket-1.0.2
2024-07-25 15:50:00.858 [info] Deleted uninstalled extension from disk tomoki1207.pdf /home/hrishikesh/.vscode/extensions/tomoki1207.pdf-1.2.2
2024-07-25 15:50:00.858 [info] Deleted uninstalled extension from disk yzhang.markdown-all-in-one /home/hrishikesh/.vscode/extensions/yzhang.markdown-all-in-one-3.6.2
2024-07-25 15:50:00.858 [info] Deleted uninstalled extension from disk zignd.html-css-class-completion /home/hrishikesh/.vscode/extensions/zignd.html-css-class-completion-1.20.0
2024-07-25 15:59:54.406 [info] Getting Manifest... johnpapa.vscode-cloak
2024-07-25 15:59:54.435 [info] Installing extension: johnpapa.vscode-cloak {"isMachineScoped":false,"installPreReleaseVersion":false,"pinned":false,"profileLocation":{"$mid":1,"external":"vscode-userdata:/home/hrishikesh/.vscode/extensions/extensions.json","path":"/home/hrishikesh/.vscode/extensions/extensions.json","scheme":"vscode-userdata"},"installOnlyNewlyAddedFromExtensionPack":true,"isApplicationScoped":false,"productVersion":{"version":"1.91.1","date":"2024-07-09T22:08:12.169Z"}}
2024-07-25 15:59:54.803 [info] Getting Manifest... mikestead.dotenv
2024-07-25 15:59:54.976 [info] Installing extension: mikestead.dotenv {"isMachineScoped":false,"installPreReleaseVersion":false,"pinned":false,"profileLocation":{"$mid":1,"external":"vscode-userdata:/home/hrishikesh/.vscode/extensions/extensions.json","path":"/home/hrishikesh/.vscode/extensions/extensions.json","scheme":"vscode-userdata"},"installOnlyNewlyAddedFromExtensionPack":true,"isApplicationScoped":false,"productVersion":{"version":"1.91.1","date":"2024-07-09T22:08:12.169Z"},"context":{"dependecyOrPackExtensionInstall":true}}
2024-07-25 16:00:19.485 [info] Extension signature verification result for mikestead.dotenv: Success. Executed: true. Duration: 1699ms.
2024-07-25 16:00:19.570 [info] Extracted extension to file:///home/hrishikesh/.vscode/extensions/mikestead.dotenv-1.0.1: mikestead.dotenv
2024-07-25 16:00:19.614 [info] Renamed to /home/hrishikesh/.vscode/extensions/mikestead.dotenv-1.0.1
2024-07-25 16:00:19.730 [error] [uncaught exception in sharedProcess]: Error: ENOENT: no such file or directory, stat '/home/hrishikesh/.vscode/extensions/extensions.json.vsctmp': EntryNotFound (FileSystemError): Error: ENOENT: no such file or directory, stat '/home/hrishikesh/.vscode/extensions/extensions.json.vsctmp'
    at h.create (/usr/share/code/resources/app/out/vs/code/node/sharedProcess/sharedProcessMain.js:54:19262)
    at f (/usr/share/code/resources/app/out/vs/code/node/sharedProcess/sharedProcessMain.js:54:19372)
    at P.hb (/usr/share/code/resources/app/out/vs/code/node/sharedProcess/sharedProcessMain.js:59:36571)
    at P.stat (/usr/share/code/resources/app/out/vs/code/node/sharedProcess/sharedProcessMain.js:59:28919)
    at async s.stat (/usr/share/code/resources/app/out/vs/code/node/sharedProcess/sharedProcessMain.js:59:14907)
    at async V.vb (/usr/share/code/resources/app/out/vs/code/node/sharedProcess/sharedProcessMain.js:105:119283)
2024-07-25 16:00:19.769 [info] Extension signature verification result for johnpapa.vscode-cloak: Success. Executed: true. Duration: 1808ms.
2024-07-25 16:00:19.886 [info] Extracted extension to file:///home/hrishikesh/.vscode/extensions/johnpapa.vscode-cloak-0.5.0: johnpapa.vscode-cloak
2024-07-25 16:00:19.931 [info] Renamed to /home/hrishikesh/.vscode/extensions/johnpapa.vscode-cloak-0.5.0
2024-07-25 16:00:20.034 [info] Extension installed successfully: mikestead.dotenv vscode-userdata:/home/hrishikesh/.vscode/extensions/extensions.json
2024-07-25 16:00:20.035 [info] Extension installed successfully: johnpapa.vscode-cloak vscode-userdata:/home/hrishikesh/.vscode/extensions/extensions.json
2024-07-25 16:00:38.914 [info] Getting Manifest... codezombiech.gitignore
2024-07-25 16:00:38.934 [info] Installing extension: codezombiech.gitignore {"isMachineScoped":false,"installPreReleaseVersion":false,"pinned":false,"profileLocation":{"$mid":1,"external":"vscode-userdata:/home/hrishikesh/.vscode/extensions/extensions.json","path":"/home/hrishikesh/.vscode/extensions/extensions.json","scheme":"vscode-userdata"},"installOnlyNewlyAddedFromExtensionPack":true,"isApplicationScoped":false,"productVersion":{"version":"1.91.1","date":"2024-07-09T22:08:12.169Z"}}
2024-07-25 16:00:41.991 [info] Extension signature verification result for codezombiech.gitignore: Success. Executed: true. Duration: 1849ms.
2024-07-25 16:00:42.016 [info] Extracted extension to file:///home/hrishikesh/.vscode/extensions/codezombiech.gitignore-0.9.0: codezombiech.gitignore
2024-07-25 16:00:42.089 [info] Renamed to /home/hrishikesh/.vscode/extensions/codezombiech.gitignore-0.9.0
2024-07-25 16:00:42.202 [error] [uncaught exception in sharedProcess]: Error: ENOENT: no such file or directory, stat '/home/hrishikesh/.vscode/extensions/extensions.json.vsctmp': EntryNotFound (FileSystemError): Error: ENOENT: no such file or directory, stat '/home/hrishikesh/.vscode/extensions/extensions.json.vsctmp'
    at h.create (/usr/share/code/resources/app/out/vs/code/node/sharedProcess/sharedProcessMain.js:54:19262)
    at f (/usr/share/code/resources/app/out/vs/code/node/sharedProcess/sharedProcessMain.js:54:19372)
    at P.hb (/usr/share/code/resources/app/out/vs/code/node/sharedProcess/sharedProcessMain.js:59:36571)
    at P.stat (/usr/share/code/resources/app/out/vs/code/node/sharedProcess/sharedProcessMain.js:59:28919)
    at async s.stat (/usr/share/code/resources/app/out/vs/code/node/sharedProcess/sharedProcessMain.js:59:14907)
    at async V.vb (/usr/share/code/resources/app/out/vs/code/node/sharedProcess/sharedProcessMain.js:105:119283)
2024-07-25 16:00:42.352 [info] Extension installed successfully: codezombiech.gitignore vscode-userdata:/home/hrishikesh/.vscode/extensions/extensions.json
