2024-07-25 15:50:00.496 [info] Using settings sync service https://vscode-sync.trafficmanager.net/
2024-07-25 15:50:00.496 [info] Auto Sync is enabled.
2024-07-25 15:50:00.496 [info] Auto Sync: Suspended until auth token is available.
2024-07-25 15:50:00.780 [info] Deleting non existing profile from backup /home/hrishikesh/.config/Code/User/sync/extensions
2024-07-25 15:50:00.818 [info] Deleting non existing profile from backup /home/hrishikesh/.config/Code/User/sync/globalState
2024-07-25 15:50:00.830 [info] Deleting non existing profile from backup /home/hrishikesh/.config/Code/User/sync/keybindings
2024-07-25 15:50:00.860 [info] Deleting non existing profile from backup /home/hrishikesh/.config/Code/User/sync/profiles
2024-07-25 15:50:00.863 [info] Deleting non existing profile from backup /home/hrishikesh/.config/Code/User/sync/settings
2024-07-25 15:50:00.886 [info] Deleting non existing profile from backup /home/hrishikesh/.config/Code/User/sync/snippets
2024-07-25 15:50:00.930 [info] Deleting non existing profile from backup /home/hrishikesh/.config/Code/User/sync/tasks
2024-07-25 15:50:04.797 [info] Auto Sync: Triggered by Interval
2024-07-25 15:50:04.797 [info] Sync started.
2024-07-25 15:50:05.356 [info] Settings: Last sync resource does not exist locally.
2024-07-25 15:50:05.405 [info] Profiles: Last sync resource does not exist locally.
2024-07-25 15:50:05.709 [info] Removing last sync state for stale profile: 2ab475cb-40d7-4df7-9c66-006b3b7f90f8
2024-07-25 15:50:05.709 [info] Removing last sync state for stale profile: 2ab475cb-40d7-4df7-9c66-006b3b7f90f8
2024-07-25 15:50:05.710 [info] Removing last sync state for stale profile: 2ab475cb-40d7-4df7-9c66-006b3b7f90f8
2024-07-25 15:50:05.710 [info] Removing last sync state for stale profile: 2ab475cb-40d7-4df7-9c66-006b3b7f90f8
2024-07-25 15:50:05.710 [info] Removing last sync state for stale profile: 8799a678-356e-4799-90e0-db84a21160e3
2024-07-25 15:50:05.710 [info] Removing last sync state for stale profile: 8799a678-356e-4799-90e0-db84a21160e3
2024-07-25 15:50:05.710 [info] Removing last sync state for stale profile: 8799a678-356e-4799-90e0-db84a21160e3
2024-07-25 15:50:05.710 [info] Removing last sync state for stale profile: 8799a678-356e-4799-90e0-db84a21160e3
2024-07-25 15:50:05.710 [info] Removing last sync state for stale profile: 99f285fc-0af3-4924-a736-f76453ccd95a
2024-07-25 15:50:05.710 [info] Removing last sync state for stale profile: 99f285fc-0af3-4924-a736-f76453ccd95a
2024-07-25 15:50:05.710 [info] Removing last sync state for stale profile: 99f285fc-0af3-4924-a736-f76453ccd95a
2024-07-25 15:50:05.711 [info] Removing last sync state for stale profile: 99f285fc-0af3-4924-a736-f76453ccd95a
2024-07-25 15:50:05.711 [info] Removing last sync state for stale profile: a1d712ba-2b45-44be-8c75-df30193d5790
2024-07-25 15:50:05.711 [info] Removing last sync state for stale profile: a1d712ba-2b45-44be-8c75-df30193d5790
2024-07-25 15:50:05.711 [info] Removing last sync state for stale profile: a1d712ba-2b45-44be-8c75-df30193d5790
2024-07-25 15:50:05.711 [info] Removing last sync state for stale profile: a1d712ba-2b45-44be-8c75-df30193d5790
2024-07-25 15:50:05.711 [info] Removing last sync state for stale profile: 99f285fc-0af3-4924-a736-f76453ccd95a
2024-07-25 15:50:05.711 [info] Removing last sync state for stale profile: 99f285fc-0af3-4924-a736-f76453ccd95a
2024-07-25 15:50:05.965 [info] GlobalState: Last sync resource does not exist locally.
2024-07-25 15:50:06.673 [info] Settings: Updated remote settings
2024-07-25 15:50:06.720 [info] Settings: Updated last synchronized settings
2024-07-25 15:50:06.721 [info] Keybindings: Last sync resource does not exist locally.
2024-07-25 15:50:06.869 [info] Keybindings: No changes found during synchronizing keybindings.
2024-07-25 15:50:06.871 [info] Snippets: Last sync resource does not exist locally.
2024-07-25 15:50:07.061 [info] Snippets: No changes found during synchronizing snippets.
2024-07-25 15:50:07.061 [info] Tasks: Last sync resource does not exist locally.
2024-07-25 15:50:07.191 [info] Tasks: No changes found during synchronizing tasks.
2024-07-25 15:50:08.468 [info] GlobalState: Updated remote ui state. Updated: commandPalette.mru.cache,commandPalette.mru.counter.
2024-07-25 15:50:08.571 [info] GlobalState: Updated last synchronized ui state
2024-07-25 15:50:08.577 [info] Extensions: Last sync resource does not exist locally.
2024-07-25 15:50:08.922 [info] Extensions: No changes found during synchronizing extensions.
2024-07-25 15:50:08.923 [info] Profiles: No changes found during synchronizing profiles.
2024-07-25 15:50:08.925 [info] Sync done. Took 4128ms
2024-07-25 15:50:08.925 [info] Auto Sync: Triggered by Activity
2024-07-25 15:50:08.925 [info] Sync started.
2024-07-25 15:50:09.009 [info] Settings: No changes found during synchronizing settings.
2024-07-25 15:50:09.019 [info] Keybindings: No changes found during synchronizing keybindings.
2024-07-25 15:50:09.022 [info] Snippets: No changes found during synchronizing snippets.
2024-07-25 15:50:09.026 [info] Tasks: No changes found during synchronizing tasks.
2024-07-25 15:50:09.033 [info] GlobalState: No changes found during synchronizing ui state.
2024-07-25 15:50:09.059 [info] Extensions: No changes found during synchronizing extensions.
2024-07-25 15:50:09.064 [info] Profiles: No changes found during synchronizing profiles.
2024-07-25 15:50:09.065 [info] Sync done. Took 140ms
2024-07-25 15:50:17.704 [info] Auto Sync: Triggered by Activity
2024-07-25 15:50:17.707 [info] Sync started.
2024-07-25 15:50:19.393 [info] Settings: Updated remote settings
2024-07-25 15:50:19.435 [info] Settings: Updated last synchronized settings
2024-07-25 15:50:19.442 [info] Keybindings: No changes found during synchronizing keybindings.
2024-07-25 15:50:19.452 [info] Snippets: No changes found during synchronizing snippets.
2024-07-25 15:50:19.458 [info] Tasks: No changes found during synchronizing tasks.
2024-07-25 15:50:19.485 [info] GlobalState: No changes found during synchronizing ui state.
2024-07-25 15:50:19.568 [info] Extensions: No changes found during synchronizing extensions.
2024-07-25 15:50:19.585 [info] Profiles: No changes found during synchronizing profiles.
2024-07-25 15:50:19.587 [info] Sync done. Took 1883ms
2024-07-25 15:50:25.326 [info] Auto Sync: Triggered by Activity
2024-07-25 15:50:25.326 [info] Sync started.
2024-07-25 15:50:26.345 [info] Settings: Updated remote settings
2024-07-25 15:50:26.382 [info] Settings: Updated last synchronized settings
2024-07-25 15:50:26.385 [info] Keybindings: No changes found during synchronizing keybindings.
2024-07-25 15:50:26.392 [info] Snippets: No changes found during synchronizing snippets.
2024-07-25 15:50:26.395 [info] Tasks: No changes found during synchronizing tasks.
2024-07-25 15:50:26.402 [info] GlobalState: No changes found during synchronizing ui state.
2024-07-25 15:50:26.562 [info] Extensions: No changes found during synchronizing extensions.
2024-07-25 15:50:26.565 [info] Profiles: No changes found during synchronizing profiles.
2024-07-25 15:50:26.567 [info] Sync done. Took 1243ms
2024-07-25 15:50:39.961 [info] Auto Sync: Triggered by Activity
2024-07-25 15:50:39.962 [info] Sync started.
2024-07-25 15:50:40.080 [info] Settings: No changes found during synchronizing settings.
2024-07-25 15:50:40.091 [info] Keybindings: No changes found during synchronizing keybindings.
2024-07-25 15:50:40.096 [info] Snippets: No changes found during synchronizing snippets.
2024-07-25 15:50:40.104 [info] Tasks: No changes found during synchronizing tasks.
2024-07-25 15:50:40.127 [info] GlobalState: No changes found during synchronizing ui state.
2024-07-25 15:50:41.309 [info] Extensions: Updated remote extensions. Updated: ["vscodevim.vim"].
2024-07-25 15:50:41.391 [info] Extensions: Updated last synchronized extensions. Skipped: ["stroupbslayen.vscord"].
2024-07-25 15:50:41.395 [info] Profiles: No changes found during synchronizing profiles.
2024-07-25 15:50:41.397 [info] Sync done. Took 1436ms
2024-07-25 15:50:53.929 [info] Auto Sync: Triggered by Activity
2024-07-25 15:50:53.929 [info] Sync started.
2024-07-25 15:50:54.043 [info] Settings: No changes found during synchronizing settings.
2024-07-25 15:50:54.059 [info] Keybindings: No changes found during synchronizing keybindings.
2024-07-25 15:50:54.062 [info] Snippets: No changes found during synchronizing snippets.
2024-07-25 15:50:54.067 [info] Tasks: No changes found during synchronizing tasks.
2024-07-25 15:50:54.076 [info] GlobalState: No changes found during synchronizing ui state.
2024-07-25 15:50:54.110 [info] Extensions: No changes found during synchronizing extensions.
2024-07-25 15:50:54.111 [info] Profiles: No changes found during synchronizing profiles.
2024-07-25 15:50:54.112 [info] Sync done. Took 183ms
2024-07-25 15:51:05.556 [info] Auto Sync: Triggered by Activity
2024-07-25 15:51:05.557 [info] Sync started.
2024-07-25 15:51:05.658 [info] Settings: No changes found during synchronizing settings.
2024-07-25 15:51:05.663 [info] Keybindings: No changes found during synchronizing keybindings.
2024-07-25 15:51:05.673 [info] Snippets: No changes found during synchronizing snippets.
2024-07-25 15:51:05.689 [info] Tasks: No changes found during synchronizing tasks.
2024-07-25 15:51:05.714 [info] GlobalState: No changes found during synchronizing ui state.
2024-07-25 15:51:05.793 [info] Extensions: No changes found during synchronizing extensions.
2024-07-25 15:51:05.797 [info] Profiles: No changes found during synchronizing profiles.
2024-07-25 15:51:05.800 [info] Sync done. Took 245ms
2024-07-25 15:51:18.004 [info] Auto Sync: Triggered by Activity
2024-07-25 15:51:18.006 [info] Sync started.
2024-07-25 15:51:19.775 [info] Settings: Updated remote settings
2024-07-25 15:51:19.815 [info] Settings: Updated last synchronized settings
2024-07-25 15:51:19.826 [info] Keybindings: No changes found during synchronizing keybindings.
2024-07-25 15:51:19.837 [info] Snippets: No changes found during synchronizing snippets.
2024-07-25 15:51:19.844 [info] Tasks: No changes found during synchronizing tasks.
2024-07-25 15:51:19.862 [info] GlobalState: No changes found during synchronizing ui state.
2024-07-25 15:51:19.941 [info] Extensions: No changes found during synchronizing extensions.
2024-07-25 15:51:19.944 [info] Profiles: No changes found during synchronizing profiles.
2024-07-25 15:51:19.947 [info] Sync done. Took 1944ms
2024-07-25 15:51:25.417 [info] Auto Sync: Triggered by Activity
2024-07-25 15:51:25.417 [info] Sync started.
2024-07-25 15:51:26.407 [info] Settings: Updated remote settings
2024-07-25 15:51:26.439 [info] Settings: Updated last synchronized settings
2024-07-25 15:51:26.450 [info] Keybindings: No changes found during synchronizing keybindings.
2024-07-25 15:51:26.456 [info] Snippets: No changes found during synchronizing snippets.
2024-07-25 15:51:26.458 [info] Tasks: No changes found during synchronizing tasks.
2024-07-25 15:51:26.463 [info] GlobalState: No changes found during synchronizing ui state.
2024-07-25 15:51:26.498 [info] Extensions: No changes found during synchronizing extensions.
2024-07-25 15:51:26.499 [info] Profiles: No changes found during synchronizing profiles.
2024-07-25 15:51:26.500 [info] Sync done. Took 1085ms
2024-07-25 15:51:28.112 [info] Auto Sync: Triggered by Activity
2024-07-25 15:51:28.113 [info] Sync started.
2024-07-25 15:51:29.166 [info] Settings: Updated remote settings
2024-07-25 15:51:29.208 [info] Settings: Updated last synchronized settings
2024-07-25 15:51:29.215 [info] Keybindings: No changes found during synchronizing keybindings.
2024-07-25 15:51:29.224 [info] Snippets: No changes found during synchronizing snippets.
2024-07-25 15:51:29.234 [info] Tasks: No changes found during synchronizing tasks.
2024-07-25 15:51:29.251 [info] GlobalState: No changes found during synchronizing ui state.
2024-07-25 15:51:29.417 [info] Extensions: No changes found during synchronizing extensions.
2024-07-25 15:51:29.425 [info] Profiles: No changes found during synchronizing profiles.
2024-07-25 15:51:29.436 [info] Sync done. Took 1326ms
2024-07-25 15:51:30.282 [info] Auto Sync: Triggered by Activity
2024-07-25 15:51:30.283 [info] Sync started.
2024-07-25 15:51:30.386 [info] Settings: No changes found during synchronizing settings.
2024-07-25 15:51:30.394 [info] Keybindings: No changes found during synchronizing keybindings.
2024-07-25 15:51:30.401 [info] Snippets: No changes found during synchronizing snippets.
2024-07-25 15:51:30.411 [info] Tasks: No changes found during synchronizing tasks.
2024-07-25 15:51:30.427 [info] GlobalState: No changes found during synchronizing ui state.
2024-07-25 15:51:30.495 [info] Extensions: No changes found during synchronizing extensions.
2024-07-25 15:51:30.497 [info] Profiles: No changes found during synchronizing profiles.
2024-07-25 15:51:30.502 [info] Sync done. Took 218ms
2024-07-25 15:51:33.811 [info] Auto Sync: Triggered by Activity
2024-07-25 15:51:33.812 [info] Sync started.
2024-07-25 15:51:34.906 [info] Settings: Updated remote settings
2024-07-25 15:51:34.938 [info] Settings: Updated last synchronized settings
2024-07-25 15:51:34.944 [info] Keybindings: No changes found during synchronizing keybindings.
2024-07-25 15:51:34.954 [info] Snippets: No changes found during synchronizing snippets.
2024-07-25 15:51:34.961 [info] Tasks: No changes found during synchronizing tasks.
2024-07-25 15:51:34.977 [info] GlobalState: No changes found during synchronizing ui state.
2024-07-25 15:51:35.065 [info] Extensions: No changes found during synchronizing extensions.
2024-07-25 15:51:35.076 [info] Profiles: No changes found during synchronizing profiles.
2024-07-25 15:51:35.082 [info] Sync done. Took 1266ms
2024-07-25 15:51:47.028 [info] Auto Sync: Triggered by Activity
2024-07-25 15:51:47.028 [info] Sync started.
2024-07-25 15:51:47.155 [info] Settings: No changes found during synchronizing settings.
2024-07-25 15:51:47.163 [info] Keybindings: No changes found during synchronizing keybindings.
2024-07-25 15:51:47.172 [info] Snippets: No changes found during synchronizing snippets.
2024-07-25 15:51:47.178 [info] Tasks: No changes found during synchronizing tasks.
2024-07-25 15:51:47.206 [info] GlobalState: No changes found during synchronizing ui state.
2024-07-25 15:51:47.331 [info] Extensions: No changes found during synchronizing extensions.
2024-07-25 15:51:47.341 [info] Profiles: No changes found during synchronizing profiles.
2024-07-25 15:51:47.341 [info] Sync done. Took 309ms
2024-07-25 15:51:50.821 [info] Auto Sync: Triggered by Activity
2024-07-25 15:51:50.822 [info] Sync started.
2024-07-25 15:51:51.847 [info] Settings: Updated remote settings
2024-07-25 15:51:51.909 [info] Settings: Updated last synchronized settings
2024-07-25 15:51:51.921 [info] Keybindings: No changes found during synchronizing keybindings.
2024-07-25 15:51:51.928 [info] Snippets: No changes found during synchronizing snippets.
2024-07-25 15:51:51.938 [info] Tasks: No changes found during synchronizing tasks.
2024-07-25 15:51:51.949 [info] GlobalState: No changes found during synchronizing ui state.
2024-07-25 15:51:51.988 [info] Extensions: No changes found during synchronizing extensions.
2024-07-25 15:51:51.989 [info] Profiles: No changes found during synchronizing profiles.
2024-07-25 15:51:51.989 [info] Sync done. Took 1175ms
2024-07-25 15:51:58.851 [info] Auto Sync: Triggered by Activity
2024-07-25 15:51:58.853 [info] Sync started.
2024-07-25 15:52:03.260 [info] Settings: Updated remote settings
2024-07-25 15:52:03.303 [info] Settings: Updated last synchronized settings
2024-07-25 15:52:03.306 [info] Keybindings: No changes found during synchronizing keybindings.
2024-07-25 15:52:03.310 [info] Snippets: No changes found during synchronizing snippets.
2024-07-25 15:52:03.313 [info] Tasks: No changes found during synchronizing tasks.
2024-07-25 15:52:03.325 [info] GlobalState: No changes found during synchronizing ui state.
2024-07-25 15:52:03.389 [info] Extensions: No changes found during synchronizing extensions.
2024-07-25 15:52:03.392 [info] Profiles: No changes found during synchronizing profiles.
2024-07-25 15:52:03.395 [info] Sync done. Took 4548ms
2024-07-25 15:52:12.843 [info] Auto Sync: Triggered by Activity
2024-07-25 15:52:12.844 [info] Sync started.
2024-07-25 15:52:15.057 [info] Settings: No changes found during synchronizing settings.
2024-07-25 15:52:15.068 [info] Keybindings: No changes found during synchronizing keybindings.
2024-07-25 15:52:15.073 [info] Snippets: No changes found during synchronizing snippets.
2024-07-25 15:52:15.093 [info] Tasks: No changes found during synchronizing tasks.
2024-07-25 15:52:15.107 [info] GlobalState: No changes found during synchronizing ui state.
2024-07-25 15:52:15.139 [info] Extensions: No changes found during synchronizing extensions.
2024-07-25 15:52:15.144 [info] Profiles: No changes found during synchronizing profiles.
2024-07-25 15:52:15.147 [info] Sync done. Took 2306ms
2024-07-25 15:52:33.267 [info] Auto Sync: Triggered by Activity
2024-07-25 15:52:33.268 [info] Sync started.
2024-07-25 15:52:33.362 [info] Settings: No changes found during synchronizing settings.
2024-07-25 15:52:33.365 [info] Keybindings: No changes found during synchronizing keybindings.
2024-07-25 15:52:33.370 [info] Snippets: No changes found during synchronizing snippets.
2024-07-25 15:52:33.373 [info] Tasks: No changes found during synchronizing tasks.
2024-07-25 15:52:33.379 [info] GlobalState: No changes found during synchronizing ui state.
2024-07-25 15:52:33.406 [info] Extensions: No changes found during synchronizing extensions.
2024-07-25 15:52:33.408 [info] Profiles: No changes found during synchronizing profiles.
2024-07-25 15:52:33.409 [info] Sync done. Took 142ms
2024-07-25 15:52:47.973 [info] Auto Sync: Triggered by Activity
2024-07-25 15:52:47.974 [info] Sync started.
2024-07-25 15:52:48.108 [info] Settings: No changes found during synchronizing settings.
2024-07-25 15:52:48.115 [info] Keybindings: No changes found during synchronizing keybindings.
2024-07-25 15:52:48.129 [info] Snippets: No changes found during synchronizing snippets.
2024-07-25 15:52:48.139 [info] Tasks: No changes found during synchronizing tasks.
2024-07-25 15:52:48.152 [info] GlobalState: No changes found during synchronizing ui state.
2024-07-25 15:52:48.235 [info] Extensions: No changes found during synchronizing extensions.
2024-07-25 15:52:48.242 [info] Profiles: No changes found during synchronizing profiles.
2024-07-25 15:52:48.245 [info] Sync done. Took 273ms
2024-07-25 15:53:20.991 [info] Auto Sync: Triggered by Activity
2024-07-25 15:53:20.992 [info] Sync started.
2024-07-25 15:53:21.107 [info] Settings: No changes found during synchronizing settings.
2024-07-25 15:53:21.112 [info] Keybindings: No changes found during synchronizing keybindings.
2024-07-25 15:53:21.136 [info] Snippets: No changes found during synchronizing snippets.
2024-07-25 15:53:21.145 [info] Tasks: No changes found during synchronizing tasks.
2024-07-25 15:53:21.160 [info] GlobalState: No changes found during synchronizing ui state.
2024-07-25 15:53:21.212 [info] Extensions: No changes found during synchronizing extensions.
2024-07-25 15:53:21.213 [info] Profiles: No changes found during synchronizing profiles.
2024-07-25 15:53:21.214 [info] Sync done. Took 224ms
2024-07-25 15:53:27.019 [info] Auto Sync: Triggered by Activity
2024-07-25 15:53:27.020 [info] Sync started.
2024-07-25 15:53:27.114 [info] Settings: No changes found during synchronizing settings.
2024-07-25 15:53:27.995 [info] Keybindings: Updated remote keybindings
2024-07-25 15:53:28.035 [info] Keybindings: Updated last synchronized keybindings
2024-07-25 15:53:28.052 [info] Snippets: No changes found during synchronizing snippets.
2024-07-25 15:53:28.063 [info] Tasks: No changes found during synchronizing tasks.
2024-07-25 15:53:28.086 [info] GlobalState: No changes found during synchronizing ui state.
2024-07-25 15:53:28.143 [info] Extensions: No changes found during synchronizing extensions.
2024-07-25 15:53:28.145 [info] Profiles: No changes found during synchronizing profiles.
2024-07-25 15:53:28.147 [info] Sync done. Took 1128ms
2024-07-25 15:53:35.575 [info] Auto Sync: Triggered by Activity
2024-07-25 15:53:35.576 [info] Sync started.
2024-07-25 15:53:35.680 [info] Settings: No changes found during synchronizing settings.
2024-07-25 15:53:35.692 [info] Keybindings: No changes found during synchronizing keybindings.
2024-07-25 15:53:35.699 [info] Snippets: No changes found during synchronizing snippets.
2024-07-25 15:53:35.705 [info] Tasks: No changes found during synchronizing tasks.
2024-07-25 15:53:35.720 [info] GlobalState: No changes found during synchronizing ui state.
2024-07-25 15:53:35.773 [info] Extensions: No changes found during synchronizing extensions.
2024-07-25 15:53:35.775 [info] Profiles: No changes found during synchronizing profiles.
2024-07-25 15:53:35.776 [info] Sync done. Took 201ms
2024-07-25 15:53:47.341 [info] Auto Sync: Triggered by Activity
2024-07-25 15:53:47.341 [info] Sync started.
2024-07-25 15:53:47.417 [info] Settings: No changes found during synchronizing settings.
2024-07-25 15:53:47.429 [info] Keybindings: No changes found during synchronizing keybindings.
2024-07-25 15:53:47.440 [info] Snippets: No changes found during synchronizing snippets.
2024-07-25 15:53:47.443 [info] Tasks: No changes found during synchronizing tasks.
2024-07-25 15:53:47.447 [info] GlobalState: No changes found during synchronizing ui state.
2024-07-25 15:53:47.472 [info] Extensions: No changes found during synchronizing extensions.
2024-07-25 15:53:47.474 [info] Profiles: No changes found during synchronizing profiles.
2024-07-25 15:53:47.474 [info] Sync done. Took 134ms
2024-07-25 15:54:05.681 [info] Auto Sync: Triggered by Activity
2024-07-25 15:54:05.682 [info] Sync started.
2024-07-25 15:54:06.062 [info] Settings: No changes found during synchronizing settings.
2024-07-25 15:54:06.078 [info] Keybindings: No changes found during synchronizing keybindings.
2024-07-25 15:54:06.086 [info] Snippets: No changes found during synchronizing snippets.
2024-07-25 15:54:06.092 [info] Tasks: No changes found during synchronizing tasks.
2024-07-25 15:54:06.108 [info] GlobalState: No changes found during synchronizing ui state.
2024-07-25 15:54:06.164 [info] Extensions: No changes found during synchronizing extensions.
2024-07-25 15:54:06.170 [info] Profiles: No changes found during synchronizing profiles.
2024-07-25 15:54:06.171 [info] Sync done. Took 490ms
2024-07-25 15:54:18.913 [info] Auto Sync: Triggered by Activity
2024-07-25 15:54:18.913 [info] Sync started.
2024-07-25 15:54:19.944 [info] Settings: Updated remote settings
2024-07-25 15:54:20.001 [info] Settings: Updated last synchronized settings
2024-07-25 15:54:20.011 [info] Keybindings: No changes found during synchronizing keybindings.
2024-07-25 15:54:20.015 [info] Snippets: No changes found during synchronizing snippets.
2024-07-25 15:54:20.022 [info] Tasks: No changes found during synchronizing tasks.
2024-07-25 15:54:20.039 [info] GlobalState: No changes found during synchronizing ui state.
2024-07-25 15:54:20.117 [info] Extensions: No changes found during synchronizing extensions.
2024-07-25 15:54:20.124 [info] Profiles: No changes found during synchronizing profiles.
2024-07-25 15:54:20.125 [info] Sync done. Took 1208ms
2024-07-25 15:54:21.998 [info] Auto Sync: Triggered by Activity
2024-07-25 15:54:22.000 [info] Sync started.
2024-07-25 15:54:23.078 [info] Settings: Updated remote settings
2024-07-25 15:54:23.136 [info] Settings: Updated last synchronized settings
2024-07-25 15:54:23.285 [info] Keybindings: No changes found during synchronizing keybindings.
2024-07-25 15:54:23.292 [info] Snippets: No changes found during synchronizing snippets.
2024-07-25 15:54:23.295 [info] Tasks: No changes found during synchronizing tasks.
2024-07-25 15:54:23.300 [info] GlobalState: No changes found during synchronizing ui state.
2024-07-25 15:54:23.341 [info] Extensions: No changes found during synchronizing extensions.
2024-07-25 15:54:23.342 [info] Profiles: No changes found during synchronizing profiles.
2024-07-25 15:54:23.344 [info] Sync done. Took 1347ms
2024-07-25 15:54:39.940 [info] Auto Sync: Triggered by Activity
2024-07-25 15:54:39.940 [info] Sync started.
2024-07-25 15:54:41.230 [info] Settings: Updated remote settings
2024-07-25 15:54:41.278 [info] Settings: Updated last synchronized settings
2024-07-25 15:54:41.286 [info] Keybindings: No changes found during synchronizing keybindings.
2024-07-25 15:54:41.293 [info] Snippets: No changes found during synchronizing snippets.
2024-07-25 15:54:41.295 [info] Tasks: No changes found during synchronizing tasks.
2024-07-25 15:54:41.303 [info] GlobalState: No changes found during synchronizing ui state.
2024-07-25 15:54:41.344 [info] Extensions: No changes found during synchronizing extensions.
2024-07-25 15:54:41.345 [info] Profiles: No changes found during synchronizing profiles.
2024-07-25 15:54:41.346 [info] Sync done. Took 1410ms
2024-07-25 15:54:43.293 [info] Auto Sync: Triggered by Activity
2024-07-25 15:54:43.293 [info] Sync started.
2024-07-25 15:54:43.552 [info] Settings: No changes found during synchronizing settings.
2024-07-25 15:54:43.603 [info] Keybindings: No changes found during synchronizing keybindings.
2024-07-25 15:54:43.623 [info] Snippets: No changes found during synchronizing snippets.
2024-07-25 15:54:43.639 [info] Tasks: No changes found during synchronizing tasks.
2024-07-25 15:54:43.672 [info] GlobalState: No changes found during synchronizing ui state.
2024-07-25 15:54:43.737 [info] Extensions: No changes found during synchronizing extensions.
2024-07-25 15:54:43.738 [info] Profiles: No changes found during synchronizing profiles.
2024-07-25 15:54:43.739 [info] Sync done. Took 446ms
2024-07-25 15:54:56.305 [info] Auto Sync: Triggered by Activity
2024-07-25 15:54:56.306 [info] Sync started.
2024-07-25 15:54:56.419 [info] Settings: No changes found during synchronizing settings.
2024-07-25 15:54:56.431 [info] Keybindings: No changes found during synchronizing keybindings.
2024-07-25 15:54:56.438 [info] Snippets: No changes found during synchronizing snippets.
2024-07-25 15:54:56.444 [info] Tasks: No changes found during synchronizing tasks.
2024-07-25 15:54:56.460 [info] GlobalState: No changes found during synchronizing ui state.
2024-07-25 15:54:56.526 [info] Extensions: No changes found during synchronizing extensions.
2024-07-25 15:54:56.529 [info] Profiles: No changes found during synchronizing profiles.
2024-07-25 15:54:56.531 [info] Sync done. Took 226ms
2024-07-25 15:55:47.271 [info] Auto Sync: Triggered by Activity
2024-07-25 15:55:47.271 [info] Sync started.
2024-07-25 15:55:47.371 [info] Settings: No changes found during synchronizing settings.
2024-07-25 15:55:47.385 [info] Keybindings: No changes found during synchronizing keybindings.
2024-07-25 15:55:47.394 [info] Snippets: No changes found during synchronizing snippets.
2024-07-25 15:55:47.402 [info] Tasks: No changes found during synchronizing tasks.
2024-07-25 15:55:47.418 [info] GlobalState: No changes found during synchronizing ui state.
2024-07-25 15:55:47.470 [info] Extensions: No changes found during synchronizing extensions.
2024-07-25 15:55:47.472 [info] Profiles: No changes found during synchronizing profiles.
2024-07-25 15:55:47.474 [info] Sync done. Took 205ms
2024-07-25 15:55:58.865 [info] Auto Sync: Triggered by Activity
2024-07-25 15:55:58.865 [info] Sync started.
2024-07-25 15:55:58.975 [info] Settings: No changes found during synchronizing settings.
2024-07-25 15:55:58.986 [info] Keybindings: No changes found during synchronizing keybindings.
2024-07-25 15:55:58.998 [info] Snippets: No changes found during synchronizing snippets.
2024-07-25 15:55:59.002 [info] Tasks: No changes found during synchronizing tasks.
2024-07-25 15:55:59.007 [info] GlobalState: No changes found during synchronizing ui state.
2024-07-25 15:55:59.041 [info] Extensions: No changes found during synchronizing extensions.
2024-07-25 15:55:59.043 [info] Profiles: No changes found during synchronizing profiles.
2024-07-25 15:55:59.043 [info] Sync done. Took 177ms
2024-07-25 15:56:20.206 [info] Auto Sync: Triggered by Activity
2024-07-25 15:56:20.207 [info] Sync started.
2024-07-25 15:56:20.284 [info] Settings: No changes found during synchronizing settings.
2024-07-25 15:56:20.295 [info] Keybindings: No changes found during synchronizing keybindings.
2024-07-25 15:56:20.300 [info] Snippets: No changes found during synchronizing snippets.
2024-07-25 15:56:20.302 [info] Tasks: No changes found during synchronizing tasks.
2024-07-25 15:56:20.307 [info] GlobalState: No changes found during synchronizing ui state.
2024-07-25 15:56:20.355 [info] Extensions: No changes found during synchronizing extensions.
2024-07-25 15:56:20.361 [info] Profiles: No changes found during synchronizing profiles.
2024-07-25 15:56:20.367 [info] Sync done. Took 158ms
2024-07-25 15:56:26.501 [info] Auto Sync: Triggered by Activity
2024-07-25 15:56:26.502 [info] Sync started.
2024-07-25 15:56:27.561 [info] Settings: No changes found during synchronizing settings.
2024-07-25 15:56:27.761 [info] Keybindings: No changes found during synchronizing keybindings.
2024-07-25 15:56:27.815 [info] Snippets: No changes found during synchronizing snippets.
2024-07-25 15:56:27.847 [info] Tasks: No changes found during synchronizing tasks.
2024-07-25 15:56:31.361 [info] GlobalState: Updated remote ui state. Updated: memento/workbench.editor.keybindings.
2024-07-25 15:56:31.429 [info] GlobalState: Updated last synchronized ui state
2024-07-25 15:56:31.558 [info] Extensions: No changes found during synchronizing extensions.
2024-07-25 15:56:31.590 [info] Profiles: No changes found during synchronizing profiles.
2024-07-25 15:56:31.596 [info] Sync done. Took 5076ms
2024-07-25 15:56:31.596 [info] Auto Sync: Triggered by Activity
2024-07-25 15:56:31.597 [info] Sync started.
2024-07-25 15:56:31.759 [info] Settings: No changes found during synchronizing settings.
2024-07-25 15:56:31.778 [info] Keybindings: No changes found during synchronizing keybindings.
2024-07-25 15:56:31.802 [info] Snippets: No changes found during synchronizing snippets.
2024-07-25 15:56:31.813 [info] Tasks: No changes found during synchronizing tasks.
2024-07-25 15:56:31.826 [info] GlobalState: No changes found during synchronizing ui state.
2024-07-25 15:56:31.894 [info] Extensions: No changes found during synchronizing extensions.
2024-07-25 15:56:31.895 [info] Profiles: No changes found during synchronizing profiles.
2024-07-25 15:56:31.897 [info] Sync done. Took 318ms
2024-07-25 15:56:51.291 [info] Auto Sync: Triggered by Activity
2024-07-25 15:56:51.291 [info] Sync started.
2024-07-25 15:56:51.404 [info] Settings: No changes found during synchronizing settings.
2024-07-25 15:56:52.278 [info] Keybindings: Updated remote keybindings
2024-07-25 15:56:52.317 [info] Keybindings: Updated last synchronized keybindings
2024-07-25 15:56:52.324 [info] Snippets: No changes found during synchronizing snippets.
2024-07-25 15:56:52.332 [info] Tasks: No changes found during synchronizing tasks.
2024-07-25 15:56:52.349 [info] GlobalState: No changes found during synchronizing ui state.
2024-07-25 15:56:52.433 [info] Extensions: No changes found during synchronizing extensions.
2024-07-25 15:56:52.437 [info] Profiles: No changes found during synchronizing profiles.
2024-07-25 15:56:52.439 [info] Sync done. Took 1148ms
2024-07-25 15:57:04.264 [info] Auto Sync: Triggered by Activity
2024-07-25 15:57:04.264 [info] Sync started.
2024-07-25 15:57:04.466 [info] Settings: No changes found during synchronizing settings.
2024-07-25 15:57:05.538 [info] Keybindings: Updated remote keybindings
2024-07-25 15:57:05.579 [info] Keybindings: Updated last synchronized keybindings
2024-07-25 15:57:05.586 [info] Snippets: No changes found during synchronizing snippets.
2024-07-25 15:57:05.592 [info] Tasks: No changes found during synchronizing tasks.
2024-07-25 15:57:05.604 [info] GlobalState: No changes found during synchronizing ui state.
2024-07-25 15:57:05.692 [info] Extensions: No changes found during synchronizing extensions.
2024-07-25 15:57:05.695 [info] Profiles: No changes found during synchronizing profiles.
2024-07-25 15:57:05.702 [info] Sync done. Took 1434ms
2024-07-25 15:57:16.000 [info] Auto Sync: Triggered by Activity
2024-07-25 15:57:16.001 [info] Sync started.
2024-07-25 15:57:16.102 [info] Settings: No changes found during synchronizing settings.
2024-07-25 15:57:16.194 [info] Keybindings: No changes found during synchronizing keybindings.
2024-07-25 15:57:16.200 [info] Snippets: No changes found during synchronizing snippets.
2024-07-25 15:57:16.206 [info] Tasks: No changes found during synchronizing tasks.
2024-07-25 15:57:16.220 [info] GlobalState: No changes found during synchronizing ui state.
2024-07-25 15:57:16.328 [info] Extensions: No changes found during synchronizing extensions.
2024-07-25 15:57:16.329 [info] Profiles: No changes found during synchronizing profiles.
2024-07-25 15:57:16.330 [info] Sync done. Took 331ms
2024-07-25 15:57:32.702 [info] Auto Sync: Triggered by Activity
2024-07-25 15:57:32.702 [info] Sync started.
2024-07-25 15:57:32.800 [info] Settings: No changes found during synchronizing settings.
2024-07-25 15:57:32.813 [info] Keybindings: No changes found during synchronizing keybindings.
2024-07-25 15:57:32.817 [info] Snippets: No changes found during synchronizing snippets.
2024-07-25 15:57:32.821 [info] Tasks: No changes found during synchronizing tasks.
2024-07-25 15:57:32.829 [info] GlobalState: No changes found during synchronizing ui state.
2024-07-25 15:57:32.888 [info] Extensions: No changes found during synchronizing extensions.
2024-07-25 15:57:32.891 [info] Profiles: No changes found during synchronizing profiles.
2024-07-25 15:57:32.892 [info] Sync done. Took 191ms
2024-07-25 15:57:36.166 [info] Auto Sync: Triggered by Activity
2024-07-25 15:57:36.167 [info] Sync started.
2024-07-25 15:57:36.276 [info] Settings: No changes found during synchronizing settings.
2024-07-25 15:57:37.192 [info] Keybindings: Updated remote keybindings
2024-07-25 15:57:37.234 [info] Keybindings: Updated last synchronized keybindings
2024-07-25 15:57:37.243 [info] Snippets: No changes found during synchronizing snippets.
2024-07-25 15:57:37.250 [info] Tasks: No changes found during synchronizing tasks.
2024-07-25 15:57:37.265 [info] GlobalState: No changes found during synchronizing ui state.
2024-07-25 15:57:37.348 [info] Extensions: No changes found during synchronizing extensions.
2024-07-25 15:57:37.355 [info] Profiles: No changes found during synchronizing profiles.
2024-07-25 15:57:37.359 [info] Sync done. Took 1192ms
2024-07-25 15:57:38.240 [info] Auto Sync: Triggered by Activity
2024-07-25 15:57:38.240 [info] Sync started.
2024-07-25 15:57:38.382 [info] Settings: No changes found during synchronizing settings.
2024-07-25 15:57:38.400 [info] Keybindings: No changes found during synchronizing keybindings.
2024-07-25 15:57:38.411 [info] Snippets: No changes found during synchronizing snippets.
2024-07-25 15:57:38.424 [info] Tasks: No changes found during synchronizing tasks.
2024-07-25 15:57:38.436 [info] GlobalState: No changes found during synchronizing ui state.
2024-07-25 15:57:38.520 [info] Extensions: No changes found during synchronizing extensions.
2024-07-25 15:57:38.525 [info] Profiles: No changes found during synchronizing profiles.
2024-07-25 15:57:38.526 [info] Sync done. Took 288ms
2024-07-25 15:58:25.531 [info] Auto Sync: Triggered by Activity
2024-07-25 15:58:25.531 [info] Sync started.
2024-07-25 15:58:25.622 [info] Settings: No changes found during synchronizing settings.
2024-07-25 15:58:25.639 [info] Keybindings: No changes found during synchronizing keybindings.
2024-07-25 15:58:25.645 [info] Snippets: No changes found during synchronizing snippets.
2024-07-25 15:58:25.652 [info] Tasks: No changes found during synchronizing tasks.
2024-07-25 15:58:25.661 [info] GlobalState: No changes found during synchronizing ui state.
2024-07-25 15:58:25.712 [info] Extensions: No changes found during synchronizing extensions.
2024-07-25 15:58:25.713 [info] Profiles: No changes found during synchronizing profiles.
2024-07-25 15:58:25.715 [info] Sync done. Took 184ms
2024-07-25 15:59:25.275 [info] Auto Sync: Triggered by Activity
2024-07-25 15:59:25.276 [info] Sync started.
2024-07-25 15:59:25.386 [info] Settings: No changes found during synchronizing settings.
2024-07-25 15:59:25.402 [info] Keybindings: No changes found during synchronizing keybindings.
2024-07-25 15:59:25.423 [info] Snippets: No changes found during synchronizing snippets.
2024-07-25 15:59:25.433 [info] Tasks: No changes found during synchronizing tasks.
2024-07-25 15:59:25.453 [info] GlobalState: No changes found during synchronizing ui state.
2024-07-25 15:59:25.541 [info] Extensions: No changes found during synchronizing extensions.
2024-07-25 15:59:25.547 [info] Profiles: No changes found during synchronizing profiles.
2024-07-25 15:59:25.547 [info] Sync done. Took 269ms
2024-07-25 15:59:39.127 [info] Auto Sync: Triggered by Activity
2024-07-25 15:59:39.128 [info] Sync started.
2024-07-25 15:59:39.234 [info] Settings: No changes found during synchronizing settings.
2024-07-25 15:59:39.245 [info] Keybindings: No changes found during synchronizing keybindings.
2024-07-25 15:59:39.252 [info] Snippets: No changes found during synchronizing snippets.
2024-07-25 15:59:39.257 [info] Tasks: No changes found during synchronizing tasks.
2024-07-25 15:59:39.270 [info] GlobalState: No changes found during synchronizing ui state.
2024-07-25 15:59:39.329 [info] Extensions: No changes found during synchronizing extensions.
2024-07-25 15:59:39.331 [info] Profiles: No changes found during synchronizing profiles.
2024-07-25 15:59:39.333 [info] Sync done. Took 206ms
2024-07-25 16:00:22.244 [info] Auto Sync: Triggered by Activity
2024-07-25 16:00:22.244 [info] Sync started.
2024-07-25 16:00:22.370 [info] Settings: No changes found during synchronizing settings.
2024-07-25 16:00:22.383 [info] Keybindings: No changes found during synchronizing keybindings.
2024-07-25 16:00:22.391 [info] Snippets: No changes found during synchronizing snippets.
2024-07-25 16:00:22.395 [info] Tasks: No changes found during synchronizing tasks.
2024-07-25 16:00:22.405 [info] GlobalState: No changes found during synchronizing ui state.
2024-07-25 16:00:23.379 [info] Extensions: Updated remote extensions. Added: ["johnpapa.vscode-cloak","mikestead.dotenv"].
2024-07-25 16:00:23.433 [info] Extensions: Updated last synchronized extensions. Skipped: ["stroupbslayen.vscord"].
2024-07-25 16:00:23.435 [info] Profiles: No changes found during synchronizing profiles.
2024-07-25 16:00:23.437 [info] Sync done. Took 1194ms
2024-07-25 16:00:44.562 [info] Auto Sync: Triggered by Activity
2024-07-25 16:00:44.562 [info] Sync started.
2024-07-25 16:00:44.789 [info] Settings: No changes found during synchronizing settings.
2024-07-25 16:00:44.817 [info] Keybindings: No changes found during synchronizing keybindings.
2024-07-25 16:00:44.823 [info] Snippets: No changes found during synchronizing snippets.
2024-07-25 16:00:44.835 [info] Tasks: No changes found during synchronizing tasks.
2024-07-25 16:00:44.844 [info] GlobalState: No changes found during synchronizing ui state.
2024-07-25 16:00:46.024 [info] Extensions: Updated remote extensions. Added: ["codezombiech.gitignore"].
2024-07-25 16:00:46.065 [info] Extensions: Updated last synchronized extensions. Skipped: ["stroupbslayen.vscord"].
2024-07-25 16:00:46.069 [info] Profiles: No changes found during synchronizing profiles.
2024-07-25 16:00:46.073 [info] Sync done. Took 1510ms
2024-07-25 16:01:30.447 [info] Auto Sync: Triggered by Activity
2024-07-25 16:01:30.448 [info] Sync started.
2024-07-25 16:01:31.477 [info] Settings: Updated remote settings
2024-07-25 16:01:31.522 [info] Settings: Updated last synchronized settings
2024-07-25 16:01:31.557 [info] Keybindings: No changes found during synchronizing keybindings.
2024-07-25 16:01:31.570 [info] Snippets: No changes found during synchronizing snippets.
2024-07-25 16:01:31.579 [info] Tasks: No changes found during synchronizing tasks.
2024-07-25 16:01:31.604 [info] GlobalState: No changes found during synchronizing ui state.
2024-07-25 16:01:31.702 [info] Extensions: No changes found during synchronizing extensions.
2024-07-25 16:01:31.704 [info] Profiles: No changes found during synchronizing profiles.
2024-07-25 16:01:31.707 [info] Sync done. Took 1261ms
2024-07-25 16:01:43.363 [info] Auto Sync: Triggered by Activity
2024-07-25 16:01:43.363 [info] Sync started.
2024-07-25 16:01:43.459 [info] Settings: No changes found during synchronizing settings.
2024-07-25 16:01:43.473 [info] Keybindings: No changes found during synchronizing keybindings.
2024-07-25 16:01:43.478 [info] Snippets: No changes found during synchronizing snippets.
2024-07-25 16:01:43.481 [info] Tasks: No changes found during synchronizing tasks.
2024-07-25 16:01:43.487 [info] GlobalState: No changes found during synchronizing ui state.
2024-07-25 16:01:43.520 [info] Extensions: No changes found during synchronizing extensions.
2024-07-25 16:01:43.521 [info] Profiles: No changes found during synchronizing profiles.
2024-07-25 16:01:43.522 [info] Sync done. Took 161ms
