2024-07-25 13:28:23.145 [info] Extension host with pid 56438 started
2024-07-25 13:28:23.145 [info] Skipping acquiring lock for /home/hrishikesh/.config/Code/User/workspaceStorage/77c62c919dd245bfc54341e6154725a7.
2024-07-25 13:28:23.350 [info] ExtensionService#_doActivateExtension vscode.emmet, startup: false, activationEvent: 'onLanguage'
2024-07-25 13:28:23.556 [info] ExtensionService#_doActivateExtension vscode.configuration-editing, startup: false, activationEvent: 'onLanguage:jsonc'
2024-07-25 13:28:23.804 [info] ExtensionService#_doActivateExtension vscode.json-language-features, startup: false, activationEvent: 'onLanguage:jsonc'
2024-07-25 13:28:24.419 [info] ExtensionService#_doActivateExtension vscode.typescript-language-features, startup: false, activationEvent: 'onLanguage:jsonc'
2024-07-25 13:28:24.665 [info] ExtensionService#_doActivateExtension vscode.github-authentication, startup: false, activationEvent: 'onAuthenticationRequest:github'
2024-07-25 13:28:24.922 [info] ExtensionService#_doActivateExtension vscode.git-base, startup: true, activationEvent: '*', root cause: vscode.git
2024-07-25 13:28:24.927 [info] ExtensionService#_doActivateExtension vscode.npm, startup: true, activationEvent: 'workspaceContains:package.json'
2024-07-25 13:28:24.953 [info] ExtensionService#_doActivateExtension vscode.git, startup: true, activationEvent: '*'
2024-07-25 13:28:25.124 [info] ExtensionService#_doActivateExtension vscode.github, startup: true, activationEvent: '*'
2024-07-25 13:28:25.307 [info] Eager extensions activated
2024-07-25 13:28:25.373 [info] ExtensionService#_doActivateExtension vscode.debug-auto-launch, startup: false, activationEvent: 'onStartupFinished'
2024-07-25 13:28:25.424 [info] ExtensionService#_doActivateExtension vscode.merge-conflict, startup: false, activationEvent: 'onStartupFinished'
2024-07-25 13:28:25.493 [info] ExtensionService#_doActivateExtension Catppuccin.catppuccin-vsc, startup: false, activationEvent: 'onStartupFinished'
2024-07-25 13:28:25.546 [info] ExtensionService#_doActivateExtension esbenp.prettier-vscode, startup: false, activationEvent: 'onStartupFinished'
2024-07-25 13:28:25.942 [info] ExtensionService#_doActivateExtension vscodevim.vim, startup: false, activationEvent: 'onStartupFinished'
2024-07-25 13:28:46.229 [warning] vscode.json-language-features - Code actions of kind 'quickfix' requested but returned code action is of kind 'source.sort.json'. Code action will be dropped. Please check 'CodeActionContext.only' to only return requested code actions.
2024-07-25 13:28:48.102 [warning] vscode.json-language-features - Code actions of kind 'quickfix' requested but returned code action is of kind 'source.sort.json'. Code action will be dropped. Please check 'CodeActionContext.only' to only return requested code actions.
2024-07-25 13:34:32.124 [warning] vscode.json-language-features - Code actions of kind 'quickfix' requested but returned code action is of kind 'source.sort.json'. Code action will be dropped. Please check 'CodeActionContext.only' to only return requested code actions.
2024-07-25 13:37:21.766 [warning] vscode.json-language-features - Code actions of kind 'quickfix' requested but returned code action is of kind 'source.sort.json'. Code action will be dropped. Please check 'CodeActionContext.only' to only return requested code actions.
2024-07-25 13:37:29.902 [warning] vscode.json-language-features - Code actions of kind 'quickfix' requested but returned code action is of kind 'source.sort.json'. Code action will be dropped. Please check 'CodeActionContext.only' to only return requested code actions.
2024-07-25 13:37:31.274 [warning] vscode.json-language-features - Code actions of kind 'quickfix' requested but returned code action is of kind 'source.sort.json'. Code action will be dropped. Please check 'CodeActionContext.only' to only return requested code actions.
2024-07-25 13:37:31.981 [warning] vscode.json-language-features - Code actions of kind 'quickfix' requested but returned code action is of kind 'source.sort.json'. Code action will be dropped. Please check 'CodeActionContext.only' to only return requested code actions.
2024-07-25 13:38:34.712 [info] Extension host terminating: renderer closed the MessagePort
2024-07-25 13:38:34.785 [error] Canceled: Canceled
	at new I (/usr/share/code/resources/app/out/vs/workbench/api/node/extensionHostProcess.js:144:34990)
	at S.U (/usr/share/code/resources/app/out/vs/workbench/api/node/extensionHostProcess.js:151:6023)
	at z.<computed>.F.charCodeAt.T.CharCode.DollarSign.z.<computed> (/usr/share/code/resources/app/out/vs/workbench/api/node/extensionHostProcess.js:151:3107)
	at f.g (/usr/share/code/resources/app/out/vs/workbench/api/node/extensionHostProcess.js:154:203861)
	at f.executeCommand (/usr/share/code/resources/app/out/vs/workbench/api/node/extensionHostProcess.js:154:203299)
	at A.registerCommand.description (/usr/share/code/resources/app/out/vs/workbench/api/node/extensionHostProcess.js:154:202623)
	at f.h (/usr/share/code/resources/app/out/vs/workbench/api/node/extensionHostProcess.js:154:204400)
	at f.g (/usr/share/code/resources/app/out/vs/workbench/api/node/extensionHostProcess.js:154:203392)
	at f.executeCommand (/usr/share/code/resources/app/out/vs/workbench/api/node/extensionHostProcess.js:154:203299)
	at Object.executeCommand (/usr/share/code/resources/app/out/vs/workbench/api/node/extensionHostProcess.js:164:23051)
	at n.O [as value] (/usr/share/code/resources/app/extensions/git/dist/main.js:2:949496)
	at r.B (/usr/share/code/resources/app/out/vs/workbench/api/node/extensionHostProcess.js:83:737)
	at r.C (/usr/share/code/resources/app/out/vs/workbench/api/node/extensionHostProcess.js:83:807)
	at r.fire (/usr/share/code/resources/app/out/vs/workbench/api/node/extensionHostProcess.js:83:1023)
	at Object.p [as dispose] (/usr/share/code/resources/app/extensions/git/dist/main.js:2:968700)
	at /usr/share/code/resources/app/extensions/git/dist/main.js:2:974738
	at Array.forEach (<anonymous>)
	at f.dispose (/usr/share/code/resources/app/extensions/git/dist/main.js:2:974724)
	at c.<anonymous> (/usr/share/code/resources/app/out/vs/workbench/api/node/extensionHostProcess.js:152:4048)
	at c.dispose (/usr/share/code/resources/app/out/vs/workbench/api/node/extensionHostProcess.js:152:4145)
	at c.<anonymous> (/usr/share/code/resources/app/extensions/git/dist/main.js:2:951753)
	at c.dispose (/usr/share/code/resources/app/out/vs/workbench/api/node/extensionHostProcess.js:152:4145)
	at d (/usr/share/code/resources/app/out/vs/workbench/api/node/extensionHostProcess.js:30:744)
	at m.eb (/usr/share/code/resources/app/out/vs/workbench/api/node/extensionHostProcess.js:160:10039)
	at /usr/share/code/resources/app/out/vs/workbench/api/node/extensionHostProcess.js:160:7915
	at Array.map (<anonymous>)
	at m.$ (/usr/share/code/resources/app/out/vs/workbench/api/node/extensionHostProcess.js:160:7902)
	at m.terminate (/usr/share/code/resources/app/out/vs/workbench/api/node/extensionHostProcess.js:160:8175)
	at d.terminate (/usr/share/code/resources/app/out/vs/workbench/api/node/extensionHostProcess.js:164:1513)
	at i (/usr/share/code/resources/app/out/vs/workbench/api/node/extensionHostProcess.js:177:10617)
	at MessagePortMain.<anonymous> (/usr/share/code/resources/app/out/vs/workbench/api/node/extensionHostProcess.js:177:6809)
	at MessagePortMain.emit (node:events:514:28)
	at MessagePortMain._internalPort.emit (node:electron/js2c/utility_init:2:2285) setContext undefined
2024-07-25 13:38:34.785 [error] Canceled: Canceled
	at new I (/usr/share/code/resources/app/out/vs/workbench/api/node/extensionHostProcess.js:144:34990)
	at S.U (/usr/share/code/resources/app/out/vs/workbench/api/node/extensionHostProcess.js:151:6023)
	at z.<computed>.F.charCodeAt.T.CharCode.DollarSign.z.<computed> (/usr/share/code/resources/app/out/vs/workbench/api/node/extensionHostProcess.js:151:3107)
	at f.g (/usr/share/code/resources/app/out/vs/workbench/api/node/extensionHostProcess.js:154:203861)
	at f.executeCommand (/usr/share/code/resources/app/out/vs/workbench/api/node/extensionHostProcess.js:154:203299)
	at A.registerCommand.description (/usr/share/code/resources/app/out/vs/workbench/api/node/extensionHostProcess.js:154:202623)
	at f.h (/usr/share/code/resources/app/out/vs/workbench/api/node/extensionHostProcess.js:154:204400)
	at f.g (/usr/share/code/resources/app/out/vs/workbench/api/node/extensionHostProcess.js:154:203392)
	at f.executeCommand (/usr/share/code/resources/app/out/vs/workbench/api/node/extensionHostProcess.js:154:203299)
	at Object.executeCommand (/usr/share/code/resources/app/out/vs/workbench/api/node/extensionHostProcess.js:164:23051)
	at set hasGitHubRepositories (/usr/share/code/resources/app/extensions/github/dist/extension.js:2:322969)
	at /usr/share/code/resources/app/extensions/github/dist/extension.js:2:323928
	at n.value (/usr/share/code/resources/app/extensions/git/dist/main.js:2:1055238)
	at r.B (/usr/share/code/resources/app/out/vs/workbench/api/node/extensionHostProcess.js:83:737)
	at r.C (/usr/share/code/resources/app/out/vs/workbench/api/node/extensionHostProcess.js:83:807)
	at r.fire (/usr/share/code/resources/app/out/vs/workbench/api/node/extensionHostProcess.js:83:1023)
	at Object.p [as dispose] (/usr/share/code/resources/app/extensions/git/dist/main.js:2:968700)
	at /usr/share/code/resources/app/extensions/git/dist/main.js:2:974738
	at Array.forEach (<anonymous>)
	at f.dispose (/usr/share/code/resources/app/extensions/git/dist/main.js:2:974724)
	at c.<anonymous> (/usr/share/code/resources/app/out/vs/workbench/api/node/extensionHostProcess.js:152:4048)
	at c.dispose (/usr/share/code/resources/app/out/vs/workbench/api/node/extensionHostProcess.js:152:4145)
	at c.<anonymous> (/usr/share/code/resources/app/extensions/git/dist/main.js:2:951753)
	at c.dispose (/usr/share/code/resources/app/out/vs/workbench/api/node/extensionHostProcess.js:152:4145)
	at d (/usr/share/code/resources/app/out/vs/workbench/api/node/extensionHostProcess.js:30:744)
	at m.eb (/usr/share/code/resources/app/out/vs/workbench/api/node/extensionHostProcess.js:160:10039)
	at /usr/share/code/resources/app/out/vs/workbench/api/node/extensionHostProcess.js:160:7915
	at Array.map (<anonymous>)
	at m.$ (/usr/share/code/resources/app/out/vs/workbench/api/node/extensionHostProcess.js:160:7902)
	at m.terminate (/usr/share/code/resources/app/out/vs/workbench/api/node/extensionHostProcess.js:160:8175)
	at d.terminate (/usr/share/code/resources/app/out/vs/workbench/api/node/extensionHostProcess.js:164:1513)
	at i (/usr/share/code/resources/app/out/vs/workbench/api/node/extensionHostProcess.js:177:10617)
	at MessagePortMain.<anonymous> (/usr/share/code/resources/app/out/vs/workbench/api/node/extensionHostProcess.js:177:6809)
	at MessagePortMain.emit (node:events:514:28)
	at MessagePortMain._internalPort.emit (node:electron/js2c/utility_init:2:2285) setContext undefined
2024-07-25 13:38:34.790 [info] Extension host with pid 56438 exiting with code 0
2024-07-25 13:38:35.859 [info] Extension host with pid 57689 started
2024-07-25 13:38:35.859 [info] Skipping acquiring lock for /home/hrishikesh/.config/Code/User/workspaceStorage/77c62c919dd245bfc54341e6154725a7.
2024-07-25 13:38:35.904 [info] ExtensionService#_doActivateExtension vscode.git-base, startup: true, activationEvent: '*', root cause: vscode.git
2024-07-25 13:38:35.926 [info] ExtensionService#_doActivateExtension vscode.emmet, startup: false, activationEvent: 'onLanguage'
2024-07-25 13:38:35.931 [info] ExtensionService#_doActivateExtension vscode.configuration-editing, startup: false, activationEvent: 'onLanguage:jsonc'
2024-07-25 13:38:35.934 [info] ExtensionService#_doActivateExtension vscode.json-language-features, startup: false, activationEvent: 'onLanguage:jsonc'
2024-07-25 13:38:35.952 [info] ExtensionService#_doActivateExtension vscode.typescript-language-features, startup: false, activationEvent: 'onLanguage:jsonc'
2024-07-25 13:38:35.972 [info] ExtensionService#_doActivateExtension vscode.github-authentication, startup: false, activationEvent: 'onAuthenticationRequest:github'
2024-07-25 13:38:35.994 [info] ExtensionService#_doActivateExtension vscode.npm, startup: true, activationEvent: 'workspaceContains:package.json'
2024-07-25 13:38:36.155 [info] ExtensionService#_doActivateExtension vscode.git, startup: true, activationEvent: '*'
2024-07-25 13:38:36.339 [info] ExtensionService#_doActivateExtension vscode.github, startup: true, activationEvent: '*'
2024-07-25 13:38:36.436 [info] Eager extensions activated
2024-07-25 13:38:36.520 [info] ExtensionService#_doActivateExtension vscode.debug-auto-launch, startup: false, activationEvent: 'onStartupFinished'
2024-07-25 13:38:36.521 [info] ExtensionService#_doActivateExtension vscode.merge-conflict, startup: false, activationEvent: 'onStartupFinished'
2024-07-25 13:38:55.993 [info] Extension host terminating: renderer closed the MessagePort
2024-07-25 13:38:56.039 [error] Canceled: Canceled
	at new I (/usr/share/code/resources/app/out/vs/workbench/api/node/extensionHostProcess.js:144:34990)
	at S.U (/usr/share/code/resources/app/out/vs/workbench/api/node/extensionHostProcess.js:151:6023)
	at z.<computed>.F.charCodeAt.T.CharCode.DollarSign.z.<computed> (/usr/share/code/resources/app/out/vs/workbench/api/node/extensionHostProcess.js:151:3107)
	at f.g (/usr/share/code/resources/app/out/vs/workbench/api/node/extensionHostProcess.js:154:203861)
	at f.executeCommand (/usr/share/code/resources/app/out/vs/workbench/api/node/extensionHostProcess.js:154:203299)
	at A.registerCommand.description (/usr/share/code/resources/app/out/vs/workbench/api/node/extensionHostProcess.js:154:202623)
	at f.h (/usr/share/code/resources/app/out/vs/workbench/api/node/extensionHostProcess.js:154:204400)
	at f.g (/usr/share/code/resources/app/out/vs/workbench/api/node/extensionHostProcess.js:154:203392)
	at f.executeCommand (/usr/share/code/resources/app/out/vs/workbench/api/node/extensionHostProcess.js:154:203299)
	at Object.executeCommand (/usr/share/code/resources/app/out/vs/workbench/api/node/extensionHostProcess.js:164:23051)
	at n.O [as value] (/usr/share/code/resources/app/extensions/git/dist/main.js:2:949496)
	at r.B (/usr/share/code/resources/app/out/vs/workbench/api/node/extensionHostProcess.js:83:737)
	at r.C (/usr/share/code/resources/app/out/vs/workbench/api/node/extensionHostProcess.js:83:807)
	at r.fire (/usr/share/code/resources/app/out/vs/workbench/api/node/extensionHostProcess.js:83:1023)
	at Object.p [as dispose] (/usr/share/code/resources/app/extensions/git/dist/main.js:2:968700)
	at /usr/share/code/resources/app/extensions/git/dist/main.js:2:974738
	at Array.forEach (<anonymous>)
	at f.dispose (/usr/share/code/resources/app/extensions/git/dist/main.js:2:974724)
	at c.<anonymous> (/usr/share/code/resources/app/out/vs/workbench/api/node/extensionHostProcess.js:152:4048)
	at c.dispose (/usr/share/code/resources/app/out/vs/workbench/api/node/extensionHostProcess.js:152:4145)
	at c.<anonymous> (/usr/share/code/resources/app/extensions/git/dist/main.js:2:951753)
	at c.dispose (/usr/share/code/resources/app/out/vs/workbench/api/node/extensionHostProcess.js:152:4145)
	at d (/usr/share/code/resources/app/out/vs/workbench/api/node/extensionHostProcess.js:30:744)
	at m.eb (/usr/share/code/resources/app/out/vs/workbench/api/node/extensionHostProcess.js:160:10039)
	at /usr/share/code/resources/app/out/vs/workbench/api/node/extensionHostProcess.js:160:7915
	at Array.map (<anonymous>)
	at m.$ (/usr/share/code/resources/app/out/vs/workbench/api/node/extensionHostProcess.js:160:7902)
	at m.terminate (/usr/share/code/resources/app/out/vs/workbench/api/node/extensionHostProcess.js:160:8175)
	at d.terminate (/usr/share/code/resources/app/out/vs/workbench/api/node/extensionHostProcess.js:164:1513)
	at i (/usr/share/code/resources/app/out/vs/workbench/api/node/extensionHostProcess.js:177:10617)
	at MessagePortMain.<anonymous> (/usr/share/code/resources/app/out/vs/workbench/api/node/extensionHostProcess.js:177:6809)
	at MessagePortMain.emit (node:events:514:28)
	at MessagePortMain._internalPort.emit (node:electron/js2c/utility_init:2:2285) setContext undefined
2024-07-25 13:38:56.040 [error] Canceled: Canceled
	at new I (/usr/share/code/resources/app/out/vs/workbench/api/node/extensionHostProcess.js:144:34990)
	at S.U (/usr/share/code/resources/app/out/vs/workbench/api/node/extensionHostProcess.js:151:6023)
	at z.<computed>.F.charCodeAt.T.CharCode.DollarSign.z.<computed> (/usr/share/code/resources/app/out/vs/workbench/api/node/extensionHostProcess.js:151:3107)
	at f.g (/usr/share/code/resources/app/out/vs/workbench/api/node/extensionHostProcess.js:154:203861)
	at f.executeCommand (/usr/share/code/resources/app/out/vs/workbench/api/node/extensionHostProcess.js:154:203299)
	at A.registerCommand.description (/usr/share/code/resources/app/out/vs/workbench/api/node/extensionHostProcess.js:154:202623)
	at f.h (/usr/share/code/resources/app/out/vs/workbench/api/node/extensionHostProcess.js:154:204400)
	at f.g (/usr/share/code/resources/app/out/vs/workbench/api/node/extensionHostProcess.js:154:203392)
	at f.executeCommand (/usr/share/code/resources/app/out/vs/workbench/api/node/extensionHostProcess.js:154:203299)
	at Object.executeCommand (/usr/share/code/resources/app/out/vs/workbench/api/node/extensionHostProcess.js:164:23051)
	at set hasGitHubRepositories (/usr/share/code/resources/app/extensions/github/dist/extension.js:2:322969)
	at /usr/share/code/resources/app/extensions/github/dist/extension.js:2:323928
	at n.value (/usr/share/code/resources/app/extensions/git/dist/main.js:2:1055238)
	at r.B (/usr/share/code/resources/app/out/vs/workbench/api/node/extensionHostProcess.js:83:737)
	at r.C (/usr/share/code/resources/app/out/vs/workbench/api/node/extensionHostProcess.js:83:807)
	at r.fire (/usr/share/code/resources/app/out/vs/workbench/api/node/extensionHostProcess.js:83:1023)
	at Object.p [as dispose] (/usr/share/code/resources/app/extensions/git/dist/main.js:2:968700)
	at /usr/share/code/resources/app/extensions/git/dist/main.js:2:974738
	at Array.forEach (<anonymous>)
	at f.dispose (/usr/share/code/resources/app/extensions/git/dist/main.js:2:974724)
	at c.<anonymous> (/usr/share/code/resources/app/out/vs/workbench/api/node/extensionHostProcess.js:152:4048)
	at c.dispose (/usr/share/code/resources/app/out/vs/workbench/api/node/extensionHostProcess.js:152:4145)
	at c.<anonymous> (/usr/share/code/resources/app/extensions/git/dist/main.js:2:951753)
	at c.dispose (/usr/share/code/resources/app/out/vs/workbench/api/node/extensionHostProcess.js:152:4145)
	at d (/usr/share/code/resources/app/out/vs/workbench/api/node/extensionHostProcess.js:30:744)
	at m.eb (/usr/share/code/resources/app/out/vs/workbench/api/node/extensionHostProcess.js:160:10039)
	at /usr/share/code/resources/app/out/vs/workbench/api/node/extensionHostProcess.js:160:7915
	at Array.map (<anonymous>)
	at m.$ (/usr/share/code/resources/app/out/vs/workbench/api/node/extensionHostProcess.js:160:7902)
	at m.terminate (/usr/share/code/resources/app/out/vs/workbench/api/node/extensionHostProcess.js:160:8175)
	at d.terminate (/usr/share/code/resources/app/out/vs/workbench/api/node/extensionHostProcess.js:164:1513)
	at i (/usr/share/code/resources/app/out/vs/workbench/api/node/extensionHostProcess.js:177:10617)
	at MessagePortMain.<anonymous> (/usr/share/code/resources/app/out/vs/workbench/api/node/extensionHostProcess.js:177:6809)
	at MessagePortMain.emit (node:events:514:28)
	at MessagePortMain._internalPort.emit (node:electron/js2c/utility_init:2:2285) setContext undefined
2024-07-25 13:38:56.041 [info] Extension host with pid 57689 exiting with code 0
2024-07-25 13:38:56.940 [info] Extension host with pid 57807 started
2024-07-25 13:38:56.940 [info] Skipping acquiring lock for /home/hrishikesh/.config/Code/User/workspaceStorage/77c62c919dd245bfc54341e6154725a7.
2024-07-25 13:38:57.064 [info] ExtensionService#_doActivateExtension vscode.git-base, startup: true, activationEvent: '*', root cause: vscode.git
2024-07-25 13:38:57.067 [info] ExtensionService#_doActivateExtension vscode.emmet, startup: false, activationEvent: 'onLanguage'
2024-07-25 13:38:57.076 [info] ExtensionService#_doActivateExtension vscode.configuration-editing, startup: false, activationEvent: 'onLanguage:jsonc'
2024-07-25 13:38:57.082 [info] ExtensionService#_doActivateExtension vscode.json-language-features, startup: false, activationEvent: 'onLanguage:jsonc'
2024-07-25 13:38:57.105 [info] ExtensionService#_doActivateExtension vscode.typescript-language-features, startup: false, activationEvent: 'onLanguage:jsonc'
2024-07-25 13:38:57.125 [info] ExtensionService#_doActivateExtension vscode.github-authentication, startup: false, activationEvent: 'onAuthenticationRequest:github'
2024-07-25 13:38:57.136 [info] ExtensionService#_doActivateExtension vscodevim.vim, startup: false, activationEvent: 'onCommand:type'
2024-07-25 13:38:57.184 [info] ExtensionService#_doActivateExtension vscode.npm, startup: true, activationEvent: 'workspaceContains:package.json'
2024-07-25 13:38:57.387 [info] ExtensionService#_doActivateExtension vscode.git, startup: true, activationEvent: '*'
2024-07-25 13:38:57.414 [info] ExtensionService#_doActivateExtension vscode.github, startup: true, activationEvent: '*'
2024-07-25 13:38:57.587 [info] Eager extensions activated
2024-07-25 13:38:57.683 [info] ExtensionService#_doActivateExtension vscode.debug-auto-launch, startup: false, activationEvent: 'onStartupFinished'
2024-07-25 13:38:57.690 [info] ExtensionService#_doActivateExtension vscode.merge-conflict, startup: false, activationEvent: 'onStartupFinished'
2024-07-25 13:38:57.722 [info] ExtensionService#_doActivateExtension Catppuccin.catppuccin-vsc, startup: false, activationEvent: 'onStartupFinished'
2024-07-25 13:38:57.725 [info] ExtensionService#_doActivateExtension esbenp.prettier-vscode, startup: false, activationEvent: 'onStartupFinished'
2024-07-25 13:39:00.144 [warning] vscode.json-language-features - Code actions of kind 'quickfix' requested but returned code action is of kind 'source.sort.json'. Code action will be dropped. Please check 'CodeActionContext.only' to only return requested code actions.
2024-07-25 13:39:05.573 [info] ExtensionService#_doActivateExtension vscode.extension-editing, startup: false, activationEvent: 'onLanguage:json'
2024-07-25 13:39:53.732 [info] ExtensionService#_doActivateExtension dsznajder.es7-react-js-snippets, startup: false, activationEvent: 'onLanguage:typescript'
2024-07-25 13:40:28.232 [info] Extension host terminating: renderer closed the MessagePort
2024-07-25 13:40:28.312 [error] Canceled: Canceled
	at new I (/usr/share/code/resources/app/out/vs/workbench/api/node/extensionHostProcess.js:144:34990)
	at S.U (/usr/share/code/resources/app/out/vs/workbench/api/node/extensionHostProcess.js:151:6023)
	at z.<computed>.F.charCodeAt.T.CharCode.DollarSign.z.<computed> (/usr/share/code/resources/app/out/vs/workbench/api/node/extensionHostProcess.js:151:3107)
	at f.g (/usr/share/code/resources/app/out/vs/workbench/api/node/extensionHostProcess.js:154:203861)
	at f.executeCommand (/usr/share/code/resources/app/out/vs/workbench/api/node/extensionHostProcess.js:154:203299)
	at A.registerCommand.description (/usr/share/code/resources/app/out/vs/workbench/api/node/extensionHostProcess.js:154:202623)
	at f.h (/usr/share/code/resources/app/out/vs/workbench/api/node/extensionHostProcess.js:154:204400)
	at f.g (/usr/share/code/resources/app/out/vs/workbench/api/node/extensionHostProcess.js:154:203392)
	at f.executeCommand (/usr/share/code/resources/app/out/vs/workbench/api/node/extensionHostProcess.js:154:203299)
	at Object.executeCommand (/usr/share/code/resources/app/out/vs/workbench/api/node/extensionHostProcess.js:164:23051)
	at n.O [as value] (/usr/share/code/resources/app/extensions/git/dist/main.js:2:949496)
	at r.B (/usr/share/code/resources/app/out/vs/workbench/api/node/extensionHostProcess.js:83:737)
	at r.C (/usr/share/code/resources/app/out/vs/workbench/api/node/extensionHostProcess.js:83:807)
	at r.fire (/usr/share/code/resources/app/out/vs/workbench/api/node/extensionHostProcess.js:83:1023)
	at Object.p [as dispose] (/usr/share/code/resources/app/extensions/git/dist/main.js:2:968700)
	at /usr/share/code/resources/app/extensions/git/dist/main.js:2:974738
	at Array.forEach (<anonymous>)
	at f.dispose (/usr/share/code/resources/app/extensions/git/dist/main.js:2:974724)
	at c.<anonymous> (/usr/share/code/resources/app/out/vs/workbench/api/node/extensionHostProcess.js:152:4048)
	at c.dispose (/usr/share/code/resources/app/out/vs/workbench/api/node/extensionHostProcess.js:152:4145)
	at c.<anonymous> (/usr/share/code/resources/app/extensions/git/dist/main.js:2:951753)
	at c.dispose (/usr/share/code/resources/app/out/vs/workbench/api/node/extensionHostProcess.js:152:4145)
	at d (/usr/share/code/resources/app/out/vs/workbench/api/node/extensionHostProcess.js:30:744)
	at m.eb (/usr/share/code/resources/app/out/vs/workbench/api/node/extensionHostProcess.js:160:10039)
	at /usr/share/code/resources/app/out/vs/workbench/api/node/extensionHostProcess.js:160:7915
	at Array.map (<anonymous>)
	at m.$ (/usr/share/code/resources/app/out/vs/workbench/api/node/extensionHostProcess.js:160:7902)
	at m.terminate (/usr/share/code/resources/app/out/vs/workbench/api/node/extensionHostProcess.js:160:8175)
	at d.terminate (/usr/share/code/resources/app/out/vs/workbench/api/node/extensionHostProcess.js:164:1513)
	at i (/usr/share/code/resources/app/out/vs/workbench/api/node/extensionHostProcess.js:177:10617)
	at MessagePortMain.<anonymous> (/usr/share/code/resources/app/out/vs/workbench/api/node/extensionHostProcess.js:177:6809)
	at MessagePortMain.emit (node:events:514:28)
	at MessagePortMain._internalPort.emit (node:electron/js2c/utility_init:2:2285) setContext undefined
2024-07-25 13:40:28.312 [error] Canceled: Canceled
	at new I (/usr/share/code/resources/app/out/vs/workbench/api/node/extensionHostProcess.js:144:34990)
	at S.U (/usr/share/code/resources/app/out/vs/workbench/api/node/extensionHostProcess.js:151:6023)
	at z.<computed>.F.charCodeAt.T.CharCode.DollarSign.z.<computed> (/usr/share/code/resources/app/out/vs/workbench/api/node/extensionHostProcess.js:151:3107)
	at f.g (/usr/share/code/resources/app/out/vs/workbench/api/node/extensionHostProcess.js:154:203861)
	at f.executeCommand (/usr/share/code/resources/app/out/vs/workbench/api/node/extensionHostProcess.js:154:203299)
	at A.registerCommand.description (/usr/share/code/resources/app/out/vs/workbench/api/node/extensionHostProcess.js:154:202623)
	at f.h (/usr/share/code/resources/app/out/vs/workbench/api/node/extensionHostProcess.js:154:204400)
	at f.g (/usr/share/code/resources/app/out/vs/workbench/api/node/extensionHostProcess.js:154:203392)
	at f.executeCommand (/usr/share/code/resources/app/out/vs/workbench/api/node/extensionHostProcess.js:154:203299)
	at Object.executeCommand (/usr/share/code/resources/app/out/vs/workbench/api/node/extensionHostProcess.js:164:23051)
	at set hasGitHubRepositories (/usr/share/code/resources/app/extensions/github/dist/extension.js:2:322969)
	at /usr/share/code/resources/app/extensions/github/dist/extension.js:2:323928
	at n.value (/usr/share/code/resources/app/extensions/git/dist/main.js:2:1055238)
	at r.B (/usr/share/code/resources/app/out/vs/workbench/api/node/extensionHostProcess.js:83:737)
	at r.C (/usr/share/code/resources/app/out/vs/workbench/api/node/extensionHostProcess.js:83:807)
	at r.fire (/usr/share/code/resources/app/out/vs/workbench/api/node/extensionHostProcess.js:83:1023)
	at Object.p [as dispose] (/usr/share/code/resources/app/extensions/git/dist/main.js:2:968700)
	at /usr/share/code/resources/app/extensions/git/dist/main.js:2:974738
	at Array.forEach (<anonymous>)
	at f.dispose (/usr/share/code/resources/app/extensions/git/dist/main.js:2:974724)
	at c.<anonymous> (/usr/share/code/resources/app/out/vs/workbench/api/node/extensionHostProcess.js:152:4048)
	at c.dispose (/usr/share/code/resources/app/out/vs/workbench/api/node/extensionHostProcess.js:152:4145)
	at c.<anonymous> (/usr/share/code/resources/app/extensions/git/dist/main.js:2:951753)
	at c.dispose (/usr/share/code/resources/app/out/vs/workbench/api/node/extensionHostProcess.js:152:4145)
	at d (/usr/share/code/resources/app/out/vs/workbench/api/node/extensionHostProcess.js:30:744)
	at m.eb (/usr/share/code/resources/app/out/vs/workbench/api/node/extensionHostProcess.js:160:10039)
	at /usr/share/code/resources/app/out/vs/workbench/api/node/extensionHostProcess.js:160:7915
	at Array.map (<anonymous>)
	at m.$ (/usr/share/code/resources/app/out/vs/workbench/api/node/extensionHostProcess.js:160:7902)
	at m.terminate (/usr/share/code/resources/app/out/vs/workbench/api/node/extensionHostProcess.js:160:8175)
	at d.terminate (/usr/share/code/resources/app/out/vs/workbench/api/node/extensionHostProcess.js:164:1513)
	at i (/usr/share/code/resources/app/out/vs/workbench/api/node/extensionHostProcess.js:177:10617)
	at MessagePortMain.<anonymous> (/usr/share/code/resources/app/out/vs/workbench/api/node/extensionHostProcess.js:177:6809)
	at MessagePortMain.emit (node:events:514:28)
	at MessagePortMain._internalPort.emit (node:electron/js2c/utility_init:2:2285) setContext undefined
2024-07-25 13:40:28.320 [info] Extension host with pid 57807 exiting with code 0
2024-07-25 13:40:28.925 [info] Extension host with pid 57966 started
2024-07-25 13:40:28.925 [info] Skipping acquiring lock for /home/hrishikesh/.config/Code/User/workspaceStorage/77c62c919dd245bfc54341e6154725a7.
2024-07-25 13:40:29.026 [info] ExtensionService#_doActivateExtension vscode.git-base, startup: true, activationEvent: '*', root cause: vscode.git
2024-07-25 13:40:29.029 [info] ExtensionService#_doActivateExtension vscode.emmet, startup: false, activationEvent: 'onLanguage'
2024-07-25 13:40:29.034 [info] ExtensionService#_doActivateExtension vscode.configuration-editing, startup: false, activationEvent: 'onLanguage:jsonc'
2024-07-25 13:40:29.042 [info] ExtensionService#_doActivateExtension vscode.json-language-features, startup: false, activationEvent: 'onLanguage:jsonc'
2024-07-25 13:40:29.080 [info] ExtensionService#_doActivateExtension vscode.typescript-language-features, startup: false, activationEvent: 'onLanguage:jsonc'
2024-07-25 13:40:29.103 [info] ExtensionService#_doActivateExtension vscode.github-authentication, startup: false, activationEvent: 'onAuthenticationRequest:github'
2024-07-25 13:40:29.117 [info] ExtensionService#_doActivateExtension vscodevim.vim, startup: false, activationEvent: 'onCommand:type'
2024-07-25 13:40:29.179 [info] ExtensionService#_doActivateExtension dsznajder.es7-react-js-snippets, startup: false, activationEvent: 'onLanguage:typescript'
2024-07-25 13:40:29.366 [info] ExtensionService#_doActivateExtension vscode.extension-editing, startup: false, activationEvent: 'onLanguage:json'
2024-07-25 13:40:29.370 [info] ExtensionService#_doActivateExtension vscode.npm, startup: false, activationEvent: 'onLanguage:json'
2024-07-25 13:40:29.533 [info] ExtensionService#_doActivateExtension vscode.git, startup: true, activationEvent: '*'
2024-07-25 13:40:29.556 [info] ExtensionService#_doActivateExtension vscode.github, startup: true, activationEvent: '*'
2024-07-25 13:40:29.728 [info] Eager extensions activated
2024-07-25 13:40:29.792 [info] ExtensionService#_doActivateExtension vscode.debug-auto-launch, startup: false, activationEvent: 'onStartupFinished'
2024-07-25 13:40:29.793 [info] ExtensionService#_doActivateExtension vscode.merge-conflict, startup: false, activationEvent: 'onStartupFinished'
2024-07-25 13:40:29.804 [info] ExtensionService#_doActivateExtension Catppuccin.catppuccin-vsc, startup: false, activationEvent: 'onStartupFinished'
2024-07-25 13:40:29.808 [info] ExtensionService#_doActivateExtension esbenp.prettier-vscode, startup: false, activationEvent: 'onStartupFinished'
2024-07-25 13:40:43.704 [info] Extension host terminating: renderer closed the MessagePort
2024-07-25 13:40:43.751 [error] Canceled: Canceled
	at new I (/usr/share/code/resources/app/out/vs/workbench/api/node/extensionHostProcess.js:144:34990)
	at S.U (/usr/share/code/resources/app/out/vs/workbench/api/node/extensionHostProcess.js:151:6023)
	at z.<computed>.F.charCodeAt.T.CharCode.DollarSign.z.<computed> (/usr/share/code/resources/app/out/vs/workbench/api/node/extensionHostProcess.js:151:3107)
	at f.g (/usr/share/code/resources/app/out/vs/workbench/api/node/extensionHostProcess.js:154:203861)
	at f.executeCommand (/usr/share/code/resources/app/out/vs/workbench/api/node/extensionHostProcess.js:154:203299)
	at A.registerCommand.description (/usr/share/code/resources/app/out/vs/workbench/api/node/extensionHostProcess.js:154:202623)
	at f.h (/usr/share/code/resources/app/out/vs/workbench/api/node/extensionHostProcess.js:154:204400)
	at f.g (/usr/share/code/resources/app/out/vs/workbench/api/node/extensionHostProcess.js:154:203392)
	at f.executeCommand (/usr/share/code/resources/app/out/vs/workbench/api/node/extensionHostProcess.js:154:203299)
	at Object.executeCommand (/usr/share/code/resources/app/out/vs/workbench/api/node/extensionHostProcess.js:164:23051)
	at n.O [as value] (/usr/share/code/resources/app/extensions/git/dist/main.js:2:949496)
	at r.B (/usr/share/code/resources/app/out/vs/workbench/api/node/extensionHostProcess.js:83:737)
	at r.C (/usr/share/code/resources/app/out/vs/workbench/api/node/extensionHostProcess.js:83:807)
	at r.fire (/usr/share/code/resources/app/out/vs/workbench/api/node/extensionHostProcess.js:83:1023)
	at Object.p [as dispose] (/usr/share/code/resources/app/extensions/git/dist/main.js:2:968700)
	at /usr/share/code/resources/app/extensions/git/dist/main.js:2:974738
	at Array.forEach (<anonymous>)
	at f.dispose (/usr/share/code/resources/app/extensions/git/dist/main.js:2:974724)
	at c.<anonymous> (/usr/share/code/resources/app/out/vs/workbench/api/node/extensionHostProcess.js:152:4048)
	at c.dispose (/usr/share/code/resources/app/out/vs/workbench/api/node/extensionHostProcess.js:152:4145)
	at c.<anonymous> (/usr/share/code/resources/app/extensions/git/dist/main.js:2:951753)
	at c.dispose (/usr/share/code/resources/app/out/vs/workbench/api/node/extensionHostProcess.js:152:4145)
	at d (/usr/share/code/resources/app/out/vs/workbench/api/node/extensionHostProcess.js:30:744)
	at m.eb (/usr/share/code/resources/app/out/vs/workbench/api/node/extensionHostProcess.js:160:10039)
	at /usr/share/code/resources/app/out/vs/workbench/api/node/extensionHostProcess.js:160:7915
	at Array.map (<anonymous>)
	at m.$ (/usr/share/code/resources/app/out/vs/workbench/api/node/extensionHostProcess.js:160:7902)
	at m.terminate (/usr/share/code/resources/app/out/vs/workbench/api/node/extensionHostProcess.js:160:8175)
	at d.terminate (/usr/share/code/resources/app/out/vs/workbench/api/node/extensionHostProcess.js:164:1513)
	at i (/usr/share/code/resources/app/out/vs/workbench/api/node/extensionHostProcess.js:177:10617)
	at MessagePortMain.<anonymous> (/usr/share/code/resources/app/out/vs/workbench/api/node/extensionHostProcess.js:177:6809)
	at MessagePortMain.emit (node:events:514:28)
	at MessagePortMain._internalPort.emit (node:electron/js2c/utility_init:2:2285) setContext undefined
2024-07-25 13:40:43.751 [error] Canceled: Canceled
	at new I (/usr/share/code/resources/app/out/vs/workbench/api/node/extensionHostProcess.js:144:34990)
	at S.U (/usr/share/code/resources/app/out/vs/workbench/api/node/extensionHostProcess.js:151:6023)
	at z.<computed>.F.charCodeAt.T.CharCode.DollarSign.z.<computed> (/usr/share/code/resources/app/out/vs/workbench/api/node/extensionHostProcess.js:151:3107)
	at f.g (/usr/share/code/resources/app/out/vs/workbench/api/node/extensionHostProcess.js:154:203861)
	at f.executeCommand (/usr/share/code/resources/app/out/vs/workbench/api/node/extensionHostProcess.js:154:203299)
	at A.registerCommand.description (/usr/share/code/resources/app/out/vs/workbench/api/node/extensionHostProcess.js:154:202623)
	at f.h (/usr/share/code/resources/app/out/vs/workbench/api/node/extensionHostProcess.js:154:204400)
	at f.g (/usr/share/code/resources/app/out/vs/workbench/api/node/extensionHostProcess.js:154:203392)
	at f.executeCommand (/usr/share/code/resources/app/out/vs/workbench/api/node/extensionHostProcess.js:154:203299)
	at Object.executeCommand (/usr/share/code/resources/app/out/vs/workbench/api/node/extensionHostProcess.js:164:23051)
	at set hasGitHubRepositories (/usr/share/code/resources/app/extensions/github/dist/extension.js:2:322969)
	at /usr/share/code/resources/app/extensions/github/dist/extension.js:2:323928
	at n.value (/usr/share/code/resources/app/extensions/git/dist/main.js:2:1055238)
	at r.B (/usr/share/code/resources/app/out/vs/workbench/api/node/extensionHostProcess.js:83:737)
	at r.C (/usr/share/code/resources/app/out/vs/workbench/api/node/extensionHostProcess.js:83:807)
	at r.fire (/usr/share/code/resources/app/out/vs/workbench/api/node/extensionHostProcess.js:83:1023)
	at Object.p [as dispose] (/usr/share/code/resources/app/extensions/git/dist/main.js:2:968700)
	at /usr/share/code/resources/app/extensions/git/dist/main.js:2:974738
	at Array.forEach (<anonymous>)
	at f.dispose (/usr/share/code/resources/app/extensions/git/dist/main.js:2:974724)
	at c.<anonymous> (/usr/share/code/resources/app/out/vs/workbench/api/node/extensionHostProcess.js:152:4048)
	at c.dispose (/usr/share/code/resources/app/out/vs/workbench/api/node/extensionHostProcess.js:152:4145)
	at c.<anonymous> (/usr/share/code/resources/app/extensions/git/dist/main.js:2:951753)
	at c.dispose (/usr/share/code/resources/app/out/vs/workbench/api/node/extensionHostProcess.js:152:4145)
	at d (/usr/share/code/resources/app/out/vs/workbench/api/node/extensionHostProcess.js:30:744)
	at m.eb (/usr/share/code/resources/app/out/vs/workbench/api/node/extensionHostProcess.js:160:10039)
	at /usr/share/code/resources/app/out/vs/workbench/api/node/extensionHostProcess.js:160:7915
	at Array.map (<anonymous>)
	at m.$ (/usr/share/code/resources/app/out/vs/workbench/api/node/extensionHostProcess.js:160:7902)
	at m.terminate (/usr/share/code/resources/app/out/vs/workbench/api/node/extensionHostProcess.js:160:8175)
	at d.terminate (/usr/share/code/resources/app/out/vs/workbench/api/node/extensionHostProcess.js:164:1513)
	at i (/usr/share/code/resources/app/out/vs/workbench/api/node/extensionHostProcess.js:177:10617)
	at MessagePortMain.<anonymous> (/usr/share/code/resources/app/out/vs/workbench/api/node/extensionHostProcess.js:177:6809)
	at MessagePortMain.emit (node:events:514:28)
	at MessagePortMain._internalPort.emit (node:electron/js2c/utility_init:2:2285) setContext undefined
2024-07-25 13:40:43.756 [info] Extension host with pid 57966 exiting with code 0
2024-07-25 13:40:44.242 [info] Extension host with pid 58098 started
2024-07-25 13:40:44.242 [info] Skipping acquiring lock for /home/hrishikesh/.config/Code/User/workspaceStorage/77c62c919dd245bfc54341e6154725a7.
2024-07-25 13:40:44.286 [info] ExtensionService#_doActivateExtension vscode.git-base, startup: true, activationEvent: '*', root cause: vscode.git
2024-07-25 13:40:44.290 [info] ExtensionService#_doActivateExtension vscode.emmet, startup: false, activationEvent: 'onLanguage'
2024-07-25 13:40:44.296 [info] ExtensionService#_doActivateExtension vscode.configuration-editing, startup: false, activationEvent: 'onLanguage:jsonc'
2024-07-25 13:40:44.300 [info] ExtensionService#_doActivateExtension vscode.json-language-features, startup: false, activationEvent: 'onLanguage:jsonc'
2024-07-25 13:40:44.319 [info] ExtensionService#_doActivateExtension vscode.typescript-language-features, startup: false, activationEvent: 'onLanguage:jsonc'
2024-07-25 13:40:44.340 [info] ExtensionService#_doActivateExtension vscode.github-authentication, startup: false, activationEvent: 'onAuthenticationRequest:github'
2024-07-25 13:40:44.351 [info] ExtensionService#_doActivateExtension dsznajder.es7-react-js-snippets, startup: false, activationEvent: 'onLanguage:typescript'
2024-07-25 13:40:44.556 [info] ExtensionService#_doActivateExtension vscode.extension-editing, startup: false, activationEvent: 'onLanguage:json'
2024-07-25 13:40:44.563 [info] ExtensionService#_doActivateExtension vscode.npm, startup: false, activationEvent: 'onLanguage:json'
2024-07-25 13:40:44.737 [info] ExtensionService#_doActivateExtension vscode.git, startup: true, activationEvent: '*'
2024-07-25 13:40:44.761 [info] ExtensionService#_doActivateExtension vscode.github, startup: true, activationEvent: '*'
2024-07-25 13:40:45.174 [info] Eager extensions activated
2024-07-25 13:40:45.568 [info] ExtensionService#_doActivateExtension vscode.debug-auto-launch, startup: false, activationEvent: 'onStartupFinished'
2024-07-25 13:40:45.604 [info] ExtensionService#_doActivateExtension vscode.merge-conflict, startup: false, activationEvent: 'onStartupFinished'
2024-07-25 13:40:45.692 [info] ExtensionService#_doActivateExtension Catppuccin.catppuccin-vsc, startup: false, activationEvent: 'onStartupFinished'
2024-07-25 13:40:45.702 [info] ExtensionService#_doActivateExtension esbenp.prettier-vscode, startup: false, activationEvent: 'onStartupFinished'
2024-07-25 13:41:11.716 [warning] vscode.json-language-features - Code actions of kind 'quickfix' requested but returned code action is of kind 'source.sort.json'. Code action will be dropped. Please check 'CodeActionContext.only' to only return requested code actions.
2024-07-25 13:42:11.581 [info] Extension host terminating: renderer closed the MessagePort
2024-07-25 13:42:11.705 [error] Canceled: Canceled
	at new I (/usr/share/code/resources/app/out/vs/workbench/api/node/extensionHostProcess.js:144:34990)
	at S.U (/usr/share/code/resources/app/out/vs/workbench/api/node/extensionHostProcess.js:151:6023)
	at z.<computed>.F.charCodeAt.T.CharCode.DollarSign.z.<computed> (/usr/share/code/resources/app/out/vs/workbench/api/node/extensionHostProcess.js:151:3107)
	at f.g (/usr/share/code/resources/app/out/vs/workbench/api/node/extensionHostProcess.js:154:203861)
	at f.executeCommand (/usr/share/code/resources/app/out/vs/workbench/api/node/extensionHostProcess.js:154:203299)
	at A.registerCommand.description (/usr/share/code/resources/app/out/vs/workbench/api/node/extensionHostProcess.js:154:202623)
	at f.h (/usr/share/code/resources/app/out/vs/workbench/api/node/extensionHostProcess.js:154:204400)
	at f.g (/usr/share/code/resources/app/out/vs/workbench/api/node/extensionHostProcess.js:154:203392)
	at f.executeCommand (/usr/share/code/resources/app/out/vs/workbench/api/node/extensionHostProcess.js:154:203299)
	at Object.executeCommand (/usr/share/code/resources/app/out/vs/workbench/api/node/extensionHostProcess.js:164:23051)
	at n.O [as value] (/usr/share/code/resources/app/extensions/git/dist/main.js:2:949496)
	at r.B (/usr/share/code/resources/app/out/vs/workbench/api/node/extensionHostProcess.js:83:737)
	at r.C (/usr/share/code/resources/app/out/vs/workbench/api/node/extensionHostProcess.js:83:807)
	at r.fire (/usr/share/code/resources/app/out/vs/workbench/api/node/extensionHostProcess.js:83:1023)
	at Object.p [as dispose] (/usr/share/code/resources/app/extensions/git/dist/main.js:2:968700)
	at /usr/share/code/resources/app/extensions/git/dist/main.js:2:974738
	at Array.forEach (<anonymous>)
	at f.dispose (/usr/share/code/resources/app/extensions/git/dist/main.js:2:974724)
	at c.<anonymous> (/usr/share/code/resources/app/out/vs/workbench/api/node/extensionHostProcess.js:152:4048)
	at c.dispose (/usr/share/code/resources/app/out/vs/workbench/api/node/extensionHostProcess.js:152:4145)
	at c.<anonymous> (/usr/share/code/resources/app/extensions/git/dist/main.js:2:951753)
	at c.dispose (/usr/share/code/resources/app/out/vs/workbench/api/node/extensionHostProcess.js:152:4145)
	at d (/usr/share/code/resources/app/out/vs/workbench/api/node/extensionHostProcess.js:30:744)
	at m.eb (/usr/share/code/resources/app/out/vs/workbench/api/node/extensionHostProcess.js:160:10039)
	at /usr/share/code/resources/app/out/vs/workbench/api/node/extensionHostProcess.js:160:7915
	at Array.map (<anonymous>)
	at m.$ (/usr/share/code/resources/app/out/vs/workbench/api/node/extensionHostProcess.js:160:7902)
	at m.terminate (/usr/share/code/resources/app/out/vs/workbench/api/node/extensionHostProcess.js:160:8175)
	at d.terminate (/usr/share/code/resources/app/out/vs/workbench/api/node/extensionHostProcess.js:164:1513)
	at i (/usr/share/code/resources/app/out/vs/workbench/api/node/extensionHostProcess.js:177:10617)
	at MessagePortMain.<anonymous> (/usr/share/code/resources/app/out/vs/workbench/api/node/extensionHostProcess.js:177:6809)
	at MessagePortMain.emit (node:events:514:28)
	at MessagePortMain._internalPort.emit (node:electron/js2c/utility_init:2:2285) setContext undefined
2024-07-25 13:42:11.705 [error] Canceled: Canceled
	at new I (/usr/share/code/resources/app/out/vs/workbench/api/node/extensionHostProcess.js:144:34990)
	at S.U (/usr/share/code/resources/app/out/vs/workbench/api/node/extensionHostProcess.js:151:6023)
	at z.<computed>.F.charCodeAt.T.CharCode.DollarSign.z.<computed> (/usr/share/code/resources/app/out/vs/workbench/api/node/extensionHostProcess.js:151:3107)
	at f.g (/usr/share/code/resources/app/out/vs/workbench/api/node/extensionHostProcess.js:154:203861)
	at f.executeCommand (/usr/share/code/resources/app/out/vs/workbench/api/node/extensionHostProcess.js:154:203299)
	at A.registerCommand.description (/usr/share/code/resources/app/out/vs/workbench/api/node/extensionHostProcess.js:154:202623)
	at f.h (/usr/share/code/resources/app/out/vs/workbench/api/node/extensionHostProcess.js:154:204400)
	at f.g (/usr/share/code/resources/app/out/vs/workbench/api/node/extensionHostProcess.js:154:203392)
	at f.executeCommand (/usr/share/code/resources/app/out/vs/workbench/api/node/extensionHostProcess.js:154:203299)
	at Object.executeCommand (/usr/share/code/resources/app/out/vs/workbench/api/node/extensionHostProcess.js:164:23051)
	at set hasGitHubRepositories (/usr/share/code/resources/app/extensions/github/dist/extension.js:2:322969)
	at /usr/share/code/resources/app/extensions/github/dist/extension.js:2:323928
	at n.value (/usr/share/code/resources/app/extensions/git/dist/main.js:2:1055238)
	at r.B (/usr/share/code/resources/app/out/vs/workbench/api/node/extensionHostProcess.js:83:737)
	at r.C (/usr/share/code/resources/app/out/vs/workbench/api/node/extensionHostProcess.js:83:807)
	at r.fire (/usr/share/code/resources/app/out/vs/workbench/api/node/extensionHostProcess.js:83:1023)
	at Object.p [as dispose] (/usr/share/code/resources/app/extensions/git/dist/main.js:2:968700)
	at /usr/share/code/resources/app/extensions/git/dist/main.js:2:974738
	at Array.forEach (<anonymous>)
	at f.dispose (/usr/share/code/resources/app/extensions/git/dist/main.js:2:974724)
	at c.<anonymous> (/usr/share/code/resources/app/out/vs/workbench/api/node/extensionHostProcess.js:152:4048)
	at c.dispose (/usr/share/code/resources/app/out/vs/workbench/api/node/extensionHostProcess.js:152:4145)
	at c.<anonymous> (/usr/share/code/resources/app/extensions/git/dist/main.js:2:951753)
	at c.dispose (/usr/share/code/resources/app/out/vs/workbench/api/node/extensionHostProcess.js:152:4145)
	at d (/usr/share/code/resources/app/out/vs/workbench/api/node/extensionHostProcess.js:30:744)
	at m.eb (/usr/share/code/resources/app/out/vs/workbench/api/node/extensionHostProcess.js:160:10039)
	at /usr/share/code/resources/app/out/vs/workbench/api/node/extensionHostProcess.js:160:7915
	at Array.map (<anonymous>)
	at m.$ (/usr/share/code/resources/app/out/vs/workbench/api/node/extensionHostProcess.js:160:7902)
	at m.terminate (/usr/share/code/resources/app/out/vs/workbench/api/node/extensionHostProcess.js:160:8175)
	at d.terminate (/usr/share/code/resources/app/out/vs/workbench/api/node/extensionHostProcess.js:164:1513)
	at i (/usr/share/code/resources/app/out/vs/workbench/api/node/extensionHostProcess.js:177:10617)
	at MessagePortMain.<anonymous> (/usr/share/code/resources/app/out/vs/workbench/api/node/extensionHostProcess.js:177:6809)
	at MessagePortMain.emit (node:events:514:28)
	at MessagePortMain._internalPort.emit (node:electron/js2c/utility_init:2:2285) setContext undefined
2024-07-25 13:42:11.712 [info] Extension host with pid 58098 exiting with code 0
2024-07-25 13:42:12.427 [info] Extension host with pid 58239 started
2024-07-25 13:42:12.427 [info] Skipping acquiring lock for /home/hrishikesh/.config/Code/User/workspaceStorage/77c62c919dd245bfc54341e6154725a7.
2024-07-25 13:42:12.547 [info] ExtensionService#_doActivateExtension vscode.git-base, startup: true, activationEvent: '*', root cause: vscode.git
2024-07-25 13:42:12.554 [info] ExtensionService#_doActivateExtension vscode.emmet, startup: false, activationEvent: 'onLanguage'
2024-07-25 13:42:12.564 [info] ExtensionService#_doActivateExtension vscode.configuration-editing, startup: false, activationEvent: 'onLanguage:jsonc'
2024-07-25 13:42:12.571 [info] ExtensionService#_doActivateExtension vscode.json-language-features, startup: false, activationEvent: 'onLanguage:jsonc'
2024-07-25 13:42:12.597 [info] ExtensionService#_doActivateExtension vscode.typescript-language-features, startup: false, activationEvent: 'onLanguage:jsonc'
2024-07-25 13:42:12.633 [info] ExtensionService#_doActivateExtension vscode.github-authentication, startup: false, activationEvent: 'onAuthenticationRequest:github'
2024-07-25 13:42:12.693 [info] ExtensionService#_doActivateExtension dsznajder.es7-react-js-snippets, startup: false, activationEvent: 'onLanguage:typescript'
2024-07-25 13:42:13.422 [info] ExtensionService#_doActivateExtension vscode.extension-editing, startup: false, activationEvent: 'onLanguage:json'
2024-07-25 13:42:13.439 [info] ExtensionService#_doActivateExtension vscode.npm, startup: false, activationEvent: 'onLanguage:json'
2024-07-25 13:42:13.827 [info] ExtensionService#_doActivateExtension vscode.git, startup: true, activationEvent: '*'
2024-07-25 13:42:13.848 [info] ExtensionService#_doActivateExtension vscode.github, startup: true, activationEvent: '*'
2024-07-25 13:42:13.943 [info] Eager extensions activated
2024-07-25 13:42:14.044 [info] ExtensionService#_doActivateExtension vscode.debug-auto-launch, startup: false, activationEvent: 'onStartupFinished'
2024-07-25 13:42:14.045 [info] ExtensionService#_doActivateExtension vscode.merge-conflict, startup: false, activationEvent: 'onStartupFinished'
2024-07-25 13:42:14.071 [info] ExtensionService#_doActivateExtension Catppuccin.catppuccin-vsc, startup: false, activationEvent: 'onStartupFinished'
2024-07-25 13:42:14.076 [info] ExtensionService#_doActivateExtension esbenp.prettier-vscode, startup: false, activationEvent: 'onStartupFinished'
2024-07-25 13:46:11.577 [info] Extension host terminating: renderer closed the MessagePort
2024-07-25 13:46:11.652 [error] Canceled: Canceled
	at new I (/usr/share/code/resources/app/out/vs/workbench/api/node/extensionHostProcess.js:144:34990)
	at S.U (/usr/share/code/resources/app/out/vs/workbench/api/node/extensionHostProcess.js:151:6023)
	at z.<computed>.F.charCodeAt.T.CharCode.DollarSign.z.<computed> (/usr/share/code/resources/app/out/vs/workbench/api/node/extensionHostProcess.js:151:3107)
	at f.g (/usr/share/code/resources/app/out/vs/workbench/api/node/extensionHostProcess.js:154:203861)
	at f.executeCommand (/usr/share/code/resources/app/out/vs/workbench/api/node/extensionHostProcess.js:154:203299)
	at A.registerCommand.description (/usr/share/code/resources/app/out/vs/workbench/api/node/extensionHostProcess.js:154:202623)
	at f.h (/usr/share/code/resources/app/out/vs/workbench/api/node/extensionHostProcess.js:154:204400)
	at f.g (/usr/share/code/resources/app/out/vs/workbench/api/node/extensionHostProcess.js:154:203392)
	at f.executeCommand (/usr/share/code/resources/app/out/vs/workbench/api/node/extensionHostProcess.js:154:203299)
	at Object.executeCommand (/usr/share/code/resources/app/out/vs/workbench/api/node/extensionHostProcess.js:164:23051)
	at n.O [as value] (/usr/share/code/resources/app/extensions/git/dist/main.js:2:949496)
	at r.B (/usr/share/code/resources/app/out/vs/workbench/api/node/extensionHostProcess.js:83:737)
	at r.C (/usr/share/code/resources/app/out/vs/workbench/api/node/extensionHostProcess.js:83:807)
	at r.fire (/usr/share/code/resources/app/out/vs/workbench/api/node/extensionHostProcess.js:83:1023)
	at Object.p [as dispose] (/usr/share/code/resources/app/extensions/git/dist/main.js:2:968700)
	at /usr/share/code/resources/app/extensions/git/dist/main.js:2:974738
	at Array.forEach (<anonymous>)
	at f.dispose (/usr/share/code/resources/app/extensions/git/dist/main.js:2:974724)
	at c.<anonymous> (/usr/share/code/resources/app/out/vs/workbench/api/node/extensionHostProcess.js:152:4048)
	at c.dispose (/usr/share/code/resources/app/out/vs/workbench/api/node/extensionHostProcess.js:152:4145)
	at c.<anonymous> (/usr/share/code/resources/app/extensions/git/dist/main.js:2:951753)
	at c.dispose (/usr/share/code/resources/app/out/vs/workbench/api/node/extensionHostProcess.js:152:4145)
	at d (/usr/share/code/resources/app/out/vs/workbench/api/node/extensionHostProcess.js:30:744)
	at m.eb (/usr/share/code/resources/app/out/vs/workbench/api/node/extensionHostProcess.js:160:10039)
	at /usr/share/code/resources/app/out/vs/workbench/api/node/extensionHostProcess.js:160:7915
	at Array.map (<anonymous>)
	at m.$ (/usr/share/code/resources/app/out/vs/workbench/api/node/extensionHostProcess.js:160:7902)
	at m.terminate (/usr/share/code/resources/app/out/vs/workbench/api/node/extensionHostProcess.js:160:8175)
	at d.terminate (/usr/share/code/resources/app/out/vs/workbench/api/node/extensionHostProcess.js:164:1513)
	at i (/usr/share/code/resources/app/out/vs/workbench/api/node/extensionHostProcess.js:177:10617)
	at MessagePortMain.<anonymous> (/usr/share/code/resources/app/out/vs/workbench/api/node/extensionHostProcess.js:177:6809)
	at MessagePortMain.emit (node:events:514:28)
	at MessagePortMain._internalPort.emit (node:electron/js2c/utility_init:2:2285) setContext undefined
2024-07-25 13:46:11.652 [error] Canceled: Canceled
	at new I (/usr/share/code/resources/app/out/vs/workbench/api/node/extensionHostProcess.js:144:34990)
	at S.U (/usr/share/code/resources/app/out/vs/workbench/api/node/extensionHostProcess.js:151:6023)
	at z.<computed>.F.charCodeAt.T.CharCode.DollarSign.z.<computed> (/usr/share/code/resources/app/out/vs/workbench/api/node/extensionHostProcess.js:151:3107)
	at f.g (/usr/share/code/resources/app/out/vs/workbench/api/node/extensionHostProcess.js:154:203861)
	at f.executeCommand (/usr/share/code/resources/app/out/vs/workbench/api/node/extensionHostProcess.js:154:203299)
	at A.registerCommand.description (/usr/share/code/resources/app/out/vs/workbench/api/node/extensionHostProcess.js:154:202623)
	at f.h (/usr/share/code/resources/app/out/vs/workbench/api/node/extensionHostProcess.js:154:204400)
	at f.g (/usr/share/code/resources/app/out/vs/workbench/api/node/extensionHostProcess.js:154:203392)
	at f.executeCommand (/usr/share/code/resources/app/out/vs/workbench/api/node/extensionHostProcess.js:154:203299)
	at Object.executeCommand (/usr/share/code/resources/app/out/vs/workbench/api/node/extensionHostProcess.js:164:23051)
	at set hasGitHubRepositories (/usr/share/code/resources/app/extensions/github/dist/extension.js:2:322969)
	at /usr/share/code/resources/app/extensions/github/dist/extension.js:2:323928
	at n.value (/usr/share/code/resources/app/extensions/git/dist/main.js:2:1055238)
	at r.B (/usr/share/code/resources/app/out/vs/workbench/api/node/extensionHostProcess.js:83:737)
	at r.C (/usr/share/code/resources/app/out/vs/workbench/api/node/extensionHostProcess.js:83:807)
	at r.fire (/usr/share/code/resources/app/out/vs/workbench/api/node/extensionHostProcess.js:83:1023)
	at Object.p [as dispose] (/usr/share/code/resources/app/extensions/git/dist/main.js:2:968700)
	at /usr/share/code/resources/app/extensions/git/dist/main.js:2:974738
	at Array.forEach (<anonymous>)
	at f.dispose (/usr/share/code/resources/app/extensions/git/dist/main.js:2:974724)
	at c.<anonymous> (/usr/share/code/resources/app/out/vs/workbench/api/node/extensionHostProcess.js:152:4048)
	at c.dispose (/usr/share/code/resources/app/out/vs/workbench/api/node/extensionHostProcess.js:152:4145)
	at c.<anonymous> (/usr/share/code/resources/app/extensions/git/dist/main.js:2:951753)
	at c.dispose (/usr/share/code/resources/app/out/vs/workbench/api/node/extensionHostProcess.js:152:4145)
	at d (/usr/share/code/resources/app/out/vs/workbench/api/node/extensionHostProcess.js:30:744)
	at m.eb (/usr/share/code/resources/app/out/vs/workbench/api/node/extensionHostProcess.js:160:10039)
	at /usr/share/code/resources/app/out/vs/workbench/api/node/extensionHostProcess.js:160:7915
	at Array.map (<anonymous>)
	at m.$ (/usr/share/code/resources/app/out/vs/workbench/api/node/extensionHostProcess.js:160:7902)
	at m.terminate (/usr/share/code/resources/app/out/vs/workbench/api/node/extensionHostProcess.js:160:8175)
	at d.terminate (/usr/share/code/resources/app/out/vs/workbench/api/node/extensionHostProcess.js:164:1513)
	at i (/usr/share/code/resources/app/out/vs/workbench/api/node/extensionHostProcess.js:177:10617)
	at MessagePortMain.<anonymous> (/usr/share/code/resources/app/out/vs/workbench/api/node/extensionHostProcess.js:177:6809)
	at MessagePortMain.emit (node:events:514:28)
	at MessagePortMain._internalPort.emit (node:electron/js2c/utility_init:2:2285) setContext undefined
2024-07-25 13:46:11.656 [info] Extension host with pid 58239 exiting with code 0
