2024-07-25 15:50:38.374 [info] Active editor: file:///home/hrishikesh/Documents/Coding/javaScript/ModDownload/src/App.jsx
2024-07-25 15:50:40.869 [info] Active editor: vscode-userdata:/home/hrishikesh/.config/Code/User/settings.json
2024-07-25 15:50:40.897 [info] /home/hrishikesh/Documents/Coding/javaScript/ModDownload/src/App.jsx.git closed
2024-07-25 15:51:01.598 [info] Active editor: vscode-userdata:/home/hrishikesh/.config/Code/User/settings.json
2024-07-25 15:51:05.851 [info] Active editor: vscode-userdata:/home/hrishikesh/.config/Code/User/settings.json
2024-07-25 15:51:14.203 [info] Configuration changed
2024-07-25 15:51:16.095 [info] Configuration changed
2024-07-25 15:51:22.039 [info] Configuration changed
2024-07-25 15:51:23.519 [info] Configuration changed
2024-07-25 15:51:26.258 [info] Configuration changed
2024-07-25 15:51:28.420 [info] Configuration changed
2024-07-25 15:51:31.913 [info] Configuration changed
2024-07-25 15:51:44.977 [info] Active editor: vscode-userdata:/home/hrishikesh/.config/Code/User/settings.json
2024-07-25 15:51:49.517 [info] Configuration changed
2024-07-25 15:52:10.579 [info] /home/hrishikesh/.config/Code/User/settings.json closed
2024-07-25 15:52:12.384 [info] Active editor: file:///home/hrishikesh/Documents/Coding/javaScript/ModDownload/src/App.jsx
2024-07-25 15:52:31.266 [info] /home/hrishikesh/Documents/Coding/javaScript/ModDownload/src/App.jsx.git closed
2024-07-25 15:52:33.126 [info] Active editor: file:///home/hrishikesh/Documents/Coding/javaScript/ModDownload/src/App.jsx
2024-07-25 15:52:37.296 [info] /home/hrishikesh/Documents/Coding/javaScript/ModDownload/src/App.jsx.git closed
2024-07-25 15:52:38.613 [info] Active editor: vscode-userdata:/home/hrishikesh/.config/Code/User/keybindings.json
2024-07-25 15:52:49.125 [info] Active editor: vscode://defaultsettings/defaultSettings.json
2024-07-25 15:52:50.890 [info] /defaultSettings.json closed
2024-07-25 15:52:50.896 [info] Active editor: vscode-userdata:/home/hrishikesh/.config/Code/User/keybindings.json
2024-07-25 15:52:57.031 [info] Active editor: vscode-userdata:/home/hrishikesh/.config/Code/User/settings.json
2024-07-25 15:53:02.976 [info] /settings/user closed
2024-07-25 15:53:04.922 [info] /settings/resourceLanguage closed
2024-07-25 15:53:05.043 [info] /launch closed
2024-07-25 15:53:05.044 [info] /token-styling closed
2024-07-25 15:53:05.045 [info] /textmate-colors closed
2024-07-25 15:53:05.064 [info] /workbench-colors closed
2024-07-25 15:53:05.696 [info] /ignoredSettings closed
2024-07-25 15:53:22.679 [info] Active editor: vscode-userdata:/home/hrishikesh/.config/Code/User/keybindings.json
2024-07-25 15:53:49.595 [info] Active editor: untitled:Untitled-1
2024-07-25 15:53:50.529 [info] Untitled-1 closed
2024-07-25 15:53:50.559 [info] Active editor: vscode-userdata:/home/hrishikesh/.config/Code/User/keybindings.json
2024-07-25 15:54:03.667 [info] Active editor: vscode-userdata:/home/hrishikesh/.config/Code/User/settings.json
2024-07-25 15:54:17.093 [info] Configuration changed
2024-07-25 15:54:19.531 [info] Configuration changed
2024-07-25 15:54:21.070 [error] Error running task: Error: Failed to handle key `e`: command 'workbench.explorer.fileView.toggle' not found
2024-07-25 15:54:21.758 [error] Error running task: Error: Failed to handle key `e`: command 'workbench.explorer.fileView.toggle' not found
2024-07-25 15:54:24.983 [error] Error running task: Error: Failed to handle key `e`: command 'workbench.explorer.fileView.toggle' not found
2024-07-25 15:54:28.691 [error] Error running task: Error: Failed to handle key `e`: command 'workbench.explorer.fileView.toggle' not found
2024-07-25 15:54:31.826 [error] Error running task: Error: Failed to handle key `e`: command 'workbench.explorer.fileView.toggle' not found
2024-07-25 15:54:38.117 [info] Configuration changed
2024-07-25 15:54:40.447 [info] Configuration changed
2024-07-25 15:54:41.458 [info] Configuration changed
2024-07-25 15:54:41.464 [error] Remapping of '<leader>,n,e' has wrong "commands" structure. Should be 'string[] | { "command": string, "args": any[] }[]'.
2024-07-25 15:54:41.464 [error] Remapping of '<leader>,n,e' has wrong "commands" structure. Should be 'string[] | { "command": string, "args": any[] }[]'.
2024-07-25 15:54:41.464 [error] Remapping of '<leader>,n,e' has wrong "commands" structure. Should be 'string[] | { "command": string, "args": any[] }[]'.
2024-07-25 15:54:41.464 [error] Remapping of '<leader>,n,e' has wrong "commands" structure. Should be 'string[] | { "command": string, "args": any[] }[]'.
2024-07-25 15:54:43.108 [info] Configuration changed
2024-07-25 15:54:50.356 [info] Active editor: file:///home/hrishikesh/Documents/Coding/javaScript/ModDownload/.vscode/settings.json
2024-07-25 15:54:54.290 [info] /home/hrishikesh/Documents/Coding/javaScript/ModDownload/.vscode/settings.json closed
2024-07-25 15:54:54.296 [info] Active editor: vscode-userdata:/home/hrishikesh/.config/Code/User/settings.json
2024-07-25 15:54:54.303 [info] /home/hrishikesh/Documents/Coding/javaScript/ModDownload/.vscode/settings.json.git closed
2024-07-25 15:54:54.610 [info] Configuration changed
2024-07-25 15:55:04.847 [info] Active editor: vscode-userdata:/home/hrishikesh/.config/Code/User/keybindings.json
2024-07-25 15:55:38.658 [info] /keybindings closed
2024-07-25 15:55:44.285 [info] Active editor: untitled:Untitled-1
2024-07-25 15:55:45.220 [info] Untitled-1 closed
2024-07-25 15:55:45.229 [info] Active editor: vscode-userdata:/home/hrishikesh/.config/Code/User/keybindings.json
2024-07-25 15:55:48.641 [info] Active editor: untitled:Untitled-1
2024-07-25 15:55:49.238 [info] /settings/default closed
2024-07-25 15:55:50.526 [info] Untitled-1 closed
2024-07-25 15:55:50.541 [info] Active editor: vscode-userdata:/home/hrishikesh/.config/Code/User/keybindings.json
2024-07-25 15:56:03.063 [info] /settings/user closed
2024-07-25 15:56:04.967 [info] /settings/resourceLanguage closed
2024-07-25 15:56:05.180 [info] /launch closed
2024-07-25 15:56:05.182 [info] /token-styling closed
2024-07-25 15:56:05.185 [info] /textmate-colors closed
2024-07-25 15:56:05.458 [info] /workbench-colors closed
2024-07-25 15:56:05.750 [info] /ignoredSettings closed
2024-07-25 15:56:18.190 [info] Active editor: vscode-userdata:/home/hrishikesh/.config/Code/User/keybindings.json
2024-07-25 15:56:37.889 [info] Active editor: vscode-userdata:/home/hrishikesh/.config/Code/User/settings.json
2024-07-25 15:57:16.051 [info] Active editor: vscode-userdata:/home/hrishikesh/.config/Code/User/keybindings.json
2024-07-25 15:57:50.563 [info] /settings/folder closed
2024-07-25 15:58:22.561 [info] /home/hrishikesh/.config/Code/User/keybindings.json closed
2024-07-25 15:58:23.500 [info] Active editor: vscode-userdata:/home/hrishikesh/.config/Code/User/settings.json
2024-07-25 15:58:38.678 [info] /keybindings closed
2024-07-25 15:59:03.237 [info] /settings/user closed
2024-07-25 15:59:05.098 [info] /settings/resourceLanguage closed
2024-07-25 15:59:05.311 [info] /launch closed
2024-07-25 15:59:05.327 [info] /token-styling closed
2024-07-25 15:59:05.327 [info] /textmate-colors closed
2024-07-25 15:59:06.104 [info] /ignoredSettings closed
2024-07-25 15:59:06.125 [info] /workbench-colors closed
2024-07-25 15:59:19.331 [info] /home/hrishikesh/.config/Code/User/settings.json closed
2024-07-25 15:59:19.366 [info] Active editor: file:///home/hrishikesh/Documents/Coding/javaScript/ModDownload/src/App.jsx
2024-07-25 15:59:30.252 [info] /home/hrishikesh/Documents/Coding/javaScript/ModDownload/src/App.jsx.git closed
2024-07-25 15:59:32.391 [info] Active editor: file:///home/hrishikesh/Documents/Coding/javaScript/ModDownload/src/App.jsx
2024-07-25 15:59:46.270 [info] /home/hrishikesh/Documents/Coding/javaScript/ModDownload/src/App.jsx.git closed
2024-07-25 16:00:16.620 [info] Active editor: file:///home/hrishikesh/Documents/Coding/javaScript/ModDownload/src/App.jsx
2024-07-25 16:00:20.240 [info] Configuration changed
2024-07-25 16:00:27.718 [info] /home/hrishikesh/Documents/Coding/javaScript/ModDownload/src/App.jsx.git closed
2024-07-25 16:00:40.291 [info] Active editor: file:///home/hrishikesh/Documents/Coding/javaScript/ModDownload/src/App.jsx
2024-07-25 16:00:42.391 [info] Configuration changed
2024-07-25 16:00:43.488 [info] /home/hrishikesh/Documents/Coding/javaScript/ModDownload/src/App.jsx.git closed
2024-07-25 16:00:44.554 [info] Active editor: file:///home/hrishikesh/Documents/Coding/javaScript/ModDownload/src/App.jsx
2024-07-25 16:01:17.255 [info] Active editor: file:///home/hrishikesh/Documents/Coding/javaScript/ModDownload/.gitignore
2024-07-25 16:01:17.275 [info] /home/hrishikesh/Documents/Coding/javaScript/ModDownload/src/App.jsx.git closed
2024-07-25 16:01:19.625 [info] /home/hrishikesh/Documents/Coding/javaScript/ModDownload/.gitignore closed
2024-07-25 16:01:19.656 [info] Active editor: file:///home/hrishikesh/Documents/Coding/javaScript/ModDownload/src/App.jsx
2024-07-25 16:01:19.721 [info] /home/hrishikesh/Documents/Coding/javaScript/ModDownload/.gitignore.git closed
2024-07-25 16:01:26.130 [info] Active editor: file:///home/hrishikesh/Documents/Coding/javaScript/ModDownload/.env
2024-07-25 16:01:26.149 [info] /home/hrishikesh/Documents/Coding/javaScript/ModDownload/src/App.jsx.git closed
2024-07-25 16:01:28.208 [info] /home/hrishikesh/.config/Code/User/settings.json closed
2024-07-25 16:01:28.272 [info] Configuration changed
2024-07-25 16:01:34.721 [info] /home/hrishikesh/Documents/Coding/javaScript/ModDownload/.env closed
2024-07-25 16:01:34.737 [info] Active editor: file:///home/hrishikesh/Documents/Coding/javaScript/ModDownload/src/App.jsx
2024-07-25 16:01:34.765 [info] /home/hrishikesh/Documents/Coding/javaScript/ModDownload/.env.git closed
