2024-07-25 16:20:33.612 [info] Log level: Info
2024-07-25 16:20:33.612 [info] Validating found git in: "git"
2024-07-25 16:20:33.612 [info] Using git "2.34.1" from "git"
2024-07-25 16:20:33.612 [info] > git rev-parse --show-toplevel [15ms]
2024-07-25 16:20:33.612 [info] > git rev-parse --git-dir --git-common-dir [2ms]
2024-07-25 16:20:33.612 [info] Open repository: /home/hrishikesh/bashtoolbox/mybash
2024-07-25 16:20:33.612 [info] > git config --get commit.template [6ms]
2024-07-25 16:20:33.619 [info] > git rev-parse --show-toplevel [590ms]
2024-07-25 16:20:33.735 [info] > git for-each-ref --format=%(refname)%00%(upstream:short)%00%(objectname)%00%(upstream:track)%00%(upstream:remotename)%00%(upstream:remoteref) refs/heads/main refs/remotes/main [119ms]
2024-07-25 16:20:33.740 [info] > git rev-parse --git-dir --git-common-dir [7ms]
2024-07-25 16:20:33.750 [info] Open repository: /home/hrishikesh/Documents/Coding/Bash/bashBuild
2024-07-25 16:20:33.784 [info] > git rev-parse --show-toplevel [15ms]
2024-07-25 16:20:33.786 [info] > git config --get commit.template [25ms]
2024-07-25 16:20:33.824 [info] > git status -z -uall [31ms]
2024-07-25 16:20:33.861 [info] > git for-each-ref --format=%(refname)%00%(upstream:short)%00%(objectname)%00%(upstream:track)%00%(upstream:remotename)%00%(upstream:remoteref) refs/heads/main refs/remotes/main [24ms]
2024-07-25 16:20:33.870 [info] > git for-each-ref --format=%(refname)%00%(upstream:short)%00%(objectname)%00%(upstream:track)%00%(upstream:remotename)%00%(upstream:remoteref) refs/heads/main refs/remotes/main [48ms]
2024-07-25 16:20:33.873 [info] > git config --local branch.main.vscode-merge-base [3ms]
2024-07-25 16:20:33.878 [info] > git config --get commit.template [19ms]
2024-07-25 16:20:33.897 [info] > git for-each-ref --format=%(refname)%00%(upstream:short)%00%(objectname)%00%(upstream:track)%00%(upstream:remotename)%00%(upstream:remoteref) refs/heads/main refs/remotes/main [8ms]
2024-07-25 16:20:33.899 [info] > git for-each-ref --format=%(refname)%00%(upstream:short)%00%(objectname)%00%(upstream:track)%00%(upstream:remotename)%00%(upstream:remoteref) refs/heads/origin/main refs/remotes/origin/main [22ms]
2024-07-25 16:20:33.909 [info] > git status -z -uall [13ms]
2024-07-25 16:20:33.909 [info] > git merge-base refs/heads/main refs/remotes/origin/main [6ms]
2024-07-25 16:20:33.917 [info] > git status -z -uall [9ms]
2024-07-25 16:20:33.962 [info] > git for-each-ref --format=%(refname)%00%(upstream:short)%00%(objectname)%00%(upstream:track)%00%(upstream:remotename)%00%(upstream:remoteref) refs/heads/main refs/remotes/main [33ms]
2024-07-25 16:20:33.968 [info] > git rev-list --count --left-right refs/heads/main...refs/remotes/origin/main [52ms]
2024-07-25 16:20:34.031 [info] > git diff --name-status -z --diff-filter=ADMR e5506c7b0ecf695d6cac72d9eece625c57dc8419...refs/remotes/origin/main [59ms]
2024-07-25 16:20:34.032 [info] > git config --local branch.main.vscode-merge-base [64ms]
2024-07-25 16:20:34.037 [info] > git for-each-ref --format=%(refname)%00%(upstream:short)%00%(objectname)%00%(upstream:track)%00%(upstream:remotename)%00%(upstream:remoteref) refs/heads/main refs/remotes/main [85ms]
2024-07-25 16:20:34.067 [info] > git config --local branch.main.vscode-merge-base [22ms]
2024-07-25 16:20:34.067 [warning] git config failed: Failed to execute git
2024-07-25 16:20:34.097 [info] > git for-each-ref --format=%(refname)%00%(upstream:short)%00%(objectname)%00%(upstream:track)%00%(upstream:remotename)%00%(upstream:remoteref) refs/heads/origin/main refs/remotes/origin/main [60ms]
2024-07-25 16:20:34.099 [info] > git config --get commit.template [69ms]
2024-07-25 16:20:34.116 [info] > git for-each-ref --format=%(refname)%00%(upstream:short)%00%(objectname)%00%(upstream:track)%00%(upstream:remotename)%00%(upstream:remoteref) refs/heads/main refs/remotes/main [3ms]
2024-07-25 16:20:34.129 [info] > git status -z -uall [5ms]
2024-07-25 16:20:34.151 [info] > git for-each-ref --format=%(refname)%00%(upstream:short)%00%(objectname)%00%(upstream:track)%00%(upstream:remotename)%00%(upstream:remoteref) refs/heads/main refs/remotes/main [3ms]
2024-07-25 16:20:34.161 [info] > git config --local branch.main.vscode-merge-base [2ms]
2024-07-25 16:20:34.161 [warning] git config failed: Failed to execute git
2024-07-25 16:20:34.427 [info] > git reflog main --grep-reflog=branch: Created from *. [330ms]
2024-07-25 16:20:34.444 [info] > git reflog main --grep-reflog=branch: Created from *. [273ms]
2024-07-25 16:20:34.454 [info] > git fetch [1434ms]
2024-07-25 16:20:34.513 [info] > git check-ignore -v -z --stdin [38ms]
2024-07-25 16:20:34.514 [info] > git check-ignore -v -z --stdin [8ms]
2024-07-25 16:20:34.514 [info] > git symbolic-ref --short refs/remotes/origin/HEAD [61ms]
2024-07-25 16:20:34.514 [info] fatal: ref refs/remotes/origin/HEAD is not a symbolic ref
2024-07-25 16:20:34.518 [info] > git symbolic-ref --short refs/remotes/origin/HEAD [75ms]
2024-07-25 16:20:34.518 [info] fatal: ref refs/remotes/origin/HEAD is not a symbolic ref
2024-07-25 16:20:34.522 [info] > git merge-base refs/heads/main refs/remotes/origin/main [4ms]
2024-07-25 16:20:34.531 [info] > git config --get commit.template [19ms]
2024-07-25 16:20:34.566 [info] > git rev-list --count --left-right refs/heads/main...refs/remotes/origin/main [35ms]
2024-07-25 16:20:34.585 [info] > git show --textconv :extras/bash_extras.sh [48ms]
2024-07-25 16:20:34.585 [info] > git for-each-ref --format=%(refname)%00%(upstream:short)%00%(objectname)%00%(upstream:track)%00%(upstream:remotename)%00%(upstream:remoteref) refs/heads/main refs/remotes/main [20ms]
2024-07-25 16:20:34.586 [info] > git ls-files --stage -- /home/hrishikesh/Documents/Coding/Bash/bashBuild/extras/bash_extras.sh [27ms]
2024-07-25 16:20:34.603 [info] > git cat-file -s 5b750c171665c221b60652ff835f4bfbd6cbc77c [13ms]
2024-07-25 16:20:34.604 [info] > git diff --name-status -z --diff-filter=ADMR e5506c7b0ecf695d6cac72d9eece625c57dc8419...refs/remotes/origin/main [24ms]
2024-07-25 16:20:34.609 [info] > git status -z -uall [1ms]
2024-07-25 16:20:34.617 [info] > git for-each-ref --format=%(refname)%00%(upstream:short)%00%(objectname)%00%(upstream:track)%00%(upstream:remotename)%00%(upstream:remoteref) refs/heads/main refs/remotes/main [3ms]
2024-07-25 16:20:34.622 [info] > git config --local branch.main.vscode-merge-base [1ms]
2024-07-25 16:20:34.628 [info] > git for-each-ref --format=%(refname)%00%(upstream:short)%00%(objectname)%00%(upstream:track)%00%(upstream:remotename)%00%(upstream:remoteref) refs/heads/origin/main refs/remotes/origin/main [2ms]
2024-07-25 16:20:35.006 [info] > git ls-files --stage -- /home/hrishikesh/Documents/Coding/Bash/bashBuild/extras/.bash_aliases [1ms]
2024-07-25 16:20:35.048 [info] > git cat-file -s 812e617c6920680754e9b6e5fa7f7afb74f4b123 [38ms]
2024-07-25 16:20:35.049 [info] > git show --textconv :extras/.bash_aliases [48ms]
2024-07-25 16:20:35.547 [info] > git ls-files --stage -- /home/hrishikesh/Documents/Coding/Bash/bashBuild/setup.sh [1ms]
2024-07-25 16:20:35.568 [info] > git show --textconv :setup.sh [26ms]
2024-07-25 16:20:35.568 [info] > git cat-file -s 47c84e1177cfd9cbecbea67fc7e8674759eb85ae [19ms]
2024-07-25 16:20:38.483 [info] > git fetch [4733ms]
2024-07-25 16:20:38.521 [info] > git config --get commit.template [20ms]
2024-07-25 16:20:38.522 [info] > git for-each-ref --format=%(refname)%00%(upstream:short)%00%(objectname)%00%(upstream:track)%00%(upstream:remotename)%00%(upstream:remoteref) refs/heads/main refs/remotes/main [4ms]
2024-07-25 16:20:38.543 [info] > git status -z -uall [7ms]
2024-07-25 16:20:38.570 [info] > git for-each-ref --format=%(refname)%00%(upstream:short)%00%(objectname)%00%(upstream:track)%00%(upstream:remotename)%00%(upstream:remoteref) refs/heads/main refs/remotes/main [7ms]
2024-07-25 16:20:38.587 [info] > git config --local branch.main.vscode-merge-base [3ms]
2024-07-25 16:20:38.587 [warning] git config failed: Failed to execute git
2024-07-25 16:20:38.599 [info] > git reflog main --grep-reflog=branch: Created from *. [2ms]
2024-07-25 16:20:38.607 [info] > git symbolic-ref --short refs/remotes/origin/HEAD [5ms]
2024-07-25 16:20:38.607 [info] fatal: ref refs/remotes/origin/HEAD is not a symbolic ref
2024-07-25 16:20:38.619 [info] > git show --textconv :extras/.bash_aliases [13ms]
2024-07-25 16:20:38.624 [info] > git ls-files --stage -- /home/hrishikesh/Documents/Coding/Bash/bashBuild/extras/.bash_aliases [7ms]
2024-07-25 16:20:38.628 [info] > git cat-file -s 812e617c6920680754e9b6e5fa7f7afb74f4b123 [1ms]
2024-07-25 16:20:39.603 [info] > git config --get commit.template [12ms]
2024-07-25 16:20:39.604 [info] > git for-each-ref --format=%(refname)%00%(upstream:short)%00%(objectname)%00%(upstream:track)%00%(upstream:remotename)%00%(upstream:remoteref) refs/heads/main refs/remotes/main [2ms]
2024-07-25 16:20:39.623 [info] > git status -z -uall [6ms]
2024-07-25 16:20:39.639 [info] > git for-each-ref --format=%(refname)%00%(upstream:short)%00%(objectname)%00%(upstream:track)%00%(upstream:remotename)%00%(upstream:remoteref) refs/heads/main refs/remotes/main [3ms]
2024-07-25 16:20:39.661 [info] > git config --local branch.main.vscode-merge-base [4ms]
2024-07-25 16:20:39.661 [warning] git config failed: Failed to execute git
2024-07-25 16:20:39.685 [info] > git reflog main --grep-reflog=branch: Created from *. [17ms]
2024-07-25 16:20:39.712 [info] > git symbolic-ref --short refs/remotes/origin/HEAD [13ms]
2024-07-25 16:20:39.712 [info] fatal: ref refs/remotes/origin/HEAD is not a symbolic ref
2024-07-25 16:20:39.714 [info] > git ls-files --stage -- /home/hrishikesh/Documents/Coding/Bash/bashBuild/extras/.bash_aliases [7ms]
2024-07-25 16:20:39.729 [info] > git cat-file -s 812e617c6920680754e9b6e5fa7f7afb74f4b123 [4ms]
2024-07-25 16:20:39.749 [info] > git show --textconv :extras/.bash_aliases [4ms]
2024-07-25 16:20:41.828 [info] > git show --textconv :setup.sh [9ms]
2024-07-25 16:20:41.832 [info] > git ls-files --stage -- /home/hrishikesh/Documents/Coding/Bash/bashBuild/setup.sh [6ms]
2024-07-25 16:20:41.842 [info] > git cat-file -s 47c84e1177cfd9cbecbea67fc7e8674759eb85ae [1ms]
2024-07-25 16:20:52.984 [info] > git config --get commit.template [4ms]
2024-07-25 16:20:52.985 [info] > git for-each-ref --format=%(refname)%00%(upstream:short)%00%(objectname)%00%(upstream:track)%00%(upstream:remotename)%00%(upstream:remoteref) refs/heads/main refs/remotes/main [2ms]
2024-07-25 16:20:52.991 [info] > git status -z -uall [3ms]
2024-07-25 16:20:53.014 [info] > git for-each-ref --format=%(refname)%00%(upstream:short)%00%(objectname)%00%(upstream:track)%00%(upstream:remotename)%00%(upstream:remoteref) refs/heads/main refs/remotes/main [7ms]
2024-07-25 16:20:53.020 [info] > git config --local branch.main.vscode-merge-base [2ms]
2024-07-25 16:20:53.020 [warning] git config failed: Failed to execute git
2024-07-25 16:20:53.035 [info] > git reflog main --grep-reflog=branch: Created from *. [5ms]
2024-07-25 16:20:53.044 [info] > git symbolic-ref --short refs/remotes/origin/HEAD [1ms]
2024-07-25 16:20:53.044 [info] fatal: ref refs/remotes/origin/HEAD is not a symbolic ref
2024-07-25 16:20:58.060 [info] > git config --get commit.template [27ms]
2024-07-25 16:20:58.061 [info] > git for-each-ref --format=%(refname)%00%(upstream:short)%00%(objectname)%00%(upstream:track)%00%(upstream:remotename)%00%(upstream:remoteref) refs/heads/main refs/remotes/main [5ms]
2024-07-25 16:20:58.079 [info] > git status -z -uall [3ms]
2024-07-25 16:20:58.092 [info] > git for-each-ref --format=%(refname)%00%(upstream:short)%00%(objectname)%00%(upstream:track)%00%(upstream:remotename)%00%(upstream:remoteref) refs/heads/main refs/remotes/main [5ms]
2024-07-25 16:20:58.108 [info] > git config --local branch.main.vscode-merge-base [5ms]
2024-07-25 16:20:58.108 [warning] git config failed: Failed to execute git
2024-07-25 16:20:58.119 [info] > git reflog main --grep-reflog=branch: Created from *. [2ms]
2024-07-25 16:20:58.129 [info] > git symbolic-ref --short refs/remotes/origin/HEAD [7ms]
2024-07-25 16:20:58.129 [info] fatal: ref refs/remotes/origin/HEAD is not a symbolic ref
2024-07-25 16:21:09.037 [info] > git config --get commit.template [15ms]
2024-07-25 16:21:09.038 [info] > git for-each-ref --format=%(refname)%00%(upstream:short)%00%(objectname)%00%(upstream:track)%00%(upstream:remotename)%00%(upstream:remoteref) refs/heads/main refs/remotes/main [3ms]
2024-07-25 16:21:09.055 [info] > git status -z -uall [4ms]
2024-07-25 16:21:09.081 [info] > git for-each-ref --format=%(refname)%00%(upstream:short)%00%(objectname)%00%(upstream:track)%00%(upstream:remotename)%00%(upstream:remoteref) refs/heads/main refs/remotes/main [6ms]
2024-07-25 16:21:09.100 [info] > git config --local branch.main.vscode-merge-base [3ms]
2024-07-25 16:21:09.100 [warning] git config failed: Failed to execute git
2024-07-25 16:21:09.120 [info] > git reflog main --grep-reflog=branch: Created from *. [4ms]
2024-07-25 16:21:09.139 [info] > git symbolic-ref --short refs/remotes/origin/HEAD [4ms]
2024-07-25 16:21:09.139 [info] fatal: ref refs/remotes/origin/HEAD is not a symbolic ref
2024-07-25 16:21:14.121 [info] > git config --get commit.template [17ms]
2024-07-25 16:21:14.123 [info] > git for-each-ref --format=%(refname)%00%(upstream:short)%00%(objectname)%00%(upstream:track)%00%(upstream:remotename)%00%(upstream:remoteref) refs/heads/main refs/remotes/main [5ms]
2024-07-25 16:21:14.141 [info] > git status -z -uall [4ms]
2024-07-25 16:21:14.176 [info] > git for-each-ref --format=%(refname)%00%(upstream:short)%00%(objectname)%00%(upstream:track)%00%(upstream:remotename)%00%(upstream:remoteref) refs/heads/main refs/remotes/main [14ms]
2024-07-25 16:21:14.198 [info] > git config --local branch.main.vscode-merge-base [5ms]
2024-07-25 16:21:14.199 [warning] git config failed: Failed to execute git
2024-07-25 16:21:14.219 [info] > git reflog main --grep-reflog=branch: Created from *. [5ms]
2024-07-25 16:21:14.241 [info] > git symbolic-ref --short refs/remotes/origin/HEAD [4ms]
2024-07-25 16:21:14.241 [info] fatal: ref refs/remotes/origin/HEAD is not a symbolic ref
2024-07-25 16:22:14.956 [info] > git config --get commit.template [4ms]
2024-07-25 16:22:14.957 [info] > git for-each-ref --format=%(refname)%00%(upstream:short)%00%(objectname)%00%(upstream:track)%00%(upstream:remotename)%00%(upstream:remoteref) refs/heads/main refs/remotes/main [1ms]
2024-07-25 16:22:14.962 [info] > git status -z -uall [2ms]
2024-07-25 16:22:14.968 [info] > git for-each-ref --format=%(refname)%00%(upstream:short)%00%(objectname)%00%(upstream:track)%00%(upstream:remotename)%00%(upstream:remoteref) refs/heads/main refs/remotes/main [2ms]
2024-07-25 16:22:14.974 [info] > git config --local branch.main.vscode-merge-base [1ms]
2024-07-25 16:22:14.974 [warning] git config failed: Failed to execute git
2024-07-25 16:22:14.979 [info] > git reflog main --grep-reflog=branch: Created from *. [2ms]
2024-07-25 16:22:14.983 [info] > git symbolic-ref --short refs/remotes/origin/HEAD [1ms]
2024-07-25 16:22:14.983 [info] fatal: ref refs/remotes/origin/HEAD is not a symbolic ref
2024-07-25 16:22:29.868 [info] > git config --get commit.template [12ms]
2024-07-25 16:22:29.869 [info] > git for-each-ref --format=%(refname)%00%(upstream:short)%00%(objectname)%00%(upstream:track)%00%(upstream:remotename)%00%(upstream:remoteref) refs/heads/main refs/remotes/main [4ms]
2024-07-25 16:22:29.885 [info] > git status -z -uall [3ms]
2024-07-25 16:22:29.909 [info] > git for-each-ref --format=%(refname)%00%(upstream:short)%00%(objectname)%00%(upstream:track)%00%(upstream:remotename)%00%(upstream:remoteref) refs/heads/main refs/remotes/main [10ms]
2024-07-25 16:22:29.933 [info] > git config --local branch.main.vscode-merge-base [4ms]
2024-07-25 16:22:29.933 [warning] git config failed: Failed to execute git
2024-07-25 16:22:29.954 [info] > git reflog main --grep-reflog=branch: Created from *. [5ms]
2024-07-25 16:22:29.978 [info] > git symbolic-ref --short refs/remotes/origin/HEAD [8ms]
2024-07-25 16:22:29.978 [info] fatal: ref refs/remotes/origin/HEAD is not a symbolic ref
2024-07-25 16:22:35.801 [info] > git config --get commit.template [12ms]
2024-07-25 16:22:35.805 [info] > git for-each-ref --format=%(refname)%00%(upstream:short)%00%(objectname)%00%(upstream:track)%00%(upstream:remotename)%00%(upstream:remoteref) refs/heads/main refs/remotes/main [6ms]
2024-07-25 16:22:35.849 [info] > git status -z -uall [16ms]
2024-07-25 16:22:35.882 [info] > git for-each-ref --format=%(refname)%00%(upstream:short)%00%(objectname)%00%(upstream:track)%00%(upstream:remotename)%00%(upstream:remoteref) refs/heads/main refs/remotes/main [10ms]
2024-07-25 16:22:35.904 [info] > git config --local branch.main.vscode-merge-base [4ms]
2024-07-25 16:22:35.904 [warning] git config failed: Failed to execute git
2024-07-25 16:22:35.928 [info] > git reflog main --grep-reflog=branch: Created from *. [7ms]
2024-07-25 16:22:35.948 [info] > git symbolic-ref --short refs/remotes/origin/HEAD [4ms]
2024-07-25 16:22:35.948 [info] fatal: ref refs/remotes/origin/HEAD is not a symbolic ref
2024-07-25 16:22:48.803 [info] > git config --get commit.template [20ms]
2024-07-25 16:22:48.804 [info] > git for-each-ref --format=%(refname)%00%(upstream:short)%00%(objectname)%00%(upstream:track)%00%(upstream:remotename)%00%(upstream:remoteref) refs/heads/main refs/remotes/main [3ms]
2024-07-25 16:22:48.826 [info] > git status -z -uall [3ms]
2024-07-25 16:22:48.841 [info] > git for-each-ref --format=%(refname)%00%(upstream:short)%00%(objectname)%00%(upstream:track)%00%(upstream:remotename)%00%(upstream:remoteref) refs/heads/main refs/remotes/main [2ms]
2024-07-25 16:22:48.857 [info] > git config --local branch.main.vscode-merge-base [1ms]
2024-07-25 16:22:48.857 [warning] git config failed: Failed to execute git
2024-07-25 16:22:48.862 [info] > git reflog main --grep-reflog=branch: Created from *. [2ms]
2024-07-25 16:22:48.866 [info] > git symbolic-ref --short refs/remotes/origin/HEAD [2ms]
2024-07-25 16:22:48.866 [info] fatal: ref refs/remotes/origin/HEAD is not a symbolic ref
2024-07-25 16:22:53.886 [info] > git config --get commit.template [23ms]
2024-07-25 16:22:53.889 [info] > git for-each-ref --format=%(refname)%00%(upstream:short)%00%(objectname)%00%(upstream:track)%00%(upstream:remotename)%00%(upstream:remoteref) refs/heads/main refs/remotes/main [4ms]
2024-07-25 16:22:53.918 [info] > git status -z -uall [5ms]
2024-07-25 16:22:53.939 [info] > git for-each-ref --format=%(refname)%00%(upstream:short)%00%(objectname)%00%(upstream:track)%00%(upstream:remotename)%00%(upstream:remoteref) refs/heads/main refs/remotes/main [2ms]
2024-07-25 16:22:53.954 [info] > git config --local branch.main.vscode-merge-base [5ms]
2024-07-25 16:22:53.954 [warning] git config failed: Failed to execute git
2024-07-25 16:22:53.960 [info] > git reflog main --grep-reflog=branch: Created from *. [2ms]
2024-07-25 16:22:53.964 [info] > git symbolic-ref --short refs/remotes/origin/HEAD [2ms]
2024-07-25 16:22:53.964 [info] fatal: ref refs/remotes/origin/HEAD is not a symbolic ref
2024-07-25 16:22:58.983 [info] > git config --get commit.template [22ms]
2024-07-25 16:22:58.985 [info] > git for-each-ref --format=%(refname)%00%(upstream:short)%00%(objectname)%00%(upstream:track)%00%(upstream:remotename)%00%(upstream:remoteref) refs/heads/main refs/remotes/main [5ms]
2024-07-25 16:22:59.003 [info] > git status -z -uall [4ms]
2024-07-25 16:22:59.026 [info] > git for-each-ref --format=%(refname)%00%(upstream:short)%00%(objectname)%00%(upstream:track)%00%(upstream:remotename)%00%(upstream:remoteref) refs/heads/main refs/remotes/main [5ms]
2024-07-25 16:22:59.045 [info] > git config --local branch.main.vscode-merge-base [3ms]
2024-07-25 16:22:59.045 [warning] git config failed: Failed to execute git
2024-07-25 16:22:59.064 [info] > git reflog main --grep-reflog=branch: Created from *. [4ms]
2024-07-25 16:22:59.082 [info] > git symbolic-ref --short refs/remotes/origin/HEAD [4ms]
2024-07-25 16:22:59.082 [info] fatal: ref refs/remotes/origin/HEAD is not a symbolic ref
2024-07-25 16:23:09.224 [info] > git config --get commit.template [4ms]
2024-07-25 16:23:09.244 [info] > git for-each-ref --format=%(refname)%00%(upstream:short)%00%(objectname)%00%(upstream:track)%00%(upstream:remotename)%00%(upstream:remoteref) refs/heads/main refs/remotes/main [1ms]
2024-07-25 16:23:09.253 [info] > git status -z -uall [3ms]
2024-07-25 16:23:09.278 [info] > git for-each-ref --format=%(refname)%00%(upstream:short)%00%(objectname)%00%(upstream:track)%00%(upstream:remotename)%00%(upstream:remoteref) refs/heads/main refs/remotes/main [5ms]
2024-07-25 16:23:09.294 [info] > git config --local branch.main.vscode-merge-base [2ms]
2024-07-25 16:23:09.294 [warning] git config failed: Failed to execute git
2024-07-25 16:23:09.316 [info] > git reflog main --grep-reflog=branch: Created from *. [2ms]
2024-07-25 16:23:09.339 [info] > git symbolic-ref --short refs/remotes/origin/HEAD [9ms]
2024-07-25 16:23:09.339 [info] fatal: ref refs/remotes/origin/HEAD is not a symbolic ref
2024-07-25 16:23:14.290 [info] > git config --get commit.template [1ms]
2024-07-25 16:23:14.294 [info] > git for-each-ref --format=%(refname)%00%(upstream:short)%00%(objectname)%00%(upstream:track)%00%(upstream:remotename)%00%(upstream:remoteref) refs/heads/main refs/remotes/main [1ms]
2024-07-25 16:23:14.299 [info] > git status -z -uall [1ms]
2024-07-25 16:23:14.308 [info] > git for-each-ref --format=%(refname)%00%(upstream:short)%00%(objectname)%00%(upstream:track)%00%(upstream:remotename)%00%(upstream:remoteref) refs/heads/main refs/remotes/main [3ms]
2024-07-25 16:23:14.316 [info] > git config --local branch.main.vscode-merge-base [3ms]
2024-07-25 16:23:14.316 [warning] git config failed: Failed to execute git
2024-07-25 16:23:14.325 [info] > git reflog main --grep-reflog=branch: Created from *. [5ms]
2024-07-25 16:23:14.340 [info] > git symbolic-ref --short refs/remotes/origin/HEAD [3ms]
2024-07-25 16:23:14.340 [info] fatal: ref refs/remotes/origin/HEAD is not a symbolic ref
