2024-07-25 13:28:49.164 [info] Starting TS Server
2024-07-25 13:28:49.164 [info] Using tsserver from: /usr/share/code/resources/app/extensions/node_modules/typescript/lib/tsserver.js
2024-07-25 13:28:49.164 [info] <syntax> Forking...
2024-07-25 13:28:49.164 [info] <syntax> Starting...
2024-07-25 13:28:49.164 [info] <semantic> Forking...
2024-07-25 13:28:49.164 [info] <semantic> Starting...
2024-07-25 13:38:36.467 [info] Starting TS Server
2024-07-25 13:38:36.467 [info] Using tsserver from: /usr/share/code/resources/app/extensions/node_modules/typescript/lib/tsserver.js
2024-07-25 13:38:36.467 [info] <syntax> Forking...
2024-07-25 13:38:36.467 [info] <syntax> Starting...
2024-07-25 13:38:36.467 [info] <semantic> Forking...
2024-07-25 13:38:36.467 [info] <semantic> Starting...
2024-07-25 13:38:57.641 [info] Starting TS Server
2024-07-25 13:38:57.641 [info] Using tsserver from: /usr/share/code/resources/app/extensions/node_modules/typescript/lib/tsserver.js
2024-07-25 13:38:57.641 [info] <syntax> Forking...
2024-07-25 13:38:57.641 [info] <syntax> Starting...
2024-07-25 13:38:57.641 [info] <semantic> Forking...
2024-07-25 13:38:57.641 [info] <semantic> Starting...
2024-07-25 13:40:29.611 [info] Starting TS Server
2024-07-25 13:40:29.611 [info] Using tsserver from: /usr/share/code/resources/app/extensions/node_modules/typescript/lib/tsserver.js
2024-07-25 13:40:29.611 [info] <syntax> Forking...
2024-07-25 13:40:29.611 [info] <syntax> Starting...
2024-07-25 13:40:29.611 [info] <semantic> Forking...
2024-07-25 13:40:29.611 [info] <semantic> Starting...
2024-07-25 13:40:43.753 [error] TSServer exited. Code: null. Signal: SIGTERM
2024-07-25 13:40:43.753 [info] Starting TS Server
2024-07-25 13:40:43.753 [info] Not starting server: disposed
2024-07-25 13:40:44.861 [info] Starting TS Server
2024-07-25 13:40:44.861 [info] Using tsserver from: /usr/share/code/resources/app/extensions/node_modules/typescript/lib/tsserver.js
2024-07-25 13:40:44.861 [info] <syntax> Forking...
2024-07-25 13:40:44.861 [info] <syntax> Starting...
2024-07-25 13:40:44.861 [info] <semantic> Forking...
2024-07-25 13:40:44.861 [info] <semantic> Starting...
2024-07-25 13:42:13.988 [info] Starting TS Server
2024-07-25 13:42:13.988 [info] Using tsserver from: /usr/share/code/resources/app/extensions/node_modules/typescript/lib/tsserver.js
2024-07-25 13:42:13.988 [info] <syntax> Forking...
2024-07-25 13:42:13.988 [info] <syntax> Starting...
2024-07-25 13:42:13.988 [info] <semantic> Forking...
2024-07-25 13:42:13.988 [info] <semantic> Starting...
