2024-07-25 15:50:04.114 [info] Log level: Info
2024-07-25 15:50:04.115 [info] Validating found git in: "git"
2024-07-25 15:50:04.115 [info] Using git "2.34.1" from "git"
2024-07-25 15:50:04.115 [info] > git rev-parse --show-toplevel [8ms]
2024-07-25 15:50:04.115 [info] > git rev-parse --git-dir --git-common-dir [2ms]
2024-07-25 15:50:04.115 [info] Open repository: /home/hrishikesh/Documents/Coding/javaScript/ModDownload
2024-07-25 15:50:04.115 [info] > git rev-parse --show-toplevel [958ms]
2024-07-25 15:50:04.115 [info] > git config --get commit.template [964ms]
2024-07-25 15:50:04.115 [info] > git fetch [975ms]
2024-07-25 15:50:04.148 [info] > git config --get commit.template [58ms]
2024-07-25 15:50:04.148 [info] > git rev-parse --show-toplevel [75ms]
2024-07-25 15:50:04.164 [info] > git for-each-ref --format=%(refname)%00%(upstream:short)%00%(objectname)%00%(upstream:track)%00%(upstream:remotename)%00%(upstream:remoteref) refs/heads/main refs/remotes/main [40ms]
2024-07-25 15:50:04.190 [info] > git rev-parse --show-toplevel [27ms]
2024-07-25 15:50:04.201 [info] > git for-each-ref --format=%(refname)%00%(upstream:short)%00%(objectname)%00%(upstream:track)%00%(upstream:remotename)%00%(upstream:remoteref) refs/heads/main refs/remotes/main [18ms]
2024-07-25 15:50:04.235 [info] > git config --get commit.template [8ms]
2024-07-25 15:50:04.252 [info] > git for-each-ref --format=%(refname)%00%(upstream:short)%00%(objectname)%00%(upstream:track)%00%(upstream:remotename)%00%(upstream:remoteref) refs/heads/main refs/remotes/main [4ms]
2024-07-25 15:50:04.259 [info] > git status -z -uall [3ms]
2024-07-25 15:50:04.344 [info] > git for-each-ref --format=%(refname)%00%(upstream:short)%00%(objectname)%00%(upstream:track)%00%(upstream:remotename)%00%(upstream:remoteref) refs/heads/main refs/remotes/main [56ms]
2024-07-25 15:50:04.368 [info] > git config --local branch.main.vscode-merge-base [11ms]
2024-07-25 15:50:04.368 [warning] git config failed: Failed to execute git
2024-07-25 15:50:04.379 [info] > git reflog main --grep-reflog=branch: Created from *. [6ms]
2024-07-25 15:50:04.384 [info] > git symbolic-ref --short refs/remotes/origin/HEAD [1ms]
2024-07-25 15:50:04.384 [info] fatal: ref refs/remotes/origin/HEAD is not a symbolic ref
2024-07-25 15:50:04.394 [info] > git merge-base refs/heads/main refs/remotes/origin/main [3ms]
2024-07-25 15:50:04.408 [info] > git rev-list --count --left-right refs/heads/main...refs/remotes/origin/main [2ms]
2024-07-25 15:50:04.415 [info] > git diff --name-status -z --diff-filter=ADMR 0fbc8618d08288c7e5c00344acc1c14a4ef309c7...refs/remotes/origin/main [2ms]
2024-07-25 15:50:04.466 [info] > git check-ignore -v -z --stdin [1ms]
2024-07-25 15:50:27.020 [info] > git show --textconv :src/App.jsx [71ms]
2024-07-25 15:50:27.025 [info] > git ls-files --stage -- /home/hrishikesh/Documents/Coding/javaScript/ModDownload/src/App.jsx [35ms]
2024-07-25 15:50:27.281 [info] > git cat-file -s 55ce10c14bf4a560dec9d7d429f5c3f7008502ac [206ms]
2024-07-25 15:50:37.336 [info] > git config --get commit.template [50ms]
2024-07-25 15:50:37.339 [info] > git for-each-ref --format=%(refname)%00%(upstream:short)%00%(objectname)%00%(upstream:track)%00%(upstream:remotename)%00%(upstream:remoteref) refs/heads/main refs/remotes/main [9ms]
2024-07-25 15:50:37.410 [info] > git status -z -uall [6ms]
2024-07-25 15:50:37.474 [info] > git for-each-ref --format=%(refname)%00%(upstream:short)%00%(objectname)%00%(upstream:track)%00%(upstream:remotename)%00%(upstream:remoteref) refs/heads/main refs/remotes/main [27ms]
2024-07-25 15:50:37.544 [info] > git config --local branch.main.vscode-merge-base [5ms]
2024-07-25 15:50:37.545 [warning] git config failed: Failed to execute git
2024-07-25 15:50:37.587 [info] > git reflog main --grep-reflog=branch: Created from *. [6ms]
2024-07-25 15:50:37.610 [info] > git symbolic-ref --short refs/remotes/origin/HEAD [2ms]
2024-07-25 15:50:37.611 [info] fatal: ref refs/remotes/origin/HEAD is not a symbolic ref
2024-07-25 15:50:38.877 [info] > git show --textconv :src/App.jsx [49ms]
2024-07-25 15:50:38.900 [info] > git ls-files --stage -- /home/hrishikesh/Documents/Coding/javaScript/ModDownload/src/App.jsx [26ms]
2024-07-25 15:50:38.947 [info] > git cat-file -s 55ce10c14bf4a560dec9d7d429f5c3f7008502ac [27ms]
2024-07-25 15:52:12.608 [info] > git show --textconv :src/App.jsx [6ms]
2024-07-25 15:52:12.609 [info] > git ls-files --stage -- /home/hrishikesh/Documents/Coding/javaScript/ModDownload/src/App.jsx [2ms]
2024-07-25 15:52:12.614 [info] > git cat-file -s 55ce10c14bf4a560dec9d7d429f5c3f7008502ac [2ms]
2024-07-25 15:52:33.361 [info] > git show --textconv :src/App.jsx [6ms]
2024-07-25 15:52:33.364 [info] > git ls-files --stage -- /home/hrishikesh/Documents/Coding/javaScript/ModDownload/src/App.jsx [4ms]
2024-07-25 15:52:33.371 [info] > git cat-file -s 55ce10c14bf4a560dec9d7d429f5c3f7008502ac [2ms]
2024-07-25 15:53:18.842 [info] > git fetch [822ms]
2024-07-25 15:53:18.877 [info] > git config --get commit.template [22ms]
2024-07-25 15:53:18.877 [info] > git for-each-ref --format=%(refname)%00%(upstream:short)%00%(objectname)%00%(upstream:track)%00%(upstream:remotename)%00%(upstream:remoteref) refs/heads/main refs/remotes/main [3ms]
2024-07-25 15:53:18.899 [info] > git status -z -uall [10ms]
2024-07-25 15:53:18.934 [info] > git for-each-ref --format=%(refname)%00%(upstream:short)%00%(objectname)%00%(upstream:track)%00%(upstream:remotename)%00%(upstream:remoteref) refs/heads/main refs/remotes/main [10ms]
2024-07-25 15:53:18.977 [info] > git config --local branch.main.vscode-merge-base [4ms]
2024-07-25 15:53:18.977 [warning] git config failed: Failed to execute git
2024-07-25 15:53:18.998 [info] > git reflog main --grep-reflog=branch: Created from *. [7ms]
2024-07-25 15:53:19.035 [info] > git symbolic-ref --short refs/remotes/origin/HEAD [10ms]
2024-07-25 15:53:19.035 [info] fatal: ref refs/remotes/origin/HEAD is not a symbolic ref
2024-07-25 15:53:21.041 [info] > git config --get commit.template [5ms]
2024-07-25 15:53:21.054 [info] > git for-each-ref --format=%(refname)%00%(upstream:short)%00%(objectname)%00%(upstream:track)%00%(upstream:remotename)%00%(upstream:remoteref) refs/heads/main refs/remotes/main [6ms]
2024-07-25 15:53:21.074 [info] > git status -z -uall [3ms]
2024-07-25 15:53:21.094 [info] > git for-each-ref --format=%(refname)%00%(upstream:short)%00%(objectname)%00%(upstream:track)%00%(upstream:remotename)%00%(upstream:remoteref) refs/heads/main refs/remotes/main [5ms]
2024-07-25 15:53:21.112 [info] > git config --local branch.main.vscode-merge-base [1ms]
2024-07-25 15:53:21.112 [warning] git config failed: Failed to execute git
2024-07-25 15:53:21.129 [info] > git reflog main --grep-reflog=branch: Created from *. [6ms]
2024-07-25 15:53:21.152 [info] > git symbolic-ref --short refs/remotes/origin/HEAD [5ms]
2024-07-25 15:53:21.152 [info] fatal: ref refs/remotes/origin/HEAD is not a symbolic ref
2024-07-25 15:54:50.805 [info] > git show --textconv :.vscode/settings.json [15ms]
2024-07-25 15:54:50.811 [info] > git ls-files --stage -- /home/hrishikesh/Documents/Coding/javaScript/ModDownload/.vscode/settings.json [7ms]
2024-07-25 15:54:55.629 [info] > git config --get commit.template [20ms]
2024-07-25 15:54:55.630 [info] > git for-each-ref --format=%(refname)%00%(upstream:short)%00%(objectname)%00%(upstream:track)%00%(upstream:remotename)%00%(upstream:remoteref) refs/heads/main refs/remotes/main [4ms]
2024-07-25 15:54:55.650 [info] > git status -z -uall [2ms]
2024-07-25 15:54:55.658 [info] > git for-each-ref --format=%(refname)%00%(upstream:short)%00%(objectname)%00%(upstream:track)%00%(upstream:remotename)%00%(upstream:remoteref) refs/heads/main refs/remotes/main [2ms]
2024-07-25 15:54:55.664 [info] > git config --local branch.main.vscode-merge-base [1ms]
2024-07-25 15:54:55.664 [warning] git config failed: Failed to execute git
2024-07-25 15:54:55.670 [info] > git reflog main --grep-reflog=branch: Created from *. [1ms]
2024-07-25 15:54:55.675 [info] > git symbolic-ref --short refs/remotes/origin/HEAD [1ms]
2024-07-25 15:54:55.675 [info] fatal: ref refs/remotes/origin/HEAD is not a symbolic ref
2024-07-25 15:55:17.511 [info] > git check-ignore -v -z --stdin [1ms]
2024-07-25 15:56:19.818 [info] > git fetch [866ms]
2024-07-25 15:56:19.829 [info] > git config --get commit.template [5ms]
2024-07-25 15:56:19.830 [info] > git for-each-ref --format=%(refname)%00%(upstream:short)%00%(objectname)%00%(upstream:track)%00%(upstream:remotename)%00%(upstream:remoteref) refs/heads/main refs/remotes/main [2ms]
2024-07-25 15:56:19.837 [info] > git status -z -uall [2ms]
2024-07-25 15:56:19.847 [info] > git for-each-ref --format=%(refname)%00%(upstream:short)%00%(objectname)%00%(upstream:track)%00%(upstream:remotename)%00%(upstream:remoteref) refs/heads/main refs/remotes/main [4ms]
2024-07-25 15:56:19.854 [info] > git config --local branch.main.vscode-merge-base [1ms]
2024-07-25 15:56:19.854 [warning] git config failed: Failed to execute git
2024-07-25 15:56:19.860 [info] > git reflog main --grep-reflog=branch: Created from *. [1ms]
2024-07-25 15:56:19.866 [info] > git symbolic-ref --short refs/remotes/origin/HEAD [2ms]
2024-07-25 15:56:19.866 [info] fatal: ref refs/remotes/origin/HEAD is not a symbolic ref
2024-07-25 15:56:20.919 [info] > git config --get commit.template [12ms]
2024-07-25 15:56:20.922 [info] > git for-each-ref --format=%(refname)%00%(upstream:short)%00%(objectname)%00%(upstream:track)%00%(upstream:remotename)%00%(upstream:remoteref) refs/heads/main refs/remotes/main [4ms]
2024-07-25 15:56:20.943 [info] > git status -z -uall [6ms]
2024-07-25 15:56:20.962 [info] > git for-each-ref --format=%(refname)%00%(upstream:short)%00%(objectname)%00%(upstream:track)%00%(upstream:remotename)%00%(upstream:remoteref) refs/heads/main refs/remotes/main [1ms]
2024-07-25 15:56:20.985 [info] > git config --local branch.main.vscode-merge-base [2ms]
2024-07-25 15:56:20.985 [warning] git config failed: Failed to execute git
2024-07-25 15:56:20.991 [info] > git reflog main --grep-reflog=branch: Created from *. [2ms]
2024-07-25 15:56:21.007 [info] > git symbolic-ref --short refs/remotes/origin/HEAD [2ms]
2024-07-25 15:56:21.007 [info] fatal: ref refs/remotes/origin/HEAD is not a symbolic ref
2024-07-25 15:59:19.686 [info] > git show --textconv :src/App.jsx [30ms]
2024-07-25 15:59:19.687 [info] > git ls-files --stage -- /home/hrishikesh/Documents/Coding/javaScript/ModDownload/src/App.jsx [6ms]
2024-07-25 15:59:19.705 [info] > git cat-file -s 55ce10c14bf4a560dec9d7d429f5c3f7008502ac [3ms]
2024-07-25 15:59:21.132 [info] > git ls-files --stage -- /home/hrishikesh/Documents/Coding/javaScript/ModDownload/src/App.jsx [4ms]
2024-07-25 15:59:21.186 [info] > git cat-file -s 55ce10c14bf4a560dec9d7d429f5c3f7008502ac [8ms]
2024-07-25 15:59:21.274 [info] > git show --textconv :src/App.jsx [16ms]
2024-07-25 15:59:21.712 [info] > git fetch [1842ms]
2024-07-25 15:59:21.792 [info] > git config --get commit.template [12ms]
2024-07-25 15:59:21.792 [info] > git for-each-ref --format=%(refname)%00%(upstream:short)%00%(objectname)%00%(upstream:track)%00%(upstream:remotename)%00%(upstream:remoteref) refs/heads/main refs/remotes/main [1ms]
2024-07-25 15:59:21.803 [info] > git status -z -uall [1ms]
2024-07-25 15:59:21.816 [info] > git for-each-ref --format=%(refname)%00%(upstream:short)%00%(objectname)%00%(upstream:track)%00%(upstream:remotename)%00%(upstream:remoteref) refs/heads/main refs/remotes/main [2ms]
2024-07-25 15:59:21.822 [info] > git config --local branch.main.vscode-merge-base [1ms]
2024-07-25 15:59:21.822 [warning] git config failed: Failed to execute git
2024-07-25 15:59:21.827 [info] > git reflog main --grep-reflog=branch: Created from *. [2ms]
2024-07-25 15:59:21.831 [info] > git symbolic-ref --short refs/remotes/origin/HEAD [1ms]
2024-07-25 15:59:21.831 [info] fatal: ref refs/remotes/origin/HEAD is not a symbolic ref
2024-07-25 15:59:22.897 [info] > git ls-files --stage -- /home/hrishikesh/Documents/Coding/javaScript/ModDownload/src/App.jsx [4ms]
2024-07-25 15:59:22.917 [info] > git cat-file -s 55ce10c14bf4a560dec9d7d429f5c3f7008502ac [2ms]
2024-07-25 15:59:22.925 [info] > git show --textconv :src/App.jsx [1ms]
2024-07-25 15:59:32.620 [info] > git show --textconv :src/App.jsx [6ms]
2024-07-25 15:59:32.621 [info] > git ls-files --stage -- /home/hrishikesh/Documents/Coding/javaScript/ModDownload/src/App.jsx [2ms]
2024-07-25 15:59:32.627 [info] > git cat-file -s 55ce10c14bf4a560dec9d7d429f5c3f7008502ac [1ms]
2024-07-25 16:00:16.879 [info] > git show --textconv :src/App.jsx [19ms]
2024-07-25 16:00:16.889 [info] > git ls-files --stage -- /home/hrishikesh/Documents/Coding/javaScript/ModDownload/src/App.jsx [12ms]
2024-07-25 16:00:16.903 [info] > git cat-file -s 55ce10c14bf4a560dec9d7d429f5c3f7008502ac [5ms]
2024-07-25 16:00:40.610 [info] > git show --textconv :src/App.jsx [3ms]
2024-07-25 16:00:40.672 [info] > git ls-files --stage -- /home/hrishikesh/Documents/Coding/javaScript/ModDownload/src/App.jsx [20ms]
2024-07-25 16:00:40.718 [info] > git cat-file -s 55ce10c14bf4a560dec9d7d429f5c3f7008502ac [12ms]
2024-07-25 16:00:44.949 [info] > git show --textconv :src/App.jsx [5ms]
2024-07-25 16:00:44.950 [info] > git ls-files --stage -- /home/hrishikesh/Documents/Coding/javaScript/ModDownload/src/App.jsx [1ms]
2024-07-25 16:00:44.955 [info] > git cat-file -s 55ce10c14bf4a560dec9d7d429f5c3f7008502ac [1ms]
2024-07-25 16:01:17.484 [info] > git ls-files --stage -- /home/hrishikesh/Documents/Coding/javaScript/ModDownload/.gitignore [1ms]
2024-07-25 16:01:17.531 [info] > git show --textconv :.gitignore [54ms]
2024-07-25 16:01:17.531 [info] > git cat-file -s 50c8dda2af98f91d8f314c38bc396ace6479e827 [44ms]
2024-07-25 16:01:19.922 [info] > git show --textconv :src/App.jsx [5ms]
2024-07-25 16:01:19.923 [info] > git ls-files --stage -- /home/hrishikesh/Documents/Coding/javaScript/ModDownload/src/App.jsx [2ms]
2024-07-25 16:01:19.927 [info] > git cat-file -s 55ce10c14bf4a560dec9d7d429f5c3f7008502ac [1ms]
2024-07-25 16:01:26.363 [info] > git show --textconv :.env [6ms]
2024-07-25 16:01:26.364 [info] > git ls-files --stage -- /home/hrishikesh/Documents/Coding/javaScript/ModDownload/.env [2ms]
2024-07-25 16:01:34.999 [info] > git show --textconv :src/App.jsx [11ms]
2024-07-25 16:01:35.000 [info] > git ls-files --stage -- /home/hrishikesh/Documents/Coding/javaScript/ModDownload/src/App.jsx [6ms]
2024-07-25 16:01:35.005 [info] > git cat-file -s 55ce10c14bf4a560dec9d7d429f5c3f7008502ac [2ms]
