2024-07-25 15:22:47.000 [info] Reading sessions from keychain...
2024-07-25 15:22:47.000 [info] Getting sessions for all scopes...
2024-07-25 15:22:47.000 [info] Getting sessions for all scopes...
2024-07-25 15:22:47.000 [info] Getting sessions for user:email...
2024-07-25 15:22:47.164 [info] Got stored sessions!
2024-07-25 15:22:47.164 [info] Got 3 verified sessions.
2024-07-25 15:22:47.164 [info] Got 3 sessions for ...
2024-07-25 15:22:47.164 [info] Got 3 sessions for ...
2024-07-25 15:22:47.164 [info] Got 1 sessions for user:email...
2024-07-25 15:22:47.199 [info] Getting sessions for read:user,repo,user:email,workflow...
2024-07-25 15:22:47.199 [info] Got 1 sessions for read:user,repo,user:email,workflow...
2024-07-25 15:22:47.804 [info] Getting sessions for read:user,repo,user:email,workflow...
2024-07-25 15:22:47.804 [info] Got 1 sessions for read:user,repo,user:email,workflow...
2024-07-25 15:23:19.978 [info] Reading sessions from keychain...
2024-07-25 15:23:19.978 [info] Getting sessions for all scopes...
2024-07-25 15:23:19.978 [info] Getting sessions for all scopes...
2024-07-25 15:23:19.978 [info] Getting sessions for user:email...
2024-07-25 15:23:19.978 [info] Got stored sessions!
2024-07-25 15:23:19.978 [info] Got 3 verified sessions.
2024-07-25 15:23:19.978 [info] Got 3 sessions for ...
2024-07-25 15:23:19.978 [info] Got 3 sessions for ...
2024-07-25 15:23:19.978 [info] Got 1 sessions for user:email...
2024-07-25 15:23:20.549 [info] Getting sessions for read:user,repo,user:email,workflow...
2024-07-25 15:23:20.549 [info] Got 1 sessions for read:user,repo,user:email,workflow...
2024-07-25 15:23:20.966 [info] Getting sessions for read:user,repo,user:email,workflow...
2024-07-25 15:23:20.967 [info] Got 1 sessions for read:user,repo,user:email,workflow...
2024-07-25 15:23:52.055 [info] Reading sessions from keychain...
2024-07-25 15:23:52.055 [info] Getting sessions for all scopes...
2024-07-25 15:23:52.055 [info] Getting sessions for all scopes...
2024-07-25 15:23:52.055 [info] Getting sessions for user:email...
2024-07-25 15:23:52.055 [info] Got stored sessions!
2024-07-25 15:23:52.055 [info] Got 3 verified sessions.
2024-07-25 15:23:52.055 [info] Got 3 sessions for ...
2024-07-25 15:23:52.055 [info] Got 3 sessions for ...
2024-07-25 15:23:52.055 [info] Got 1 sessions for user:email...
2024-07-25 15:23:52.555 [info] Getting sessions for read:user,repo,user:email,workflow...
2024-07-25 15:23:52.555 [info] Got 1 sessions for read:user,repo,user:email,workflow...
2024-07-25 15:23:57.177 [info] Getting sessions for read:user,repo,user:email,workflow...
2024-07-25 15:23:57.177 [info] Got 1 sessions for read:user,repo,user:email,workflow...
