2024-07-25 13:54:28.820 [info] /home/hrishikesh/.config/Code/User/settings.json closed
2024-07-25 13:54:32.448 [info] /home/hrishikesh/.config/Code/User/keybindings.json closed
2024-07-25 13:54:40.480 [info] Active editor: vscode-userdata:/home/hrishikesh/.config/Code/User/profiles/7a95bb05/settings.json
2024-07-25 13:54:41.151 [info] Configuration changed
2024-07-25 13:55:06.584 [info] Configuration changed
2024-07-25 13:55:08.153 [info] Configuration changed
2024-07-25 13:55:09.418 [info] Active editor: vscode-userdata:/home/hrishikesh/.config/Code/User/profiles/7a95bb05/settings.json
2024-07-25 13:55:15.609 [info] Active editor: vscode-userdata:/home/hrishikesh/.config/Code/User/profiles/7a95bb05/settings.json
2024-07-25 13:55:23.771 [info] Configuration changed
2024-07-25 13:55:31.134 [info] Configuration changed
2024-07-25 13:55:34.802 [info] Configuration changed
2024-07-25 13:55:46.576 [info] Configuration changed
2024-07-25 13:55:47.732 [info] Active editor: file:///home/hrishikesh/Documents/Coding/javaScript/ModDownload/src/App.jsx
2024-07-25 13:56:16.054 [info] /home/hrishikesh/Documents/Coding/javaScript/ModDownload/src/App.jsx.git closed
2024-07-25 13:56:19.087 [info] Active editor: vscode-userdata:/home/hrishikesh/.config/Code/User/profiles/7a95bb05/settings.json
2024-07-25 13:56:19.518 [info] Configuration changed
2024-07-25 13:56:40.474 [info] Configuration changed
2024-07-25 13:56:48.426 [info] Active editor: vscode-userdata:/home/hrishikesh/.config/Code/User/profiles/7a95bb05/settings.json
2024-07-25 13:56:49.209 [info] Configuration changed
2024-07-25 13:56:53.121 [info] Configuration changed
2024-07-25 13:57:27.190 [info] Active editor: vscode-userdata:/home/hrishikesh/.config/Code/User/profiles/7a95bb05/settings.json
2024-07-25 13:57:28.572 [info] Configuration changed
2024-07-25 13:57:31.501 [info] Configuration changed
2024-07-25 13:57:31.734 [info] Active editor: file:///home/hrishikesh/Documents/Coding/javaScript/ModDownload/src/App.jsx
2024-07-25 13:57:36.255 [info] /home/hrishikesh/Documents/Coding/javaScript/ModDownload/src/App.jsx.git closed
2024-07-25 13:57:37.491 [info] Active editor: file:///home/hrishikesh/Documents/Coding/javaScript/ModDownload/src/App.jsx
2024-07-25 13:57:38.318 [info] Active editor: vscode-userdata:/home/hrishikesh/.config/Code/User/profiles/7a95bb05/settings.json
2024-07-25 13:57:38.377 [info] /home/hrishikesh/Documents/Coding/javaScript/ModDownload/src/App.jsx.git closed
2024-07-25 13:57:50.177 [info] Configuration changed
2024-07-25 13:57:50.358 [info] /settings/profile closed
2024-07-25 13:57:51.606 [info] /launch closed
2024-07-25 13:57:51.654 [info] /textmate-colors closed
2024-07-25 13:57:52.415 [info] Active editor: vscode-userdata:/home/hrishikesh/.config/Code/User/profiles/7a95bb05/settings.json
2024-07-25 13:58:10.151 [info] Configuration changed
2024-07-25 13:58:14.583 [info] Configuration changed
2024-07-25 13:58:17.513 [info] Configuration changed
2024-07-25 13:58:53.304 [info] Configuration changed
2024-07-25 14:00:50.508 [info] /settings/profile closed
2024-07-25 14:00:51.973 [info] /launch closed
2024-07-25 14:00:52.918 [info] /textmate-colors closed
2024-07-25 14:01:02.720 [info] Configuration changed
2024-07-25 14:01:45.423 [warning] Ignoring slipped selection: [2, 1; 2, 1]
2024-07-25 14:02:33.149 [warning] Ignoring slipped selection: [2, 28; 2, 29]
2024-07-25 14:02:33.288 [warning] Ignoring slipped selection: [68, 21; 68, 23]
2024-07-25 14:02:33.527 [warning] Ignoring slipped selection: [68, 21; 68, 24]
2024-07-25 14:02:33.669 [warning] Ignoring slipped selection: [68, 21; 68, 25]
2024-07-25 14:02:33.769 [warning] Ignoring slipped selection: [68, 21; 68, 26]
2024-07-25 14:03:22.905 [warning] Ignoring slipped selection: [101, 31; 101, 31]
2024-07-25 14:03:50.637 [info] /settings/profile closed
2024-07-25 14:03:52.197 [info] /launch closed
2024-07-25 14:03:53.010 [info] /textmate-colors closed
2024-07-25 14:04:29.269 [info] Configuration changed
2024-07-25 14:04:33.085 [info] Configuration changed
2024-07-25 14:04:35.433 [info] Active editor: file:///home/hrishikesh/Documents/Coding/javaScript/ModDownload/src/App.jsx
2024-07-25 14:04:41.759 [info] /home/hrishikesh/Documents/Coding/javaScript/ModDownload/src/App.jsx.git closed
2024-07-25 14:04:48.799 [info] Active editor: vscode-userdata:/home/hrishikesh/.config/Code/User/profiles/7a95bb05/settings.json
2024-07-25 14:04:48.805 [warning] Ignoring slipped selection: [3, 24; 3, 24]
2024-07-25 14:04:49.185 [warning] Ignoring slipped selection: [184, 31; 184, 31]
2024-07-25 14:04:49.659 [info] Configuration changed
2024-07-25 14:05:18.215 [info] Configuration changed
2024-07-25 14:05:19.788 [info] Configuration changed
2024-07-25 14:05:26.555 [info] Active editor: file:///home/hrishikesh/Documents/Coding/javaScript/ModDownload/src/App.jsx
2024-07-25 14:05:34.743 [info] /home/hrishikesh/Documents/Coding/javaScript/ModDownload/src/App.jsx.git closed
2024-07-25 14:05:35.321 [info] Active editor: vscode-userdata:/home/hrishikesh/.config/Code/User/profiles/7a95bb05/settings.json
2024-07-25 14:05:35.325 [warning] Ignoring slipped selection: [183, 28; 183, 28]
