2024-07-25 13:28:25.358 [info] Reading sessions from keychain...
2024-07-25 13:28:25.358 [info] Getting sessions for all scopes...
2024-07-25 13:28:25.358 [info] Getting sessions for all scopes...
2024-07-25 13:28:25.358 [info] Getting sessions for user:email...
2024-07-25 13:28:25.358 [info] Got stored sessions!
2024-07-25 13:28:25.358 [info] Got 3 verified sessions.
2024-07-25 13:28:25.358 [info] Got 3 sessions for ...
2024-07-25 13:28:25.358 [info] Got 3 sessions for ...
2024-07-25 13:28:25.358 [info] Got 1 sessions for user:email...
2024-07-25 13:28:26.498 [info] Getting sessions for read:user,repo,user:email,workflow...
2024-07-25 13:28:26.498 [info] Got 1 sessions for read:user,repo,user:email,workflow...
2024-07-25 13:28:27.201 [info] Getting sessions for read:user,repo,user:email,workflow...
2024-07-25 13:28:27.201 [info] Got 1 sessions for read:user,repo,user:email,workflow...
2024-07-25 13:38:36.487 [info] Reading sessions from keychain...
2024-07-25 13:38:36.487 [info] Getting sessions for all scopes...
2024-07-25 13:38:36.487 [info] Getting sessions for all scopes...
2024-07-25 13:38:36.487 [info] Getting sessions for user:email...
2024-07-25 13:38:36.487 [info] Got stored sessions!
2024-07-25 13:38:36.487 [info] Got 3 verified sessions.
2024-07-25 13:38:36.487 [info] Got 3 sessions for ...
2024-07-25 13:38:36.487 [info] Got 3 sessions for ...
2024-07-25 13:38:36.487 [info] Got 1 sessions for user:email...
2024-07-25 13:38:38.976 [info] Getting sessions for read:user,repo,user:email,workflow...
2024-07-25 13:38:38.976 [info] Got 1 sessions for read:user,repo,user:email,workflow...
2024-07-25 13:38:39.756 [info] Getting sessions for read:user,repo,user:email,workflow...
2024-07-25 13:38:39.756 [info] Got 1 sessions for read:user,repo,user:email,workflow...
2024-07-25 13:38:57.641 [info] Reading sessions from keychain...
2024-07-25 13:38:57.641 [info] Getting sessions for all scopes...
2024-07-25 13:38:57.641 [info] Getting sessions for all scopes...
2024-07-25 13:38:57.641 [info] Getting sessions for user:email...
2024-07-25 13:38:57.641 [info] Got stored sessions!
2024-07-25 13:38:57.641 [info] Got 3 verified sessions.
2024-07-25 13:38:57.641 [info] Got 3 sessions for ...
2024-07-25 13:38:57.641 [info] Got 3 sessions for ...
2024-07-25 13:38:57.641 [info] Got 1 sessions for user:email...
2024-07-25 13:38:58.652 [info] Getting sessions for read:user,repo,user:email,workflow...
2024-07-25 13:38:58.652 [info] Got 1 sessions for read:user,repo,user:email,workflow...
2024-07-25 13:38:59.178 [info] Getting sessions for read:user,repo,user:email,workflow...
2024-07-25 13:38:59.178 [info] Got 1 sessions for read:user,repo,user:email,workflow...
2024-07-25 13:40:29.645 [info] Reading sessions from keychain...
2024-07-25 13:40:29.645 [info] Getting sessions for all scopes...
2024-07-25 13:40:29.645 [info] Getting sessions for all scopes...
2024-07-25 13:40:29.645 [info] Getting sessions for user:email...
2024-07-25 13:40:29.645 [info] Got stored sessions!
2024-07-25 13:40:29.645 [info] Got 3 verified sessions.
2024-07-25 13:40:29.645 [info] Got 3 sessions for ...
2024-07-25 13:40:29.645 [info] Got 3 sessions for ...
2024-07-25 13:40:29.645 [info] Got 1 sessions for user:email...
2024-07-25 13:40:30.935 [info] Getting sessions for read:user,repo,user:email,workflow...
2024-07-25 13:40:30.935 [info] Got 1 sessions for read:user,repo,user:email,workflow...
2024-07-25 13:40:32.071 [info] Getting sessions for read:user,repo,user:email,workflow...
2024-07-25 13:40:32.071 [info] Got 1 sessions for read:user,repo,user:email,workflow...
2024-07-25 13:40:44.983 [info] Reading sessions from keychain...
2024-07-25 13:40:44.983 [info] Getting sessions for all scopes...
2024-07-25 13:40:44.983 [info] Getting sessions for all scopes...
2024-07-25 13:40:44.983 [info] Getting sessions for user:email...
2024-07-25 13:40:45.224 [info] Got stored sessions!
2024-07-25 13:40:45.224 [info] Got 3 verified sessions.
2024-07-25 13:40:45.224 [info] Got 3 sessions for ...
2024-07-25 13:40:45.224 [info] Got 3 sessions for ...
2024-07-25 13:40:45.224 [info] Got 1 sessions for user:email...
2024-07-25 13:40:48.636 [info] Getting sessions for read:user,repo,user:email,workflow...
2024-07-25 13:40:48.636 [info] Got 1 sessions for read:user,repo,user:email,workflow...
2024-07-25 13:40:49.853 [info] Getting sessions for read:user,repo,user:email,workflow...
2024-07-25 13:40:49.853 [info] Got 1 sessions for read:user,repo,user:email,workflow...
2024-07-25 13:42:13.988 [info] Reading sessions from keychain...
2024-07-25 13:42:13.988 [info] Getting sessions for all scopes...
2024-07-25 13:42:13.988 [info] Getting sessions for all scopes...
2024-07-25 13:42:13.988 [info] Getting sessions for user:email...
2024-07-25 13:42:13.988 [info] Got stored sessions!
2024-07-25 13:42:13.988 [info] Got 3 verified sessions.
2024-07-25 13:42:13.988 [info] Got 3 sessions for ...
2024-07-25 13:42:13.988 [info] Got 3 sessions for ...
2024-07-25 13:42:13.988 [info] Got 1 sessions for user:email...
2024-07-25 13:42:15.889 [info] Getting sessions for read:user,repo,user:email,workflow...
2024-07-25 13:42:15.889 [info] Got 1 sessions for read:user,repo,user:email,workflow...
2024-07-25 13:42:16.956 [info] Getting sessions for read:user,repo,user:email,workflow...
2024-07-25 13:42:16.956 [info] Got 1 sessions for read:user,repo,user:email,workflow...
