2024-07-25 15:12:58.551 [info] Extension host with pid 73415 started
2024-07-25 15:12:58.551 [info] Skipping acquiring lock for /home/hrishikesh/.config/Code/User/workspaceStorage/77c62c919dd245bfc54341e6154725a7.
2024-07-25 15:12:58.880 [info] ExtensionService#_doActivateExtension vscode.emmet, startup: false, activationEvent: 'onLanguage'
2024-07-25 15:12:58.886 [info] ExtensionService#_doActivateExtension vscode.configuration-editing, startup: false, activationEvent: 'onLanguage:jsonc'
2024-07-25 15:12:58.890 [info] ExtensionService#_doActivateExtension vscode.json-language-features, startup: false, activationEvent: 'onLanguage:jsonc'
2024-07-25 15:12:58.919 [info] ExtensionService#_doActivateExtension vscode.typescript-language-features, startup: false, activationEvent: 'onLanguage:jsonc'
2024-07-25 15:12:59.948 [info] ExtensionService#_doActivateExtension vscode.git-base, startup: true, activationEvent: '*', root cause: vscode.git
2024-07-25 15:12:59.966 [info] ExtensionService#_doActivateExtension formulahendry.auto-rename-tag, startup: true, activationEvent: '*'
2024-07-25 15:12:59.985 [info] ExtensionService#_doActivateExtension Zignd.html-css-class-completion, startup: true, activationEvent: '*'
2024-07-25 15:13:00.166 [info] ExtensionService#_doActivateExtension vscode.npm, startup: true, activationEvent: 'workspaceContains:package.json'
2024-07-25 15:13:00.305 [info] ExtensionService#_doActivateExtension vscode.git, startup: true, activationEvent: '*'
2024-07-25 15:13:00.601 [info] ExtensionService#_doActivateExtension vscode.github, startup: true, activationEvent: '*'
2024-07-25 15:13:01.489 [info] ExtensionService#_doActivateExtension vscode.github-authentication, startup: false, activationEvent: 'onAuthenticationRequest:github'
2024-07-25 15:13:02.540 [info] Eager extensions activated
2024-07-25 15:13:02.724 [info] ExtensionService#_doActivateExtension vscode.debug-auto-launch, startup: false, activationEvent: 'onStartupFinished'
2024-07-25 15:13:02.727 [info] ExtensionService#_doActivateExtension vscode.merge-conflict, startup: false, activationEvent: 'onStartupFinished'
2024-07-25 15:13:02.744 [info] ExtensionService#_doActivateExtension aaron-bond.better-comments, startup: false, activationEvent: 'onStartupFinished'
2024-07-25 15:13:02.810 [info] ExtensionService#_doActivateExtension bradlc.vscode-tailwindcss, startup: false, activationEvent: 'onStartupFinished'
2024-07-25 15:13:02.905 [info] ExtensionService#_doActivateExtension Catppuccin.catppuccin-vsc, startup: false, activationEvent: 'onStartupFinished'
2024-07-25 15:13:02.924 [info] ExtensionService#_doActivateExtension dsznajder.es7-react-js-snippets, startup: false, activationEvent: 'onStartupFinished'
2024-07-25 15:13:04.180 [info] ExtensionService#_doActivateExtension ecmel.vscode-html-css, startup: false, activationEvent: 'onStartupFinished'
2024-07-25 15:13:04.185 [info] ExtensionService#_doActivateExtension esbenp.prettier-vscode, startup: false, activationEvent: 'onStartupFinished'
2024-07-25 15:13:04.250 [info] ExtensionService#_doActivateExtension PKief.material-icon-theme, startup: false, activationEvent: 'onStartupFinished'
2024-07-25 15:13:04.276 [info] ExtensionService#_doActivateExtension ritwickdey.LiveServer, startup: false, activationEvent: 'onStartupFinished'
2024-07-25 15:13:16.149 [warning] vscode.json-language-features - Code actions of kind 'quickfix' requested but returned code action is of kind 'source.sort.json'. Code action will be dropped. Please check 'CodeActionContext.only' to only return requested code actions.
2024-07-25 15:13:32.491 [info] Extension host terminating: renderer closed the MessagePort
2024-07-25 15:13:32.564 [error] Canceled: Canceled
    at new I (/usr/share/code/resources/app/out/vs/workbench/api/node/extensionHostProcess.js:144:34990)
    at S.U (/usr/share/code/resources/app/out/vs/workbench/api/node/extensionHostProcess.js:151:6023)
    at Proxy.z.<computed>.F.charCodeAt.T.CharCode.DollarSign.z.<computed> (/usr/share/code/resources/app/out/vs/workbench/api/node/extensionHostProcess.js:151:3107)
    at f.g (/usr/share/code/resources/app/out/vs/workbench/api/node/extensionHostProcess.js:154:203861)
    at f.executeCommand (/usr/share/code/resources/app/out/vs/workbench/api/node/extensionHostProcess.js:154:203299)
    at A.registerCommand.description (/usr/share/code/resources/app/out/vs/workbench/api/node/extensionHostProcess.js:154:202623)
    at f.h (/usr/share/code/resources/app/out/vs/workbench/api/node/extensionHostProcess.js:154:204400)
    at f.g (/usr/share/code/resources/app/out/vs/workbench/api/node/extensionHostProcess.js:154:203392)
    at f.executeCommand (/usr/share/code/resources/app/out/vs/workbench/api/node/extensionHostProcess.js:154:203299)
    at Object.executeCommand (/usr/share/code/resources/app/out/vs/workbench/api/node/extensionHostProcess.js:164:23051)
    at n.O [as value] (/usr/share/code/resources/app/extensions/git/dist/main.js:2:949496)
    at r.B (/usr/share/code/resources/app/out/vs/workbench/api/node/extensionHostProcess.js:83:737)
    at r.C (/usr/share/code/resources/app/out/vs/workbench/api/node/extensionHostProcess.js:83:807)
    at r.fire (/usr/share/code/resources/app/out/vs/workbench/api/node/extensionHostProcess.js:83:1023)
    at Object.p [as dispose] (/usr/share/code/resources/app/extensions/git/dist/main.js:2:968700)
    at /usr/share/code/resources/app/extensions/git/dist/main.js:2:974738
    at Array.forEach (<anonymous>)
    at f.dispose (/usr/share/code/resources/app/extensions/git/dist/main.js:2:974724)
    at c.<anonymous> (/usr/share/code/resources/app/out/vs/workbench/api/node/extensionHostProcess.js:152:4048)
    at c.dispose (/usr/share/code/resources/app/out/vs/workbench/api/node/extensionHostProcess.js:152:4145)
    at c.<anonymous> (/usr/share/code/resources/app/extensions/git/dist/main.js:2:951753)
    at c.dispose (/usr/share/code/resources/app/out/vs/workbench/api/node/extensionHostProcess.js:152:4145)
    at d (/usr/share/code/resources/app/out/vs/workbench/api/node/extensionHostProcess.js:30:744)
    at m.eb (/usr/share/code/resources/app/out/vs/workbench/api/node/extensionHostProcess.js:160:10039)
    at /usr/share/code/resources/app/out/vs/workbench/api/node/extensionHostProcess.js:160:7915
    at Array.map (<anonymous>)
    at m.$ (/usr/share/code/resources/app/out/vs/workbench/api/node/extensionHostProcess.js:160:7902)
    at m.terminate (/usr/share/code/resources/app/out/vs/workbench/api/node/extensionHostProcess.js:160:8175)
    at d.terminate (/usr/share/code/resources/app/out/vs/workbench/api/node/extensionHostProcess.js:164:1513)
    at i (/usr/share/code/resources/app/out/vs/workbench/api/node/extensionHostProcess.js:177:10617)
    at MessagePortMain.<anonymous> (/usr/share/code/resources/app/out/vs/workbench/api/node/extensionHostProcess.js:177:6809)
    at MessagePortMain.emit (node:events:514:28)
    at Object.MessagePortMain._internalPort.emit (node:electron/js2c/utility_init:2:2285) setContext undefined
2024-07-25 15:13:32.564 [error] Canceled: Canceled
    at new I (/usr/share/code/resources/app/out/vs/workbench/api/node/extensionHostProcess.js:144:34990)
    at S.U (/usr/share/code/resources/app/out/vs/workbench/api/node/extensionHostProcess.js:151:6023)
    at Proxy.z.<computed>.F.charCodeAt.T.CharCode.DollarSign.z.<computed> (/usr/share/code/resources/app/out/vs/workbench/api/node/extensionHostProcess.js:151:3107)
    at f.g (/usr/share/code/resources/app/out/vs/workbench/api/node/extensionHostProcess.js:154:203861)
    at f.executeCommand (/usr/share/code/resources/app/out/vs/workbench/api/node/extensionHostProcess.js:154:203299)
    at A.registerCommand.description (/usr/share/code/resources/app/out/vs/workbench/api/node/extensionHostProcess.js:154:202623)
    at f.h (/usr/share/code/resources/app/out/vs/workbench/api/node/extensionHostProcess.js:154:204400)
    at f.g (/usr/share/code/resources/app/out/vs/workbench/api/node/extensionHostProcess.js:154:203392)
    at f.executeCommand (/usr/share/code/resources/app/out/vs/workbench/api/node/extensionHostProcess.js:154:203299)
    at Object.executeCommand (/usr/share/code/resources/app/out/vs/workbench/api/node/extensionHostProcess.js:164:23051)
    at a.VscodeDevShareProvider.set hasGitHubRepositories [as hasGitHubRepositories] (/usr/share/code/resources/app/extensions/github/dist/extension.js:2:322969)
    at /usr/share/code/resources/app/extensions/github/dist/extension.js:2:323928
    at n.value (/usr/share/code/resources/app/extensions/git/dist/main.js:2:1055238)
    at r.B (/usr/share/code/resources/app/out/vs/workbench/api/node/extensionHostProcess.js:83:737)
    at r.C (/usr/share/code/resources/app/out/vs/workbench/api/node/extensionHostProcess.js:83:807)
    at r.fire (/usr/share/code/resources/app/out/vs/workbench/api/node/extensionHostProcess.js:83:1023)
    at Object.p [as dispose] (/usr/share/code/resources/app/extensions/git/dist/main.js:2:968700)
    at /usr/share/code/resources/app/extensions/git/dist/main.js:2:974738
    at Array.forEach (<anonymous>)
    at f.dispose (/usr/share/code/resources/app/extensions/git/dist/main.js:2:974724)
    at c.<anonymous> (/usr/share/code/resources/app/out/vs/workbench/api/node/extensionHostProcess.js:152:4048)
    at c.dispose (/usr/share/code/resources/app/out/vs/workbench/api/node/extensionHostProcess.js:152:4145)
    at c.<anonymous> (/usr/share/code/resources/app/extensions/git/dist/main.js:2:951753)
    at c.dispose (/usr/share/code/resources/app/out/vs/workbench/api/node/extensionHostProcess.js:152:4145)
    at d (/usr/share/code/resources/app/out/vs/workbench/api/node/extensionHostProcess.js:30:744)
    at m.eb (/usr/share/code/resources/app/out/vs/workbench/api/node/extensionHostProcess.js:160:10039)
    at /usr/share/code/resources/app/out/vs/workbench/api/node/extensionHostProcess.js:160:7915
    at Array.map (<anonymous>)
    at m.$ (/usr/share/code/resources/app/out/vs/workbench/api/node/extensionHostProcess.js:160:7902)
    at m.terminate (/usr/share/code/resources/app/out/vs/workbench/api/node/extensionHostProcess.js:160:8175)
    at d.terminate (/usr/share/code/resources/app/out/vs/workbench/api/node/extensionHostProcess.js:164:1513)
    at i (/usr/share/code/resources/app/out/vs/workbench/api/node/extensionHostProcess.js:177:10617)
    at MessagePortMain.<anonymous> (/usr/share/code/resources/app/out/vs/workbench/api/node/extensionHostProcess.js:177:6809)
    at MessagePortMain.emit (node:events:514:28)
    at Object.MessagePortMain._internalPort.emit (node:electron/js2c/utility_init:2:2285) setContext undefined
2024-07-25 15:13:32.568 [error] Canceled: Canceled
    at new I (/usr/share/code/resources/app/out/vs/workbench/api/node/extensionHostProcess.js:144:34990)
    at S.U (/usr/share/code/resources/app/out/vs/workbench/api/node/extensionHostProcess.js:151:6023)
    at Proxy.z.<computed>.F.charCodeAt.T.CharCode.DollarSign.z.<computed> (/usr/share/code/resources/app/out/vs/workbench/api/node/extensionHostProcess.js:151:3107)
    at f.g (/usr/share/code/resources/app/out/vs/workbench/api/node/extensionHostProcess.js:154:203861)
    at f.executeCommand (/usr/share/code/resources/app/out/vs/workbench/api/node/extensionHostProcess.js:154:203299)
    at A.registerCommand.description (/usr/share/code/resources/app/out/vs/workbench/api/node/extensionHostProcess.js:154:202623)
    at f.h (/usr/share/code/resources/app/out/vs/workbench/api/node/extensionHostProcess.js:154:204400)
    at f.g (/usr/share/code/resources/app/out/vs/workbench/api/node/extensionHostProcess.js:154:203392)
    at f.executeCommand (/usr/share/code/resources/app/out/vs/workbench/api/node/extensionHostProcess.js:154:203299)
    at Object.executeCommand (/usr/share/code/resources/app/out/vs/workbench/api/node/extensionHostProcess.js:164:23051)
    at pE (/home/hrishikesh/.vscode/extensions/bradlc.vscode-tailwindcss-0.12.5/dist/extension.js:40:8764)
    at Ne (/home/hrishikesh/.vscode/extensions/bradlc.vscode-tailwindcss-0.12.5/dist/extension.js:4:1357)
    at me (/home/hrishikesh/.vscode/extensions/bradlc.vscode-tailwindcss-0.12.5/dist/extension.js:3:6845)
    at Immediate.<anonymous> (/home/hrishikesh/.vscode/extensions/bradlc.vscode-tailwindcss-0.12.5/dist/extension.js:3:6723)
    at processImmediate (node:internal/timers:478:21) setContext undefined
2024-07-25 15:13:32.571 [info] Extension host with pid 73415 exiting with code 0
