2024-07-25 14:07:09.539 [info] Reading sessions from keychain...
2024-07-25 14:07:09.539 [info] Getting sessions for all scopes...
2024-07-25 14:07:09.539 [info] Getting sessions for all scopes...
2024-07-25 14:07:09.555 [info] Getting sessions for read:user,repo,user:email,workflow...
2024-07-25 14:07:09.613 [info] Getting sessions for all scopes...
2024-07-25 14:07:09.721 [info] Got stored sessions!
2024-07-25 14:07:09.722 [info] Got 3 verified sessions.
2024-07-25 14:07:09.722 [info] Got 3 sessions for ...
2024-07-25 14:07:09.722 [info] Got 3 sessions for ...
2024-07-25 14:07:09.722 [info] Got 1 sessions for read:user,repo,user:email,workflow...
2024-07-25 14:07:09.722 [info] Got 3 sessions for ...
2024-07-25 14:07:10.194 [info] Getting sessions for user:email...
2024-07-25 14:07:10.194 [info] Got 1 sessions for user:email...
2024-07-25 14:07:12.136 [info] Getting sessions for read:user,repo,user:email,workflow...
2024-07-25 14:07:12.137 [info] Got 1 sessions for read:user,repo,user:email,workflow...
2024-07-25 14:08:28.675 [info] Reading sessions from keychain...
2024-07-25 14:08:28.676 [info] Getting sessions for all scopes...
2024-07-25 14:08:28.676 [info] Getting sessions for all scopes...
2024-07-25 14:08:28.676 [info] Getting sessions for user:email...
2024-07-25 14:08:28.767 [info] Got stored sessions!
2024-07-25 14:08:28.767 [info] Got 3 verified sessions.
2024-07-25 14:08:28.767 [info] Got 3 sessions for ...
2024-07-25 14:08:28.767 [info] Got 3 sessions for ...
2024-07-25 14:08:28.767 [info] Got 1 sessions for user:email...
2024-07-25 14:08:30.292 [info] Reading sessions from keychain...
2024-07-25 14:08:30.292 [info] Getting sessions for all scopes...
2024-07-25 14:08:30.292 [info] Getting sessions for all scopes...
2024-07-25 14:08:30.292 [info] Getting sessions for user:email...
2024-07-25 14:08:30.292 [info] Got stored sessions!
2024-07-25 14:08:30.292 [info] Got 3 verified sessions.
2024-07-25 14:08:30.292 [info] Got 3 sessions for ...
2024-07-25 14:08:30.292 [info] Got 3 sessions for ...
2024-07-25 14:08:30.292 [info] Got 1 sessions for user:email...
2024-07-25 14:08:33.116 [info] Getting sessions for read:user,repo,user:email,workflow...
2024-07-25 14:08:33.116 [info] Got 1 sessions for read:user,repo,user:email,workflow...
2024-07-25 14:08:35.110 [info] Getting sessions for read:user,repo,user:email,workflow...
2024-07-25 14:08:35.110 [info] Got 1 sessions for read:user,repo,user:email,workflow...
2024-07-25 14:09:30.754 [info] Reading sessions from keychain...
2024-07-25 14:09:30.754 [info] Getting sessions for all scopes...
2024-07-25 14:09:30.754 [info] Getting sessions for all scopes...
2024-07-25 14:09:30.754 [info] Getting sessions for user:email...
2024-07-25 14:09:30.754 [info] Got stored sessions!
2024-07-25 14:09:30.754 [info] Got 3 verified sessions.
2024-07-25 14:09:30.754 [info] Got 3 sessions for ...
2024-07-25 14:09:30.754 [info] Got 3 sessions for ...
2024-07-25 14:09:30.754 [info] Got 1 sessions for user:email...
2024-07-25 14:09:31.950 [info] Getting sessions for read:user,repo,user:email,workflow...
2024-07-25 14:09:31.950 [info] Got 1 sessions for read:user,repo,user:email,workflow...
2024-07-25 14:09:40.461 [info] Getting sessions for read:user,repo,user:email,workflow...
2024-07-25 14:09:40.461 [info] Got 1 sessions for read:user,repo,user:email,workflow...
