Locating server…
Booting server...
Setting up server…
Listening for messages…
Searching for Tailwind CSS projects in the workspace's folders.
[Global] Creating projects: []
Checking if /home/hrishikesh/Documents/Coding/javaScript/ModDownload/src/index.css may be Tailwind-related…
[Global] Preparing projects...
[Global] Initializing projects...
[Global] Initialized 0 projects
[Info  - 14:14:01] [GLOBAL] No matching project for document {
  fsPath: '/home/hrishikesh/Documents/Coding/javaScript/ModDownload/.vscode/settings.json',
  normalPath: '/home/hrishikesh/Documents/Coding/javaScript/ModDownload/.vscode/settings.json'
}
[Info  - 14:14:14] [GLOBAL] No matching project for document {
  fsPath: '/home/hrishikesh/Documents/Coding/javaScript/ModDownload/.vscode/settings.json',
  normalPath: '/home/hrishikesh/Documents/Coding/javaScript/ModDownload/.vscode/settings.json'
}
[Info  - 14:14:26] [GLOBAL] No matching project for document {
  fsPath: '/home/hrishikesh/Documents/Coding/javaScript/ModDownload/.vscode/settings.json',
  normalPath: '/home/hrishikesh/Documents/Coding/javaScript/ModDownload/.vscode/settings.json'
}
