2024-07-25 15:13:39.087 [info] Reading sessions from keychain...
2024-07-25 15:13:39.087 [info] Getting sessions for all scopes...
2024-07-25 15:13:39.087 [info] Getting sessions for user:email...
2024-07-25 15:13:39.087 [info] Getting sessions for all scopes...
2024-07-25 15:13:39.117 [info] Getting sessions for read:user,repo,user:email,workflow...
2024-07-25 15:13:39.292 [info] Got stored sessions!
2024-07-25 15:13:39.292 [info] Got 3 verified sessions.
2024-07-25 15:13:39.292 [info] Got 3 sessions for ...
2024-07-25 15:13:39.292 [info] Got 1 sessions for user:email...
2024-07-25 15:13:39.292 [info] Got 3 sessions for ...
2024-07-25 15:13:39.292 [info] Got 1 sessions for read:user,repo,user:email,workflow...
2024-07-25 15:13:44.219 [info] Getting sessions for read:user,repo,user:email,workflow...
2024-07-25 15:13:44.219 [info] Got 1 sessions for read:user,repo,user:email,workflow...
2024-07-25 15:20:21.728 [info] Reading sessions from keychain...
2024-07-25 15:20:21.728 [info] Getting sessions for all scopes...
2024-07-25 15:20:21.728 [info] Getting sessions for user:email...
2024-07-25 15:20:21.728 [info] Getting sessions for all scopes...
2024-07-25 15:20:21.728 [info] Got stored sessions!
2024-07-25 15:20:21.728 [info] Got 3 verified sessions.
2024-07-25 15:20:21.728 [info] Got 3 sessions for ...
2024-07-25 15:20:21.728 [info] Got 1 sessions for user:email...
2024-07-25 15:20:21.728 [info] Got 3 sessions for ...
2024-07-25 15:20:22.625 [info] Getting sessions for read:user,repo,user:email...
2024-07-25 15:20:22.625 [info] Got 1 sessions for read:user,repo,user:email...
2024-07-25 15:20:23.494 [info] Getting sessions for read:user,repo,user:email,workflow...
2024-07-25 15:20:23.494 [info] Got 1 sessions for read:user,repo,user:email,workflow...
2024-07-25 15:20:30.343 [info] Getting sessions for read:user,repo,user:email,workflow...
2024-07-25 15:20:30.344 [info] Got 1 sessions for read:user,repo,user:email,workflow...
2024-07-25 15:20:54.599 [info] Reading sessions from keychain...
2024-07-25 15:20:54.599 [info] Getting sessions for all scopes...
2024-07-25 15:20:54.599 [info] Getting sessions for user:email...
2024-07-25 15:20:54.599 [info] Getting sessions for all scopes...
2024-07-25 15:20:55.186 [info] Got stored sessions!
2024-07-25 15:20:55.186 [info] Got 3 verified sessions.
2024-07-25 15:20:55.186 [info] Got 3 sessions for ...
2024-07-25 15:20:55.186 [info] Got 1 sessions for user:email...
2024-07-25 15:20:55.186 [info] Got 3 sessions for ...
2024-07-25 15:20:59.018 [info] Getting sessions for read:user,repo,user:email,workflow...
2024-07-25 15:20:59.019 [info] Got 1 sessions for read:user,repo,user:email,workflow...
2024-07-25 15:21:00.308 [info] Getting sessions for read:user,repo,user:email...
2024-07-25 15:21:00.309 [info] Got 1 sessions for read:user,repo,user:email...
2024-07-25 15:21:01.110 [info] Getting sessions for read:user,repo,user:email,workflow...
2024-07-25 15:21:01.111 [info] Got 1 sessions for read:user,repo,user:email,workflow...
2024-07-25 15:22:13.583 [info] Reading sessions from keychain...
2024-07-25 15:22:13.583 [info] Getting sessions for all scopes...
2024-07-25 15:22:13.583 [info] Getting sessions for user:email...
2024-07-25 15:22:13.583 [info] Getting sessions for all scopes...
2024-07-25 15:22:13.583 [info] Got stored sessions!
2024-07-25 15:22:13.583 [info] Got 3 verified sessions.
2024-07-25 15:22:13.583 [info] Got 3 sessions for ...
2024-07-25 15:22:13.583 [info] Got 1 sessions for user:email...
2024-07-25 15:22:13.583 [info] Got 3 sessions for ...
2024-07-25 15:22:15.420 [info] Getting sessions for read:user,repo,user:email,workflow...
2024-07-25 15:22:15.420 [info] Got 1 sessions for read:user,repo,user:email,workflow...
2024-07-25 15:22:16.286 [info] Getting sessions for read:user,repo,user:email,workflow...
2024-07-25 15:22:16.287 [info] Got 1 sessions for read:user,repo,user:email,workflow...
