2024-07-25 15:15:38.378 [info] Uninstalling extension from the profile: vscodevim.vim@1.27.3 vscode-userdata:/home/hrishikesh/.config/Code/User/profiles/7a95bb05/extensions.json
2024-07-25 15:15:40.059 [info] Successfully uninstalled extension from the profile vscodevim.vim@1.27.3 vscode-userdata:/home/hrishikesh/.config/Code/User/profiles/7a95bb05/extensions.json
2024-07-25 15:17:46.839 [info] Getting Manifest... vscodevim.vim
2024-07-25 15:17:46.923 [info] Installing extension: vscodevim.vim {"isMachineScoped":false,"installPreReleaseVersion":false,"pinned":false,"productVersion":{"version":"1.91.1","date":"2024-07-09T22:08:12.169Z"},"isApplicationScoped":false,"profileLocation":{"$mid":1,"external":"vscode-userdata:/home/hrishikesh/.config/Code/User/profiles/7a95bb05/extensions.json","path":"/home/hrishikesh/.config/Code/User/profiles/7a95bb05/extensions.json","scheme":"vscode-userdata"},"installOnlyNewlyAddedFromExtensionPack":true}
2024-07-25 15:17:49.475 [info] Extension signature verification result for vscodevim.vim: Success. Executed: true. Duration: 2002ms.
2024-07-25 15:17:49.630 [info] Extension installed successfully: vscodevim.vim vscode-userdata:/home/hrishikesh/.config/Code/User/profiles/7a95bb05/extensions.json
2024-07-25 15:20:33.095 [info] Getting Manifest... eamodio.gitlens
2024-07-25 15:20:33.235 [info] Installing extension: eamodio.gitlens {"productVersion":{"version":"1.91.1","date":"2024-07-09T22:08:12.169Z"},"pinned":false,"isApplicationScoped":false,"profileLocation":{"$mid":1,"external":"vscode-userdata:/home/hrishikesh/.vscode/extensions/extensions.json","path":"/home/hrishikesh/.vscode/extensions/extensions.json","scheme":"vscode-userdata"},"installOnlyNewlyAddedFromExtensionPack":true}
2024-07-25 15:21:02.799 [info] Extension signature verification result for eamodio.gitlens: Success. Executed: true. Duration: 3312ms.
2024-07-25 15:21:04.738 [info] Extracted extension to file:///home/hrishikesh/.vscode/extensions/eamodio.gitlens-15.2.1: eamodio.gitlens
2024-07-25 15:21:04.813 [info] Renamed to /home/hrishikesh/.vscode/extensions/eamodio.gitlens-15.2.1
2024-07-25 15:21:04.929 [error] [uncaught exception in sharedProcess]: Error: ENOENT: no such file or directory, stat '/home/hrishikesh/.vscode/extensions/extensions.json.vsctmp': EntryNotFound (FileSystemError): Error: ENOENT: no such file or directory, stat '/home/hrishikesh/.vscode/extensions/extensions.json.vsctmp'
    at h.create (/usr/share/code/resources/app/out/vs/code/node/sharedProcess/sharedProcessMain.js:54:19262)
    at f (/usr/share/code/resources/app/out/vs/code/node/sharedProcess/sharedProcessMain.js:54:19372)
    at P.hb (/usr/share/code/resources/app/out/vs/code/node/sharedProcess/sharedProcessMain.js:59:36571)
    at P.stat (/usr/share/code/resources/app/out/vs/code/node/sharedProcess/sharedProcessMain.js:59:28919)
    at async s.stat (/usr/share/code/resources/app/out/vs/code/node/sharedProcess/sharedProcessMain.js:59:14907)
    at async V.vb (/usr/share/code/resources/app/out/vs/code/node/sharedProcess/sharedProcessMain.js:105:119283)
2024-07-25 15:21:04.964 [info] Extension installed successfully: eamodio.gitlens vscode-userdata:/home/hrishikesh/.vscode/extensions/extensions.json
2024-07-25 15:21:07.471 [info] Uninstalling extension from the profile: eamodio.gitlens@15.2.1 vscode-userdata:/home/hrishikesh/.vscode/extensions/extensions.json
2024-07-25 15:21:07.601 [info] Marked extension as uninstalled eamodio.gitlens-15.2.1
2024-07-25 15:21:07.613 [error] [uncaught exception in sharedProcess]: Error: ENOENT: no such file or directory, stat '/home/hrishikesh/.vscode/extensions/extensions.json.vsctmp': EntryNotFound (FileSystemError): Error: ENOENT: no such file or directory, stat '/home/hrishikesh/.vscode/extensions/extensions.json.vsctmp'
    at h.create (/usr/share/code/resources/app/out/vs/code/node/sharedProcess/sharedProcessMain.js:54:19262)
    at f (/usr/share/code/resources/app/out/vs/code/node/sharedProcess/sharedProcessMain.js:54:19372)
    at P.hb (/usr/share/code/resources/app/out/vs/code/node/sharedProcess/sharedProcessMain.js:59:36571)
    at P.stat (/usr/share/code/resources/app/out/vs/code/node/sharedProcess/sharedProcessMain.js:59:28919)
    at async s.stat (/usr/share/code/resources/app/out/vs/code/node/sharedProcess/sharedProcessMain.js:59:14907)
    at async V.vb (/usr/share/code/resources/app/out/vs/code/node/sharedProcess/sharedProcessMain.js:105:119283)
2024-07-25 15:21:08.092 [info] Successfully uninstalled extension from the profile eamodio.gitlens@15.2.1 vscode-userdata:/home/hrishikesh/.vscode/extensions/extensions.json
2024-07-25 15:21:10.198 [info] Uninstalling extension from the profile: ms-vscode.atom-keybindings@3.3.0 vscode-userdata:/home/hrishikesh/.vscode/extensions/extensions.json
2024-07-25 15:21:10.373 [error] [uncaught exception in sharedProcess]: Error: ENOENT: no such file or directory, stat '/home/hrishikesh/.vscode/extensions/extensions.json.vsctmp': EntryNotFound (FileSystemError): Error: ENOENT: no such file or directory, stat '/home/hrishikesh/.vscode/extensions/extensions.json.vsctmp'
    at h.create (/usr/share/code/resources/app/out/vs/code/node/sharedProcess/sharedProcessMain.js:54:19262)
    at f (/usr/share/code/resources/app/out/vs/code/node/sharedProcess/sharedProcessMain.js:54:19372)
    at P.hb (/usr/share/code/resources/app/out/vs/code/node/sharedProcess/sharedProcessMain.js:59:36571)
    at P.stat (/usr/share/code/resources/app/out/vs/code/node/sharedProcess/sharedProcessMain.js:59:28919)
    at async s.stat (/usr/share/code/resources/app/out/vs/code/node/sharedProcess/sharedProcessMain.js:59:14907)
    at async V.vb (/usr/share/code/resources/app/out/vs/code/node/sharedProcess/sharedProcessMain.js:105:119283)
2024-07-25 15:21:10.635 [info] Successfully uninstalled extension from the profile ms-vscode.atom-keybindings@3.3.0 vscode-userdata:/home/hrishikesh/.vscode/extensions/extensions.json
2024-07-25 15:21:12.461 [info] Uninstalling extension from the profile: emroussel.atomize-atom-one-dark-theme@2.0.2 vscode-userdata:/home/hrishikesh/.vscode/extensions/extensions.json
2024-07-25 15:21:12.595 [info] Marked extension as uninstalled emroussel.atomize-atom-one-dark-theme-2.0.2
2024-07-25 15:21:12.651 [error] [uncaught exception in sharedProcess]: Error: ENOENT: no such file or directory, stat '/home/hrishikesh/.vscode/extensions/extensions.json.vsctmp': EntryNotFound (FileSystemError): Error: ENOENT: no such file or directory, stat '/home/hrishikesh/.vscode/extensions/extensions.json.vsctmp'
    at h.create (/usr/share/code/resources/app/out/vs/code/node/sharedProcess/sharedProcessMain.js:54:19262)
    at f (/usr/share/code/resources/app/out/vs/code/node/sharedProcess/sharedProcessMain.js:54:19372)
    at P.hb (/usr/share/code/resources/app/out/vs/code/node/sharedProcess/sharedProcessMain.js:59:36571)
    at P.stat (/usr/share/code/resources/app/out/vs/code/node/sharedProcess/sharedProcessMain.js:59:28919)
    at async s.stat (/usr/share/code/resources/app/out/vs/code/node/sharedProcess/sharedProcessMain.js:59:14907)
    at async V.vb (/usr/share/code/resources/app/out/vs/code/node/sharedProcess/sharedProcessMain.js:105:119283)
2024-07-25 15:21:12.905 [info] Successfully uninstalled extension from the profile emroussel.atomize-atom-one-dark-theme@2.0.2 vscode-userdata:/home/hrishikesh/.vscode/extensions/extensions.json
2024-07-25 15:21:22.893 [info] Uninstalling extension from the profile: ms-vscode.hexeditor@1.10.0 vscode-userdata:/home/hrishikesh/.vscode/extensions/extensions.json
2024-07-25 15:21:23.025 [info] Marked extension as uninstalled ms-vscode.hexeditor-1.10.0
2024-07-25 15:21:23.036 [error] [uncaught exception in sharedProcess]: Error: ENOENT: no such file or directory, stat '/home/hrishikesh/.vscode/extensions/extensions.json.vsctmp': EntryNotFound (FileSystemError): Error: ENOENT: no such file or directory, stat '/home/hrishikesh/.vscode/extensions/extensions.json.vsctmp'
    at h.create (/usr/share/code/resources/app/out/vs/code/node/sharedProcess/sharedProcessMain.js:54:19262)
    at f (/usr/share/code/resources/app/out/vs/code/node/sharedProcess/sharedProcessMain.js:54:19372)
    at P.hb (/usr/share/code/resources/app/out/vs/code/node/sharedProcess/sharedProcessMain.js:59:36571)
    at P.stat (/usr/share/code/resources/app/out/vs/code/node/sharedProcess/sharedProcessMain.js:59:28919)
    at async s.stat (/usr/share/code/resources/app/out/vs/code/node/sharedProcess/sharedProcessMain.js:59:14907)
    at async V.vb (/usr/share/code/resources/app/out/vs/code/node/sharedProcess/sharedProcessMain.js:105:119283)
2024-07-25 15:21:23.435 [info] Successfully uninstalled extension from the profile ms-vscode.hexeditor@1.10.0 vscode-userdata:/home/hrishikesh/.vscode/extensions/extensions.json
2024-07-25 15:21:55.421 [info] Uninstalling extension from the profile: bierner.markdown-checkbox@0.4.0 vscode-userdata:/home/hrishikesh/.vscode/extensions/extensions.json
2024-07-25 15:21:55.542 [info] Marked extension as uninstalled bierner.markdown-checkbox-0.4.0
2024-07-25 15:21:55.549 [error] [uncaught exception in sharedProcess]: Error: ENOENT: no such file or directory, stat '/home/hrishikesh/.vscode/extensions/extensions.json.vsctmp': EntryNotFound (FileSystemError): Error: ENOENT: no such file or directory, stat '/home/hrishikesh/.vscode/extensions/extensions.json.vsctmp'
    at h.create (/usr/share/code/resources/app/out/vs/code/node/sharedProcess/sharedProcessMain.js:54:19262)
    at f (/usr/share/code/resources/app/out/vs/code/node/sharedProcess/sharedProcessMain.js:54:19372)
    at P.hb (/usr/share/code/resources/app/out/vs/code/node/sharedProcess/sharedProcessMain.js:59:36571)
    at P.stat (/usr/share/code/resources/app/out/vs/code/node/sharedProcess/sharedProcessMain.js:59:28919)
    at async s.stat (/usr/share/code/resources/app/out/vs/code/node/sharedProcess/sharedProcessMain.js:59:14907)
    at async V.vb (/usr/share/code/resources/app/out/vs/code/node/sharedProcess/sharedProcessMain.js:105:119283)
2024-07-25 15:21:57.050 [info] Uninstalling extension from the profile: bierner.markdown-emoji@0.3.0 vscode-userdata:/home/hrishikesh/.vscode/extensions/extensions.json
2024-07-25 15:21:57.176 [error] [uncaught exception in sharedProcess]: Error: ENOENT: no such file or directory, stat '/home/hrishikesh/.vscode/extensions/extensions.json.vsctmp': EntryNotFound (FileSystemError): Error: ENOENT: no such file or directory, stat '/home/hrishikesh/.vscode/extensions/extensions.json.vsctmp'
    at h.create (/usr/share/code/resources/app/out/vs/code/node/sharedProcess/sharedProcessMain.js:54:19262)
    at f (/usr/share/code/resources/app/out/vs/code/node/sharedProcess/sharedProcessMain.js:54:19372)
    at P.hb (/usr/share/code/resources/app/out/vs/code/node/sharedProcess/sharedProcessMain.js:59:36571)
    at P.stat (/usr/share/code/resources/app/out/vs/code/node/sharedProcess/sharedProcessMain.js:59:28919)
    at async s.stat (/usr/share/code/resources/app/out/vs/code/node/sharedProcess/sharedProcessMain.js:59:14907)
    at async V.vb (/usr/share/code/resources/app/out/vs/code/node/sharedProcess/sharedProcessMain.js:105:119283)
2024-07-25 15:21:58.877 [info] Uninstalling extension from the profile: bierner.markdown-preview-github-styles@2.0.4 vscode-userdata:/home/hrishikesh/.vscode/extensions/extensions.json
2024-07-25 15:21:58.911 [info] Successfully uninstalled extension from the profile bierner.markdown-checkbox@0.4.0 vscode-userdata:/home/hrishikesh/.vscode/extensions/extensions.json
2024-07-25 15:21:59.411 [error] [uncaught exception in sharedProcess]: Error: ENOENT: no such file or directory, stat '/home/hrishikesh/.vscode/extensions/extensions.json.vsctmp': EntryNotFound (FileSystemError): Error: ENOENT: no such file or directory, stat '/home/hrishikesh/.vscode/extensions/extensions.json.vsctmp'
    at h.create (/usr/share/code/resources/app/out/vs/code/node/sharedProcess/sharedProcessMain.js:54:19262)
    at f (/usr/share/code/resources/app/out/vs/code/node/sharedProcess/sharedProcessMain.js:54:19372)
    at P.hb (/usr/share/code/resources/app/out/vs/code/node/sharedProcess/sharedProcessMain.js:59:36571)
    at P.stat (/usr/share/code/resources/app/out/vs/code/node/sharedProcess/sharedProcessMain.js:59:28919)
    at async s.stat (/usr/share/code/resources/app/out/vs/code/node/sharedProcess/sharedProcessMain.js:59:14907)
    at async V.vb (/usr/share/code/resources/app/out/vs/code/node/sharedProcess/sharedProcessMain.js:105:119283)
2024-07-25 15:22:02.515 [info] Uninstalling extension from the profile: ziyasal.vscode-open-in-github@1.3.6 vscode-userdata:/home/hrishikesh/.vscode/extensions/extensions.json
2024-07-25 15:22:02.648 [info] Marked extension as uninstalled ziyasal.vscode-open-in-github-1.3.6
2024-07-25 15:22:02.671 [error] [uncaught exception in sharedProcess]: Error: ENOENT: no such file or directory, stat '/home/hrishikesh/.vscode/extensions/extensions.json.vsctmp': EntryNotFound (FileSystemError): Error: ENOENT: no such file or directory, stat '/home/hrishikesh/.vscode/extensions/extensions.json.vsctmp'
    at h.create (/usr/share/code/resources/app/out/vs/code/node/sharedProcess/sharedProcessMain.js:54:19262)
    at f (/usr/share/code/resources/app/out/vs/code/node/sharedProcess/sharedProcessMain.js:54:19372)
    at P.hb (/usr/share/code/resources/app/out/vs/code/node/sharedProcess/sharedProcessMain.js:59:36571)
    at P.stat (/usr/share/code/resources/app/out/vs/code/node/sharedProcess/sharedProcessMain.js:59:28919)
    at async s.stat (/usr/share/code/resources/app/out/vs/code/node/sharedProcess/sharedProcessMain.js:59:14907)
    at async V.vb (/usr/share/code/resources/app/out/vs/code/node/sharedProcess/sharedProcessMain.js:105:119283)
2024-07-25 15:22:04.287 [info] Uninstalling extension from the profile: alefragnani.project-manager@12.8.0 vscode-userdata:/home/hrishikesh/.vscode/extensions/extensions.json
2024-07-25 15:22:04.382 [info] Marked extension as uninstalled alefragnani.project-manager-12.8.0
2024-07-25 15:22:04.405 [error] [uncaught exception in sharedProcess]: Error: ENOENT: no such file or directory, stat '/home/hrishikesh/.vscode/extensions/extensions.json.vsctmp': EntryNotFound (FileSystemError): Error: ENOENT: no such file or directory, stat '/home/hrishikesh/.vscode/extensions/extensions.json.vsctmp'
    at h.create (/usr/share/code/resources/app/out/vs/code/node/sharedProcess/sharedProcessMain.js:54:19262)
    at f (/usr/share/code/resources/app/out/vs/code/node/sharedProcess/sharedProcessMain.js:54:19372)
    at P.hb (/usr/share/code/resources/app/out/vs/code/node/sharedProcess/sharedProcessMain.js:59:36571)
    at P.stat (/usr/share/code/resources/app/out/vs/code/node/sharedProcess/sharedProcessMain.js:59:28919)
    at async s.stat (/usr/share/code/resources/app/out/vs/code/node/sharedProcess/sharedProcessMain.js:59:14907)
    at async V.vb (/usr/share/code/resources/app/out/vs/code/node/sharedProcess/sharedProcessMain.js:105:119283)
2024-07-25 15:22:04.972 [info] Successfully uninstalled extension from the profile bierner.markdown-emoji@0.3.0 vscode-userdata:/home/hrishikesh/.vscode/extensions/extensions.json
2024-07-25 15:22:05.082 [info] Successfully uninstalled extension from the profile bierner.markdown-preview-github-styles@2.0.4 vscode-userdata:/home/hrishikesh/.vscode/extensions/extensions.json
2024-07-25 15:22:06.268 [info] Successfully uninstalled extension from the profile ziyasal.vscode-open-in-github@1.3.6 vscode-userdata:/home/hrishikesh/.vscode/extensions/extensions.json
2024-07-25 15:22:07.085 [info] Successfully uninstalled extension from the profile alefragnani.project-manager@12.8.0 vscode-userdata:/home/hrishikesh/.vscode/extensions/extensions.json
2024-07-25 15:22:26.763 [info] Getting Manifest... esbenp.prettier-vscode
2024-07-25 15:22:26.803 [info] Installing extension: esbenp.prettier-vscode {"isMachineScoped":false,"installPreReleaseVersion":false,"pinned":false,"profileLocation":{"$mid":1,"external":"vscode-userdata:/home/hrishikesh/.vscode/extensions/extensions.json","path":"/home/hrishikesh/.vscode/extensions/extensions.json","scheme":"vscode-userdata"},"installOnlyNewlyAddedFromExtensionPack":true,"isApplicationScoped":false,"productVersion":{"version":"1.91.1","date":"2024-07-09T22:08:12.169Z"}}
