2024-07-25 15:13:37.807 [info] Log level: Info
2024-07-25 15:13:37.807 [info] Validating found git in: "git"
2024-07-25 15:13:37.807 [info] Using git "2.34.1" from "git"
2024-07-25 15:13:37.807 [info] > git rev-parse --show-toplevel [4ms]
2024-07-25 15:13:37.909 [info] > git rev-parse --git-dir --git-common-dir [103ms]
2024-07-25 15:13:37.963 [info] Open repository: /home/hrishikesh/Documents/Coding/javaScript/ModDownload
2024-07-25 15:13:38.008 [info] > git rev-parse --show-toplevel [12ms]
2024-07-25 15:13:38.009 [info] > git config --get commit.template [27ms]
2024-07-25 15:13:38.031 [info] > git rev-parse --show-toplevel [14ms]
2024-07-25 15:13:38.046 [info] > git for-each-ref --format=%(refname)%00%(upstream:short)%00%(objectname)%00%(upstream:track)%00%(upstream:remotename)%00%(upstream:remoteref) refs/heads/main refs/remotes/main [18ms]
2024-07-25 15:13:38.068 [info] > git rev-parse --show-toplevel [23ms]
2024-07-25 15:13:38.091 [info] > git status -z -uall [26ms]
2024-07-25 15:13:38.140 [info] > git for-each-ref --format=%(refname)%00%(upstream:short)%00%(objectname)%00%(upstream:track)%00%(upstream:remotename)%00%(upstream:remoteref) refs/heads/main refs/remotes/main [29ms]
2024-07-25 15:13:38.193 [info] > git config --local branch.main.vscode-merge-base [15ms]
2024-07-25 15:13:38.193 [warning] git config failed: Failed to execute git
2024-07-25 15:13:38.210 [info] > git config --get commit.template [75ms]
2024-07-25 15:13:38.228 [info] > git for-each-ref --format=%(refname)%00%(upstream:short)%00%(objectname)%00%(upstream:track)%00%(upstream:remotename)%00%(upstream:remoteref) refs/heads/main refs/remotes/main [3ms]
2024-07-25 15:13:38.229 [info] > git reflog main --grep-reflog=branch: Created from *. [20ms]
2024-07-25 15:13:38.281 [info] > git symbolic-ref --short refs/remotes/origin/HEAD [36ms]
2024-07-25 15:13:38.281 [info] fatal: ref refs/remotes/origin/HEAD is not a symbolic ref
2024-07-25 15:13:38.315 [info] > git status -z -uall [44ms]
2024-07-25 15:13:38.330 [info] > git merge-base refs/heads/main refs/remotes/origin/main [23ms]
2024-07-25 15:13:38.540 [info] > git for-each-ref --format=%(refname)%00%(upstream:short)%00%(objectname)%00%(upstream:track)%00%(upstream:remotename)%00%(upstream:remoteref) refs/heads/main refs/remotes/main [120ms]
2024-07-25 15:13:38.559 [info] > git rev-list --count --left-right refs/heads/main...refs/remotes/origin/main [177ms]
2024-07-25 15:13:38.616 [info] > git diff --name-status -z --diff-filter=ADMR 0fbc8618d08288c7e5c00344acc1c14a4ef309c7...refs/remotes/origin/main [30ms]
2024-07-25 15:13:38.625 [info] > git config --local branch.main.vscode-merge-base [68ms]
2024-07-25 15:13:38.625 [warning] git config failed: Failed to execute git
2024-07-25 15:13:38.652 [info] > git check-ignore -v -z --stdin [44ms]
2024-07-25 15:13:38.672 [info] > git reflog main --grep-reflog=branch: Created from *. [26ms]
2024-07-25 15:13:38.698 [info] > git symbolic-ref --short refs/remotes/origin/HEAD [7ms]
2024-07-25 15:13:38.698 [info] fatal: ref refs/remotes/origin/HEAD is not a symbolic ref
2024-07-25 15:13:42.420 [info] > git fetch [4457ms]
2024-07-25 15:13:42.439 [info] > git config --get commit.template [5ms]
2024-07-25 15:13:42.469 [info] > git for-each-ref --format=%(refname)%00%(upstream:short)%00%(objectname)%00%(upstream:track)%00%(upstream:remotename)%00%(upstream:remoteref) refs/heads/main refs/remotes/main [6ms]
2024-07-25 15:13:42.483 [info] > git status -z -uall [2ms]
2024-07-25 15:13:42.492 [info] > git for-each-ref --format=%(refname)%00%(upstream:short)%00%(objectname)%00%(upstream:track)%00%(upstream:remotename)%00%(upstream:remoteref) refs/heads/main refs/remotes/main [3ms]
2024-07-25 15:13:42.498 [info] > git config --local branch.main.vscode-merge-base [1ms]
2024-07-25 15:13:42.498 [warning] git config failed: Failed to execute git
2024-07-25 15:13:42.509 [info] > git reflog main --grep-reflog=branch: Created from *. [6ms]
2024-07-25 15:13:42.515 [info] > git symbolic-ref --short refs/remotes/origin/HEAD [2ms]
2024-07-25 15:13:42.515 [info] fatal: ref refs/remotes/origin/HEAD is not a symbolic ref
2024-07-25 15:13:43.636 [info] > git config --get commit.template [7ms]
2024-07-25 15:13:43.637 [info] > git for-each-ref --format=%(refname)%00%(upstream:short)%00%(objectname)%00%(upstream:track)%00%(upstream:remotename)%00%(upstream:remoteref) refs/heads/main refs/remotes/main [3ms]
2024-07-25 15:13:43.662 [info] > git status -z -uall [9ms]
2024-07-25 15:13:43.688 [info] > git for-each-ref --format=%(refname)%00%(upstream:short)%00%(objectname)%00%(upstream:track)%00%(upstream:remotename)%00%(upstream:remoteref) refs/heads/main refs/remotes/main [13ms]
2024-07-25 15:13:43.699 [info] > git config --local branch.main.vscode-merge-base [1ms]
2024-07-25 15:13:43.699 [warning] git config failed: Failed to execute git
2024-07-25 15:13:43.714 [info] > git reflog main --grep-reflog=branch: Created from *. [5ms]
2024-07-25 15:13:43.729 [info] > git symbolic-ref --short refs/remotes/origin/HEAD [2ms]
2024-07-25 15:13:43.730 [info] fatal: ref refs/remotes/origin/HEAD is not a symbolic ref
2024-07-25 15:15:08.129 [info] > git show --textconv :.vscode/settings.json [8ms]
2024-07-25 15:15:08.131 [info] > git ls-files --stage -- /home/hrishikesh/Documents/Coding/javaScript/ModDownload/.vscode/settings.json [4ms]
2024-07-25 15:15:10.606 [info] > git show --textconv :.vscode/settings.json [11ms]
2024-07-25 15:15:10.636 [info] > git ls-files --stage -- /home/hrishikesh/Documents/Coding/javaScript/ModDownload/.vscode/settings.json [34ms]
2024-07-25 15:15:16.719 [info] > git show --textconv :.vscode/settings.json [19ms]
2024-07-25 15:15:16.720 [info] > git ls-files --stage -- /home/hrishikesh/Documents/Coding/javaScript/ModDownload/.vscode/settings.json [2ms]
2024-07-25 15:16:43.467 [info] > git fetch [973ms]
2024-07-25 15:16:43.477 [info] > git config --get commit.template [5ms]
2024-07-25 15:16:43.478 [info] > git for-each-ref --format=%(refname)%00%(upstream:short)%00%(objectname)%00%(upstream:track)%00%(upstream:remotename)%00%(upstream:remoteref) refs/heads/main refs/remotes/main [2ms]
2024-07-25 15:16:43.485 [info] > git status -z -uall [2ms]
2024-07-25 15:16:43.495 [info] > git for-each-ref --format=%(refname)%00%(upstream:short)%00%(objectname)%00%(upstream:track)%00%(upstream:remotename)%00%(upstream:remoteref) refs/heads/main refs/remotes/main [3ms]
2024-07-25 15:16:43.502 [info] > git config --local branch.main.vscode-merge-base [1ms]
2024-07-25 15:16:43.502 [warning] git config failed: Failed to execute git
2024-07-25 15:16:43.508 [info] > git reflog main --grep-reflog=branch: Created from *. [2ms]
2024-07-25 15:16:43.513 [info] > git symbolic-ref --short refs/remotes/origin/HEAD [1ms]
2024-07-25 15:16:43.513 [info] fatal: ref refs/remotes/origin/HEAD is not a symbolic ref
2024-07-25 15:16:44.562 [info] > git config --get commit.template [13ms]
2024-07-25 15:16:44.563 [info] > git for-each-ref --format=%(refname)%00%(upstream:short)%00%(objectname)%00%(upstream:track)%00%(upstream:remotename)%00%(upstream:remoteref) refs/heads/main refs/remotes/main [2ms]
2024-07-25 15:16:44.573 [info] > git status -z -uall [2ms]
2024-07-25 15:16:44.581 [info] > git for-each-ref --format=%(refname)%00%(upstream:short)%00%(objectname)%00%(upstream:track)%00%(upstream:remotename)%00%(upstream:remoteref) refs/heads/main refs/remotes/main [3ms]
2024-07-25 15:16:44.587 [info] > git config --local branch.main.vscode-merge-base [1ms]
2024-07-25 15:16:44.587 [warning] git config failed: Failed to execute git
2024-07-25 15:16:44.593 [info] > git reflog main --grep-reflog=branch: Created from *. [2ms]
2024-07-25 15:16:44.598 [info] > git symbolic-ref --short refs/remotes/origin/HEAD [2ms]
2024-07-25 15:16:44.598 [info] fatal: ref refs/remotes/origin/HEAD is not a symbolic ref
2024-07-25 15:20:22.284 [info] Log level: Info
2024-07-25 15:20:22.284 [info] Validating found git in: "git"
2024-07-25 15:20:22.284 [info] Using git "2.34.1" from "git"
2024-07-25 15:20:22.284 [info] > git rev-parse --show-toplevel [16ms]
2024-07-25 15:20:22.605 [info] > git rev-parse --git-dir --git-common-dir [80ms]
2024-07-25 15:20:22.617 [info] Open repository: /home/hrishikesh/Documents/Coding/javaScript/ModDownload
2024-07-25 15:20:22.678 [info] > git config --get commit.template [24ms]
2024-07-25 15:20:22.750 [info] > git rev-parse --show-toplevel [92ms]
2024-07-25 15:20:22.877 [info] > git rev-parse --show-toplevel [63ms]
2024-07-25 15:20:22.877 [info] > git for-each-ref --format=%(refname)%00%(upstream:short)%00%(objectname)%00%(upstream:track)%00%(upstream:remotename)%00%(upstream:remoteref) refs/heads/main refs/remotes/main [75ms]
2024-07-25 15:20:23.027 [info] > git rev-parse --show-toplevel [134ms]
2024-07-25 15:20:23.117 [info] > git status -z -uall [51ms]
2024-07-25 15:20:23.253 [info] > git for-each-ref --format=%(refname)%00%(upstream:short)%00%(objectname)%00%(upstream:track)%00%(upstream:remotename)%00%(upstream:remoteref) refs/heads/main refs/remotes/main [125ms]
2024-07-25 15:20:23.363 [info] > git config --local branch.main.vscode-merge-base [86ms]
2024-07-25 15:20:23.365 [warning] git config failed: Failed to execute git
2024-07-25 15:20:23.393 [info] > git config --get commit.template [147ms]
2024-07-25 15:20:23.410 [info] > git check-ignore -v -z --stdin [107ms]
2024-07-25 15:20:23.412 [info] > git reflog main --grep-reflog=branch: Created from *. [21ms]
2024-07-25 15:20:23.462 [info] > git symbolic-ref --short refs/remotes/origin/HEAD [30ms]
2024-07-25 15:20:23.462 [info] fatal: ref refs/remotes/origin/HEAD is not a symbolic ref
2024-07-25 15:20:23.498 [info] > git merge-base refs/heads/main refs/remotes/origin/main [8ms]
2024-07-25 15:20:23.520 [info] > git for-each-ref --format=%(refname)%00%(upstream:short)%00%(objectname)%00%(upstream:track)%00%(upstream:remotename)%00%(upstream:remoteref) refs/heads/main refs/remotes/main [61ms]
2024-07-25 15:20:23.566 [info] > git rev-list --count --left-right refs/heads/main...refs/remotes/origin/main [46ms]
2024-07-25 15:20:23.604 [info] > git diff --name-status -z --diff-filter=ADMR 0fbc8618d08288c7e5c00344acc1c14a4ef309c7...refs/remotes/origin/main [11ms]
2024-07-25 15:20:23.657 [info] > git status -z -uall [16ms]
2024-07-25 15:20:23.731 [info] > git for-each-ref --format=%(refname)%00%(upstream:short)%00%(objectname)%00%(upstream:track)%00%(upstream:remotename)%00%(upstream:remoteref) refs/heads/main refs/remotes/main [16ms]
2024-07-25 15:20:23.766 [info] > git config --local branch.main.vscode-merge-base [13ms]
2024-07-25 15:20:23.767 [warning] git config failed: Failed to execute git
2024-07-25 15:20:23.795 [info] > git reflog main --grep-reflog=branch: Created from *. [9ms]
2024-07-25 15:20:23.823 [info] > git symbolic-ref --short refs/remotes/origin/HEAD [9ms]
2024-07-25 15:20:23.823 [info] fatal: ref refs/remotes/origin/HEAD is not a symbolic ref
2024-07-25 15:20:30.588 [info] > git fetch [7446ms]
2024-07-25 15:20:30.659 [info] > git config --get commit.template [27ms]
2024-07-25 15:20:30.663 [info] > git for-each-ref --format=%(refname)%00%(upstream:short)%00%(objectname)%00%(upstream:track)%00%(upstream:remotename)%00%(upstream:remoteref) refs/heads/main refs/remotes/main [4ms]
2024-07-25 15:20:30.758 [info] > git status -z -uall [61ms]
2024-07-25 15:20:30.844 [info] > git for-each-ref --format=%(refname)%00%(upstream:short)%00%(objectname)%00%(upstream:track)%00%(upstream:remotename)%00%(upstream:remoteref) refs/heads/main refs/remotes/main [30ms]
2024-07-25 15:20:30.960 [info] > git config --local branch.main.vscode-merge-base [63ms]
2024-07-25 15:20:30.960 [warning] git config failed: Failed to execute git
2024-07-25 15:20:31.072 [info] > git reflog main --grep-reflog=branch: Created from *. [73ms]
2024-07-25 15:20:31.123 [info] > git symbolic-ref --short refs/remotes/origin/HEAD [26ms]
2024-07-25 15:20:31.123 [info] fatal: ref refs/remotes/origin/HEAD is not a symbolic ref
2024-07-25 15:20:36.487 [info] > git show --textconv :.vscode/settings.json [64ms]
2024-07-25 15:20:36.488 [info] > git ls-files --stage -- /home/hrishikesh/Documents/Coding/javaScript/ModDownload/.vscode/settings.json [33ms]
2024-07-25 15:20:55.529 [info] Log level: Info
2024-07-25 15:20:55.529 [info] Validating found git in: "git"
2024-07-25 15:20:55.529 [info] Using git "2.34.1" from "git"
2024-07-25 15:20:55.529 [info] > git rev-parse --show-toplevel [76ms]
2024-07-25 15:20:55.539 [info] > git rev-parse --git-dir --git-common-dir [13ms]
2024-07-25 15:20:55.587 [info] Open repository: /home/hrishikesh/Documents/Coding/javaScript/ModDownload
2024-07-25 15:20:55.784 [info] > git rev-parse --show-toplevel [97ms]
2024-07-25 15:20:55.787 [info] > git config --get commit.template [151ms]
2024-07-25 15:20:55.852 [info] > git rev-parse --show-toplevel [35ms]
2024-07-25 15:20:55.862 [info] > git for-each-ref --format=%(refname)%00%(upstream:short)%00%(objectname)%00%(upstream:track)%00%(upstream:remotename)%00%(upstream:remoteref) refs/heads/main refs/remotes/main [22ms]
2024-07-25 15:20:55.867 [info] > git rev-parse --show-toplevel [7ms]
2024-07-25 15:20:55.984 [info] > git status -z -uall [7ms]
2024-07-25 15:20:56.058 [info] > git for-each-ref --format=%(refname)%00%(upstream:short)%00%(objectname)%00%(upstream:track)%00%(upstream:remotename)%00%(upstream:remoteref) refs/heads/main refs/remotes/main [38ms]
2024-07-25 15:20:56.092 [info] > git config --get commit.template [29ms]
2024-07-25 15:20:56.100 [info] > git config --local branch.main.vscode-merge-base [28ms]
2024-07-25 15:20:56.101 [warning] git config failed: Failed to execute git
2024-07-25 15:20:56.141 [info] > git reflog main --grep-reflog=branch: Created from *. [25ms]
2024-07-25 15:20:56.158 [info] > git for-each-ref --format=%(refname)%00%(upstream:short)%00%(objectname)%00%(upstream:track)%00%(upstream:remotename)%00%(upstream:remoteref) refs/heads/main refs/remotes/main [24ms]
2024-07-25 15:20:56.172 [info] > git symbolic-ref --short refs/remotes/origin/HEAD [14ms]
2024-07-25 15:20:56.172 [info] fatal: ref refs/remotes/origin/HEAD is not a symbolic ref
2024-07-25 15:20:56.210 [info] > git status -z -uall [41ms]
2024-07-25 15:20:56.260 [info] > git for-each-ref --format=%(refname)%00%(upstream:short)%00%(objectname)%00%(upstream:track)%00%(upstream:remotename)%00%(upstream:remoteref) refs/heads/main refs/remotes/main [17ms]
2024-07-25 15:20:56.282 [info] > git merge-base refs/heads/main refs/remotes/origin/main [77ms]
2024-07-25 15:20:56.321 [info] > git config --local branch.main.vscode-merge-base [41ms]
2024-07-25 15:20:56.321 [warning] git config failed: Failed to execute git
2024-07-25 15:20:56.342 [info] > git rev-list --count --left-right refs/heads/main...refs/remotes/origin/main [24ms]
2024-07-25 15:20:56.366 [info] > git reflog main --grep-reflog=branch: Created from *. [26ms]
2024-07-25 15:20:56.386 [info] > git diff --name-status -z --diff-filter=ADMR 0fbc8618d08288c7e5c00344acc1c14a4ef309c7...refs/remotes/origin/main [24ms]
2024-07-25 15:20:56.391 [info] > git symbolic-ref --short refs/remotes/origin/HEAD [5ms]
2024-07-25 15:20:56.391 [info] fatal: ref refs/remotes/origin/HEAD is not a symbolic ref
2024-07-25 15:20:57.236 [info] > git check-ignore -v -z --stdin [575ms]
2024-07-25 15:20:58.177 [info] > git check-ignore -v -z --stdin [12ms]
2024-07-25 15:21:00.273 [info] > git show --textconv :.vscode/settings.json [50ms]
2024-07-25 15:21:00.363 [info] > git ls-files --stage -- /home/hrishikesh/Documents/Coding/javaScript/ModDownload/.vscode/settings.json [97ms]
2024-07-25 15:21:01.177 [info] > git fetch [5593ms]
2024-07-25 15:21:01.281 [info] > git config --get commit.template [73ms]
2024-07-25 15:21:01.285 [info] > git for-each-ref --format=%(refname)%00%(upstream:short)%00%(objectname)%00%(upstream:track)%00%(upstream:remotename)%00%(upstream:remoteref) refs/heads/main refs/remotes/main [44ms]
2024-07-25 15:21:01.408 [info] > git status -z -uall [63ms]
2024-07-25 15:21:01.694 [info] > git for-each-ref --format=%(refname)%00%(upstream:short)%00%(objectname)%00%(upstream:track)%00%(upstream:remotename)%00%(upstream:remoteref) refs/heads/main refs/remotes/main [188ms]
2024-07-25 15:21:01.763 [info] > git config --local branch.main.vscode-merge-base [36ms]
2024-07-25 15:21:01.763 [warning] git config failed: Failed to execute git
2024-07-25 15:21:01.806 [info] > git reflog main --grep-reflog=branch: Created from *. [17ms]
2024-07-25 15:21:01.845 [info] > git symbolic-ref --short refs/remotes/origin/HEAD [13ms]
2024-07-25 15:21:01.846 [info] fatal: ref refs/remotes/origin/HEAD is not a symbolic ref
2024-07-25 15:21:02.544 [info] > git ls-files --stage -- /home/hrishikesh/Documents/Coding/javaScript/ModDownload/.vscode/settings.json [5ms]
2024-07-25 15:21:02.577 [info] > git show --textconv :.vscode/settings.json [4ms]
2024-07-25 15:22:13.621 [info] Log level: Info
2024-07-25 15:22:13.621 [info] Validating found git in: "git"
2024-07-25 15:22:13.621 [info] Using git "2.34.1" from "git"
2024-07-25 15:22:13.640 [info] > git rev-parse --show-toplevel [26ms]
2024-07-25 15:22:13.687 [info] > git rev-parse --git-dir --git-common-dir [13ms]
2024-07-25 15:22:13.793 [info] Open repository: /home/hrishikesh/Documents/Coding/javaScript/ModDownload
2024-07-25 15:22:14.050 [info] > git rev-parse --show-toplevel [168ms]
2024-07-25 15:22:14.050 [info] > git config --get commit.template [211ms]
2024-07-25 15:22:14.181 [info] > git rev-parse --show-toplevel [115ms]
2024-07-25 15:22:14.232 [info] > git for-each-ref --format=%(refname)%00%(upstream:short)%00%(objectname)%00%(upstream:track)%00%(upstream:remotename)%00%(upstream:remoteref) refs/heads/main refs/remotes/main [53ms]
2024-07-25 15:22:14.262 [info] > git rev-parse --show-toplevel [42ms]
2024-07-25 15:22:14.341 [info] > git status -z -uall [10ms]
2024-07-25 15:22:14.416 [info] > git for-each-ref --format=%(refname)%00%(upstream:short)%00%(objectname)%00%(upstream:track)%00%(upstream:remotename)%00%(upstream:remoteref) refs/heads/main refs/remotes/main [47ms]
2024-07-25 15:22:14.445 [info] > git config --local branch.main.vscode-merge-base [21ms]
2024-07-25 15:22:14.445 [warning] git config failed: Failed to execute git
2024-07-25 15:22:14.450 [info] > git config --get commit.template [36ms]
2024-07-25 15:22:14.494 [info] > git for-each-ref --format=%(refname)%00%(upstream:short)%00%(objectname)%00%(upstream:track)%00%(upstream:remotename)%00%(upstream:remoteref) refs/heads/main refs/remotes/main [14ms]
2024-07-25 15:22:14.494 [info] > git reflog main --grep-reflog=branch: Created from *. [44ms]
2024-07-25 15:22:14.806 [info] > git check-ignore -v -z --stdin [83ms]
2024-07-25 15:22:14.813 [info] > git symbolic-ref --short refs/remotes/origin/HEAD [308ms]
2024-07-25 15:22:14.813 [info] fatal: ref refs/remotes/origin/HEAD is not a symbolic ref
2024-07-25 15:22:14.962 [info] > git merge-base refs/heads/main refs/remotes/origin/main [129ms]
2024-07-25 15:22:15.101 [info] > git status -z -uall [35ms]
2024-07-25 15:22:15.171 [info] > git rev-list --count --left-right refs/heads/main...refs/remotes/origin/main [187ms]
2024-07-25 15:22:15.231 [info] > git fetch [1441ms]
2024-07-25 15:22:15.279 [info] > git for-each-ref --format=%(refname)%00%(upstream:short)%00%(objectname)%00%(upstream:track)%00%(upstream:remotename)%00%(upstream:remoteref) refs/heads/main refs/remotes/main [54ms]
2024-07-25 15:22:15.326 [info] > git diff --name-status -z --diff-filter=ADMR 0fbc8618d08288c7e5c00344acc1c14a4ef309c7...refs/remotes/origin/main [137ms]
2024-07-25 15:22:15.387 [info] > git config --local branch.main.vscode-merge-base [62ms]
2024-07-25 15:22:15.387 [warning] git config failed: Failed to execute git
2024-07-25 15:22:15.411 [info] > git config --get commit.template [142ms]
2024-07-25 15:22:15.425 [info] > git reflog main --grep-reflog=branch: Created from *. [15ms]
2024-07-25 15:22:15.558 [info] > git show --textconv :.vscode/settings.json [35ms]
2024-07-25 15:22:15.569 [info] > git ls-files --stage -- /home/hrishikesh/Documents/Coding/javaScript/ModDownload/.vscode/settings.json [19ms]
2024-07-25 15:22:15.580 [info] > git for-each-ref --format=%(refname)%00%(upstream:short)%00%(objectname)%00%(upstream:track)%00%(upstream:remotename)%00%(upstream:remoteref) refs/heads/main refs/remotes/main [100ms]
2024-07-25 15:22:15.587 [info] > git symbolic-ref --short refs/remotes/origin/HEAD [131ms]
2024-07-25 15:22:15.587 [info] fatal: ref refs/remotes/origin/HEAD is not a symbolic ref
2024-07-25 15:22:15.737 [info] > git status -z -uall [47ms]
2024-07-25 15:22:15.812 [info] > git for-each-ref --format=%(refname)%00%(upstream:short)%00%(objectname)%00%(upstream:track)%00%(upstream:remotename)%00%(upstream:remoteref) refs/heads/main refs/remotes/main [25ms]
2024-07-25 15:22:15.872 [info] > git config --local branch.main.vscode-merge-base [30ms]
2024-07-25 15:22:15.872 [warning] git config failed: Failed to execute git
2024-07-25 15:22:15.949 [info] > git reflog main --grep-reflog=branch: Created from *. [20ms]
2024-07-25 15:22:16.033 [info] > git symbolic-ref --short refs/remotes/origin/HEAD [48ms]
2024-07-25 15:22:16.034 [info] fatal: ref refs/remotes/origin/HEAD is not a symbolic ref
2024-07-25 15:22:16.603 [info] > git ls-files --stage -- /home/hrishikesh/Documents/Coding/javaScript/ModDownload/.vscode/settings.json [8ms]
2024-07-25 15:22:16.654 [info] > git show --textconv :.vscode/settings.json [19ms]
