Locating server…
Booting server...
Setting up server…
Listening for messages…
Searching for Tailwind CSS projects in the workspace's folders.
Checking if /home/hrishikesh/Documents/Coding/javaScript/ModDownload/src/index.css may be Tailwind-related…
[Global] Creating projects: []
[Global] Preparing projects...
[Global] Initializing projects...
[Info  - 13:55:50] [GLOBAL] No matching project for document {
  fsPath: '/home/hrishikesh/Documents/Coding/javaScript/ModDownload/src/App.jsx',
  normalPath: '/home/hrishikesh/Documents/Coding/javaScript/ModDownload/src/App.jsx'
}
[Global] Initialized 0 projects
[Info  - 13:55:57] [GLOBAL] No matching project for document {
  fsPath: '/home/hrishikesh/Documents/Coding/javaScript/ModDownload/src/App.jsx',
  normalPath: '/home/hrishikesh/Documents/Coding/javaScript/ModDownload/src/App.jsx'
}
[Info  - 13:55:57] [GLOBAL] No matching project for document {
  fsPath: '/home/hrishikesh/Documents/Coding/javaScript/ModDownload/src/App.jsx',
  normalPath: '/home/hrishikesh/Documents/Coding/javaScript/ModDownload/src/App.jsx'
}
[Info  - 13:55:57] [GLOBAL] No matching project for document {
  fsPath: '/home/hrishikesh/Documents/Coding/javaScript/ModDownload/src/App.jsx',
  normalPath: '/home/hrishikesh/Documents/Coding/javaScript/ModDownload/src/App.jsx'
}
[Info  - 13:55:58] [GLOBAL] No matching project for document {
  fsPath: '/home/hrishikesh/Documents/Coding/javaScript/ModDownload/src/App.jsx',
  normalPath: '/home/hrishikesh/Documents/Coding/javaScript/ModDownload/src/App.jsx'
}
[Info  - 13:55:59] [GLOBAL] No matching project for document {
  fsPath: '/home/hrishikesh/Documents/Coding/javaScript/ModDownload/src/App.jsx',
  normalPath: '/home/hrishikesh/Documents/Coding/javaScript/ModDownload/src/App.jsx'
}
[Info  - 13:55:59] [GLOBAL] No matching project for document {
  fsPath: '/home/hrishikesh/Documents/Coding/javaScript/ModDownload/src/App.jsx',
  normalPath: '/home/hrishikesh/Documents/Coding/javaScript/ModDownload/src/App.jsx'
}
[Info  - 13:56:00] [GLOBAL] No matching project for document {
  fsPath: '/home/hrishikesh/Documents/Coding/javaScript/ModDownload/src/App.jsx',
  normalPath: '/home/hrishikesh/Documents/Coding/javaScript/ModDownload/src/App.jsx'
}
[Info  - 13:56:01] [GLOBAL] No matching project for document {
  fsPath: '/home/hrishikesh/Documents/Coding/javaScript/ModDownload/src/App.jsx',
  normalPath: '/home/hrishikesh/Documents/Coding/javaScript/ModDownload/src/App.jsx'
}
[Info  - 13:56:02] [GLOBAL] No matching project for document {
  fsPath: '/home/hrishikesh/Documents/Coding/javaScript/ModDownload/src/App.jsx',
  normalPath: '/home/hrishikesh/Documents/Coding/javaScript/ModDownload/src/App.jsx'
}
[Info  - 13:56:02] [GLOBAL] No matching project for document {
  fsPath: '/home/hrishikesh/Documents/Coding/javaScript/ModDownload/src/App.jsx',
  normalPath: '/home/hrishikesh/Documents/Coding/javaScript/ModDownload/src/App.jsx'
}
[Info  - 13:56:03] [GLOBAL] No matching project for document {
  fsPath: '/home/hrishikesh/Documents/Coding/javaScript/ModDownload/src/App.jsx',
  normalPath: '/home/hrishikesh/Documents/Coding/javaScript/ModDownload/src/App.jsx'
}
[Info  - 13:56:04] [GLOBAL] No matching project for document {
  fsPath: '/home/hrishikesh/Documents/Coding/javaScript/ModDownload/src/App.jsx',
  normalPath: '/home/hrishikesh/Documents/Coding/javaScript/ModDownload/src/App.jsx'
}
[Info  - 13:56:06] [GLOBAL] No matching project for document {
  fsPath: '/home/hrishikesh/Documents/Coding/javaScript/ModDownload/src/App.jsx',
  normalPath: '/home/hrishikesh/Documents/Coding/javaScript/ModDownload/src/App.jsx'
}
[Info  - 13:56:09] [GLOBAL] No matching project for document {
  fsPath: '/home/hrishikesh/Documents/Coding/javaScript/ModDownload/src/App.jsx',
  normalPath: '/home/hrishikesh/Documents/Coding/javaScript/ModDownload/src/App.jsx'
}
[Info  - 13:56:10] [GLOBAL] No matching project for document {
  fsPath: '/home/hrishikesh/Documents/Coding/javaScript/ModDownload/src/App.jsx',
  normalPath: '/home/hrishikesh/Documents/Coding/javaScript/ModDownload/src/App.jsx'
}
[Info  - 13:56:10] [GLOBAL] No matching project for document {
  fsPath: '/home/hrishikesh/Documents/Coding/javaScript/ModDownload/src/App.jsx',
  normalPath: '/home/hrishikesh/Documents/Coding/javaScript/ModDownload/src/App.jsx'
}
[Info  - 13:56:11] [GLOBAL] No matching project for document {
  fsPath: '/home/hrishikesh/Documents/Coding/javaScript/ModDownload/src/App.jsx',
  normalPath: '/home/hrishikesh/Documents/Coding/javaScript/ModDownload/src/App.jsx'
}
[Info  - 13:56:12] [GLOBAL] No matching project for document {
  fsPath: '/home/hrishikesh/Documents/Coding/javaScript/ModDownload/src/App.jsx',
  normalPath: '/home/hrishikesh/Documents/Coding/javaScript/ModDownload/src/App.jsx'
}
[Info  - 13:56:13] [GLOBAL] No matching project for document {
  fsPath: '/home/hrishikesh/Documents/Coding/javaScript/ModDownload/src/App.jsx',
  normalPath: '/home/hrishikesh/Documents/Coding/javaScript/ModDownload/src/App.jsx'
}
[Info  - 13:56:14] [GLOBAL] No matching project for document {
  fsPath: '/home/hrishikesh/Documents/Coding/javaScript/ModDownload/src/App.jsx',
  normalPath: '/home/hrishikesh/Documents/Coding/javaScript/ModDownload/src/App.jsx'
}
[Info  - 13:56:14] [GLOBAL] No matching project for document {
  fsPath: '/home/hrishikesh/Documents/Coding/javaScript/ModDownload/src/App.jsx',
  normalPath: '/home/hrishikesh/Documents/Coding/javaScript/ModDownload/src/App.jsx'
}
[Info  - 13:57:31] [GLOBAL] No matching project for document {
  fsPath: '/home/hrishikesh/Documents/Coding/javaScript/ModDownload/src/App.jsx',
  normalPath: '/home/hrishikesh/Documents/Coding/javaScript/ModDownload/src/App.jsx'
}
[Info  - 13:57:34] [GLOBAL] No matching project for document {
  fsPath: '/home/hrishikesh/Documents/Coding/javaScript/ModDownload/src/App.jsx',
  normalPath: '/home/hrishikesh/Documents/Coding/javaScript/ModDownload/src/App.jsx'
}
[Info  - 13:57:34] [GLOBAL] No matching project for document {
  fsPath: '/home/hrishikesh/Documents/Coding/javaScript/ModDownload/src/App.jsx',
  normalPath: '/home/hrishikesh/Documents/Coding/javaScript/ModDownload/src/App.jsx'
}
[Info  - 13:57:34] [GLOBAL] No matching project for document {
  fsPath: '/home/hrishikesh/Documents/Coding/javaScript/ModDownload/src/App.jsx',
  normalPath: '/home/hrishikesh/Documents/Coding/javaScript/ModDownload/src/App.jsx'
}
[Info  - 13:57:35] [GLOBAL] No matching project for document {
  fsPath: '/home/hrishikesh/Documents/Coding/javaScript/ModDownload/src/App.jsx',
  normalPath: '/home/hrishikesh/Documents/Coding/javaScript/ModDownload/src/App.jsx'
}
[Info  - 13:57:37] [GLOBAL] No matching project for document {
  fsPath: '/home/hrishikesh/Documents/Coding/javaScript/ModDownload/src/App.jsx',
  normalPath: '/home/hrishikesh/Documents/Coding/javaScript/ModDownload/src/App.jsx'
}
[Info  - 14:04:35] [GLOBAL] No matching project for document {
  fsPath: '/home/hrishikesh/Documents/Coding/javaScript/ModDownload/src/App.jsx',
  normalPath: '/home/hrishikesh/Documents/Coding/javaScript/ModDownload/src/App.jsx'
}
[Info  - 14:04:36] [GLOBAL] No matching project for document {
  fsPath: '/home/hrishikesh/Documents/Coding/javaScript/ModDownload/src/App.jsx',
  normalPath: '/home/hrishikesh/Documents/Coding/javaScript/ModDownload/src/App.jsx'
}
[Info  - 14:04:37] [GLOBAL] No matching project for document {
  fsPath: '/home/hrishikesh/Documents/Coding/javaScript/ModDownload/src/App.jsx',
  normalPath: '/home/hrishikesh/Documents/Coding/javaScript/ModDownload/src/App.jsx'
}
[Info  - 14:04:38] [GLOBAL] No matching project for document {
  fsPath: '/home/hrishikesh/Documents/Coding/javaScript/ModDownload/src/App.jsx',
  normalPath: '/home/hrishikesh/Documents/Coding/javaScript/ModDownload/src/App.jsx'
}
[Info  - 14:05:26] [GLOBAL] No matching project for document {
  fsPath: '/home/hrishikesh/Documents/Coding/javaScript/ModDownload/src/App.jsx',
  normalPath: '/home/hrishikesh/Documents/Coding/javaScript/ModDownload/src/App.jsx'
}
[Info  - 14:05:30] [GLOBAL] No matching project for document {
  fsPath: '/home/hrishikesh/Documents/Coding/javaScript/ModDownload/src/App.jsx',
  normalPath: '/home/hrishikesh/Documents/Coding/javaScript/ModDownload/src/App.jsx'
}
[Info  - 14:05:31] [GLOBAL] No matching project for document {
  fsPath: '/home/hrishikesh/Documents/Coding/javaScript/ModDownload/src/App.jsx',
  normalPath: '/home/hrishikesh/Documents/Coding/javaScript/ModDownload/src/App.jsx'
}
[Info  - 14:05:31] [GLOBAL] No matching project for document {
  fsPath: '/home/hrishikesh/Documents/Coding/javaScript/ModDownload/src/App.jsx',
  normalPath: '/home/hrishikesh/Documents/Coding/javaScript/ModDownload/src/App.jsx'
}
[Info  - 14:05:31] [GLOBAL] No matching project for document {
  fsPath: '/home/hrishikesh/Documents/Coding/javaScript/ModDownload/src/App.jsx',
  normalPath: '/home/hrishikesh/Documents/Coding/javaScript/ModDownload/src/App.jsx'
}
[Info  - 14:05:32] [GLOBAL] No matching project for document {
  fsPath: '/home/hrishikesh/Documents/Coding/javaScript/ModDownload/src/App.jsx',
  normalPath: '/home/hrishikesh/Documents/Coding/javaScript/ModDownload/src/App.jsx'
}
[Info  - 14:05:32] [GLOBAL] No matching project for document {
  fsPath: '/home/hrishikesh/Documents/Coding/javaScript/ModDownload/src/App.jsx',
  normalPath: '/home/hrishikesh/Documents/Coding/javaScript/ModDownload/src/App.jsx'
}
[Info  - 14:05:34] [GLOBAL] No matching project for document {
  fsPath: '/home/hrishikesh/Documents/Coding/javaScript/ModDownload/src/App.jsx',
  normalPath: '/home/hrishikesh/Documents/Coding/javaScript/ModDownload/src/App.jsx'
}
