2024-07-25 14:07:09.085 [info] Log level: Info
2024-07-25 14:07:09.085 [info] Validating found git in: "git"
2024-07-25 14:07:09.085 [info] Using git "2.34.1" from "git"
2024-07-25 14:07:09.088 [info] > git rev-parse --show-toplevel [9ms]
2024-07-25 14:07:09.094 [info] > git rev-parse --git-dir --git-common-dir [1ms]
2024-07-25 14:07:09.104 [info] Open repository: /home/hrishikesh/Documents/Coding/javaScript/ModDownload
2024-07-25 14:07:09.122 [info] > git config --get commit.template [7ms]
2024-07-25 14:07:09.124 [info] > git rev-parse --show-toplevel [4ms]
2024-07-25 14:07:09.136 [info] > git for-each-ref --format=%(refname)%00%(upstream:short)%00%(objectname)%00%(upstream:track)%00%(upstream:remotename)%00%(upstream:remoteref) refs/heads/main refs/remotes/main [6ms]
2024-07-25 14:07:09.140 [info] > git rev-parse --show-toplevel [6ms]
2024-07-25 14:07:09.156 [info] > git rev-parse --show-toplevel [10ms]
2024-07-25 14:07:09.167 [info] > git status -z -uall [14ms]
2024-07-25 14:07:09.183 [info] > git for-each-ref --format=%(refname)%00%(upstream:short)%00%(objectname)%00%(upstream:track)%00%(upstream:remotename)%00%(upstream:remoteref) refs/heads/main refs/remotes/main [12ms]
2024-07-25 14:07:09.189 [info] > git config --get commit.template [7ms]
2024-07-25 14:07:09.208 [info] > git config --local branch.main.vscode-merge-base [21ms]
2024-07-25 14:07:09.209 [warning] git config failed: Failed to execute git
2024-07-25 14:07:09.265 [info] > git reflog main --grep-reflog=branch: Created from *. [41ms]
2024-07-25 14:07:09.296 [info] > git for-each-ref --format=%(refname)%00%(upstream:short)%00%(objectname)%00%(upstream:track)%00%(upstream:remotename)%00%(upstream:remoteref) refs/heads/main refs/remotes/main [61ms]
2024-07-25 14:07:09.316 [info] > git symbolic-ref --short refs/remotes/origin/HEAD [40ms]
2024-07-25 14:07:09.316 [info] fatal: ref refs/remotes/origin/HEAD is not a symbolic ref
2024-07-25 14:07:09.350 [info] > git merge-base refs/heads/main refs/remotes/origin/main [6ms]
2024-07-25 14:07:09.408 [info] > git status -z -uall [1ms]
2024-07-25 14:07:09.417 [info] > git rev-list --count --left-right refs/heads/main...refs/remotes/origin/main [63ms]
2024-07-25 14:07:09.434 [info] > git diff --name-status -z --diff-filter=ADMR 0fbc8618d08288c7e5c00344acc1c14a4ef309c7...refs/remotes/origin/main [11ms]
2024-07-25 14:07:09.435 [info] > git for-each-ref --format=%(refname)%00%(upstream:short)%00%(objectname)%00%(upstream:track)%00%(upstream:remotename)%00%(upstream:remoteref) refs/heads/main refs/remotes/main [21ms]
2024-07-25 14:07:09.463 [info] > git config --local branch.main.vscode-merge-base [13ms]
2024-07-25 14:07:09.463 [warning] git config failed: Failed to execute git
2024-07-25 14:07:09.471 [info] > git reflog main --grep-reflog=branch: Created from *. [3ms]
2024-07-25 14:07:09.480 [info] > git symbolic-ref --short refs/remotes/origin/HEAD [1ms]
2024-07-25 14:07:09.480 [info] fatal: ref refs/remotes/origin/HEAD is not a symbolic ref
2024-07-25 14:07:09.815 [info] > git check-ignore -v -z --stdin [4ms]
2024-07-25 14:07:26.985 [info] > git fetch [17881ms]
2024-07-25 14:07:26.994 [info] > git config --get commit.template [5ms]
2024-07-25 14:07:26.995 [info] > git for-each-ref --format=%(refname)%00%(upstream:short)%00%(objectname)%00%(upstream:track)%00%(upstream:remotename)%00%(upstream:remoteref) refs/heads/main refs/remotes/main [2ms]
2024-07-25 14:07:27.000 [info] > git status -z -uall [2ms]
2024-07-25 14:07:27.007 [info] > git for-each-ref --format=%(refname)%00%(upstream:short)%00%(objectname)%00%(upstream:track)%00%(upstream:remotename)%00%(upstream:remoteref) refs/heads/main refs/remotes/main [2ms]
2024-07-25 14:07:27.014 [info] > git config --local branch.main.vscode-merge-base [1ms]
2024-07-25 14:07:27.014 [warning] git config failed: Failed to execute git
2024-07-25 14:07:27.021 [info] > git reflog main --grep-reflog=branch: Created from *. [2ms]
2024-07-25 14:07:27.026 [info] > git symbolic-ref --short refs/remotes/origin/HEAD [1ms]
2024-07-25 14:07:27.026 [info] fatal: ref refs/remotes/origin/HEAD is not a symbolic ref
2024-07-25 14:07:28.101 [info] > git config --get commit.template [12ms]
2024-07-25 14:07:28.139 [info] > git for-each-ref --format=%(refname)%00%(upstream:short)%00%(objectname)%00%(upstream:track)%00%(upstream:remotename)%00%(upstream:remoteref) refs/heads/main refs/remotes/main [3ms]
2024-07-25 14:07:28.165 [info] > git status -z -uall [8ms]
2024-07-25 14:07:28.212 [info] > git for-each-ref --format=%(refname)%00%(upstream:short)%00%(objectname)%00%(upstream:track)%00%(upstream:remotename)%00%(upstream:remoteref) refs/heads/main refs/remotes/main [19ms]
2024-07-25 14:07:28.269 [info] > git config --local branch.main.vscode-merge-base [9ms]
2024-07-25 14:07:28.269 [warning] git config failed: Failed to execute git
2024-07-25 14:07:28.339 [info] > git reflog main --grep-reflog=branch: Created from *. [14ms]
2024-07-25 14:07:28.402 [info] > git symbolic-ref --short refs/remotes/origin/HEAD [23ms]
2024-07-25 14:07:28.402 [info] fatal: ref refs/remotes/origin/HEAD is not a symbolic ref
2024-07-25 14:08:29.170 [info] Log level: Info
2024-07-25 14:08:29.170 [info] Validating found git in: "git"
2024-07-25 14:08:29.170 [info] Using git "2.34.1" from "git"
2024-07-25 14:08:29.170 [info] > git rev-parse --show-toplevel [6ms]
2024-07-25 14:08:29.181 [info] > git rev-parse --git-dir --git-common-dir [2ms]
2024-07-25 14:08:29.194 [info] Open repository: /home/hrishikesh/Documents/Coding/javaScript/ModDownload
2024-07-25 14:08:29.389 [info] > git rev-parse --show-toplevel [160ms]
2024-07-25 14:08:29.390 [info] > git config --get commit.template [164ms]
2024-07-25 14:08:31.304 [info] Log level: Info
2024-07-25 14:08:31.304 [info] Validating found git in: "git"
2024-07-25 14:08:31.304 [info] Using git "2.34.1" from "git"
2024-07-25 14:08:31.310 [info] > git rev-parse --show-toplevel [25ms]
2024-07-25 14:08:31.551 [info] > git rev-parse --git-dir --git-common-dir [197ms]
2024-07-25 14:08:31.581 [info] Open repository: /home/hrishikesh/Documents/Coding/javaScript/ModDownload
2024-07-25 14:08:31.820 [info] > git rev-parse --show-toplevel [133ms]
2024-07-25 14:08:31.823 [info] > git config --get commit.template [160ms]
2024-07-25 14:08:32.150 [info] > git for-each-ref --format=%(refname)%00%(upstream:short)%00%(objectname)%00%(upstream:track)%00%(upstream:remotename)%00%(upstream:remoteref) refs/heads/main refs/remotes/main [277ms]
2024-07-25 14:08:32.155 [info] > git rev-parse --show-toplevel [304ms]
2024-07-25 14:08:32.307 [info] > git rev-parse --show-toplevel [103ms]
2024-07-25 14:08:32.418 [info] > git check-ignore -v -z --stdin [69ms]
2024-07-25 14:08:32.548 [info] > git status -z -uall [133ms]
2024-07-25 14:08:32.657 [info] > git for-each-ref --format=%(refname)%00%(upstream:short)%00%(objectname)%00%(upstream:track)%00%(upstream:remotename)%00%(upstream:remoteref) refs/heads/main refs/remotes/main [90ms]
2024-07-25 14:08:32.723 [info] > git config --local branch.main.vscode-merge-base [32ms]
2024-07-25 14:08:32.724 [warning] git config failed: Failed to execute git
2024-07-25 14:08:32.764 [info] > git config --get commit.template [149ms]
2024-07-25 14:08:32.790 [info] > git reflog main --grep-reflog=branch: Created from *. [26ms]
2024-07-25 14:08:32.816 [info] > git for-each-ref --format=%(refname)%00%(upstream:short)%00%(objectname)%00%(upstream:track)%00%(upstream:remotename)%00%(upstream:remoteref) refs/heads/main refs/remotes/main [30ms]
2024-07-25 14:08:32.995 [info] > git symbolic-ref --short refs/remotes/origin/HEAD [188ms]
2024-07-25 14:08:32.995 [info] fatal: ref refs/remotes/origin/HEAD is not a symbolic ref
2024-07-25 14:08:33.096 [info] > git merge-base refs/heads/main refs/remotes/origin/main [78ms]
2024-07-25 14:08:33.139 [info] > git rev-list --count --left-right refs/heads/main...refs/remotes/origin/main [28ms]
2024-07-25 14:08:33.179 [info] > git status -z -uall [43ms]
2024-07-25 14:08:33.180 [info] > git diff --name-status -z --diff-filter=ADMR 0fbc8618d08288c7e5c00344acc1c14a4ef309c7...refs/remotes/origin/main [28ms]
2024-07-25 14:08:33.221 [info] > git for-each-ref --format=%(refname)%00%(upstream:short)%00%(objectname)%00%(upstream:track)%00%(upstream:remotename)%00%(upstream:remoteref) refs/heads/main refs/remotes/main [17ms]
2024-07-25 14:08:33.246 [info] > git config --local branch.main.vscode-merge-base [4ms]
2024-07-25 14:08:33.246 [warning] git config failed: Failed to execute git
2024-07-25 14:08:33.272 [info] > git reflog main --grep-reflog=branch: Created from *. [4ms]
2024-07-25 14:08:33.302 [info] > git symbolic-ref --short refs/remotes/origin/HEAD [16ms]
2024-07-25 14:08:33.302 [info] fatal: ref refs/remotes/origin/HEAD is not a symbolic ref
2024-07-25 14:08:34.666 [info] > git fetch [3086ms]
2024-07-25 14:08:34.841 [info] > git config --get commit.template [27ms]
2024-07-25 14:08:34.910 [info] > git for-each-ref --format=%(refname)%00%(upstream:short)%00%(objectname)%00%(upstream:track)%00%(upstream:remotename)%00%(upstream:remoteref) refs/heads/main refs/remotes/main [15ms]
2024-07-25 14:08:34.948 [info] > git status -z -uall [4ms]
2024-07-25 14:08:34.982 [info] > git for-each-ref --format=%(refname)%00%(upstream:short)%00%(objectname)%00%(upstream:track)%00%(upstream:remotename)%00%(upstream:remoteref) refs/heads/main refs/remotes/main [24ms]
2024-07-25 14:08:34.996 [info] > git config --local branch.main.vscode-merge-base [3ms]
2024-07-25 14:08:34.996 [warning] git config failed: Failed to execute git
2024-07-25 14:08:35.006 [info] > git reflog main --grep-reflog=branch: Created from *. [4ms]
2024-07-25 14:08:35.022 [info] > git symbolic-ref --short refs/remotes/origin/HEAD [6ms]
2024-07-25 14:08:35.022 [info] fatal: ref refs/remotes/origin/HEAD is not a symbolic ref
2024-07-25 14:09:30.871 [info] Log level: Info
2024-07-25 14:09:30.871 [info] Validating found git in: "git"
2024-07-25 14:09:30.871 [info] Using git "2.34.1" from "git"
2024-07-25 14:09:30.871 [info] > git rev-parse --show-toplevel [80ms]
2024-07-25 14:09:30.900 [info] > git rev-parse --git-dir --git-common-dir [17ms]
2024-07-25 14:09:30.914 [info] Open repository: /home/hrishikesh/Documents/Coding/javaScript/ModDownload
2024-07-25 14:09:30.972 [info] > git rev-parse --show-toplevel [41ms]
2024-07-25 14:09:30.983 [info] > git config --get commit.template [51ms]
2024-07-25 14:09:31.204 [info] > git for-each-ref --format=%(refname)%00%(upstream:short)%00%(objectname)%00%(upstream:track)%00%(upstream:remotename)%00%(upstream:remoteref) refs/heads/main refs/remotes/main [172ms]
2024-07-25 14:09:31.208 [info] > git rev-parse --show-toplevel [196ms]
2024-07-25 14:09:31.417 [info] > git status -z -uall [15ms]
2024-07-25 14:09:31.420 [info] > git rev-parse --show-toplevel [88ms]
2024-07-25 14:09:31.806 [info] > git check-ignore -v -z --stdin [59ms]
2024-07-25 14:09:31.815 [info] > git for-each-ref --format=%(refname)%00%(upstream:short)%00%(objectname)%00%(upstream:track)%00%(upstream:remotename)%00%(upstream:remoteref) refs/heads/main refs/remotes/main [135ms]
2024-07-25 14:09:31.853 [info] > git config --get commit.template [65ms]
2024-07-25 14:09:31.905 [info] > git config --local branch.main.vscode-merge-base [59ms]
2024-07-25 14:09:31.908 [warning] git config failed: Failed to execute git
2024-07-25 14:09:31.955 [info] > git reflog main --grep-reflog=branch: Created from *. [29ms]
2024-07-25 14:09:31.981 [info] > git for-each-ref --format=%(refname)%00%(upstream:short)%00%(objectname)%00%(upstream:track)%00%(upstream:remotename)%00%(upstream:remoteref) refs/heads/main refs/remotes/main [79ms]
2024-07-25 14:09:31.985 [info] > git symbolic-ref --short refs/remotes/origin/HEAD [4ms]
2024-07-25 14:09:31.985 [info] fatal: ref refs/remotes/origin/HEAD is not a symbolic ref
2024-07-25 14:09:32.093 [info] > git merge-base refs/heads/main refs/remotes/origin/main [80ms]
2024-07-25 14:09:32.248 [info] > git rev-list --count --left-right refs/heads/main...refs/remotes/origin/main [125ms]
2024-07-25 14:09:32.453 [info] > git status -z -uall [286ms]
2024-07-25 14:09:32.454 [info] > git diff --name-status -z --diff-filter=ADMR 0fbc8618d08288c7e5c00344acc1c14a4ef309c7...refs/remotes/origin/main [170ms]
2024-07-25 14:09:32.609 [info] > git for-each-ref --format=%(refname)%00%(upstream:short)%00%(objectname)%00%(upstream:track)%00%(upstream:remotename)%00%(upstream:remoteref) refs/heads/main refs/remotes/main [63ms]
2024-07-25 14:09:32.634 [info] > git config --local branch.main.vscode-merge-base [3ms]
2024-07-25 14:09:32.634 [warning] git config failed: Failed to execute git
2024-07-25 14:09:32.664 [info] > git reflog main --grep-reflog=branch: Created from *. [5ms]
2024-07-25 14:09:32.728 [info] > git symbolic-ref --short refs/remotes/origin/HEAD [22ms]
2024-07-25 14:09:32.728 [info] fatal: ref refs/remotes/origin/HEAD is not a symbolic ref
2024-07-25 14:09:39.960 [info] > git fetch [9047ms]
2024-07-25 14:09:39.998 [info] > git config --get commit.template [29ms]
2024-07-25 14:09:40.430 [info] > git for-each-ref --format=%(refname)%00%(upstream:short)%00%(objectname)%00%(upstream:track)%00%(upstream:remotename)%00%(upstream:remoteref) refs/heads/main refs/remotes/main [15ms]
2024-07-25 14:09:40.473 [info] > git status -z -uall [25ms]
2024-07-25 14:09:40.487 [info] > git for-each-ref --format=%(refname)%00%(upstream:short)%00%(objectname)%00%(upstream:track)%00%(upstream:remotename)%00%(upstream:remoteref) refs/heads/main refs/remotes/main [3ms]
2024-07-25 14:09:40.494 [info] > git config --local branch.main.vscode-merge-base [1ms]
2024-07-25 14:09:40.494 [warning] git config failed: Failed to execute git
2024-07-25 14:09:40.501 [info] > git reflog main --grep-reflog=branch: Created from *. [2ms]
2024-07-25 14:09:40.508 [info] > git symbolic-ref --short refs/remotes/origin/HEAD [2ms]
2024-07-25 14:09:40.508 [info] fatal: ref refs/remotes/origin/HEAD is not a symbolic ref
2024-07-25 14:12:41.343 [info] > git fetch [831ms]
2024-07-25 14:12:41.350 [info] > git config --get commit.template [2ms]
2024-07-25 14:12:41.358 [info] > git for-each-ref --format=%(refname)%00%(upstream:short)%00%(objectname)%00%(upstream:track)%00%(upstream:remotename)%00%(upstream:remoteref) refs/heads/main refs/remotes/main [3ms]
2024-07-25 14:12:41.369 [info] > git status -z -uall [1ms]
2024-07-25 14:12:41.382 [info] > git for-each-ref --format=%(refname)%00%(upstream:short)%00%(objectname)%00%(upstream:track)%00%(upstream:remotename)%00%(upstream:remoteref) refs/heads/main refs/remotes/main [5ms]
2024-07-25 14:12:41.391 [info] > git config --local branch.main.vscode-merge-base [2ms]
2024-07-25 14:12:41.392 [warning] git config failed: Failed to execute git
2024-07-25 14:12:41.400 [info] > git reflog main --grep-reflog=branch: Created from *. [0ms]
2024-07-25 14:12:41.407 [info] > git symbolic-ref --short refs/remotes/origin/HEAD [1ms]
2024-07-25 14:12:41.407 [info] fatal: ref refs/remotes/origin/HEAD is not a symbolic ref
2024-07-25 14:12:42.530 [info] > git config --get commit.template [81ms]
2024-07-25 14:12:42.540 [info] > git for-each-ref --format=%(refname)%00%(upstream:short)%00%(objectname)%00%(upstream:track)%00%(upstream:remotename)%00%(upstream:remoteref) refs/heads/main refs/remotes/main [5ms]
2024-07-25 14:12:42.594 [info] > git status -z -uall [41ms]
2024-07-25 14:12:42.610 [info] > git for-each-ref --format=%(refname)%00%(upstream:short)%00%(objectname)%00%(upstream:track)%00%(upstream:remotename)%00%(upstream:remoteref) refs/heads/main refs/remotes/main [2ms]
2024-07-25 14:12:42.636 [info] > git config --local branch.main.vscode-merge-base [0ms]
2024-07-25 14:12:42.636 [warning] git config failed: Failed to execute git
2024-07-25 14:12:42.661 [info] > git reflog main --grep-reflog=branch: Created from *. [3ms]
2024-07-25 14:12:42.671 [info] > git symbolic-ref --short refs/remotes/origin/HEAD [2ms]
2024-07-25 14:12:42.671 [info] fatal: ref refs/remotes/origin/HEAD is not a symbolic ref
2024-07-25 14:13:57.170 [info] > git check-ignore -v -z --stdin [2ms]
2024-07-25 14:13:57.385 [info] > git show --textconv :.vscode/settings.json [21ms]
2024-07-25 14:13:57.390 [info] > git ls-files --stage -- /home/hrishikesh/Documents/Coding/javaScript/ModDownload/.vscode/settings.json [7ms]
2024-07-25 14:13:58.361 [info] > git config --get commit.template [2ms]
2024-07-25 14:13:58.367 [info] > git for-each-ref --format=%(refname)%00%(upstream:short)%00%(objectname)%00%(upstream:track)%00%(upstream:remotename)%00%(upstream:remoteref) refs/heads/main refs/remotes/main [2ms]
2024-07-25 14:13:58.374 [info] > git status -z -uall [2ms]
2024-07-25 14:13:58.382 [info] > git for-each-ref --format=%(refname)%00%(upstream:short)%00%(objectname)%00%(upstream:track)%00%(upstream:remotename)%00%(upstream:remoteref) refs/heads/main refs/remotes/main [2ms]
2024-07-25 14:13:58.387 [info] > git config --local branch.main.vscode-merge-base [2ms]
2024-07-25 14:13:58.387 [warning] git config failed: Failed to execute git
2024-07-25 14:13:58.393 [info] > git reflog main --grep-reflog=branch: Created from *. [2ms]
2024-07-25 14:13:58.401 [info] > git symbolic-ref --short refs/remotes/origin/HEAD [1ms]
2024-07-25 14:13:58.401 [info] fatal: ref refs/remotes/origin/HEAD is not a symbolic ref
2024-07-25 14:14:01.766 [info] > git show --textconv :.vscode/settings.json [34ms]
2024-07-25 14:14:01.785 [info] > git ls-files --stage -- /home/hrishikesh/Documents/Coding/javaScript/ModDownload/.vscode/settings.json [20ms]
2024-07-25 14:14:03.432 [info] > git config --get commit.template [20ms]
2024-07-25 14:14:03.433 [info] > git for-each-ref --format=%(refname)%00%(upstream:short)%00%(objectname)%00%(upstream:track)%00%(upstream:remotename)%00%(upstream:remoteref) refs/heads/main refs/remotes/main [4ms]
2024-07-25 14:14:03.458 [info] > git status -z -uall [8ms]
2024-07-25 14:14:03.472 [info] > git for-each-ref --format=%(refname)%00%(upstream:short)%00%(objectname)%00%(upstream:track)%00%(upstream:remotename)%00%(upstream:remoteref) refs/heads/main refs/remotes/main [3ms]
2024-07-25 14:14:03.491 [info] > git config --local branch.main.vscode-merge-base [3ms]
2024-07-25 14:14:03.491 [warning] git config failed: Failed to execute git
2024-07-25 14:14:03.497 [info] > git reflog main --grep-reflog=branch: Created from *. [1ms]
2024-07-25 14:14:03.503 [info] > git symbolic-ref --short refs/remotes/origin/HEAD [2ms]
2024-07-25 14:14:03.503 [info] fatal: ref refs/remotes/origin/HEAD is not a symbolic ref
2024-07-25 14:14:08.486 [info] > git config --get commit.template [5ms]
2024-07-25 14:14:08.487 [info] > git for-each-ref --format=%(refname)%00%(upstream:short)%00%(objectname)%00%(upstream:track)%00%(upstream:remotename)%00%(upstream:remoteref) refs/heads/main refs/remotes/main [2ms]
2024-07-25 14:14:08.494 [info] > git status -z -uall [2ms]
2024-07-25 14:14:08.503 [info] > git for-each-ref --format=%(refname)%00%(upstream:short)%00%(objectname)%00%(upstream:track)%00%(upstream:remotename)%00%(upstream:remoteref) refs/heads/main refs/remotes/main [3ms]
2024-07-25 14:14:08.509 [info] > git config --local branch.main.vscode-merge-base [1ms]
2024-07-25 14:14:08.509 [warning] git config failed: Failed to execute git
2024-07-25 14:14:08.516 [info] > git reflog main --grep-reflog=branch: Created from *. [2ms]
2024-07-25 14:14:08.521 [info] > git symbolic-ref --short refs/remotes/origin/HEAD [1ms]
2024-07-25 14:14:08.521 [info] fatal: ref refs/remotes/origin/HEAD is not a symbolic ref
2024-07-25 14:14:15.386 [info] > git show --textconv :.vscode/settings.json [5ms]
2024-07-25 14:14:15.397 [info] > git ls-files --stage -- /home/hrishikesh/Documents/Coding/javaScript/ModDownload/.vscode/settings.json [12ms]
2024-07-25 14:14:25.898 [info] > git config --get commit.template [6ms]
2024-07-25 14:14:25.899 [info] > git for-each-ref --format=%(refname)%00%(upstream:short)%00%(objectname)%00%(upstream:track)%00%(upstream:remotename)%00%(upstream:remoteref) refs/heads/main refs/remotes/main [2ms]
2024-07-25 14:14:25.906 [info] > git status -z -uall [3ms]
2024-07-25 14:14:25.913 [info] > git for-each-ref --format=%(refname)%00%(upstream:short)%00%(objectname)%00%(upstream:track)%00%(upstream:remotename)%00%(upstream:remoteref) refs/heads/main refs/remotes/main [2ms]
2024-07-25 14:14:25.919 [info] > git config --local branch.main.vscode-merge-base [1ms]
2024-07-25 14:14:25.919 [warning] git config failed: Failed to execute git
2024-07-25 14:14:25.925 [info] > git reflog main --grep-reflog=branch: Created from *. [1ms]
2024-07-25 14:14:25.930 [info] > git symbolic-ref --short refs/remotes/origin/HEAD [1ms]
2024-07-25 14:14:25.930 [info] fatal: ref refs/remotes/origin/HEAD is not a symbolic ref
2024-07-25 14:14:26.417 [info] > git show --textconv :.vscode/settings.json [6ms]
2024-07-25 14:14:26.441 [info] > git ls-files --stage -- /home/hrishikesh/Documents/Coding/javaScript/ModDownload/.vscode/settings.json [25ms]
2024-07-25 14:14:36.852 [info] > git config --get commit.template [22ms]
2024-07-25 14:14:36.853 [info] > git for-each-ref --format=%(refname)%00%(upstream:short)%00%(objectname)%00%(upstream:track)%00%(upstream:remotename)%00%(upstream:remoteref) refs/heads/main refs/remotes/main [2ms]
2024-07-25 14:14:36.877 [info] > git status -z -uall [7ms]
2024-07-25 14:14:36.893 [info] > git for-each-ref --format=%(refname)%00%(upstream:short)%00%(objectname)%00%(upstream:track)%00%(upstream:remotename)%00%(upstream:remoteref) refs/heads/main refs/remotes/main [6ms]
2024-07-25 14:14:36.915 [info] > git config --local branch.main.vscode-merge-base [3ms]
2024-07-25 14:14:36.915 [warning] git config failed: Failed to execute git
2024-07-25 14:14:36.928 [info] > git reflog main --grep-reflog=branch: Created from *. [6ms]
2024-07-25 14:14:36.952 [info] > git symbolic-ref --short refs/remotes/origin/HEAD [5ms]
2024-07-25 14:14:36.952 [info] fatal: ref refs/remotes/origin/HEAD is not a symbolic ref
2024-07-25 14:14:48.409 [info] > git config --get commit.template [7ms]
2024-07-25 14:14:48.410 [info] > git for-each-ref --format=%(refname)%00%(upstream:short)%00%(objectname)%00%(upstream:track)%00%(upstream:remotename)%00%(upstream:remoteref) refs/heads/main refs/remotes/main [2ms]
2024-07-25 14:14:48.415 [info] > git status -z -uall [1ms]
2024-07-25 14:14:48.422 [info] > git for-each-ref --format=%(refname)%00%(upstream:short)%00%(objectname)%00%(upstream:track)%00%(upstream:remotename)%00%(upstream:remoteref) refs/heads/main refs/remotes/main [2ms]
2024-07-25 14:14:48.429 [info] > git config --local branch.main.vscode-merge-base [1ms]
2024-07-25 14:14:48.429 [warning] git config failed: Failed to execute git
2024-07-25 14:14:48.441 [info] > git reflog main --grep-reflog=branch: Created from *. [4ms]
2024-07-25 14:14:48.460 [info] > git symbolic-ref --short refs/remotes/origin/HEAD [1ms]
2024-07-25 14:14:48.460 [info] fatal: ref refs/remotes/origin/HEAD is not a symbolic ref
