Locating server…
Booting server...
Setting up server…
Listening for messages…
Searching for Tailwind CSS projects in the workspace's folders.
[Global] Creating projects: []
[Global] Preparing projects...
[Global] Initializing projects...
[Global] Initialized 0 projects
Checking if /home/hrishikesh/Documents/Coding/javaScript/ModDownload/src/index.css may be Tailwind-related…
[Info  - 15:15:07] [GLOBAL] No matching project for document {
  fsPath: '/home/hrishikesh/Documents/Coding/javaScript/ModDownload/.vscode/settings.json',
  normalPath: '/home/hrishikesh/Documents/Coding/javaScript/ModDownload/.vscode/settings.json'
}
[Info  - 15:15:10] [GLOBAL] No matching project for document {
  fsPath: '/home/hrishikesh/Documents/Coding/javaScript/ModDownload/.vscode/settings.json',
  normalPath: '/home/hrishikesh/Documents/Coding/javaScript/ModDownload/.vscode/settings.json'
}
[Info  - 15:15:16] [GLOBAL] No matching project for document {
  fsPath: '/home/hrishikesh/Documents/Coding/javaScript/ModDownload/.vscode/settings.json',
  normalPath: '/home/hrishikesh/Documents/Coding/javaScript/ModDownload/.vscode/settings.json'
}
